INFO:__main__:{'history_length': 6, 'history': [-0.40359360174858067, -0.40360738002694263, -0.4036089492473822, -0.4036091434125173, -0.40360916733236085, -0.40360917030579263]}
INFO:__main__:{'history_length': 6, 'history': [-0.40359360174858067, -0.40360738002694263, -0.4036089492473822, -0.4036091434125173, -0.40360916733236085, -0.40360917030579263]}
INFO:optim.ad_optim_lbfgs_mod:{"id": 0, "loss": -0.40360917030579263, "t_ctm": 0.06506292299999927, "t_check": 25.736935693}
INFO:__main__:Norm(sites): 2.824507406913932
INFO:optim.ad_optim_lbfgs_mod:{"id": 0, "t_grad": 9.952290942000005, "grad_mag": [0.03205735151840864]}
INFO:__main__:{'history_length': 6, 'history': [-0.40431701859136004, -0.4043348139943206, -0.4043367807084058, -0.40433701909155567, -0.4043370483615757, -0.4043370520090855]}
INFO:optim.ad_optim_lbfgs_mod:{"id": 1, "loss": -0.4043370520090855, "t_ctm": 0.05251961899999458, "t_check": 27.095007581999994}
INFO:__main__:Norm(sites): 2.824689321942864
INFO:optim.ad_optim_lbfgs_mod:{"id": 1, "t_grad": 10.255399322000002, "grad_mag": [0.013609645954521698]}
INFO:__main__:{'history_length': 6, 'history': [-0.40449378812062564, -0.4045138201060253, -0.4045160351491648, -0.4045163035918035, -0.40451633679123705, -0.4045163409731519]}
INFO:optim.ad_optim_lbfgs_mod:{"id": 2, "loss": -0.4045163409731519, "t_ctm": 0.049650917999969124, "t_check": 25.591615875000002}
INFO:__main__:Norm(sites): 2.82464521482892
INFO:optim.ad_optim_lbfgs_mod:{"id": 2, "t_grad": 9.846754827000012, "grad_mag": [0.0028704661586288613]}
INFO:__main__:{'history_length': 6, 'history': [-0.4045067605198953, -0.40452669361894467, -0.4045289051112803, -0.4045291736539803, -0.4045292069142739, -0.404529211110189]}
INFO:optim.ad_optim_lbfgs_mod:{"id": 3, "loss": -0.404529211110189, "t_ctm": 0.06265286600000763, "t_check": 25.461157807000006}
INFO:__main__:Norm(sites): 2.8246718700509725
INFO:optim.ad_optim_lbfgs_mod:{"id": 3, "t_grad": 9.881683720000012, "grad_mag": [0.002173763637289504]}
INFO:__main__:{'history_length': 6, 'history': [-0.40452974947403725, -0.40455002392301975, -0.40455227142160727, -0.40455254647292854, -0.4045525808265455, -0.40455258519513115]}
INFO:optim.ad_optim_lbfgs_mod:{"id": 4, "loss": -0.40455258519513115, "t_ctm": 0.04991979200002561, "t_check": 25.083640382999988}
INFO:__main__:Norm(sites): 2.8248219051455883
INFO:optim.ad_optim_lbfgs_mod:{"id": 4, "t_grad": 9.949224372000003, "grad_mag": [0.001745213039000736]}
INFO:__main__:{'history_length': 6, 'history': [-0.40454413241037807, -0.40456421009148047, -0.40456648627350666, -0.4045667701547339, -0.4045668061911724, -0.4045668108393456]}
INFO:optim.ad_optim_lbfgs_mod:{"id": 5, "loss": -0.4045668108393456, "t_ctm": 0.048550477000048886, "t_check": 25.48646759099995}
INFO:__main__:Norm(sites): 2.825052622660345
INFO:optim.ad_optim_lbfgs_mod:{"id": 5, "t_grad": 10.762699861999977, "grad_mag": [0.0032767413633415913]}
INFO:__main__:{'history_length': 6, 'history': [-0.404573124362507, -0.40459397947519, -0.4045963772393582, -0.40459668239246055, -0.404596721951064, -0.4045967271532361]}
INFO:optim.ad_optim_lbfgs_mod:{"id": 6, "loss": -0.4045967271532361, "t_ctm": 0.04741874399996959, "t_check": 26.077808575999995}
INFO:__main__:Norm(sites): 2.825623294543113
INFO:optim.ad_optim_lbfgs_mod:{"id": 6, "t_grad": 10.21131912200002, "grad_mag": [0.004445847720054355]}
INFO:__main__:{'history_length': 24, 'history': [-0.08958396012417276, -0.09580328595642501, -0.09218156627197682, -0.0941561453855677, -0.09310337055202457, -0.09366842602569772, -0.09336641404136495, -0.09352813209902865, -0.09344161948797705, -0.09348792287320513, -0.09346314647318005, -0.09347640572163488, -0.09346931041699852, -0.09347310739441086, -0.09347107551815416, -0.09347216284607285, -0.09347158098178726, -0.09347189235696007, -0.093471725729845, -0.09347181489756642, -0.09347176718096492, -0.09347179271570452, -0.09347177905121876, -0.09347178636353853]}
INFO:optim.ad_optim_lbfgs_mod:{"id": 7, "loss": -0.09347178636353853, "t_ctm": 0.30784822600020334, "t_check": 128.77978772399996}
INFO:__main__:Norm(sites): 5.674202632401753
INFO:optim.ad_optim_lbfgs_mod:{"id": 7, "t_grad": 10.785152530999937, "grad_mag": [0.1546951475332052]}
INFO:__main__:{'history_length': 7, 'history': [-0.4047134561922998, -0.4047675073956338, -0.40477348566220955, -0.4047743907672493, -0.40477452727437346, -0.40477454805712004, -0.4047745512311369]}
INFO:optim.ad_optim_lbfgs_mod:{"id": 8, "loss": -0.4047745512311369, "t_ctm": 0.06430620599985559, "t_check": 31.300420495000026}
INFO:__main__:Norm(sites): 2.8632191930152953
INFO:optim.ad_optim_lbfgs_mod:{"id": 8, "t_grad": 9.806919597999922, "grad_mag": [0.017588429746667356]}
INFO:__main__:{'history_length': 6, 'history': [-0.40454586908321793, -0.40457638682031744, -0.4045802360601784, -0.4045807140228513, -0.4045807716994393, -0.4045807787274485]}
INFO:optim.ad_optim_lbfgs_mod:{"id": 9, "loss": -0.4045807787274485, "t_ctm": 0.05093385899999703, "t_check": 26.753291900000022}
INFO:__main__:Norm(sites): 2.8337188883570343
INFO:optim.ad_optim_lbfgs_mod:{"id": 9, "t_grad": 9.87305585599995, "grad_mag": [0.012799057337876155]}
INFO:__main__:{'history_length': 7, 'history': [-0.4048767633202413, -0.4049180513792752, -0.4049231015165576, -0.4049238191531131, -0.4049239193420379, -0.40492393335251065, -0.40492393532751864]}
INFO:optim.ad_optim_lbfgs_mod:{"id": 10, "loss": -0.40492393532751864, "t_ctm": 0.06134873900009552, "t_check": 31.26999276900017}
INFO:__main__:Norm(sites): 2.8501619548309964
INFO:optim.ad_optim_lbfgs_mod:{"id": 10, "t_grad": 10.269039972999963, "grad_mag": [0.013285688557245117]}
INFO:__main__:{'history_length': 7, 'history': [-0.40479343969341264, -0.40486591328695576, -0.40487185837871503, -0.4048729201592454, -0.4048730876291511, -0.40487311467014664, -0.4048731190157625]}
INFO:optim.ad_optim_lbfgs_mod:{"id": 11, "loss": -0.4048731190157625, "t_ctm": 0.0600617519997968, "t_check": 32.261133381000036}
INFO:__main__:Norm(sites): 2.8857786521520112
INFO:optim.ad_optim_lbfgs_mod:{"id": 11, "t_grad": 10.015501075999964, "grad_mag": [0.021147612580044096]}
INFO:__main__:{'history_length': 7, 'history': [-0.4051307153550039, -0.40518482095272057, -0.40519051638172193, -0.4051913756928216, -0.4051915006659993, -0.4051915189550381, -0.4051915216423227]}
INFO:optim.ad_optim_lbfgs_mod:{"id": 12, "loss": -0.4051915216423227, "t_ctm": 0.0576861890000373, "t_check": 30.6680055569999}
INFO:__main__:Norm(sites): 2.8639425921072834
INFO:optim.ad_optim_lbfgs_mod:{"id": 12, "t_grad": 9.871608132000006, "grad_mag": [0.01819110858018393]}
INFO:__main__:{'history_length': 7, 'history': [-0.4054509214675708, -0.4055024033019165, -0.4055071282664422, -0.40550787514437664, -0.40550798653691994, -0.40550800325657005, -0.40550800575609497]}
INFO:optim.ad_optim_lbfgs_mod:{"id": 13, "loss": -0.40550800575609497, "t_ctm": 0.059065895000003366, "t_check": 31.596452010000007}
INFO:__main__:Norm(sites): 2.863958571448115
INFO:optim.ad_optim_lbfgs_mod:{"id": 13, "t_grad": 9.872447060000013, "grad_mag": [0.01690955925284223]}
INFO:__main__:{'history_length': 7, 'history': [-0.407134020667253, -0.4074617941615696, -0.40744076254840506, -0.4074436044222185, -0.40744354158498547, -0.4074435795189501, -0.4074435825624225]}
INFO:optim.ad_optim_lbfgs_mod:{"id": 14, "loss": -0.4074435825624225, "t_ctm": 0.0634056359999704, "t_check": 31.923026065000045}
INFO:__main__:Norm(sites): 2.969936392283204
INFO:optim.ad_optim_lbfgs_mod:{"id": 14, "t_grad": 9.709663968999962, "grad_mag": [0.04950653581685405]}
INFO:__main__:{'history_length': 7, 'history': [-0.4085957870815765, -0.4087518530945888, -0.4087523878692398, -0.40875336403074713, -0.4087534303091381, -0.40875344089578547, -0.40875344202932895]}
INFO:optim.ad_optim_lbfgs_mod:{"id": 15, "loss": -0.40875344202932895, "t_ctm": 0.05759306199990988, "t_check": 30.844990290000055}
INFO:__main__:Norm(sites): 2.9154502136658094
INFO:optim.ad_optim_lbfgs_mod:{"id": 15, "t_grad": 10.258240711999974, "grad_mag": [0.01604547291595661]}
INFO:__main__:{'history_length': 7, 'history': [-0.409671825585219, -0.40994156300915274, -0.4099354560640036, -0.4099374627992338, -0.40993754370727487, -0.4099375721560498, -0.40993757568452144]}
INFO:optim.ad_optim_lbfgs_mod:{"id": 16, "loss": -0.40993757568452144, "t_ctm": 0.08664109700009703, "t_check": 35.10129458799997}
INFO:__main__:Norm(sites): 2.965151873404588
INFO:optim.ad_optim_lbfgs_mod:{"id": 16, "t_grad": 9.836268141000005, "grad_mag": [0.01254589533675187]}
INFO:__main__:{'history_length': 7, 'history': [-0.4098891743561609, -0.4104998243113459, -0.41044142624241037, -0.4104480594397508, -0.4104473359323767, -0.41044741776967436, -0.4104474091758039]}
INFO:optim.ad_optim_lbfgs_mod:{"id": 17, "loss": -0.4104474091758039, "t_ctm": 0.060205848999999034, "t_check": 31.170602634000034}
INFO:__main__:Norm(sites): 3.065769929830982
INFO:optim.ad_optim_lbfgs_mod:{"id": 17, "t_grad": 9.793983455999864, "grad_mag": [0.03017069461338413]}
INFO:__main__:{'history_length': 7, 'history': [-0.4115246680403205, -0.41200015149663866, -0.4119589351755949, -0.4119627867785603, -0.41196236052725793, -0.41196239902900283, -0.41196239479879876]}
INFO:optim.ad_optim_lbfgs_mod:{"id": 18, "loss": -0.41196239479879876, "t_ctm": 0.05943984900045507, "t_check": 30.923335554999994}
INFO:__main__:Norm(sites): 3.0447789103247085
INFO:optim.ad_optim_lbfgs_mod:{"id": 18, "t_grad": 9.951500374000034, "grad_mag": [0.015460074154121456]}
INFO:__main__:{'history_length': 7, 'history': [-0.41267513979731973, -0.4130795056664548, -0.4130484261354465, -0.4130516198450174, -0.41305136286763827, -0.4130513957897159, -0.4130513939437673]}
INFO:optim.ad_optim_lbfgs_mod:{"id": 19, "loss": -0.4130513939437673, "t_ctm": 0.058410258999856524, "t_check": 30.611537591000115}
INFO:__main__:Norm(sites): 3.0455641286469604
INFO:optim.ad_optim_lbfgs_mod:{"id": 19, "t_grad": 9.970775336000088, "grad_mag": [0.013296730859888273]}
INFO:__main__:{'history_length': 7, 'history': [-0.41381670330543874, -0.41425625555929824, -0.4142021100177951, -0.4142060058375484, -0.41420544539154613, -0.41420550467207556, -0.4142054982528714]}
INFO:optim.ad_optim_lbfgs_mod:{"id": 20, "loss": -0.4142054982528714, "t_ctm": 0.060461082000074384, "t_check": 43.05825913900003}
INFO:__main__:Norm(sites): 3.131010053017737
INFO:optim.ad_optim_lbfgs_mod:{"id": 20, "t_grad": 9.740273486999968, "grad_mag": [0.019457293692879275]}
INFO:__main__:{'history_length': 7, 'history': [-0.41518778262640893, -0.41544242670126447, -0.41541084730168165, -0.41541258421788707, -0.4154123034674505, -0.41541232582733895, -0.4154123234331822]}
INFO:optim.ad_optim_lbfgs_mod:{"id": 21, "loss": -0.4154123234331822, "t_ctm": 0.07141130400009388, "t_check": 35.045134152999935}
INFO:__main__:Norm(sites): 3.1421781200239725
INFO:optim.ad_optim_lbfgs_mod:{"id": 21, "t_grad": 9.697080060999951, "grad_mag": [0.019657867640518537]}
INFO:__main__:{'history_length': 7, 'history': [-0.41652233698569124, -0.4167749870580419, -0.4167465149415063, -0.4167487619465797, -0.41674850033904, -0.41674852553795444, -0.4167485228071158]}
INFO:optim.ad_optim_lbfgs_mod:{"id": 22, "loss": -0.4167485228071158, "t_ctm": 0.0783103400001437, "t_check": 30.694246966000264}
INFO:__main__:Norm(sites): 3.1888270742159985
INFO:optim.ad_optim_lbfgs_mod:{"id": 22, "t_grad": 9.773434945999952, "grad_mag": [0.015136757215625008]}
INFO:__main__:{'history_length': 8, 'history': [-0.41781220818456766, -0.4181479063238878, -0.4181007456731314, -0.4181057036740417, -0.4181049791290337, -0.41810506858749935, -0.4181050564139628, -0.41810505803738707]}
INFO:optim.ad_optim_lbfgs_mod:{"id": 23, "loss": -0.41810505803738707, "t_ctm": 0.07491137299962247, "t_check": 35.829843971999935}
INFO:__main__:Norm(sites): 3.312838221518348
INFO:optim.ad_optim_lbfgs_mod:{"id": 23, "t_grad": 9.711636302999977, "grad_mag": [0.014525650181969723]}
INFO:__main__:{'history_length': 8, 'history': [-0.41871743838248426, -0.41911264563461414, -0.4190542481848565, -0.4190611722228191, -0.4190600982007567, -0.4190602421686709, -0.419060220954016, -0.41906022398325143]}
INFO:optim.ad_optim_lbfgs_mod:{"id": 24, "loss": -0.41906022398325143, "t_ctm": 0.07270879699990473, "t_check": 35.71557105299985}
INFO:__main__:Norm(sites): 3.3534014575911635
INFO:optim.ad_optim_lbfgs_mod:{"id": 24, "t_grad": 9.758993333000035, "grad_mag": [0.013433943158173174]}
INFO:__main__:{'history_length': 8, 'history': [-0.41987751339815715, -0.4202963936020371, -0.4202330051312969, -0.42024123069648583, -0.4202398918195099, -0.4202400892112301, -0.4202400585451137, -0.42024006329633756]}
INFO:optim.ad_optim_lbfgs_mod:{"id": 25, "loss": -0.42024006329633756, "t_ctm": 0.07140196399996057, "t_check": 35.8584230890001}
INFO:__main__:Norm(sites): 3.4379099456522786
INFO:optim.ad_optim_lbfgs_mod:{"id": 25, "t_grad": 9.800807524999982, "grad_mag": [0.012233227295201472]}
INFO:__main__:{'history_length': 8, 'history': [-0.4208197451278996, -0.42131571683222513, -0.4212508245085529, -0.4212611166725453, -0.42125944180823477, -0.42125969854383644, -0.4212596572020498, -0.4212596637330855]}
INFO:optim.ad_optim_lbfgs_mod:{"id": 26, "loss": -0.4212596637330855, "t_ctm": 0.07320973799983221, "t_check": 35.63292938099971}
INFO:__main__:Norm(sites): 3.561101627185708
INFO:optim.ad_optim_lbfgs_mod:{"id": 26, "t_grad": 9.806641210999942, "grad_mag": [0.016757793888927876]}
INFO:__main__:{'history_length': 8, 'history': [-0.42166142371891474, -0.42216008750188105, -0.4221022687289771, -0.4221118808751322, -0.422110373401011, -0.4221106049920599, -0.4221105682457713, -0.4221105740099434]}
INFO:optim.ad_optim_lbfgs_mod:{"id": 27, "loss": -0.4221105740099434, "t_ctm": 0.06954828100037957, "t_check": 36.08262968899976}
INFO:__main__:Norm(sites): 3.599612111164983
INFO:optim.ad_optim_lbfgs_mod:{"id": 27, "t_grad": 9.742226338999899, "grad_mag": [0.011033654785495063]}
INFO:__main__:{'history_length': 8, 'history': [-0.4223716528054774, -0.42280639648521184, -0.4227608095152905, -0.4227680994026208, -0.4227668953473523, -0.4227670751042694, -0.42276704608064214, -0.4227670506221435]}
INFO:optim.ad_optim_lbfgs_mod:{"id": 28, "loss": -0.4227670506221435, "t_ctm": 0.07369202299969402, "t_check": 36.01847696600021}
INFO:__main__:Norm(sites): 3.681006588269349
INFO:optim.ad_optim_lbfgs_mod:{"id": 28, "t_grad": 9.785922866999954, "grad_mag": [0.009640192206066968]}
INFO:__main__:{'history_length': 8, 'history': [-0.4231702389532706, -0.42354795908317877, -0.42351528462208243, -0.4235205944230616, -0.4235197130618376, -0.42351983789839726, -0.4235198179584678, -0.42351982104639824]}
INFO:optim.ad_optim_lbfgs_mod:{"id": 29, "loss": -0.42351982104639824, "t_ctm": 0.07409551299997474, "t_check": 35.93712990099948}
INFO:__main__:Norm(sites): 3.738389945836685
INFO:optim.ad_optim_lbfgs_mod:{"id": 29, "t_grad": 9.765446887999815, "grad_mag": [0.011289828617146168]}
INFO:__main__:{'history_length': 8, 'history': [-0.4237682718601192, -0.4241215070573724, -0.4240963374546682, -0.42410059047743764, -0.4240998197115054, -0.4240999188337326, -0.4240999025155154, -0.42409990495817435]}
INFO:optim.ad_optim_lbfgs_mod:{"id": 30, "loss": -0.42409990495817435, "t_ctm": 0.07293179299972508, "t_check": 36.112682368999685}
INFO:__main__:Norm(sites): 3.883775464538238
INFO:optim.ad_optim_lbfgs_mod:{"id": 30, "t_grad": 9.780580319000137, "grad_mag": [0.01015902448578748]}
INFO:__main__:{'history_length': 8, 'history': [-0.42424613497986813, -0.42459072127483816, -0.4245668631628715, -0.4245709798382055, -0.42457022812026546, -0.4245703201408237, -0.42457030518869754, -0.4245703073297838]}
INFO:optim.ad_optim_lbfgs_mod:{"id": 31, "loss": -0.4245703073297838, "t_ctm": 0.07507094299990058, "t_check": 36.27376031000017}
INFO:__main__:Norm(sites): 3.908266745297456
INFO:optim.ad_optim_lbfgs_mod:{"id": 31, "t_grad": 10.375349649999862, "grad_mag": [0.006288874847126438]}
INFO:__main__:{'history_length': 8, 'history': [-0.4246211019712511, -0.4249642609707709, -0.4249437061162506, -0.42494801682231753, -0.4249472861605472, -0.42494737259327064, -0.42494735927338007, -0.42494736103683983]}
INFO:optim.ad_optim_lbfgs_mod:{"id": 32, "loss": -0.42494736103683983, "t_ctm": 0.07153440399997635, "t_check": 36.60451373499973}
INFO:__main__:Norm(sites): 3.912082117135549
INFO:optim.ad_optim_lbfgs_mod:{"id": 32, "t_grad": 9.783108224999978, "grad_mag": [0.00587657304722616]}
INFO:__main__:{'history_length': 6, 'history': [-0.4249940100914903, -0.4252414910503031, -0.4252422598357408, -0.4252436447888956, -0.42524340236466895, -0.4252434068637729]}
INFO:optim.ad_optim_lbfgs_mod:{"id": 33, "loss": -0.4252434068637729, "t_ctm": 0.05488004999961049, "t_check": 25.920982996000248}
INFO:__main__:Norm(sites): 3.9916225100562186
INFO:optim.ad_optim_lbfgs_mod:{"id": 33, "t_grad": 10.024127018999934, "grad_mag": [0.007464520538304151]}
INFO:__main__:{'history_length': 7, 'history': [-0.4253227993054461, -0.4255159279259656, -0.425529414101307, -0.42552991277398855, -0.4255298670497223, -0.425529852603365, -0.42552985565391876]}
INFO:optim.ad_optim_lbfgs_mod:{"id": 34, "loss": -0.42552985565391876, "t_ctm": 0.06577535699989312, "t_check": 31.22449681299986}
INFO:__main__:Norm(sites): 4.033557215952939
INFO:optim.ad_optim_lbfgs_mod:{"id": 34, "t_grad": 9.760640144000035, "grad_mag": [0.004932065823260418]}
INFO:__main__:{'history_length': 7, 'history': [-0.42554663168823725, -0.42570837087566354, -0.4257284461021207, -0.4257287048426708, -0.42572875260496884, -0.42572874020704526, -0.4257287431193288]}
INFO:optim.ad_optim_lbfgs_mod:{"id": 35, "loss": -0.4257287431193288, "t_ctm": 0.06116876899977797, "t_check": 31.497278738000205}
INFO:__main__:Norm(sites): 4.040197298980088
INFO:optim.ad_optim_lbfgs_mod:{"id": 35, "t_grad": 9.770075568000038, "grad_mag": [0.0042903402678907]}
INFO:__main__:{'history_length': 7, 'history': [-0.42574530990180315, -0.4258590689404635, -0.4258845486295913, -0.4258836061568415, -0.4258837361875609, -0.4258837075480301, -0.42588371180723333]}
INFO:optim.ad_optim_lbfgs_mod:{"id": 36, "loss": -0.42588371180723333, "t_ctm": 0.07045369300021775, "t_check": 30.888013049000392}
INFO:__main__:Norm(sites): 4.077417570507514
INFO:optim.ad_optim_lbfgs_mod:{"id": 36, "t_grad": 9.76262421599995, "grad_mag": [0.004209283088130464]}
INFO:__main__:{'history_length': 7, 'history': [-0.4259648953363874, -0.42602062418851283, -0.4260504561887446, -0.4260480310530672, -0.4260482141031733, -0.4260481680093172, -0.4260481730337213]}
INFO:optim.ad_optim_lbfgs_mod:{"id": 37, "loss": -0.4260481730337213, "t_ctm": 0.061383009999644855, "t_check": 31.057836378000502}
INFO:__main__:Norm(sites): 4.124658901235811
INFO:optim.ad_optim_lbfgs_mod:{"id": 37, "t_grad": 9.78066647300011, "grad_mag": [0.003715884754181765]}
INFO:__main__:{'history_length': 7, 'history': [-0.4260861606486792, -0.42611929103601515, -0.4261481380763356, -0.426146156647802, -0.4261462682151426, -0.4261462392674523, -0.4261462412193636]}
INFO:optim.ad_optim_lbfgs_mod:{"id": 38, "loss": -0.4261462412193636, "t_ctm": 0.0677495610002552, "t_check": 30.85587081199901}
INFO:__main__:Norm(sites): 4.135483167421737
INFO:optim.ad_optim_lbfgs_mod:{"id": 38, "t_grad": 9.749093880000146, "grad_mag": [0.005831793726272228]}
INFO:__main__:{'history_length': 7, 'history': [-0.4262213007231679, -0.42623067439320844, -0.4262612311196453, -0.4262587034111048, -0.4262588492550889, -0.42625881451069264, -0.4262588168452842]}
INFO:optim.ad_optim_lbfgs_mod:{"id": 39, "loss": -0.4262588168452842, "t_ctm": 0.06535353800018129, "t_check": 31.10063192799953}
INFO:__main__:Norm(sites): 4.151589520537178
INFO:optim.ad_optim_lbfgs_mod:{"id": 39, "t_grad": 9.722971614000016, "grad_mag": [0.0028959707885718644]}
INFO:__main__:{'history_length': 7, 'history': [-0.4263151048886452, -0.42630179357013553, -0.4263341633304438, -0.42633114712264203, -0.4263313421471672, -0.4263313011989989, -0.4263313040130149]}
INFO:optim.ad_optim_lbfgs_mod:{"id": 40, "loss": -0.4263313040130149, "t_ctm": 0.06782653299978847, "t_check": 30.94599409599914}
INFO:__main__:Norm(sites): 4.164231545426802
INFO:optim.ad_optim_lbfgs_mod:{"id": 40, "t_grad": 9.790353594999942, "grad_mag": [0.0026059075970858887]}
INFO:__main__:{'history_length': 7, 'history': [-0.42643671391452637, -0.42638063399589904, -0.42641647348510137, -0.42641264489373026, -0.42641291504594725, -0.4264128675255164, -0.4264128704054643]}
INFO:optim.ad_optim_lbfgs_mod:{"id": 41, "loss": -0.4264128704054643, "t_ctm": 0.06414697500076727, "t_check": 31.164071760999832}
INFO:__main__:Norm(sites): 4.186742830486877
INFO:optim.ad_optim_lbfgs_mod:{"id": 41, "t_grad": 9.796149888999935, "grad_mag": [0.0028543375737661216]}
INFO:__main__:{'history_length': 7, 'history': [-0.42656877545655597, -0.426443887462493, -0.4264907770177869, -0.4264851631592141, -0.42648564541117784, -0.42648557542865967, -0.426485579241512]}
INFO:optim.ad_optim_lbfgs_mod:{"id": 42, "loss": -0.426485579241512, "t_ctm": 0.06304420000014943, "t_check": 30.713630263999676}
INFO:__main__:Norm(sites): 4.233809985728318
INFO:optim.ad_optim_lbfgs_mod:{"id": 42, "t_grad": 9.741328853000141, "grad_mag": [0.005018474868417254]}
INFO:__main__:{'history_length': 7, 'history': [-0.42667374771152106, -0.4265255199628613, -0.42657439189162927, -0.4265683417856144, -0.42656889392248487, -0.4265688186392888, -0.42656882303439536]}
INFO:optim.ad_optim_lbfgs_mod:{"id": 43, "loss": -0.42656882303439536, "t_ctm": 0.06185369999957402, "t_check": 31.336254573000133}
INFO:__main__:Norm(sites): 4.241397783415493
INFO:optim.ad_optim_lbfgs_mod:{"id": 43, "t_grad": 9.798330110000279, "grad_mag": [0.002201551292224877]}
INFO:__main__:{'history_length': 7, 'history': [-0.4267119721620444, -0.4265675203385953, -0.4266176422262397, -0.4266114339104862, -0.4266120142083836, -0.42661193385967316, -0.42661193859761753]}
INFO:optim.ad_optim_lbfgs_mod:{"id": 44, "loss": -0.42661193859761753, "t_ctm": 0.06160213500015743, "t_check": 31.455746486999487}
INFO:__main__:Norm(sites): 4.242448241670607
INFO:optim.ad_optim_lbfgs_mod:{"id": 44, "t_grad": 9.74071499899992, "grad_mag": [0.0017533223201579356]}
INFO:__main__:{'history_length': 7, 'history': [-0.426764382639447, -0.42660779958989536, -0.42666287441566325, -0.42665585829280095, -0.4266565656907163, -0.4266564674362391, -0.42665647382690747]}
INFO:optim.ad_optim_lbfgs_mod:{"id": 45, "loss": -0.42665647382690747, "t_ctm": 0.07220354699984455, "t_check": 31.240246746999674}
INFO:__main__:Norm(sites): 4.258813322821108
INFO:optim.ad_optim_lbfgs_mod:{"id": 45, "t_grad": 9.751322174000052, "grad_mag": [0.002124165379570718]}
INFO:__main__:{'history_length': 8, 'history': [-0.42679956509602907, -0.42662737290223196, -0.4266894662011881, -0.4266813501329578, -0.426682293773524, -0.42668216085648114, -0.42668217157632976, -0.42668217065134634]}
INFO:optim.ad_optim_lbfgs_mod:{"id": 46, "loss": -0.42668217065134634, "t_ctm": 0.08358166600010009, "t_check": 36.480604874999244}
INFO:__main__:Norm(sites): 4.279544424800158
INFO:optim.ad_optim_lbfgs_mod:{"id": 46, "t_grad": 9.918203209999774, "grad_mag": [0.0040068371741281555]}
INFO:__main__:{'history_length': 8, 'history': [-0.42683304795832727, -0.4266677999617333, -0.4267302025268473, -0.4267218814596395, -0.42672287596448716, -0.4267227342037159, -0.4267227462130014, -0.42672274511435704]}
INFO:optim.ad_optim_lbfgs_mod:{"id": 47, "loss": -0.42672274511435704, "t_ctm": 0.0875304449991745, "t_check": 36.31086679500049}
INFO:__main__:Norm(sites): 4.2812410021525436
INFO:optim.ad_optim_lbfgs_mod:{"id": 47, "t_grad": 10.525090151000313, "grad_mag": [0.0016251018050228699]}
INFO:__main__:{'history_length': 8, 'history': [-0.4268564842924847, -0.426688524540053, -0.4267512476123128, -0.42674260373161466, -0.42674365458622027, -0.4267435040892568, -0.42674351730439425, -0.4267435160803261]}
INFO:optim.ad_optim_lbfgs_mod:{"id": 48, "loss": -0.4267435160803261, "t_ctm": 0.07223688799967931, "t_check": 36.2923542249996}
INFO:__main__:Norm(sites): 4.291063819664195
INFO:optim.ad_optim_lbfgs_mod:{"id": 48, "t_grad": 9.617272783999852, "grad_mag": [0.0012141948952897295]}
INFO:__main__:{'history_length': 8, 'history': [-0.4268727267181647, -0.42670677299295656, -0.4267682047927513, -0.4267595167703503, -0.42676059445053377, -0.4267604371651785, -0.42676045168828713, -0.4267604502694735]}
INFO:optim.ad_optim_lbfgs_mod:{"id": 49, "loss": -0.4267604502694735, "t_ctm": 0.07496886599983554, "t_check": 36.23493746800068}
INFO:__main__:Norm(sites): 4.296539586078511
INFO:optim.ad_optim_lbfgs_mod:{"id": 49, "t_grad": 9.698192148999624, "grad_mag": [0.0013892296059846744]}
INFO:__main__:{'history_length': 8, 'history': [-0.4269253310016194, -0.4267335094354501, -0.4267935669299275, -0.4267846316009234, -0.42678575788805795, -0.42678559050690446, -0.4267856069731085, -0.426785605282082]}
INFO:optim.ad_optim_lbfgs_mod:{"id": 50, "loss": -0.426785605282082, "t_ctm": 0.07248661199901107, "t_check": 36.414788504000626}
INFO:__main__:Norm(sites): 4.314580410416476
INFO:optim.ad_optim_lbfgs_mod:{"id": 50, "t_grad": 9.670334916000229, "grad_mag": [0.0015249194942031793]}
INFO:__main__:{'history_length': 8, 'history': [-0.4268956966410202, -0.42673547577204174, -0.4267936778207477, -0.42678522230376714, -0.4267863743823756, -0.42678619836415793, -0.42678621721434, -0.4267862150437435]}
INFO:optim.ad_optim_lbfgs_mod:{"id": 51, "loss": -0.4267862150437435, "t_ctm": 0.07715577499948267, "t_check": 36.30243049799901}
INFO:__main__:Norm(sites): 4.325163307108595
INFO:optim.ad_optim_lbfgs_mod:{"id": 51, "t_grad": 9.64084390700009, "grad_mag": [0.003064569399947712]}
INFO:__main__:{'history_length': 8, 'history': [-0.42692499972916725, -0.4267588592305262, -0.42681987539996213, -0.4268111239114159, -0.4268123004285923, -0.42681212042868233, -0.4268121390260234, -0.4268121369106342]}
INFO:optim.ad_optim_lbfgs_mod:{"id": 52, "loss": -0.4268121369106342, "t_ctm": 0.0719032100005279, "t_check": 36.21062974599954}
INFO:__main__:Norm(sites): 4.323671302074392
INFO:optim.ad_optim_lbfgs_mod:{"id": 52, "t_grad": 9.83930848, "grad_mag": [0.0009073615312403787]}
INFO:__main__:{'history_length': 8, 'history': [-0.4269450184253145, -0.426766512584981, -0.4268248642924807, -0.426816123624632, -0.42681726652409885, -0.4268170950428374, -0.4268171128553973, -0.4268171109125221]}
INFO:optim.ad_optim_lbfgs_mod:{"id": 53, "loss": -0.4268171109125221, "t_ctm": 0.08431059799931973, "t_check": 36.308797626000796}
INFO:__main__:Norm(sites): 4.326200843601803
INFO:optim.ad_optim_lbfgs_mod:{"id": 53, "t_grad": 9.67482343599977, "grad_mag": [0.0007226685992267978]}
INFO:__main__:{'history_length': 8, 'history': [-0.42694541867665636, -0.4267709700303884, -0.42683190950493954, -0.42682310254377653, -0.42682427427148606, -0.4268240996019442, -0.4268241174788529, -0.4268241155326365]}
INFO:optim.ad_optim_lbfgs_mod:{"id": 54, "loss": -0.4268241155326365, "t_ctm": 0.07676279399947816, "t_check": 36.28755965099981}
INFO:__main__:Norm(sites): 4.329798619885702
INFO:optim.ad_optim_lbfgs_mod:{"id": 54, "t_grad": 9.650301775000116, "grad_mag": [0.0008470572081257992]}
INFO:__main__:{'history_length': 8, 'history': [-0.4269651748781525, -0.4267851883932465, -0.4268414900138363, -0.42683292716908844, -0.4268340462920512, -0.4268338810829731, -0.42683389836884866, -0.42683389653240766]}
INFO:optim.ad_optim_lbfgs_mod:{"id": 55, "loss": -0.42683389653240766, "t_ctm": 0.07178346499949839, "t_check": 36.30563992200041}
INFO:__main__:Norm(sites): 4.336390914961967
INFO:optim.ad_optim_lbfgs_mod:{"id": 55, "t_grad": 9.62285943300003, "grad_mag": [0.0008979276938283554]}
INFO:__main__:{'history_length': 8, 'history': [-0.42697794532164, -0.4267954586625147, -0.4268463905895375, -0.4268383215956769, -0.42683934803284557, -0.4268391953205628, -0.42683921161354355, -0.4268392098978306]}
INFO:optim.ad_optim_lbfgs_mod:{"id": 56, "loss": -0.4268392098978306, "t_ctm": 0.07428446300082214, "t_check": 36.642335089000426}
INFO:__main__:Norm(sites): 4.351225612327545
INFO:optim.ad_optim_lbfgs_mod:{"id": 56, "t_grad": 9.853721963000226, "grad_mag": [0.001504235610778318]}
INFO:__main__:{'history_length': 8, 'history': [-0.4269808801734722, -0.42680436972267216, -0.42685414826107104, -0.42684612535512195, -0.4268471386214713, -0.4268469872483734, -0.42684700349313903, -0.42684700178884594]}
INFO:optim.ad_optim_lbfgs_mod:{"id": 57, "loss": -0.42684700178884594, "t_ctm": 0.07388735499989707, "t_check": 36.26669790300048}
INFO:__main__:Norm(sites): 4.349490242409734
INFO:optim.ad_optim_lbfgs_mod:{"id": 57, "t_grad": 9.76561188100004, "grad_mag": [0.0005698410156843582]}
INFO:__main__:{'history_length': 8, 'history': [-0.4269815320285689, -0.4268083067838687, -0.4268570357039462, -0.42684905854984545, -0.42685005714361623, -0.42684990709669524, -0.42684992323460796, -0.4268499215421325]}
INFO:optim.ad_optim_lbfgs_mod:{"id": 58, "loss": -0.4268499215421325, "t_ctm": 0.08013038399940342, "t_check": 36.361548517998926}
INFO:__main__:Norm(sites): 4.350245621590352
INFO:optim.ad_optim_lbfgs_mod:{"id": 58, "t_grad": 9.748813930999859, "grad_mag": [0.0004933429168471241]}
INFO:__main__:{'history_length': 8, 'history': [-0.4269828157299332, -0.4268151407052304, -0.4268611709584588, -0.426853431818638, -0.4268543747934768, -0.42685423125302907, -0.42685424665291494, -0.4268542450479726]}
INFO:optim.ad_optim_lbfgs_mod:{"id": 59, "loss": -0.4268542450479726, "t_ctm": 0.07312470900023982, "t_check": 36.1528206590001}
INFO:__main__:Norm(sites): 4.353450287955781
INFO:optim.ad_optim_lbfgs_mod:{"id": 59, "t_grad": 9.755123638999976, "grad_mag": [0.0005988457506826878]}
INFO:__main__:{'history_length': 8, 'history': [-0.4269798459771096, -0.4268200791852584, -0.42686252083997694, -0.42685519763731317, -0.4268560542633374, -0.42685592120365884, -0.4268559353983853, -0.4268559339309769]}
INFO:optim.ad_optim_lbfgs_mod:{"id": 60, "loss": -0.4268559339309769, "t_ctm": 0.07845157999963703, "t_check": 36.7986851200003}
INFO:__main__:Norm(sites): 4.358312126842971
INFO:optim.ad_optim_lbfgs_mod:{"id": 60, "t_grad": 9.762143746999755, "grad_mag": [0.0013225761438208873]}
INFO:__main__:{'history_length': 8, 'history': [-0.42698593188606343, -0.42682501000236445, -0.4268668840465895, -0.4268595942556587, -0.42686043498639875, -0.4268603037710166, -0.42686031770858285, -0.4268603162696503]}
INFO:optim.ad_optim_lbfgs_mod:{"id": 61, "loss": -0.4268603162696503, "t_ctm": 0.07249037099973066, "t_check": 36.2092693110003}
INFO:__main__:Norm(sites): 4.3602681458967085
INFO:optim.ad_optim_lbfgs_mod:{"id": 61, "t_grad": 9.742137977000311, "grad_mag": [0.00047613098222120634]}
INFO:__main__:{'history_length': 8, 'history': [-0.4269897929834677, -0.42682701555432806, -0.42686847268159506, -0.426861225372224, -0.4268620508677174, -0.4268619215402912, -0.4268619352424251, -0.4268619338286711]}
INFO:optim.ad_optim_lbfgs_mod:{"id": 62, "loss": -0.4268619338286711, "t_ctm": 0.07714996600043378, "t_check": 36.15106325999977}
INFO:__main__:Norm(sites): 4.361204635835289
INFO:optim.ad_optim_lbfgs_mod:{"id": 62, "t_grad": 9.712635734000287, "grad_mag": [0.0003358267970169508]}
INFO:__main__:{'history_length': 8, 'history': [-0.42699445063835484, -0.42682947976522834, -0.42687023633521803, -0.426863061093475, -0.4268638611536598, -0.4268637346763175, -0.4268637480215816, -0.4268637466426846]}
INFO:optim.ad_optim_lbfgs_mod:{"id": 63, "loss": -0.4268637466426846, "t_ctm": 0.07538125699966258, "t_check": 36.19647238699963}
INFO:__main__:Norm(sites): 4.363474813178583
INFO:optim.ad_optim_lbfgs_mod:{"id": 63, "t_grad": 9.70262270100011, "grad_mag": [0.00039298263111971183]}
INFO:__main__:{'history_length': 8, 'history': [-0.4269980026440875, -0.4268323467960559, -0.4268724432622021, -0.42686536222306964, -0.42686613507205334, -0.4268660112283366, -0.42686602423758463, -0.4268660228816224]}
INFO:optim.ad_optim_lbfgs_mod:{"id": 64, "loss": -0.4268660228816224, "t_ctm": 0.07984668500057523, "t_check": 36.39696480800012}
INFO:__main__:Norm(sites): 4.365929755783407
INFO:optim.ad_optim_lbfgs_mod:{"id": 64, "t_grad": 9.643341890000102, "grad_mag": [0.00039416308028424393]}
INFO:__main__:{'history_length': 8, 'history': [-0.42699918239166773, -0.42683325509322084, -0.4268727422476792, -0.42686583879533124, -0.4268665676425219, -0.4268664486496725, -0.4268664609257043, -0.4268664596375824]}
INFO:optim.ad_optim_lbfgs_mod:{"id": 65, "loss": -0.4268664596375824, "t_ctm": 0.07455645099889807, "t_check": 36.63091391199987}
INFO:__main__:Norm(sites): 4.369998497212822
INFO:optim.ad_optim_lbfgs_mod:{"id": 65, "t_grad": 9.71887294499993, "grad_mag": [0.0010002595235850946]}
INFO:__main__:{'history_length': 8, 'history': [-0.42700170250293684, -0.4268355477653731, -0.4268754404730698, -0.42686849283511497, -0.426869232956516, -0.4268691124281273, -0.4268691249145556, -0.426869123597835]}
INFO:optim.ad_optim_lbfgs_mod:{"id": 66, "loss": -0.426869123597835, "t_ctm": 0.07322232200021972, "t_check": 36.38956599700032}
INFO:__main__:Norm(sites): 4.371048851805942
INFO:optim.ad_optim_lbfgs_mod:{"id": 66, "t_grad": 9.806551774000127, "grad_mag": [0.0002636827659550215]}
INFO:__main__:{'history_length': 8, 'history': [-0.4270017154320337, -0.42683590985222164, -0.42687603580228445, -0.4268690712565533, -0.42686981702347865, -0.42686969604294656, -0.42686970858421996, -0.4268697072640468]}
INFO:optim.ad_optim_lbfgs_mod:{"id": 67, "loss": -0.4268697072640468, "t_ctm": 0.07208850200004235, "t_check": 36.52702232600086}
INFO:__main__:Norm(sites): 4.370341501155069
INFO:optim.ad_optim_lbfgs_mod:{"id": 67, "t_grad": 9.752864192000288, "grad_mag": [0.00019647363810926217]}
INFO:__main__:{'history_length': 8, 'history': [-0.4270032733968337, -0.4268362076065373, -0.42687696349848214, -0.4268699655558445, -0.4268707176675099, -0.426870596521655, -0.4268706090140997, -0.4268706077073182]}
INFO:optim.ad_optim_lbfgs_mod:{"id": 68, "loss": -0.4268706077073182, "t_ctm": 0.07941474000017479, "t_check": 36.30025768299993}
INFO:__main__:Norm(sites): 4.371489569669174
INFO:optim.ad_optim_lbfgs_mod:{"id": 68, "t_grad": 9.668483666000157, "grad_mag": [0.00022727376424142606]}
INFO:__main__:{'history_length': 8, 'history': [-0.4270040757770115, -0.42683668722399465, -0.4268778329382949, -0.42687084691522015, -0.4268715982120134, -0.426871477817335, -0.4268714901426851, -0.4268714888607323]}
INFO:optim.ad_optim_lbfgs_mod:{"id": 69, "loss": -0.4268714888607323, "t_ctm": 0.07212072499987698, "t_check": 36.45321789200034}
INFO:__main__:Norm(sites): 4.372110930050773
INFO:optim.ad_optim_lbfgs_mod:{"id": 69, "t_grad": 9.634960111000055, "grad_mag": [0.0002292671532282896]}
INFO:__main__:{'history_length': 8, 'history': [-0.42700493992846666, -0.426835041308337, -0.42687724430975776, -0.42687021562519717, -0.4268709741297445, -0.42687085385465307, -0.4268708659662319, -0.4268708647220312]}
INFO:optim.ad_optim_lbfgs_mod:{"id": 70, "loss": -0.4268708647220312, "t_ctm": 0.07710752999946635, "t_check": 36.96441229999982}
INFO:__main__:Norm(sites): 4.375705225557026
INFO:optim.ad_optim_lbfgs_mod:{"id": 70, "t_grad": 9.711575762999928, "grad_mag": [0.0006984955189303258]}
INFO:__main__:{'history_length': 8, 'history': [-0.42700635747115484, -0.4268368965543679, -0.4268786577117403, -0.4268716564788576, -0.42687241014893373, -0.42687229020642375, -0.4268723023501008, -0.4268723010981729]}
INFO:optim.ad_optim_lbfgs_mod:{"id": 71, "loss": -0.4268723010981729, "t_ctm": 0.075908654000159, "t_check": 36.356009921999885}
INFO:__main__:Norm(sites): 4.3748109611067845
INFO:optim.ad_optim_lbfgs_mod:{"id": 71, "t_grad": 9.62374576000002, "grad_mag": [0.0001247113514319582]}
INFO:__main__:{'history_length': 8, 'history': [-0.4270060344843423, -0.42683715042272924, -0.42687877560658266, -0.4268717872843466, -0.42687253998543767, -0.4268724200489121, -0.4268724322105049, -0.4268724309542843]}
INFO:optim.ad_optim_lbfgs_mod:{"id": 72, "loss": -0.4268724309542843, "t_ctm": 0.07243739000023197, "t_check": 36.2993001990003}
INFO:__main__:Norm(sites): 4.374457794802177
INFO:optim.ad_optim_lbfgs_mod:{"id": 72, "t_grad": 9.701744345999941, "grad_mag": [0.00010357382459924681]}
INFO:__main__:{'history_length': 8, 'history': [-0.4270062066657281, -0.426837522489033, -0.42687912711867393, -0.4268721366625432, -0.4268728936001934, -0.42687277300248017, -0.42687278526797434, -0.4268727839976677]}
INFO:optim.ad_optim_lbfgs_mod:{"id": 73, "loss": -0.4268727839976677, "t_ctm": 0.07810710300009305, "t_check": 36.697185587998774}
INFO:__main__:Norm(sites): 4.37497715449419
INFO:optim.ad_optim_lbfgs_mod:{"id": 73, "t_grad": 9.824550070000441, "grad_mag": [0.00012959255321220352]}
INFO:__main__:{'history_length': 8, 'history': [-0.4270053251038958, -0.42683773142787407, -0.4268793001198586, -0.4268723130955891, -0.42687307583266876, -0.4268729542698311, -0.4268729667068056, -0.4268729654112403]}
INFO:optim.ad_optim_lbfgs_mod:{"id": 74, "loss": -0.4268729654112403, "t_ctm": 0.07656202900034259, "t_check": 36.28392622699903}
INFO:__main__:Norm(sites): 4.375203894930562
INFO:optim.ad_optim_lbfgs_mod:{"id": 74, "t_grad": 9.72595076899961, "grad_mag": [0.00021374808196241435]}
INFO:__main__:{'history_length': 8, 'history': [-0.4270049585975433, -0.42683790778417496, -0.4268794978514737, -0.42687251129143566, -0.42687327710804757, -0.42687315500736345, -0.42687316753225996, -0.42687316622295834]}
INFO:optim.ad_optim_lbfgs_mod:{"id": 75, "loss": -0.42687316622295834, "t_ctm": 0.07538204299999052, "t_check": 36.470490504000736}
INFO:__main__:Norm(sites): 4.375291975015653
INFO:optim.ad_optim_lbfgs_mod:{"id": 75, "t_grad": 9.75225181299993, "grad_mag": [9.536128457635832e-05]}
INFO:__main__:{'history_length': 8, 'history': [-0.4270056801843013, -0.4268378955736613, -0.4268796084364338, -0.42687260472652366, -0.42687337405038167, -0.4268732514789227, -0.4268732640704733, -0.426873262752215]}
INFO:optim.ad_optim_lbfgs_mod:{"id": 76, "loss": -0.426873262752215, "t_ctm": 0.08034378500178718, "t_check": 36.70634286099994}
INFO:__main__:Norm(sites): 4.376009911141292
INFO:optim.ad_optim_lbfgs_mod:{"id": 76, "t_grad": 9.641793470000266, "grad_mag": [6.992652185529087e-05]}
INFO:__main__:{'history_length': 8, 'history': [-0.42700544203410196, -0.42683802756689193, -0.4268796890116009, -0.426872689698765, -0.4268734605872869, -0.42687333759824414, -0.42687335027970685, -0.4268733489447677]}
INFO:optim.ad_optim_lbfgs_mod:{"id": 77, "loss": -0.4268733489447677, "t_ctm": 0.07411902299918438, "t_check": 36.318598498998654}
INFO:__main__:Norm(sites): 4.376219321192461
INFO:optim.ad_optim_lbfgs_mod:{"id": 77, "t_grad": 9.632226141000501, "grad_mag": [8.654827069851825e-05]}
INFO:__main__:{'history_length': 8, 'history': [-0.4270054210581605, -0.42683835192545866, -0.42687975606182976, -0.42687277594018797, -0.42687354638146363, -0.4268734230345375, -0.4268734358380059, -0.4268734344778983]}
INFO:optim.ad_optim_lbfgs_mod:{"id": 78, "loss": -0.4268734344778983, "t_ctm": 0.07203779000064969, "t_check": 36.24888333599847}
INFO:__main__:Norm(sites): 4.3764286173877265
INFO:optim.ad_optim_lbfgs_mod:{"id": 78, "t_grad": 9.637650181000026, "grad_mag": [0.00011120599921237508]}
INFO:__main__:{'history_length': 8, 'history': [-0.42700539078188754, -0.42683855854876024, -0.42687982317596845, -0.426872853343564, -0.42687362368869725, -0.4268735000764638, -0.42687351295087383, -0.42687351157516135]}
INFO:optim.ad_optim_lbfgs_mod:{"id": 79, "loss": -0.42687351157516135, "t_ctm": 0.07903520899799332, "t_check": 36.472314536999875}
INFO:__main__:Norm(sites): 4.376743007664742
INFO:optim.ad_optim_lbfgs_mod:{"id": 79, "t_grad": 9.72007325300001, "grad_mag": [6.859793614908786e-05]}
INFO:__main__:{'history_length': 8, 'history': [-0.4270049438037187, -0.42683883353659785, -0.4268798646170497, -0.42687291593353466, -0.42687368453690233, -0.42687356083811834, -0.42687357376949164, -0.42687357237937773]}
INFO:optim.ad_optim_lbfgs_mod:{"id": 80, "loss": -0.42687357237937773, "t_ctm": 0.07997511099983967, "t_check": 36.2482000050004}
INFO:__main__:Norm(sites): 4.376582199014304
INFO:optim.ad_optim_lbfgs_mod:{"id": 80, "t_grad": 9.754230599000039, "grad_mag": [5.636954011994397e-05]}
INFO:__main__:{'history_length': 8, 'history': [-0.4270049438037187, -0.42683883353659785, -0.4268798646170497, -0.42687291593353466, -0.42687368453690233, -0.42687356083811834, -0.42687357376949164, -0.42687357237937773]}
INFO:optim.ad_optim_lbfgs_mod:{"id": 81, "loss": -0.42687357237937773, "t_ctm": 0.07839365199924941, "t_check": 36.40607597100097}
INFO:__main__:Norm(sites): 4.376582199014304
INFO:optim.ad_optim_lbfgs_mod:{"id": 81, "t_grad": 9.675387567999678, "grad_mag": [5.636954011994397e-05]}
INFO:__main__:{'history_length': 8, 'history': [-0.4270049438037205, -0.4268388335365976, -0.4268798646170495, -0.4268729159335342, -0.42687368453690144, -0.42687356083811756, -0.42687357376949236, -0.4268735723793787]}
