INFO:__main__:{'history_length': 4, 'history': [-0.29571775800270583, -0.2957178303790877, -0.295717866780677, -0.2957178647523851]}
INFO:__main__:{'history_length': 4, 'history': [-0.29571775800270583, -0.2957178303790877, -0.295717866780677, -0.2957178647523851]}
INFO:optim.ad_optim_lbfgs_mod:{"id": 0, "loss": -0.2957178647523851, "t_ctm": 0.02534032400000008, "t_check": 3.696715575999999}
INFO:__main__:Norm(sites): 4.208173596445392
INFO:optim.ad_optim_lbfgs_mod:{"id": 0, "t_grad": 3.0382983889999995, "grad_mag": [0.058877633113181324]}
INFO:__main__:{'history_length': 4, 'history': [-0.29674697933408883, -0.2967468545641253, -0.29674689906366236, -0.2967468966578185]}
INFO:optim.ad_optim_lbfgs_mod:{"id": 1, "loss": -0.2967468966578185, "t_ctm": 0.021638606999999865, "t_check": 3.9001165459999996}
INFO:__main__:Norm(sites): 4.2082106660232
INFO:optim.ad_optim_lbfgs_mod:{"id": 1, "t_grad": 3.208668419000002, "grad_mag": [0.057639069427840695]}
INFO:__main__:{'history_length': 4, 'history': [-0.31010034998394226, -0.31009847606022245, -0.3100985745374633, -0.3100985700785511]}
INFO:optim.ad_optim_lbfgs_mod:{"id": 2, "loss": -0.3100985700785511, "t_ctm": 0.021714515999999406, "t_check": 3.686419224999998}
INFO:__main__:Norm(sites): 4.174328410956528
INFO:optim.ad_optim_lbfgs_mod:{"id": 2, "t_grad": 2.8265159870000005, "grad_mag": [0.03952204670435165]}
INFO:__main__:{'history_length': 4, 'history': [-0.3171791942489799, -0.3171770315096489, -0.31717712505217016, -0.31717712121896896]}
INFO:optim.ad_optim_lbfgs_mod:{"id": 3, "loss": -0.31717712121896896, "t_ctm": 0.02031373999999886, "t_check": 3.658346205000008}
INFO:__main__:Norm(sites): 4.130916897665445
INFO:optim.ad_optim_lbfgs_mod:{"id": 3, "t_grad": 2.8312438600000007, "grad_mag": [0.02620928436820974]}
INFO:__main__:{'history_length': 4, 'history': [-0.32073899409631507, -0.3207370165552121, -0.3207370932448408, -0.3207370903477865]}
INFO:optim.ad_optim_lbfgs_mod:{"id": 4, "loss": -0.3207370903477865, "t_ctm": 0.01984892300000496, "t_check": 3.744375582999986}
INFO:__main__:Norm(sites): 4.095547800945143
INFO:optim.ad_optim_lbfgs_mod:{"id": 4, "t_grad": 2.852254670999997, "grad_mag": [0.017726421988551917]}
INFO:__main__:{'history_length': 4, 'history': [-0.3229602555889584, -0.32295853689705584, -0.32295859811753447, -0.32295859597330856]}
INFO:optim.ad_optim_lbfgs_mod:{"id": 5, "loss": -0.32295859597330856, "t_ctm": 0.033644913999999915, "t_check": 4.3017582010000055}
INFO:__main__:Norm(sites): 4.068862656578825
INFO:optim.ad_optim_lbfgs_mod:{"id": 5, "t_grad": 3.5042593450000084, "grad_mag": [0.012381243832158285]}
INFO:__main__:{'history_length': 4, 'history': [-0.32491683375538305, -0.32491533782747306, -0.3249153871204426, -0.32491538552448973]}
INFO:optim.ad_optim_lbfgs_mod:{"id": 6, "loss": -0.32491538552448973, "t_ctm": 0.01958706800000698, "t_check": 3.6549205679999943}
INFO:__main__:Norm(sites): 4.049712178894408
INFO:optim.ad_optim_lbfgs_mod:{"id": 6, "t_grad": 2.858399618000007, "grad_mag": [0.010001644415928497]}
INFO:__main__:{'history_length': 4, 'history': [-0.32765974008344173, -0.32765843087583535, -0.32765847142669996, -0.3276584702187246]}
INFO:optim.ad_optim_lbfgs_mod:{"id": 7, "loss": -0.3276584702187246, "t_ctm": 0.019227249000010715, "t_check": 3.6551040119999954}
INFO:__main__:Norm(sites): 4.043692786169321
INFO:optim.ad_optim_lbfgs_mod:{"id": 7, "t_grad": 2.861790331999998, "grad_mag": [0.013434298649694374]}
INFO:__main__:{'history_length': 4, 'history': [-0.3338346409253113, -0.3338335206895369, -0.33383357393181545, -0.3338335720455324]}
INFO:optim.ad_optim_lbfgs_mod:{"id": 8, "loss": -0.3338335720455324, "t_ctm": 0.01966298000002098, "t_check": 3.787951092}
INFO:__main__:Norm(sites): 4.139654408354789
INFO:optim.ad_optim_lbfgs_mod:{"id": 8, "t_grad": 3.4912861159999977, "grad_mag": [0.029553206651106126]}
INFO:__main__:{'history_length': 4, 'history': [-0.3372970780684798, -0.3373061842957104, -0.33730602901817197, -0.33730603084313504]}
INFO:optim.ad_optim_lbfgs_mod:{"id": 9, "loss": -0.33730603084313504, "t_ctm": 0.019036462999977743, "t_check": 3.6477723540000113}
INFO:__main__:Norm(sites): 4.429471176246178
INFO:optim.ad_optim_lbfgs_mod:{"id": 9, "t_grad": 3.1745668249999994, "grad_mag": [0.04253224567143771]}
INFO:__main__:{'history_length': 4, 'history': [-0.33900989170897117, -0.3390199160777238, -0.3390196915669238, -0.3390196979673858]}
INFO:optim.ad_optim_lbfgs_mod:{"id": 10, "loss": -0.3390196979673858, "t_ctm": 0.02127510900001539, "t_check": 4.268995011999991}
INFO:__main__:Norm(sites): 4.4734581756530645
INFO:optim.ad_optim_lbfgs_mod:{"id": 10, "t_grad": 4.157993012000006, "grad_mag": [0.040238956374012404]}
INFO:__main__:{'history_length': 5, 'history': [-0.3484155330015449, -0.34845203422658044, -0.34845035336271607, -0.3484504468363374, -0.3484504411621222]}
INFO:optim.ad_optim_lbfgs_mod:{"id": 11, "loss": -0.3484504411621222, "t_ctm": 0.030089679999989016, "t_check": 5.767896893}
INFO:__main__:Norm(sites): 4.875643070348005
INFO:optim.ad_optim_lbfgs_mod:{"id": 11, "t_grad": 4.207580097000005, "grad_mag": [0.029830514945219915]}
INFO:__main__:{'history_length': 5, 'history': [-0.3554296041014708, -0.3554774924072424, -0.3554758589063708, -0.3554759158511002, -0.35547591381653765]}
INFO:optim.ad_optim_lbfgs_mod:{"id": 12, "loss": -0.35547591381653765, "t_ctm": 0.0273470739999766, "t_check": 5.020856593000019}
INFO:__main__:Norm(sites): 5.188895657517304
INFO:optim.ad_optim_lbfgs_mod:{"id": 12, "t_grad": 4.0645985399999915, "grad_mag": [0.022451767156350236]}
INFO:__main__:{'history_length': 5, 'history': [-0.3599773240276617, -0.3600261162356005, -0.36002607405113535, -0.3600259897646787, -0.3600259957252864]}
INFO:optim.ad_optim_lbfgs_mod:{"id": 13, "loss": -0.3600259957252864, "t_ctm": 0.03223786800000994, "t_check": 5.77207187700003}
INFO:__main__:Norm(sites): 5.4548390371038575
INFO:optim.ad_optim_lbfgs_mod:{"id": 13, "t_grad": 2.992558121000002, "grad_mag": [0.0201849156014225]}
INFO:__main__:{'history_length': 5, 'history': [-0.36534690232709216, -0.3653765344314197, -0.3653792184792392, -0.365379005656157, -0.3653790123535905]}
INFO:optim.ad_optim_lbfgs_mod:{"id": 14, "loss": -0.3653790123535905, "t_ctm": 0.037182061999999405, "t_check": 5.8970044470000005}
INFO:__main__:Norm(sites): 5.74604317178119
INFO:optim.ad_optim_lbfgs_mod:{"id": 14, "t_grad": 3.119222016000009, "grad_mag": [0.018416802522537436]}
INFO:__main__:{'history_length': 5, 'history': [-0.37036351230596737, -0.370379881110589, -0.37038715836308905, -0.3703867182548716, -0.37038672083705004]}
INFO:optim.ad_optim_lbfgs_mod:{"id": 15, "loss": -0.37038672083705004, "t_ctm": 0.029404653999961283, "t_check": 5.354647572000005}
INFO:__main__:Norm(sites): 6.107919672188071
INFO:optim.ad_optim_lbfgs_mod:{"id": 15, "t_grad": 3.6432985589999873, "grad_mag": [0.0182284887132831]}
INFO:__main__:{'history_length': 5, 'history': [-0.3751923734230829, -0.3752212943367948, -0.37522603862899157, -0.37522577086201814, -0.37522577219975073]}
INFO:optim.ad_optim_lbfgs_mod:{"id": 16, "loss": -0.37522577219975073, "t_ctm": 0.031760130999970215, "t_check": 6.652130219000014}
INFO:__main__:Norm(sites): 6.406305360414247
INFO:optim.ad_optim_lbfgs_mod:{"id": 16, "t_grad": 3.714645617000002, "grad_mag": [0.01725920674005807]}
INFO:__main__:{'history_length': 5, 'history': [-0.3787828759059543, -0.37885938276267384, -0.37886261213234657, -0.3788623081755311, -0.3788623155394209]}
INFO:optim.ad_optim_lbfgs_mod:{"id": 17, "loss": -0.3788623155394209, "t_ctm": 0.03389900199996987, "t_check": 6.212512277000002}
INFO:__main__:Norm(sites): 6.712082705566925
INFO:optim.ad_optim_lbfgs_mod:{"id": 17, "t_grad": 3.6633489220000115, "grad_mag": [0.016451209577155814]}
INFO:__main__:{'history_length': 5, 'history': [-0.3826828048778204, -0.38282568689609536, -0.38282292883751184, -0.38282288666443404, -0.3828228923158667]}
INFO:optim.ad_optim_lbfgs_mod:{"id": 18, "loss": -0.3828228923158667, "t_ctm": 0.028161746999984416, "t_check": 5.2038496369999905}
INFO:__main__:Norm(sites): 7.011242506839541
INFO:optim.ad_optim_lbfgs_mod:{"id": 18, "t_grad": 3.0965852719999987, "grad_mag": [0.014662050317854605]}
INFO:__main__:{'history_length': 6, 'history': [-0.38609331251992474, -0.3863096520077112, -0.38629973702246817, -0.3863001673177173, -0.38630014917542194, -0.38630014992690853]}
INFO:optim.ad_optim_lbfgs_mod:{"id": 19, "loss": -0.38630014992690853, "t_ctm": 0.03918709900003137, "t_check": 6.6888544110000225}
INFO:__main__:Norm(sites): 7.306636029616815
INFO:optim.ad_optim_lbfgs_mod:{"id": 19, "t_grad": 3.827293162000018, "grad_mag": [0.01268637805343984]}
INFO:__main__:{'history_length': 6, 'history': [-0.38903304888187107, -0.38929613901177523, -0.38927997267562375, -0.38928096986185035, -0.389280908105267, -0.3892809119523121]}
INFO:optim.ad_optim_lbfgs_mod:{"id": 20, "loss": -0.3892809119523121, "t_ctm": 0.04452568099998189, "t_check": 7.156184688000025}
INFO:__main__:Norm(sites): 7.6319813295992285
INFO:optim.ad_optim_lbfgs_mod:{"id": 20, "t_grad": 3.707275396, "grad_mag": [0.009938198826428773]}
INFO:__main__:{'history_length': 6, 'history': [-0.39081604886700233, -0.39107966635315544, -0.39106198763046024, -0.39106320067698086, -0.3910631167389521, -0.39106312261733056]}
INFO:optim.ad_optim_lbfgs_mod:{"id": 21, "loss": -0.39106312261733056, "t_ctm": 0.039712029000043, "t_check": 6.77705671199999}
INFO:__main__:Norm(sites): 7.826797767525943
INFO:optim.ad_optim_lbfgs_mod:{"id": 21, "t_grad": 2.890989413, "grad_mag": [0.0077787669240967135]}
INFO:__main__:{'history_length': 6, 'history': [-0.39228898859462574, -0.3925338669217922, -0.39251706348296367, -0.39251826472646845, -0.3925181783769341, -0.39251818468656463]}
INFO:optim.ad_optim_lbfgs_mod:{"id": 22, "loss": -0.39251818468656463, "t_ctm": 0.0375377750000041, "t_check": 6.456733548000045}
INFO:__main__:Norm(sites): 7.995287652090609
INFO:optim.ad_optim_lbfgs_mod:{"id": 22, "t_grad": 3.025707042000022, "grad_mag": [0.006544791496649748]}
INFO:__main__:{'history_length': 6, 'history': [-0.3940043880265325, -0.39420397936488116, -0.39419103547994755, -0.39419194878357666, -0.394191885097165, -0.39419188967004004]}
INFO:optim.ad_optim_lbfgs_mod:{"id": 23, "loss": -0.39419188967004004, "t_ctm": 0.035050432999980785, "t_check": 6.306447604000027}
INFO:__main__:Norm(sites): 8.2048685549956
INFO:optim.ad_optim_lbfgs_mod:{"id": 23, "t_grad": 3.016120719000014, "grad_mag": [0.00571608440466421]}
INFO:__main__:{'history_length': 6, 'history': [-0.39575593698441813, -0.39589822911996486, -0.3958908659427373, -0.39589134532719633, -0.39589131791036153, -0.39589131965112756]}
INFO:optim.ad_optim_lbfgs_mod:{"id": 24, "loss": -0.39589131965112756, "t_ctm": 0.03831005099999629, "t_check": 6.419977457000016}
INFO:__main__:Norm(sites): 8.431065663771586
INFO:optim.ad_optim_lbfgs_mod:{"id": 24, "t_grad": 3.0959286230000203, "grad_mag": [0.005075355738830482]}
INFO:__main__:{'history_length': 6, 'history': [-0.3972358876522261, -0.3973267771319946, -0.3973230752747409, -0.3973230238554781, -0.3973229901372658, -0.39732298608467675]}
INFO:optim.ad_optim_lbfgs_mod:{"id": 25, "loss": -0.39732298608467675, "t_ctm": 0.03747728799999095, "t_check": 7.328661681000028}
INFO:__main__:Norm(sites): 8.656875911309642
INFO:optim.ad_optim_lbfgs_mod:{"id": 25, "t_grad": 3.080239731000006, "grad_mag": [0.0050767996521405324]}
INFO:__main__:{'history_length': 5, 'history': [-0.39867024373805837, -0.3987015372889271, -0.3987023125940815, -0.39870234580750064, -0.39870234748405275]}
INFO:optim.ad_optim_lbfgs_mod:{"id": 26, "loss": -0.39870234748405275, "t_ctm": 0.02889247199999545, "t_check": 5.417166423000083}
INFO:__main__:Norm(sites): 8.91154153245069
INFO:optim.ad_optim_lbfgs_mod:{"id": 26, "t_grad": 3.880810390000022, "grad_mag": [0.0055107624571924165]}
INFO:__main__:{'history_length': 5, 'history': [-0.3997444535686967, -0.39976342753707655, -0.399765592017753, -0.39976567822384085, -0.39976568447664323]}
INFO:optim.ad_optim_lbfgs_mod:{"id": 27, "loss": -0.39976568447664323, "t_ctm": 0.03437598900012517, "t_check": 5.842497952000031}
INFO:__main__:Norm(sites): 9.122689302199205
INFO:optim.ad_optim_lbfgs_mod:{"id": 27, "t_grad": 3.188825744999974, "grad_mag": [0.0051197839328229145]}
INFO:__main__:{'history_length': 6, 'history': [-0.40061472743986903, -0.40062709996536294, -0.4006295095974514, -0.40062965782681553, -0.40062966847855613, -0.4006296692034352]}
INFO:optim.ad_optim_lbfgs_mod:{"id": 28, "loss": -0.4006296692034352, "t_ctm": 0.045996207999962735, "t_check": 6.800752841000019}
INFO:__main__:Norm(sites): 9.295557126082931
INFO:optim.ad_optim_lbfgs_mod:{"id": 28, "t_grad": 3.1042260680000027, "grad_mag": [0.004757006018368253]}
INFO:__main__:{'history_length': 5, 'history': [-0.40158205044125955, -0.401584280188821, -0.40158542499092753, -0.40158550505185636, -0.4015855100371828]}
INFO:optim.ad_optim_lbfgs_mod:{"id": 29, "loss": -0.4015855100371828, "t_ctm": 0.03466981299999361, "t_check": 5.58546317400004}
INFO:__main__:Norm(sites): 9.485024297586161
INFO:optim.ad_optim_lbfgs_mod:{"id": 29, "t_grad": 2.9970923639999683, "grad_mag": [0.00442561155449034]}
INFO:__main__:{'history_length': 5, 'history': [-0.40234649749883133, -0.40234117176603246, -0.4023410091931975, -0.40234096988554346, -0.40234096313771334]}
INFO:optim.ad_optim_lbfgs_mod:{"id": 30, "loss": -0.40234096313771334, "t_ctm": 0.027370398000016394, "t_check": 5.155685677999941}
INFO:__main__:Norm(sites): 9.640579780431855
INFO:optim.ad_optim_lbfgs_mod:{"id": 30, "t_grad": 3.0746019759999967, "grad_mag": [0.003507548778966531]}
INFO:__main__:{'history_length': 6, 'history': [-0.4029445583864426, -0.4029314535058284, -0.4029297135015006, -0.40292950518245885, -0.40292948062767964, -0.4029294778447056]}
INFO:optim.ad_optim_lbfgs_mod:{"id": 31, "loss": -0.4029294778447056, "t_ctm": 0.038140747999989344, "t_check": 6.346023267000021}
INFO:__main__:Norm(sites): 9.748000972205137
INFO:optim.ad_optim_lbfgs_mod:{"id": 31, "t_grad": 3.5452305129999786, "grad_mag": [0.0029195075795990294]}
INFO:__main__:{'history_length': 6, 'history': [-0.40344380952416165, -0.40342793312840897, -0.40342564289543836, -0.40342536676418583, -0.40342533402604774, -0.40342533026708993]}
INFO:optim.ad_optim_lbfgs_mod:{"id": 32, "loss": -0.40342533026708993, "t_ctm": 0.03506377099995461, "t_check": 6.34200845099997}
INFO:__main__:Norm(sites): 9.863765777471011
INFO:optim.ad_optim_lbfgs_mod:{"id": 32, "t_grad": 2.8929085200000486, "grad_mag": [0.002321885487923325]}
INFO:__main__:{'history_length': 6, 'history': [-0.40373416953581853, -0.40371471834367045, -0.4037120681138966, -0.4037117520343844, -0.40371171535265843, -0.40371171115358573]}
INFO:optim.ad_optim_lbfgs_mod:{"id": 33, "loss": -0.40371171115358573, "t_ctm": 0.03836925699999938, "t_check": 6.898058781000032}
INFO:__main__:Norm(sites): 9.91660768216054
INFO:optim.ad_optim_lbfgs_mod:{"id": 33, "t_grad": 2.9159571579999692, "grad_mag": [0.001749559085713791]}
INFO:__main__:{'history_length': 6, 'history': [-0.4039333912298498, -0.4039206366062733, -0.40391811290815344, -0.4039177861013126, -0.4039177465391107, -0.4039177419817524]}
INFO:optim.ad_optim_lbfgs_mod:{"id": 34, "loss": -0.4039177419817524, "t_ctm": 0.03439450600001237, "t_check": 6.339299568000058}
INFO:__main__:Norm(sites): 9.959528020470973
INFO:optim.ad_optim_lbfgs_mod:{"id": 34, "t_grad": 3.1438979909999603, "grad_mag": [0.0015286680977806089]}
INFO:__main__:{'history_length': 5, 'history': [-0.40409774075732985, -0.40410857268983613, -0.4041091405775808, -0.40410918870903617, -0.40410919127621825]}
INFO:optim.ad_optim_lbfgs_mod:{"id": 35, "loss": -0.40410919127621825, "t_ctm": 0.029160645999979806, "t_check": 5.189682315000027}
INFO:__main__:Norm(sites): 10.005097252880253
INFO:optim.ad_optim_lbfgs_mod:{"id": 35, "t_grad": 2.9812615939999887, "grad_mag": [0.001315901496101298]}
INFO:__main__:{'history_length': 5, 'history': [-0.40421149207866736, -0.40422632707974687, -0.40422734248733005, -0.4042274369545048, -0.4042274445038275]}
INFO:optim.ad_optim_lbfgs_mod:{"id": 36, "loss": -0.4042274445038275, "t_ctm": 0.02777262899996913, "t_check": 4.921928981000008}
INFO:__main__:Norm(sites): 10.040314202368798
INFO:optim.ad_optim_lbfgs_mod:{"id": 36, "t_grad": 2.8038209740000184, "grad_mag": [0.0011269537764004949]}
INFO:__main__:{'history_length': 6, 'history': [-0.40429331922481204, -0.4043123215572022, -0.40431376566970845, -0.4043139045593486, -0.40431391707901415, -0.40431391817856654]}
INFO:optim.ad_optim_lbfgs_mod:{"id": 37, "loss": -0.40431391817856654, "t_ctm": 0.03396644900010415, "t_check": 6.178609449000021}
INFO:__main__:Norm(sites): 10.068631525653826
INFO:optim.ad_optim_lbfgs_mod:{"id": 37, "t_grad": 2.8687242359999914, "grad_mag": [0.0010321791728238815]}
INFO:__main__:{'history_length': 5, 'history': [-0.40436492351249265, -0.40439028771891866, -0.40439101989498055, -0.40439107762161225, -0.4043910811978209]}
INFO:optim.ad_optim_lbfgs_mod:{"id": 38, "loss": -0.4043910811978209, "t_ctm": 0.027522948000068936, "t_check": 5.049185260999991}
INFO:__main__:Norm(sites): 10.103877726530783
INFO:optim.ad_optim_lbfgs_mod:{"id": 38, "t_grad": 2.8059667939999713, "grad_mag": [0.0009489106702940327]}
INFO:__main__:{'history_length': 6, 'history': [-0.40440314488052764, -0.4044313370430724, -0.4044325420583446, -0.4044326571935389, -0.4044326679266222, -0.4044326690731621]}
INFO:optim.ad_optim_lbfgs_mod:{"id": 39, "loss": -0.4044326690731621, "t_ctm": 0.033953096999937316, "t_check": 6.204097555999965}
INFO:__main__:Norm(sites): 10.122261408073014
INFO:optim.ad_optim_lbfgs_mod:{"id": 39, "t_grad": 2.9081830229999923, "grad_mag": [0.0007513285040100315]}
INFO:__main__:{'history_length': 6, 'history': [-0.40444750807435154, -0.4044603083593545, -0.4044614410301557, -0.4044615776112008, -0.40446159420921984, -0.4044615962486042]}
INFO:optim.ad_optim_lbfgs_mod:{"id": 40, "loss": -0.4044615962486042, "t_ctm": 0.03674354399998947, "t_check": 6.578638176000027}
INFO:__main__:Norm(sites): 10.13593740074729
INFO:optim.ad_optim_lbfgs_mod:{"id": 40, "t_grad": 3.0165322799999785, "grad_mag": [0.0006549257705283125]}
INFO:__main__:{'history_length': 6, 'history': [-0.40446923784726063, -0.40448291702568234, -0.40448431310989535, -0.40448448668407183, -0.40448450855586243, -0.4044845113196699]}
INFO:optim.ad_optim_lbfgs_mod:{"id": 41, "loss": -0.4044845113196699, "t_ctm": 0.03977364999997235, "t_check": 7.170117176000019}
INFO:__main__:Norm(sites): 10.148494146231748
INFO:optim.ad_optim_lbfgs_mod:{"id": 41, "t_grad": 3.2403851700000246, "grad_mag": [0.0004889849538650816]}
INFO:__main__:{'history_length': 6, 'history': [-0.40447766908421706, -0.4044958842184028, -0.4044977247344883, -0.40449794078703266, -0.40449796708511154, -0.40449797037357027]}
INFO:optim.ad_optim_lbfgs_mod:{"id": 42, "loss": -0.40449797037357027, "t_ctm": 0.034781012999985705, "t_check": 6.184807268000043}
INFO:__main__:Norm(sites): 10.155497000037318
INFO:optim.ad_optim_lbfgs_mod:{"id": 42, "t_grad": 3.1513829909999913, "grad_mag": [0.0003725355886431046]}
INFO:__main__:{'history_length': 6, 'history': [-0.4044865713236708, -0.404505376550127, -0.40450732480493423, -0.4045075558761516, -0.40450758423266114, -0.40450758780055074]}
INFO:optim.ad_optim_lbfgs_mod:{"id": 43, "loss": -0.40450758780055074, "t_ctm": 0.03276883300003419, "t_check": 6.2728806350000355}
INFO:__main__:Norm(sites): 10.160372552339988
INFO:optim.ad_optim_lbfgs_mod:{"id": 43, "t_grad": 2.873091091000049, "grad_mag": [0.000302892396170406]}
INFO:__main__:{'history_length': 6, 'history': [-0.4044932354252429, -0.4045124828123652, -0.40451451908037034, -0.40451476351946003, -0.4045147938081473, -0.4045147976484749]}
INFO:optim.ad_optim_lbfgs_mod:{"id": 44, "loss": -0.4045147976484749, "t_ctm": 0.03273653100006868, "t_check": 6.144477318999861}
INFO:__main__:Norm(sites): 10.163495338254224
INFO:optim.ad_optim_lbfgs_mod:{"id": 44, "t_grad": 2.9343773310000643, "grad_mag": [0.00024852387432451665]}
INFO:__main__:{'history_length': 6, 'history': [-0.40449870206043936, -0.4045181089667218, -0.4045202019671587, -0.404520455582892, -0.4045204872033047, -0.4045204912303847]}
INFO:optim.ad_optim_lbfgs_mod:{"id": 45, "loss": -0.4045204912303847, "t_ctm": 0.03337721899993085, "t_check": 6.117536366000195}
INFO:__main__:Norm(sites): 10.165368863117253
INFO:optim.ad_optim_lbfgs_mod:{"id": 45, "t_grad": 2.874399942000082, "grad_mag": [0.00021695007285222394]}
INFO:__main__:{'history_length': 6, 'history': [-0.40450273678970444, -0.40452222599325127, -0.40452435288529365, -0.40452461215022933, -0.40452464459591037, -0.4045246487391452]}
INFO:optim.ad_optim_lbfgs_mod:{"id": 46, "loss": -0.4045246487391452, "t_ctm": 0.0327092029999676, "t_check": 6.11536078000006}
INFO:__main__:Norm(sites): 10.166390291660402
INFO:optim.ad_optim_lbfgs_mod:{"id": 46, "t_grad": 2.856552289999968, "grad_mag": [0.00018505577199471362]}
INFO:__main__:{'history_length': 6, 'history': [-0.40450565278936207, -0.40452512864379697, -0.4045272738661315, -0.404527536910043, -0.40452756995099, -0.40452757418131685]}
INFO:optim.ad_optim_lbfgs_mod:{"id": 47, "loss": -0.40452757418131685, "t_ctm": 0.033641299000009894, "t_check": 6.08264324799984}
INFO:__main__:Norm(sites): 10.166511874987638
INFO:optim.ad_optim_lbfgs_mod:{"id": 47, "t_grad": 2.8734751079999796, "grad_mag": [0.00016929105172215663]}
INFO:__main__:{'history_length': 6, 'history': [-0.4045082728029165, -0.4045276683077444, -0.4045298168617062, -0.4045300810975774, -0.4045301143210536, -0.40453011857572047]}
INFO:optim.ad_optim_lbfgs_mod:{"id": 48, "loss": -0.40453011857572047, "t_ctm": 0.033883376000062526, "t_check": 6.088797831000079}
INFO:__main__:Norm(sites): 10.16602533501361
INFO:optim.ad_optim_lbfgs_mod:{"id": 48, "t_grad": 2.839781756999969, "grad_mag": [0.0001741895390863446]}
INFO:__main__:{'history_length': 6, 'history': [-0.4045100800489145, -0.40452947904062647, -0.4045316345653324, -0.4045319004848112, -0.4045319339877703, -0.40453193828450523]}
INFO:optim.ad_optim_lbfgs_mod:{"id": 49, "loss": -0.40453193828450523, "t_ctm": 0.03728550000005271, "t_check": 6.099871060999817}
INFO:__main__:Norm(sites): 10.165550068658588
INFO:optim.ad_optim_lbfgs_mod:{"id": 49, "t_grad": 2.853320359999998, "grad_mag": [0.00012549647934480772]}
INFO:__main__:{'history_length': 6, 'history': [-0.4045111561400607, -0.4045304693400234, -0.4045326175445795, -0.4045328830626228, -0.40453291654696477, -0.40453292084324205]}
INFO:optim.ad_optim_lbfgs_mod:{"id": 50, "loss": -0.40453292084324205, "t_ctm": 0.03311947100019097, "t_check": 6.148831131000065}
INFO:__main__:Norm(sites): 10.164904960079076
INFO:optim.ad_optim_lbfgs_mod:{"id": 50, "t_grad": 2.8961305349999975, "grad_mag": [0.0001038506943009671]}
INFO:__main__:{'history_length': 6, 'history': [-0.4045118319752982, -0.4045312044571554, -0.4045333589678266, -0.4045336255958168, -0.4045336592562531, -0.4045336635792097]}
INFO:optim.ad_optim_lbfgs_mod:{"id": 51, "loss": -0.4045336635792097, "t_ctm": 0.035394057999951656, "t_check": 6.66877196400003}
INFO:__main__:Norm(sites): 10.164479375051135
INFO:optim.ad_optim_lbfgs_mod:{"id": 51, "t_grad": 3.020634254000015, "grad_mag": [8.41544820438436e-05]}
INFO:__main__:{'history_length': 6, 'history': [-0.4045122686669536, -0.40453160637903124, -0.4045337551301699, -0.40453402117589476, -0.40453405477266813, -0.4045340590879746]}
INFO:optim.ad_optim_lbfgs_mod:{"id": 52, "loss": -0.4045340590879746, "t_ctm": 0.03635833700002422, "t_check": 6.311449905999893}
INFO:__main__:Norm(sites): 10.164150755232919
INFO:optim.ad_optim_lbfgs_mod:{"id": 52, "t_grad": 3.36158879900006, "grad_mag": [5.9057059380700146e-05]}
INFO:__main__:{'history_length': 6, 'history': [-0.4045125308504637, -0.4045318502685959, -0.4045339948053529, -0.4045342604050307, -0.40453429395289786, -0.4045342982625345]}
INFO:optim.ad_optim_lbfgs_mod:{"id": 53, "loss": -0.4045342982625345, "t_ctm": 0.03709968599991953, "t_check": 6.777035332999958}
INFO:__main__:Norm(sites): 10.163903478332715
INFO:optim.ad_optim_lbfgs_mod:{"id": 53, "t_grad": 2.940527698999972, "grad_mag": [4.644067243896269e-05]}
INFO:__main__:{'history_length': 6, 'history': [-0.4045126964713199, -0.40453203439541163, -0.4045341806830892, -0.40453444662638355, -0.40453448023521577, -0.4045344845547176]}
INFO:optim.ad_optim_lbfgs_mod:{"id": 54, "loss": -0.4045344845547176, "t_ctm": 0.04293204999999034, "t_check": 7.433262511999942}
INFO:__main__:Norm(sites): 10.163941328096453
INFO:optim.ad_optim_lbfgs_mod:{"id": 54, "t_grad": 3.7898532250000017, "grad_mag": [3.433827434995005e-05]}
INFO:__main__:{'history_length': 6, 'history': [-0.4045126964713199, -0.40453203439541163, -0.4045341806830892, -0.40453444662638355, -0.40453448023521577, -0.4045344845547176]}
INFO:optim.ad_optim_lbfgs_mod:{"id": 55, "loss": -0.4045344845547176, "t_ctm": 0.0363235510000095, "t_check": 6.438270082000031}
INFO:__main__:Norm(sites): 10.163941328096453
INFO:optim.ad_optim_lbfgs_mod:{"id": 55, "t_grad": 2.9694782290000603, "grad_mag": [3.433827434995005e-05]}
INFO:__main__:{'history_length': 6, 'history': [-0.40451269647131916, -0.40453203439541136, -0.40453418068308933, -0.4045344466263828, -0.4045344802352159, -0.4045344845547188]}
