INFO:__main__:{'history_length': 8, 'history': [-0.3941021402291569, -0.3942876108474023, -0.39430477191313057, -0.3943077743164372, -0.3943084227018033, -0.3943085635725991, -0.3943086002894359, -0.394308608508803]}
INFO:__main__:{'history_length': 8, 'history': [-0.3941021402291569, -0.3942876108474023, -0.39430477191313057, -0.3943077743164372, -0.3943084227018033, -0.3943085635725991, -0.3943086002894359, -0.394308608508803]}
INFO:optim.ad_optim_lbfgs_mod:{"id": 0, "loss": -0.394308608508803, "t_ctm": 0.5793282199998657, "t_check": 574.9798440630002}
INFO:__main__:Norm(sites): 4.669845617426918, 4.494217390760788, 3.500035590280235, 3.6745335715546803
INFO:optim.ad_optim_lbfgs_mod:{"id": 0, "t_grad": 151.66188545399996, "grad_mag": [0.024445300712068175, 0.02400147728116798, 0.02551050413279177, 0.02410473513427103]}
INFO:__main__:{'history_length': 8, 'history': [-0.3959353661114717, -0.3961128540541667, -0.39612934853254994, -0.3961322855191332, -0.3961329224353504, -0.3961330626242468, -0.39613309871372787, -0.396133106879911]}
INFO:optim.ad_optim_lbfgs_mod:{"id": 1, "loss": -0.396133106879911, "t_ctm": 0.5159973000002083, "t_check": 571.3136338660001}
INFO:__main__:Norm(sites): 4.669884317318669, 4.494256156074453, 3.5000918225272333, 3.674581393031835
INFO:optim.ad_optim_lbfgs_mod:{"id": 1, "t_grad": 152.25533727899983, "grad_mag": [0.02317897664174762, 0.02268425018615557, 0.024344607438816182, 0.023021391191937236]}
INFO:__main__:{'history_length': 8, 'history': [-0.41667928388319475, -0.4167487897496125, -0.41675561732625876, -0.41675712961311856, -0.4167574616430964, -0.41675754202080956, -0.41675756029938665, -0.41675756475642006]}
INFO:optim.ad_optim_lbfgs_mod:{"id": 2, "loss": -0.41675756475642006, "t_ctm": 0.5205293349995372, "t_check": 566.7331966540005}
INFO:__main__:Norm(sites): 4.659517596474201, 4.482100398408032, 3.4902422743688346, 3.666901612523909
INFO:optim.ad_optim_lbfgs_mod:{"id": 2, "t_grad": 151.77787235699998, "grad_mag": [0.005601379208761965, 0.004430582838903381, 0.002879314744969492, 0.0037976903907587308]}
INFO:__main__:{'history_length': 8, 'history': [-0.4178220150721083, -0.4178774687963472, -0.4178828938019013, -0.41788409667396653, -0.41788436139205914, -0.4178844239286555, -0.41788443806492154, -0.41788444141613795]}
INFO:optim.ad_optim_lbfgs_mod:{"id": 3, "loss": -0.41788444141613795, "t_ctm": 0.5379417650001415, "t_check": 568.1759589850003}
INFO:__main__:Norm(sites): 4.656742432058902, 4.478303223244622, 3.485168492104107, 3.663296846628986
INFO:optim.ad_optim_lbfgs_mod:{"id": 3, "t_grad": 152.37626769999952, "grad_mag": [0.0019291509041144662, 0.0017012865476473808, 0.0017021002591108088, 0.0018309024541553023]}
INFO:__main__:{'history_length': 8, 'history': [-0.4181808269685709, -0.41822823622432265, -0.4182328722802107, -0.41823390770266605, -0.4182341335004534, -0.4182341864449202, -0.41823419823305574, -0.41823420100139935]}
INFO:optim.ad_optim_lbfgs_mod:{"id": 4, "loss": -0.41823420100139935, "t_ctm": 0.5300235320000866, "t_check": 564.9569191589999}
INFO:__main__:Norm(sites): 4.65659317295191, 4.477711412384996, 3.4850155648776204, 3.6635522268208773
INFO:optim.ad_optim_lbfgs_mod:{"id": 4, "t_grad": 152.49017443000048, "grad_mag": [0.0010417018003600715, 0.0010508825310686766, 0.0009983575149601076, 0.001204762220902465]}
INFO:__main__:{'history_length': 8, 'history': [-0.41839232841767077, -0.4184335236291816, -0.418437634805149, -0.41843855665888485, -0.41843875837643196, -0.41843880529335253, -0.4184388157199084, -0.4184388181468069]}
INFO:optim.ad_optim_lbfgs_mod:{"id": 5, "loss": -0.4184388181468069, "t_ctm": 0.5208584980000524, "t_check": 567.7273540330016}
INFO:__main__:Norm(sites): 4.6580018950624025, 4.478534524830586, 3.486069036017803, 3.665398814002866
INFO:optim.ad_optim_lbfgs_mod:{"id": 5, "t_grad": 151.9353464020005, "grad_mag": [0.0010518871140253057, 0.001240156255715966, 0.0006803678555261381, 0.0008736403599825636]}
INFO:__main__:{'history_length': 7, 'history': [-0.41853139838117287, -0.41856500692080156, -0.4185684021469476, -0.41856918555565903, -0.4185693560035664, -0.41856939629837403, -0.41856940516083485]}
INFO:optim.ad_optim_lbfgs_mod:{"id": 6, "loss": -0.41856940516083485, "t_ctm": 0.4569650570010708, "t_check": 485.35689433800053}
INFO:__main__:Norm(sites): 4.6622794801086584, 4.482114876139226, 3.489722046835509, 3.6717483589860938
INFO:optim.ad_optim_lbfgs_mod:{"id": 6, "t_grad": 162.37232391199996, "grad_mag": [0.0008472270101174703, 0.0027675267650654083, 0.0007304154639792315, 0.0007916044273510097]}
INFO:__main__:{'history_length': 7, 'history': [-0.41865081821015043, -0.4186836119774457, -0.4186869320648848, -0.41868770608036526, -0.4186878734156312, -0.4186879132652945, -0.41868792196928806]}
INFO:optim.ad_optim_lbfgs_mod:{"id": 7, "loss": -0.41868792196928806, "t_ctm": 0.44401014400136773, "t_check": 503.1618369810003}
INFO:__main__:Norm(sites): 4.66328349897508, 4.483492217952192, 3.4906931169870163, 3.673483068416284
INFO:optim.ad_optim_lbfgs_mod:{"id": 7, "t_grad": 150.7287165279995, "grad_mag": [0.0006282907106359779, 0.0006234607218051849, 0.0006519928579282681, 0.0006616699785052962]}
INFO:__main__:{'history_length': 7, 'history': [-0.4187000647256143, -0.41873212773410023, -0.4187353399976403, -0.4187360941660816, -0.4187362568293622, -0.41873629575853516, -0.41873630423927555]}
INFO:optim.ad_optim_lbfgs_mod:{"id": 8, "loss": -0.41873630423927555, "t_ctm": 0.45433685399984824, "t_check": 480.83916962700005}
INFO:__main__:Norm(sites): 4.6637172066909445, 4.484134185259367, 3.4907616756195217, 3.6743332768756445
INFO:optim.ad_optim_lbfgs_mod:{"id": 8, "t_grad": 150.817794468001, "grad_mag": [0.0005340228884730998, 0.0007329627770359982, 0.0004728809815754195, 0.0005408906397301608]}
INFO:__main__:{'history_length': 7, 'history': [-0.4187751424023773, -0.4188056987903577, -0.41880866270768125, -0.4188093731303169, -0.4188095255232045, -0.41880956254704776, -0.41880957057017526]}
INFO:optim.ad_optim_lbfgs_mod:{"id": 9, "loss": -0.41880957057017526, "t_ctm": 0.45448260999910417, "t_check": 480.7760864730026}
INFO:__main__:Norm(sites): 4.665512887599057, 4.486751265629231, 3.491900927956897, 3.6777156824568684
INFO:optim.ad_optim_lbfgs_mod:{"id": 9, "t_grad": 150.49323667999852, "grad_mag": [0.0004938473048679725, 0.0009162841224918249, 0.00037718755779394354, 0.00047493792187066556]}
INFO:__main__:{'history_length': 7, 'history': [-0.41883036219415093, -0.4188589609003525, -0.4188615670122799, -0.41886220383017586, -0.4188623401588381, -0.41886237357011585, -0.4188623808124003]}
INFO:optim.ad_optim_lbfgs_mod:{"id": 10, "loss": -0.4188623808124003, "t_ctm": 0.4508781029999227, "t_check": 480.20043356500355}
INFO:__main__:Norm(sites): 4.670754337821598, 4.4941766805454995, 3.496412567487208, 3.6862210581287758
INFO:optim.ad_optim_lbfgs_mod:{"id": 10, "t_grad": 150.61531741200088, "grad_mag": [0.0005275507280405532, 0.0022414675680758516, 0.0004381173323066039, 0.000561410371756949]}
INFO:__main__:{'history_length': 7, 'history': [-0.41891435847703856, -0.41894207773558073, -0.4189445682243047, -0.41894518397067476, -0.4189453158811509, -0.41894534842657943, -0.41894535549136663]}
INFO:optim.ad_optim_lbfgs_mod:{"id": 11, "loss": -0.41894535549136663, "t_ctm": 0.45661421499971766, "t_check": 480.0815236349972}
INFO:__main__:Norm(sites): 4.676924247255696, 4.502067859231731, 3.502227733121593, 3.6955278133419207
INFO:optim.ad_optim_lbfgs_mod:{"id": 11, "t_grad": 150.54080008599885, "grad_mag": [0.0004988511890154331, 0.0009220348195310019, 0.0005330359510024292, 0.0006095058066678785]}
INFO:__main__:{'history_length': 7, 'history': [-0.41903108117488364, -0.41905698390734897, -0.41905923759939484, -0.4190598014277589, -0.4190599229416437, -0.4190599529898082, -0.41905995956098613]}
INFO:optim.ad_optim_lbfgs_mod:{"id": 12, "loss": -0.41905995956098613, "t_ctm": 0.4353100219996122, "t_check": 479.8547127389975}
INFO:__main__:Norm(sites): 4.697428924455962, 4.527098762132199, 3.521689291378057, 3.7240674527154574
INFO:optim.ad_optim_lbfgs_mod:{"id": 12, "t_grad": 150.06632038499993, "grad_mag": [0.0004833814367134337, 0.0007547196726581504, 0.0007046387936236919, 0.0007331025306959919]}
INFO:__main__:{'history_length': 7, 'history': [-0.4191429928601956, -0.4191673216390719, -0.41916940945790887, -0.4191699299892506, -0.4191700448607329, -0.41917007282961993, -0.4191700790900079]}
INFO:optim.ad_optim_lbfgs_mod:{"id": 13, "loss": -0.4191700790900079, "t_ctm": 0.45071614399967075, "t_check": 483.5693432419994}
INFO:__main__:Norm(sites): 4.7545074962321605, 4.594419838115156, 3.5744884046025014, 3.796698740329258
INFO:optim.ad_optim_lbfgs_mod:{"id": 13, "t_grad": 150.14165807800055, "grad_mag": [0.0005798349012582222, 0.0016912798507520913, 0.000982822417876584, 0.0010342900010458262]}
INFO:__main__:{'history_length': 7, 'history': [-0.419310863179722, -0.41933796934306217, -0.4193406020405697, -0.4193412733063853, -0.4193414194782652, -0.41934145604746087, -0.4193414640968482]}
INFO:optim.ad_optim_lbfgs_mod:{"id": 14, "loss": -0.4193414640968482, "t_ctm": 0.45158834099675005, "t_check": 479.70892109300075}
INFO:__main__:Norm(sites): 4.763208608410903, 4.606390951748826, 3.582303779064729, 3.8078106051742493
INFO:optim.ad_optim_lbfgs_mod:{"id": 14, "t_grad": 149.74345411099966, "grad_mag": [0.0005189105269622456, 0.0018701532294296414, 0.0007802206265398642, 0.0008514842325091427]}
INFO:__main__:{'history_length': 8, 'history': [-0.4195348937202274, -0.41957113132837254, -0.4195751046616388, -0.41957609930908707, -0.4195763229255549, -0.4195763779127903, -0.4195763903851915, -0.419576393456472]}
INFO:optim.ad_optim_lbfgs_mod:{"id": 15, "loss": -0.419576393456472, "t_ctm": 0.5278645150010561, "t_check": 558.2114290080008}
INFO:__main__:Norm(sites): 4.792575736669537, 4.64497579725063, 3.6156473992032323, 3.84902160523665
INFO:optim.ad_optim_lbfgs_mod:{"id": 15, "t_grad": 149.90139309999904, "grad_mag": [0.0008194821448109965, 0.0015357152645214763, 0.0008173396330431103, 0.0007304840577862101]}
INFO:__main__:{'history_length': 8, 'history': [-0.41954700711201703, -0.4195879198897554, -0.41959224969063263, -0.41959334925813363, -0.4195935987694986, -0.41959366078104904, -0.41959367506933926, -0.41959367861490976]}
INFO:optim.ad_optim_lbfgs_mod:{"id": 16, "loss": -0.41959367861490976, "t_ctm": 0.5050915800038638, "t_check": 557.8402681059997}
INFO:__main__:Norm(sites): 4.761562353556641, 4.613356012338913, 3.597608398919946, 3.821737894287618
INFO:optim.ad_optim_lbfgs_mod:{"id": 16, "t_grad": 150.24530797199986, "grad_mag": [0.0005285523645425218, 0.0028740612069760307, 0.0005594823302413387, 0.0007114977277842254]}
INFO:__main__:{'history_length': 8, 'history': [-0.41965563891444285, -0.419694362813764, -0.41969842368398513, -0.4196994409250198, -0.41969967279514075, -0.41969972949950946, -0.41969974261635773, -0.4196997458221201]}
INFO:optim.ad_optim_lbfgs_mod:{"id": 17, "loss": -0.4196997458221201, "t_ctm": 0.5111928359983722, "t_check": 558.4247873080003}
INFO:__main__:Norm(sites): 4.76789649978751, 4.619323374681684, 3.5993630364559626, 3.8249760317231023
INFO:optim.ad_optim_lbfgs_mod:{"id": 17, "t_grad": 150.0701683870011, "grad_mag": [0.00033629297637258345, 0.0005735018867849552, 0.0003474756426557595, 0.00041614762740632764]}
INFO:__main__:{'history_length': 8, 'history': [-0.41967524405111784, -0.4197143223408372, -0.41971829384720366, -0.4197192885109892, -0.41971951758872095, -0.4197195731823946, -0.41971958620601973, -0.4197195893637051]}
INFO:optim.ad_optim_lbfgs_mod:{"id": 18, "loss": -0.4197195893637051, "t_ctm": 0.5171741419999307, "t_check": 558.3160549950026}
INFO:__main__:Norm(sites): 4.786604742111793, 4.640271107052459, 3.61592153903956, 3.845763999681784
INFO:optim.ad_optim_lbfgs_mod:{"id": 18, "t_grad": 149.89722783600155, "grad_mag": [0.00032178788538803093, 0.0004254520744741568, 0.00026278954228187916, 0.0003188278238389824]}
INFO:__main__:{'history_length': 8, 'history': [-0.4197308445026573, -0.4197724617318941, -0.4197763537672959, -0.4197773386908126, -0.41977756771777724, -0.41977762316419875, -0.4197776363763596, -0.4197776395725219]}
INFO:optim.ad_optim_lbfgs_mod:{"id": 19, "loss": -0.4197776395725219, "t_ctm": 0.5187806259964418, "t_check": 558.4810959760034}
INFO:__main__:Norm(sites): 4.77727286945107, 4.631689290764845, 3.613103902103837, 3.8395043686321744
INFO:optim.ad_optim_lbfgs_mod:{"id": 19, "t_grad": 150.08549299899823, "grad_mag": [0.0003946937058094289, 0.0008206298784516387, 0.00029129098578909053, 0.0004021486297788827]}
INFO:__main__:{'history_length': 8, 'history': [-0.4197808728091131, -0.4198251014625385, -0.41982913007771083, -0.4198301791667891, -0.41983042265426124, -0.41983048278983154, -0.4198304971651452, -0.41983050071182815]}
INFO:optim.ad_optim_lbfgs_mod:{"id": 20, "loss": -0.41983050071182815, "t_ctm": 0.5241283560026204, "t_check": 559.4301765330056}
INFO:__main__:Norm(sites): 4.77657052320396, 4.63391592197728, 3.617190237267067, 3.843093660905217
INFO:optim.ad_optim_lbfgs_mod:{"id": 20, "t_grad": 149.84251942799892, "grad_mag": [0.0003877800309660053, 0.0006695863530144547, 0.0003744675726390275, 0.00034877307037861545]}
INFO:__main__:{'history_length': 8, 'history': [-0.4198266976640577, -0.41987612465556906, -0.4198809834247043, -0.4198823104213056, -0.4198826249424008, -0.4198827058105083, -0.419882725632549, -0.4198827307273414]}
INFO:optim.ad_optim_lbfgs_mod:{"id": 21, "loss": -0.4198827307273414, "t_ctm": 0.5093035269965185, "t_check": 563.3600210389959}
INFO:__main__:Norm(sites): 4.782301865642548, 4.648417322600368, 3.62891419693179, 3.8564601375590586
INFO:optim.ad_optim_lbfgs_mod:{"id": 21, "t_grad": 149.59000148300038, "grad_mag": [0.0004757370516874166, 0.001038650117964853, 0.0004514135132270159, 0.0007301874300729274]}
INFO:__main__:{'history_length': 8, 'history': [-0.4198781590202594, -0.41992828033183366, -0.4199337188706756, -0.41993518136474783, -0.4199355358282945, -0.41993562619723085, -0.4199356487561887, -0.4199356545043047]}
INFO:optim.ad_optim_lbfgs_mod:{"id": 22, "loss": -0.4199356545043047, "t_ctm": 0.5241530859966588, "t_check": 559.8508342580026}
INFO:__main__:Norm(sites): 4.784742907397448, 4.6521519465137064, 3.629680301090656, 3.858145215117422
INFO:optim.ad_optim_lbfgs_mod:{"id": 22, "t_grad": 150.44556705300056, "grad_mag": [0.00037095940784911784, 0.0006820551014170152, 0.0003149843662196017, 0.00043191936075764496]}
INFO:__main__:{'history_length': 8, 'history': [-0.41991891910281365, -0.419969845145987, -0.41997599128187657, -0.41997761206792955, -0.4199780132051938, -0.41997811442142785, -0.41997814007732126, -0.4199781465478214]}
INFO:optim.ad_optim_lbfgs_mod:{"id": 23, "loss": -0.4199781465478214, "t_ctm": 0.5330432200025825, "t_check": 563.1575612780034}
INFO:__main__:Norm(sites): 4.78766897024338, 4.655835450085712, 3.630021701040316, 3.8596987083187595
INFO:optim.ad_optim_lbfgs_mod:{"id": 23, "t_grad": 149.73084508000102, "grad_mag": [0.00033862211394315554, 0.0005665965794378129, 0.0002690647748019898, 0.0004343951375999348]}
INFO:__main__:{'history_length': 8, 'history': [-0.4199631308216663, -0.42001845884754685, -0.4200259254274135, -0.42002784795066733, -0.42002834155517865, -0.42002846400637717, -0.4200284960888297, -0.4200285040440714]}
INFO:optim.ad_optim_lbfgs_mod:{"id": 24, "loss": -0.4200285040440714, "t_ctm": 0.5306037180052954, "t_check": 560.6127108129949}
INFO:__main__:Norm(sites): 4.797201486390721, 4.671461983419991, 3.6373624523682486, 3.869531418719944
INFO:optim.ad_optim_lbfgs_mod:{"id": 24, "t_grad": 150.8648158899996, "grad_mag": [0.00036722977015294636, 0.0007401069082000783, 0.00037435711871770995, 0.0003844990994547467]}
INFO:__main__:{'history_length': 8, 'history': [-0.4199853348130403, -0.4200461630316139, -0.42005490784670324, -0.42005715577042463, -0.4200577453869765, -0.4200578925016347, -0.42005793174617406, -0.42005794153129355]}
INFO:optim.ad_optim_lbfgs_mod:{"id": 25, "loss": -0.42005794153129355, "t_ctm": 0.503036116995645, "t_check": 560.4804785769993}
INFO:__main__:Norm(sites): 4.806637641510978, 4.686062203566262, 3.6430922676608306, 3.8774511799112403
INFO:optim.ad_optim_lbfgs_mod:{"id": 25, "t_grad": 151.07902990399816, "grad_mag": [0.0005304011264717502, 0.001023038435855415, 0.0005615322375234869, 0.0008104647921696514]}
INFO:__main__:{'history_length': 8, 'history': [-0.42003101577223995, -0.4200911102747434, -0.4200992881179532, -0.42010138232610883, -0.4201019278381885, -0.42010206312209103, -0.42010209900473683, -0.4201021078982748]}
INFO:optim.ad_optim_lbfgs_mod:{"id": 26, "loss": -0.4201021078982748, "t_ctm": 0.5074384619983903, "t_check": 567.7794205460013}
INFO:__main__:Norm(sites): 4.803807828646575, 4.680877969138077, 3.64157259752617, 3.8755165000222234
INFO:optim.ad_optim_lbfgs_mod:{"id": 26, "t_grad": 150.65697803700095, "grad_mag": [0.0003235656602805609, 0.0005383402339548034, 0.00030369249894337153, 0.00039087005445011074]}
INFO:__main__:{'history_length': 8, 'history': [-0.4200644842870815, -0.42012917608943684, -0.42013749638480286, -0.42013968467353296, -0.4201402595158347, -0.42014040481506987, -0.42014044387463717, -0.42014045374035214]}
INFO:optim.ad_optim_lbfgs_mod:{"id": 27, "loss": -0.42014045374035214, "t_ctm": 0.5331496380058525, "t_check": 567.3385610579971}
INFO:__main__:Norm(sites): 4.810485932493047, 4.69179200259377, 3.64889682354462, 3.8838800255164028
INFO:optim.ad_optim_lbfgs_mod:{"id": 27, "t_grad": 151.1843307709969, "grad_mag": [0.0003015617249356085, 0.00040697699804555205, 0.0003083118739780948, 0.0004427346896103735]}
INFO:__main__:{'history_length': 9, 'history': [-0.42010364742655365, -0.4201737924982334, -0.4201821388293056, -0.4201844142718003, -0.42018501019999493, -0.4201851651595246, -0.4201852069361102, -0.42018521778258955, -0.4201852207148789]}
INFO:optim.ad_optim_lbfgs_mod:{"id": 28, "loss": -0.4201852207148789, "t_ctm": 0.5825724130008894, "t_check": 642.5025077200044}
INFO:__main__:Norm(sites): 4.817086289832033, 4.700845096227024, 3.6552561894209843, 3.8918639129539363
INFO:optim.ad_optim_lbfgs_mod:{"id": 28, "t_grad": 151.47533660200133, "grad_mag": [0.00033339825900903004, 0.0004604789062222532, 0.000391960513090007, 0.0005147625638089552]}
INFO:__main__:{'history_length': 9, 'history': [-0.42017813431460294, -0.4202626511754235, -0.4202718410318025, -0.42027449048222393, -0.4202751889706982, -0.42027537743865745, -0.42027542930246353, -0.4202754432235896, -0.4202754470834715]}
INFO:optim.ad_optim_lbfgs_mod:{"id": 29, "loss": -0.4202754470834715, "t_ctm": 0.5866475219991116, "t_check": 641.0183920290074}
INFO:__main__:Norm(sites): 4.841555961205192, 4.735109975190993, 3.67846535697042, 3.920451129312577
INFO:optim.ad_optim_lbfgs_mod:{"id": 29, "t_grad": 151.9275662780019, "grad_mag": [0.0005834927762620144, 0.0008386399273112438, 0.0005223861878246257, 0.0007718307462350513]}
INFO:__main__:{'history_length': 9, 'history': [-0.4201773139487499, -0.42029396772360955, -0.42030452087354786, -0.42030780977110466, -0.42030866565876285, -0.42030890683844424, -0.42030897471769485, -0.42030899355363455, -0.420308998954527]}
INFO:optim.ad_optim_lbfgs_mod:{"id": 30, "loss": -0.420308998954527, "t_ctm": 0.6024106580007356, "t_check": 641.5288960709986}
INFO:__main__:Norm(sites): 4.908858808995725, 4.818249093017199, 3.75135949275056, 4.008597108856763
INFO:optim.ad_optim_lbfgs_mod:{"id": 30, "t_grad": 152.11494066899832, "grad_mag": [0.0013131208727564037, 0.0015738060738194515, 0.0009250168781441994, 0.001102413632816944]}
INFO:__main__:{'history_length': 9, 'history': [-0.42038605442852156, -0.42048771678097685, -0.42049697315366336, -0.42049974288186015, -0.42050043037345514, -0.42050061877570855, -0.4205006686294735, -0.420500682179683, -0.420500685801158]}
INFO:optim.ad_optim_lbfgs_mod:{"id": 31, "loss": -0.420500685801158, "t_ctm": 0.6113834690004296, "t_check": 645.3511760940055}
INFO:__main__:Norm(sites): 4.881286780645305, 4.78111999203865, 3.724735267542311, 3.977698042667203
INFO:optim.ad_optim_lbfgs_mod:{"id": 31, "t_grad": 151.27519163000034, "grad_mag": [0.0010583339602837662, 0.0010263983808776764, 0.0008082715767610596, 0.000802177999237462]}
INFO:__main__:{'history_length': 9, 'history': [-0.42053949774923133, -0.42063845511836834, -0.42064863466295965, -0.42065159830698257, -0.4206523341609878, -0.4206525314545863, -0.42065258310558357, -0.4206525968983644, -0.42065260052707026]}
INFO:optim.ad_optim_lbfgs_mod:{"id": 32, "loss": -0.42065260052707026, "t_ctm": 0.6054263570040348, "t_check": 640.8001222480088}
INFO:__main__:Norm(sites): 4.8885916458468825, 4.793259309398357, 3.72917323545778, 3.9832210968174966
INFO:optim.ad_optim_lbfgs_mod:{"id": 32, "t_grad": 151.2190389699972, "grad_mag": [0.00041165437738868965, 0.0006184098072828927, 0.00043799082090232867, 0.000605366184533558]}
INFO:__main__:{'history_length': 9, 'history': [-0.4206774728955689, -0.4207893493002475, -0.420801020154403, -0.42080456868813965, -0.42080539145395734, -0.4208056178444341, -0.4208056731853233, -0.420805688426257, -0.4208056921372692]}
INFO:optim.ad_optim_lbfgs_mod:{"id": 33, "loss": -0.4208056921372692, "t_ctm": 0.5998603320076654, "t_check": 640.8210274700068}
INFO:__main__:Norm(sites): 4.949880284193772, 4.870964122394724, 3.799080384595652, 4.067187109058735
INFO:optim.ad_optim_lbfgs_mod:{"id": 33, "t_grad": 151.6440477230026, "grad_mag": [0.0006239328187000064, 0.0007846720306193792, 0.000748064869378464, 0.0007915233957974251]}
INFO:__main__:{'history_length': 9, 'history': [-0.4208010889069942, -0.42091638177731117, -0.4209279574905896, -0.4209315740562853, -0.42093236722699096, -0.42093258899257496, -0.42093264073204645, -0.4209326551990185, -0.4209326585634488]}
INFO:optim.ad_optim_lbfgs_mod:{"id": 34, "loss": -0.4209326585634488, "t_ctm": 0.6093750839972927, "t_check": 640.0816087380008}
INFO:__main__:Norm(sites): 4.973225448292697, 4.9002835334201045, 3.8323806514663357, 4.1063385668896615
INFO:optim.ad_optim_lbfgs_mod:{"id": 34, "t_grad": 151.7185032899979, "grad_mag": [0.0009225977478552062, 0.0008311647795939115, 0.0010433326640578557, 0.000826109586836721]}
INFO:__main__:{'history_length': 9, 'history': [-0.4209491742636135, -0.42106798843560506, -0.4210800460848462, -0.4210838435661893, -0.42108466522001303, -0.42108489427327883, -0.4210849473312101, -0.42108496208980206, -0.42108496550599844]}
INFO:optim.ad_optim_lbfgs_mod:{"id": 35, "loss": -0.42108496550599844, "t_ctm": 0.6068399640062125, "t_check": 642.5275566769997}
INFO:__main__:Norm(sites): 4.994822177439968, 4.929097487765816, 3.8615990756352887, 4.141280916613948
INFO:optim.ad_optim_lbfgs_mod:{"id": 35, "t_grad": 152.9393194410004, "grad_mag": [0.000928888258579314, 0.0006739173628863734, 0.0007354373790352505, 0.0006880222449547814]}
INFO:__main__:{'history_length': 9, 'history': [-0.42106295398609217, -0.4212067061528602, -0.42121906361933936, -0.4212237019419547, -0.42122456344806375, -0.4212248368022535, -0.42122489267698965, -0.42122491016799835, -0.4212249137703037]}
INFO:optim.ad_optim_lbfgs_mod:{"id": 36, "loss": -0.4212249137703037, "t_ctm": 0.6138658929921803, "t_check": 642.1224688400143}
INFO:__main__:Norm(sites): 5.070650529537635, 5.027502443609916, 3.9544151616661596, 4.255328791863292
INFO:optim.ad_optim_lbfgs_mod:{"id": 36, "t_grad": 152.75424133100023, "grad_mag": [0.0005492294898378856, 0.0008743887047534922, 0.001786192793832613, 0.0010828066820573498]}
INFO:__main__:{'history_length': 9, 'history': [-0.4212098202720201, -0.4213650119469175, -0.4213778931674356, -0.421382828521396, -0.4213837279027828, -0.42138401852618507, -0.42138407716001414, -0.4213840956884969, -0.42138409948286215]}
INFO:optim.ad_optim_lbfgs_mod:{"id": 37, "loss": -0.42138409948286215, "t_ctm": 0.5875367939952412, "t_check": 639.593961884013}
INFO:__main__:Norm(sites): 5.08926085792822, 5.055857575103485, 3.9785733893666095, 4.288861250966859
INFO:optim.ad_optim_lbfgs_mod:{"id": 37, "t_grad": 154.99564872100018, "grad_mag": [0.0005345037316044535, 0.0008788090275307812, 0.0012276871257130288, 0.0010043767510184382]}
INFO:__main__:{'history_length': 9, 'history': [-0.4213540344866565, -0.42151645906003604, -0.42152976992954033, -0.4215349261621582, -0.42153585979901637, -0.42153615812835693, -0.42153621865967134, -0.42153623755822417, -0.4215362414548111]}
INFO:optim.ad_optim_lbfgs_mod:{"id": 38, "loss": -0.4215362414548111, "t_ctm": 0.6062090570121654, "t_check": 649.968655370998}
INFO:__main__:Norm(sites): 5.099394520962371, 5.071091012079572, 3.988901363916952, 4.3028023729092055
INFO:optim.ad_optim_lbfgs_mod:{"id": 38, "t_grad": 155.85815767500026, "grad_mag": [0.0005306101363265494, 0.0007762418376517796, 0.001071967161037401, 0.0007807488914232624]}
INFO:__main__:{'history_length': 9, 'history': [-0.4215108897614413, -0.42170623414485037, -0.42171900226314274, -0.4217248881263019, -0.4217257802441492, -0.4217260883430833, -0.4217261430563706, -0.421726161166918, -0.4217261644547065]}
INFO:optim.ad_optim_lbfgs_mod:{"id": 39, "loss": -0.4217261644547065, "t_ctm": 0.6289278479962377, "t_check": 650.6099043139984}
INFO:__main__:Norm(sites): 5.203426181571127, 5.215095222064248, 4.103121219686857, 4.4606583663998345
INFO:optim.ad_optim_lbfgs_mod:{"id": 39, "t_grad": 152.87940726700617, "grad_mag": [0.0006488601526465061, 0.0010639974274657133, 0.001305734412611286, 0.0009773733014074642]}
INFO:__main__:{'history_length': 9, 'history': [-0.4216369371396109, -0.4218336625560751, -0.4218457749774327, -0.4218512251558941, -0.42185204974089235, -0.4218523160615571, -0.4218523636693033, -0.4218523783943809, -0.4218523810813353]}
INFO:optim.ad_optim_lbfgs_mod:{"id": 40, "loss": -0.4218523810813353, "t_ctm": 0.5940217129973462, "t_check": 640.9324325219932}
INFO:__main__:Norm(sites): 5.185344987821191, 5.205447717793728, 4.098505972119208, 4.460723489893943
INFO:optim.ad_optim_lbfgs_mod:{"id": 40, "t_grad": 153.15930938500242, "grad_mag": [0.0010517552342066757, 0.0014667667854606123, 0.001349148624171686, 0.0010422927186800174]}
INFO:__main__:{'history_length': 9, 'history': [-0.42176446036898846, -0.4219544556827732, -0.42196629951210274, -0.42197143791789893, -0.42197223997368444, -0.4219724883235199, -0.421972534487304, -0.421972548135872, -0.42197255073315015]}
INFO:optim.ad_optim_lbfgs_mod:{"id": 41, "loss": -0.42197255073315015, "t_ctm": 0.6097148650005693, "t_check": 641.7021815640037}
INFO:__main__:Norm(sites): 5.185710024611666, 5.203126564996799, 4.0980776532850065, 4.457784829976255
INFO:optim.ad_optim_lbfgs_mod:{"id": 41, "t_grad": 153.23522346400568, "grad_mag": [0.0004653270900005714, 0.0006144723652122922, 0.0005465544354979146, 0.0006937272149757369]}
INFO:__main__:{'history_length': 9, 'history': [-0.4218623326590379, -0.4220567189751483, -0.42206789810669226, -0.4220730956860686, -0.4220738859199775, -0.4220741347750668, -0.42207418054735174, -0.42207419420407044, -0.42207419678046315]}
INFO:optim.ad_optim_lbfgs_mod:{"id": 42, "loss": -0.42207419678046315, "t_ctm": 0.635721556005592, "t_check": 645.2796403890025}
INFO:__main__:Norm(sites): 5.214592296191263, 5.245585683559482, 4.132794252392887, 4.50768841670359
INFO:optim.ad_optim_lbfgs_mod:{"id": 42, "t_grad": 152.67177446300047, "grad_mag": [0.0004680783928944372, 0.0006284822264516379, 0.00045614153821743684, 0.000618256524516904]}
INFO:__main__:{'history_length': 9, 'history': [-0.42197333520093033, -0.4221803832339912, -0.42219082200251207, -0.42219621904976395, -0.4221970421533678, -0.42219729526469923, -0.4221973440651608, -0.42219735797813857, -0.4221973607511524]}
INFO:optim.ad_optim_lbfgs_mod:{"id": 43, "loss": -0.4221973607511524, "t_ctm": 0.6081884510058444, "t_check": 640.1879465709862}
INFO:__main__:Norm(sites): 5.266434690030417, 5.3320633351421804, 4.202381680373712, 4.60966861233028
INFO:optim.ad_optim_lbfgs_mod:{"id": 43, "t_grad": 153.19007741900714, "grad_mag": [0.0007391209788267837, 0.0007831185879084411, 0.0008044898894265755, 0.0008463745072027707]}
INFO:__main__:{'history_length': 9, 'history': [-0.422039860667416, -0.42226038114239445, -0.42226954667492805, -0.4222748121397777, -0.42227565898712943, -0.4222759054200645, -0.42227595738262136, -0.42227597130585814, -0.42227597434585284]}
INFO:optim.ad_optim_lbfgs_mod:{"id": 44, "loss": -0.42227597434585284, "t_ctm": 0.596864370003459, "t_check": 640.9694761200153}
INFO:__main__:Norm(sites): 5.288439474934285, 5.386263656936405, 4.259362692718142, 4.70437943791684
INFO:optim.ad_optim_lbfgs_mod:{"id": 44, "t_grad": 153.77316226100083, "grad_mag": [0.0007587509079706472, 0.0018397576558091178, 0.0009463674937143573, 0.0010060859339917649]}
INFO:__main__:{'history_length': 9, 'history': [-0.42219097849100756, -0.42242384444469216, -0.4224308858678394, -0.4224366212845127, -0.4224374171949718, -0.42243768017740174, -0.42243773021400655, -0.4224377449486049, -0.4224377478827022]}
INFO:optim.ad_optim_lbfgs_mod:{"id": 45, "loss": -0.4224377478827022, "t_ctm": 0.6141155030127265, "t_check": 642.0435568880057}
INFO:__main__:Norm(sites): 5.335173535332999, 5.458080457403254, 4.31332946184004, 4.781021959346603
INFO:optim.ad_optim_lbfgs_mod:{"id": 45, "t_grad": 152.82724828700157, "grad_mag": [0.0007956385208376772, 0.0012504895961281746, 0.000743341685181692, 0.0007546350555749338]}
INFO:__main__:{'history_length': 9, 'history': [-0.4223043687746057, -0.42253148800186113, -0.4225382436915987, -0.42254415752951274, -0.4225449236225205, -0.4225451978016153, -0.42254524584248127, -0.4225452612497071, -0.4225452640534795]}
INFO:optim.ad_optim_lbfgs_mod:{"id": 46, "loss": -0.4225452640534795, "t_ctm": 0.6154056109953672, "t_check": 640.4338280179873}
INFO:__main__:Norm(sites): 5.306707121702783, 5.418451824238645, 4.279159993253266, 4.7316154251567815
INFO:optim.ad_optim_lbfgs_mod:{"id": 46, "t_grad": 153.2650016539992, "grad_mag": [0.00041106085158927277, 0.00082044136333482, 0.0005037161039867554, 0.0005365517914000031]}
INFO:__main__:{'history_length': 9, 'history': [-0.42240852301120874, -0.4226510152643161, -0.4226534015589502, -0.4226597785083624, -0.42266036071247887, -0.42266063659497105, -0.4226606740874828, -0.42266068893201775, -0.4226606910660157]}
INFO:optim.ad_optim_lbfgs_mod:{"id": 47, "loss": -0.4226606910660157, "t_ctm": 0.6233572450000793, "t_check": 640.9708459479953}
INFO:__main__:Norm(sites): 5.349241751067399, 5.489686789448698, 4.337118614054574, 4.8156256670617905
INFO:optim.ad_optim_lbfgs_mod:{"id": 47, "t_grad": 152.45365929700347, "grad_mag": [0.0005784898942850356, 0.0008744233043822536, 0.0006303298632135712, 0.0005430925848735284]}
INFO:__main__:{'history_length': 9, 'history': [-0.4225761251686247, -0.4228415490067854, -0.42283634208632587, -0.4228427691411065, -0.42284307080537903, -0.4228433066958382, -0.42284333003491703, -0.4228433413541189, -0.42284334270400964]}
INFO:optim.ad_optim_lbfgs_mod:{"id": 48, "loss": -0.42284334270400964, "t_ctm": 0.6104718569986289, "t_check": 639.915428596003}
INFO:__main__:Norm(sites): 5.3987265793033385, 5.581784848379527, 4.419029952434353, 4.934812349588496
INFO:optim.ad_optim_lbfgs_mod:{"id": 48, "t_grad": 154.31701548599813, "grad_mag": [0.0006902562283423685, 0.0010759250123746967, 0.0008307447130495182, 0.0007954014693898792]}
INFO:__main__:{'history_length': 8, 'history': [-0.42266466806550723, -0.42299030186846176, -0.4229782337301931, -0.42298495394547125, -0.42298496633555976, -0.42298516893984833, -0.42298518160322024, -0.4229851894645949]}
INFO:optim.ad_optim_lbfgs_mod:{"id": 49, "loss": -0.4229851894645949, "t_ctm": 0.5203546810153057, "t_check": 559.2925156590136}
INFO:__main__:Norm(sites): 5.4797645635575005, 5.738804617624832, 4.555263743971697, 5.1259218365357695
INFO:optim.ad_optim_lbfgs_mod:{"id": 49, "t_grad": 153.46765860600135, "grad_mag": [0.0008101154843324854, 0.0017447241525627515, 0.0012038706227927585, 0.0009063058292092447]}
INFO:__main__:{'history_length': 5, 'history': [-0.4228626076048354, -0.4231937921228078, -0.423181686461871, -0.4231884770034702, -0.42318847417188604]}
INFO:optim.ad_optim_lbfgs_mod:{"id": 50, "loss": -0.42318847417188604, "t_ctm": 0.3232277169954614, "t_check": 319.2929079789974}
INFO:__main__:Norm(sites): 5.4682040793449955, 5.716266046280402, 4.534118359928974, 5.08924908574451
INFO:optim.ad_optim_lbfgs_mod:{"id": 50, "t_grad": 152.7000945749969, "grad_mag": [0.0005407538741140011, 0.0008729604479257524, 0.0008239468532652554, 0.0007907796209346706]}
INFO:__main__:{'history_length': 7, 'history': [-0.423058909011295, -0.4234233113020773, -0.42340604004734134, -0.4234138272719184, -0.42341360516881027, -0.4234138009789233, -0.42341380259866107]}
INFO:optim.ad_optim_lbfgs_mod:{"id": 51, "loss": -0.42341380259866107, "t_ctm": 0.47288550400116947, "t_check": 480.0446104719813}
INFO:__main__:Norm(sites): 5.529327260227025, 5.829113221173952, 4.629563949931326, 5.213307121221536
INFO:optim.ad_optim_lbfgs_mod:{"id": 51, "t_grad": 153.5151818200029, "grad_mag": [0.0007967584959301808, 0.0011325313162686551, 0.0009093240599326645, 0.0007856153441014478]}
INFO:__main__:{'history_length': 8, 'history': [-0.4232261472547692, -0.42362531754762706, -0.4236004894443424, -0.42361008952366763, -0.4236095786334886, -0.42360981897520905, -0.42360980827966205, -0.423609815071427]}
INFO:optim.ad_optim_lbfgs_mod:{"id": 52, "loss": -0.423609815071427, "t_ctm": 0.5248718010043376, "t_check": 558.6611130839883}
INFO:__main__:Norm(sites): 5.579359962820592, 5.920273900670658, 4.704871339244108, 5.302210989060365
INFO:optim.ad_optim_lbfgs_mod:{"id": 52, "t_grad": 154.40853912000603, "grad_mag": [0.0006810519986674816, 0.001085251192428248, 0.001059827418693367, 0.0008985024735278773]}
INFO:__main__:{'history_length': 8, 'history': [-0.42337688170618987, -0.4238394388576694, -0.42379835054568105, -0.4238114426710491, -0.42381043282283964, -0.42381075873938395, -0.4238107234989141, -0.423810733381746]}
INFO:optim.ad_optim_lbfgs_mod:{"id": 53, "loss": -0.423810733381746, "t_ctm": 0.5469370649952907, "t_check": 562.0801687190033}
INFO:__main__:Norm(sites): 5.654516068291424, 6.064188473427932, 4.829017830683726, 5.452018323502379
INFO:optim.ad_optim_lbfgs_mod:{"id": 53, "t_grad": 153.4886084239988, "grad_mag": [0.0007457804238813404, 0.0011616497584548502, 0.0010004033332580585, 0.0013305947966263422]}
INFO:__main__:{'history_length': 9, 'history': [-0.42352588771493843, -0.42404432766161176, -0.42399312387583304, -0.42400893062582395, -0.42400751280700116, -0.4240079442152373, -0.42400789252891685, -0.4240079065767075, -0.4240079050098977]}
INFO:optim.ad_optim_lbfgs_mod:{"id": 54, "loss": -0.4240079050098977, "t_ctm": 0.6140875439959927, "t_check": 639.0317033020037}
INFO:__main__:Norm(sites): 5.674059414170332, 6.10790965800978, 4.869805899055797, 5.495917714565553
INFO:optim.ad_optim_lbfgs_mod:{"id": 54, "t_grad": 153.52170425700024, "grad_mag": [0.0006152205642751036, 0.0008617605516167837, 0.0008475030645857402, 0.0011742526751012618]}
INFO:__main__:{'history_length': 9, 'history': [-0.42363389039325866, -0.424195492563396, -0.42413521793757253, -0.424153208002485, -0.4241514833129923, -0.42415201756389836, -0.4241519466916939, -0.4241519653370034, -0.4241519631944984]}
INFO:optim.ad_optim_lbfgs_mod:{"id": 55, "loss": -0.4241519631944984, "t_ctm": 0.6013225809947471, "t_check": 640.5064659089985}
INFO:__main__:Norm(sites): 5.708787246717147, 6.182969500275556, 4.935160227731063, 5.570464817615758
INFO:optim.ad_optim_lbfgs_mod:{"id": 55, "t_grad": 154.2119238000014, "grad_mag": [0.0005631074503605361, 0.0007792026241403226, 0.0007569343602657859, 0.0007641084443735039]}
INFO:__main__:{'history_length': 9, 'history': [-0.4237324898887398, -0.4243589057184678, -0.424290479243715, -0.42431106461115675, -0.424308822757119, -0.42430950506978554, -0.4243094136234972, -0.4243094380288103, -0.42430943499404417]}
INFO:optim.ad_optim_lbfgs_mod:{"id": 56, "loss": -0.42430943499404417, "t_ctm": 0.6181101909969584, "t_check": 640.7552609740014}
INFO:__main__:Norm(sites): 5.697824082896461, 6.163855994729047, 4.923794460351679, 5.547267388824325
INFO:optim.ad_optim_lbfgs_mod:{"id": 56, "t_grad": 154.02838565700222, "grad_mag": [0.0006636741541978422, 0.0008506032541258395, 0.0009597112832399135, 0.0008219884771464731]}
INFO:__main__:{'history_length': 9, 'history': [-0.4237675099436555, -0.42454641464238235, -0.4244438402709198, -0.4244733894845458, -0.4244697037436194, -0.4244708839340066, -0.42447068267839, -0.42447073149902437, -0.42447072461896]}
INFO:optim.ad_optim_lbfgs_mod:{"id": 57, "loss": -0.42447072461896, "t_ctm": 0.5998939750206773, "t_check": 643.139218250988}
INFO:__main__:Norm(sites): 5.803201009281159, 6.377866892079574, 5.114672530375118, 5.761141429081328
INFO:optim.ad_optim_lbfgs_mod:{"id": 57, "t_grad": 155.2783537649957, "grad_mag": [0.0006299581680168151, 0.0009360072021317509, 0.0010045391345246946, 0.0008531660524045641]}
INFO:__main__:{'history_length': 9, 'history': [-0.42387867144834135, -0.4247327135231056, -0.4246155678662913, -0.42464935169710066, -0.4246448621329602, -0.42464630484671323, -0.42464605380019416, -0.4246461161817514, -0.4246461068930056]}
INFO:optim.ad_optim_lbfgs_mod:{"id": 58, "loss": -0.4246461068930056, "t_ctm": 0.6093611419928493, "t_check": 643.4073781120023}
INFO:__main__:Norm(sites): 5.810977675818403, 6.39700167159374, 5.139539336521709, 5.773704759097873
INFO:optim.ad_optim_lbfgs_mod:{"id": 58, "t_grad": 155.95559153200156, "grad_mag": [0.0007248788888227336, 0.0008825934391592256, 0.0007663958821989498, 0.0012518820131512433]}
INFO:__main__:{'history_length': 10, 'history': [-0.4240042555174394, -0.4248948246697631, -0.42477112054737837, -0.42480721510010344, -0.4248023909199608, -0.4248039558975843, -0.424803682041856, -0.42480375123912895, -0.4248037408181007, -0.42480374389435]}
INFO:optim.ad_optim_lbfgs_mod:{"id": 59, "loss": -0.42480374389435, "t_ctm": 0.6988433770020492, "t_check": 725.1996164489974}
INFO:__main__:Norm(sites): 5.814221802141886, 6.404920839735897, 5.153765631245643, 5.78691003072528
INFO:optim.ad_optim_lbfgs_mod:{"id": 59, "t_grad": 155.98112843799754, "grad_mag": [0.0006097280655049939, 0.0007576178994821071, 0.0006479295461975515, 0.0008241831974694213]}
INFO:__main__:{'history_length': 10, 'history': [-0.4240830832484999, -0.4250348643644612, -0.42489860719613975, -0.424939555681612, -0.42493365181809867, -0.4249355387616622, -0.42493520365910015, -0.4249352905438126, -0.42493527653280044, -0.4249352806113669]}
INFO:optim.ad_optim_lbfgs_mod:{"id": 60, "loss": -0.4249352806113669, "t_ctm": 0.6838251729932381, "t_check": 720.8567210519832}
INFO:__main__:Norm(sites): 5.848453198513786, 6.468558874292387, 5.217821726008219, 5.85894468056353
INFO:optim.ad_optim_lbfgs_mod:{"id": 60, "t_grad": 157.88146979500016, "grad_mag": [0.00046050634405142457, 0.0006992499021255454, 0.0006630317817247747, 0.0007841617411406042]}
INFO:__main__:{'history_length': 10, 'history': [-0.42419805428393426, -0.4252415494023531, -0.4250839215799099, -0.42513203241529046, -0.4251245396572984, -0.425126939463671, -0.4251265013388319, -0.4251266217509669, -0.4251266009048858, -0.4251266069794684]}
INFO:optim.ad_optim_lbfgs_mod:{"id": 61, "loss": -0.4251266069794684, "t_ctm": 0.7325440729982802, "t_check": 767.9261016089877}
INFO:__main__:Norm(sites): 5.914392172512881, 6.6030707638724735, 5.358131885945397, 6.020406715433267
INFO:optim.ad_optim_lbfgs_mod:{"id": 61, "t_grad": 163.64901339399512, "grad_mag": [0.0005294789204037291, 0.0007059946095300948, 0.0008063631885488739, 0.0011290763072674152]}
INFO:__main__:{'history_length': 10, 'history': [-0.4243737486330197, -0.4254219262120844, -0.425260972696893, -0.4253121590390683, -0.42530419027944893, -0.4253068292140343, -0.4253063510975322, -0.4253064895347059, -0.42530646540949774, -0.42530647267824984]}
INFO:optim.ad_optim_lbfgs_mod:{"id": 62, "loss": -0.42530647267824984, "t_ctm": 0.7066189579927595, "t_check": 745.076745299004}
INFO:__main__:Norm(sites): 5.971939184926274, 6.711596030074393, 5.473796948323995, 6.166909102903647
INFO:optim.ad_optim_lbfgs_mod:{"id": 62, "t_grad": 166.3566594139993, "grad_mag": [0.0007853417715046559, 0.0012714810131324045, 0.0010066749066933163, 0.0012743650634633522]}
INFO:__main__:{'history_length': 10, 'history': [-0.4245525390054145, -0.4255997275049996, -0.4254364951313714, -0.4254891509932457, -0.4254808820018547, -0.4254836482657007, -0.42548314602848575, -0.425483294302565, -0.4254832682408298, -0.4254832761900456]}
INFO:optim.ad_optim_lbfgs_mod:{"id": 63, "loss": -0.4254832761900456, "t_ctm": 0.781904648996715, "t_check": 800.1604183100062}
INFO:__main__:Norm(sites): 5.993569796039759, 6.752389767084626, 5.515401343454831, 6.219140849054755
INFO:optim.ad_optim_lbfgs_mod:{"id": 63, "t_grad": 161.47668738799985, "grad_mag": [0.0005432103234830235, 0.00067791545159442, 0.0006278873095312199, 0.0008142428143635947]}
INFO:__main__:{'history_length': 10, 'history': [-0.4246787885491436, -0.4257439053233249, -0.4255776025913034, -0.4256323005419878, -0.425623391558309, -0.4256263497381199, -0.42562581059865456, -0.42562597288535303, -0.42562594360471495, -0.42562595253921126]}
INFO:optim.ad_optim_lbfgs_mod:{"id": 64, "loss": -0.42562595253921126, "t_ctm": 0.7189114149805391, "t_check": 738.1376364489988}
INFO:__main__:Norm(sites): 6.007485162754042, 6.783570037977911, 5.552505679987011, 6.267956270621482
INFO:optim.ad_optim_lbfgs_mod:{"id": 64, "t_grad": 179.26322454000183, "grad_mag": [0.00044871790856858143, 0.000526252538463038, 0.0005758671973701103, 0.0007660805514211774]}
INFO:__main__:{'history_length': 11, 'history': [-0.4247775227818705, -0.42584713226357485, -0.4256802186733246, -0.42573718098169394, -0.4257275804239547, -0.42573078833871153, -0.4257302004150885, -0.42573038332553087, -0.4257303496008143, -0.42573036006264936, -0.42573035810632726]}
INFO:optim.ad_optim_lbfgs_mod:{"id": 65, "loss": -0.42573035810632726, "t_ctm": 0.8446819449964096, "t_check": 851.2136576860066}
INFO:__main__:Norm(sites): 6.0444390449473975, 6.8499474327985626, 5.624299074697906, 6.367602537984704
INFO:optim.ad_optim_lbfgs_mod:{"id": 65, "t_grad": 163.45421296700079, "grad_mag": [0.0005419508207947855, 0.0006364252087764118, 0.0006672279908790086, 0.0008988411668197091]}
INFO:__main__:{'history_length': 11, 'history': [-0.42489050564466746, -0.4259758388193229, -0.4258111867764445, -0.4258696849291625, -0.42585942458589104, -0.42586282958996485, -0.42586219681192977, -0.42586239674303333, -0.4258623589122587, -0.42586237069258687, -0.4258623684367773]}
INFO:optim.ad_optim_lbfgs_mod:{"id": 66, "loss": -0.4258623684367773, "t_ctm": 0.7915689679939533, "t_check": 839.7616308049983}
INFO:__main__:Norm(sites): 6.068963690126402, 6.895037062163357, 5.681361080147956, 6.460839100357293
INFO:optim.ad_optim_lbfgs_mod:{"id": 66, "t_grad": 159.33562742500362, "grad_mag": [0.0005029375970411645, 0.0006061468936855562, 0.000713026560328126, 0.0007015553799436513]}
INFO:__main__:{'history_length': 11, 'history': [-0.4249770192102679, -0.4260990313748585, -0.42593312327969485, -0.42599464129865844, -0.42598347078377374, -0.42598719063877133, -0.42598648087976665, -0.42598670784811304, -0.4259866635781307, -0.4259866774683348, -0.42598667472256385]}
INFO:optim.ad_optim_lbfgs_mod:{"id": 67, "loss": -0.42598667472256385, "t_ctm": 0.7838649799959967, "t_check": 826.8202973009829}
INFO:__main__:Norm(sites): 6.103780461283925, 6.9637072333747865, 5.761524104258163, 6.586025962508619
INFO:optim.ad_optim_lbfgs_mod:{"id": 67, "t_grad": 155.64810664200195, "grad_mag": [0.0006461261695858256, 0.0005509450774930821, 0.0008453958785138605, 0.0007343400832294663]}
INFO:__main__:{'history_length': 11, 'history': [-0.4250842756691318, -0.426200975601323, -0.4260400250723732, -0.426100905497347, -0.4260898867440779, -0.4260935582675021, -0.42609285611497766, -0.42609308036698307, -0.4260930364085696, -0.4260930501499162, -0.426093047414376]}
INFO:optim.ad_optim_lbfgs_mod:{"id": 68, "loss": -0.426093047414376, "t_ctm": 0.7818594569907873, "t_check": 825.557612889992}
INFO:__main__:Norm(sites): 6.106614112456538, 6.9689245549299494, 5.773747223047507, 6.619654012174983
INFO:optim.ad_optim_lbfgs_mod:{"id": 68, "t_grad": 155.88718616100232, "grad_mag": [0.00046935645958250187, 0.0005661889000894414, 0.0005513424128828358, 0.0006660514929334284]}
INFO:__main__:{'history_length': 11, 'history': [-0.42519706250035405, -0.42629964033202805, -0.42614725561343336, -0.4262077387071083, -0.42619703658946345, -0.42620070967025275, -0.4262000161462534, -0.42620024295410347, -0.4262001988057822, -0.42620021286466675, -0.4262002100721148]}
INFO:optim.ad_optim_lbfgs_mod:{"id": 69, "loss": -0.4262002100721148, "t_ctm": 0.8239956270117546, "t_check": 829.6210118379968}
INFO:__main__:Norm(sites): 6.142603479299579, 7.04131017743364, 5.852786286237319, 6.74021685261688
INFO:optim.ad_optim_lbfgs_mod:{"id": 69, "t_grad": 155.95546218100935, "grad_mag": [0.00048679809210508385, 0.00046459253171784375, 0.0005568975998643019, 0.0006363470169603765]}
INFO:__main__:{'history_length': 11, 'history': [-0.4253197325169682, -0.42639236414513143, -0.42625398784313484, -0.4263117433723537, -0.4263019051731229, -0.426305381907564, -0.42630474363992477, -0.42630495684404845, -0.42630491624461514, -0.4263049293651337, -0.4263049268024761]}
INFO:optim.ad_optim_lbfgs_mod:{"id": 70, "loss": -0.4263049268024761, "t_ctm": 0.7682850920245983, "t_check": 816.2547552360338}
INFO:__main__:Norm(sites): 6.159846266158778, 7.064743140321135, 5.8869079100610335, 6.8253376108822925
INFO:optim.ad_optim_lbfgs_mod:{"id": 70, "t_grad": 155.6111287639942, "grad_mag": [0.0008501987147963846, 0.000494627505643539, 0.0005415737699856921, 0.0006808778868702002]}
INFO:__main__:{'history_length': 11, 'history': [-0.42541111150264554, -0.42647948467926117, -0.4263460066914852, -0.42640410029055525, -0.42639451520954363, -0.426398026836446, -0.4263974002564173, -0.42639761748461086, -0.42639757716793797, -0.4263975906818427, -0.42639758810292444]}
INFO:optim.ad_optim_lbfgs_mod:{"id": 71, "loss": -0.42639758810292444, "t_ctm": 0.7716501389804762, "t_check": 808.6877210519742}
INFO:__main__:Norm(sites): 6.195852328642407, 7.135497164847347, 5.965780638408601, 6.9558869516324755
INFO:optim.ad_optim_lbfgs_mod:{"id": 71, "t_grad": 155.3582039049943, "grad_mag": [0.0005400923299276708, 0.0005290546910152282, 0.0006053477926081928, 0.0005965001866999889]}
INFO:__main__:{'history_length': 11, 'history': [-0.4254958239536695, -0.4265627293688339, -0.42643033997927154, -0.42648854259069074, -0.42647912116503006, -0.4264826410146063, -0.42648202866596324, -0.4264822462442221, -0.4264822070831269, -0.4264822206061181, -0.4264822181133094]}
INFO:optim.ad_optim_lbfgs_mod:{"id": 72, "loss": -0.4264822181133094, "t_ctm": 0.755429525001091, "t_check": 808.5187299939862}
INFO:__main__:Norm(sites): 6.202588671214758, 7.139488935926848, 5.977162088445141, 6.995732057334147
INFO:optim.ad_optim_lbfgs_mod:{"id": 72, "t_grad": 155.01634913599992, "grad_mag": [0.0005378862838876662, 0.0003953750157337344, 0.0005842487035693564, 0.0005845137797870077]}
INFO:__main__:{'history_length': 11, 'history': [-0.42558109977527336, -0.42663127239463144, -0.4265015907890411, -0.4265591662049535, -0.42654993136047875, -0.42655343361518144, -0.4265528365924867, -0.4265530543334633, -0.4265530163023031, -0.42655302991831007, -0.4265530275050606]}
INFO:optim.ad_optim_lbfgs_mod:{"id": 73, "loss": -0.4265530275050606, "t_ctm": 0.7875580090039875, "t_check": 808.2287754940044}
INFO:__main__:Norm(sites): 6.234333433360639, 7.1952526106238475, 6.041733468197671, 7.109050796790397
INFO:optim.ad_optim_lbfgs_mod:{"id": 73, "t_grad": 156.09938694600714, "grad_mag": [0.00041232885685493493, 0.0004652187791385829, 0.0006444671339892747, 0.0006382339335675509]}
INFO:__main__:{'history_length': 11, 'history': [-0.42566301177120963, -0.4266973406068566, -0.42656912267680136, -0.4266263341478858, -0.4266171586400716, -0.426620663477388, -0.4266200729742838, -0.4266202924613549, -0.4266202551129581, -0.42662026893859517, -0.42662026658843194]}
INFO:optim.ad_optim_lbfgs_mod:{"id": 74, "loss": -0.42662026658843194, "t_ctm": 0.7708930510270875, "t_check": 806.542433634997}
INFO:__main__:Norm(sites): 6.224307466337882, 7.160758973693298, 6.014123586498749, 7.1094520087239905
INFO:optim.ad_optim_lbfgs_mod:{"id": 74, "t_grad": 156.13917612899968, "grad_mag": [0.00046927911213149654, 0.0003834256745992352, 0.00048406630154926826, 0.0005116703461034037]}
INFO:__main__:{'history_length': 11, 'history': [-0.4257172384619092, -0.4267600496299435, -0.42663166384681944, -0.42669035469534133, -0.4266809512763223, -0.42668465090199853, -0.42668403873259025, -0.42668427752539156, -0.4266842385597693, -0.42668425409709937, -0.4266842516359645]}
INFO:optim.ad_optim_lbfgs_mod:{"id": 75, "loss": -0.4266842516359645, "t_ctm": 0.7702673830208369, "t_check": 808.1211736330006}
INFO:__main__:Norm(sites): 6.250450811244401, 7.205242715425475, 6.068256928818911, 7.226876803343036
INFO:optim.ad_optim_lbfgs_mod:{"id": 75, "t_grad": 155.914113093997, "grad_mag": [0.000644038828836608, 0.000372440924133528, 0.0004981082233439343, 0.0004651871228828296]}
INFO:__main__:{'history_length': 11, 'history': [-0.42578457383735197, -0.4268115200644646, -0.426684063122229, -0.42674158142749513, -0.42673229642606686, -0.4267359053327297, -0.4267353059035068, -0.4267355380076174, -0.42673550021696977, -0.426735515279856, -0.42673551291779027]}
INFO:optim.ad_optim_lbfgs_mod:{"id": 76, "loss": -0.42673551291779027, "t_ctm": 0.7818397430091863, "t_check": 854.5529117460246}
INFO:__main__:Norm(sites): 6.247896905687917, 7.194886987689396, 6.057731114201738, 7.224239457228491
INFO:optim.ad_optim_lbfgs_mod:{"id": 76, "t_grad": 174.12576955900295, "grad_mag": [0.0002792373967179116, 0.00029154143782531683, 0.00040207174844600097, 0.0004188478712546406]}
INFO:__main__:{'history_length': 11, 'history': [-0.4258425480838022, -0.42685688980226244, -0.42672822271287786, -0.42678507455788045, -0.42677576236710735, -0.4267793768635475, -0.42677877281443183, -0.4267790091429767, -0.42677897087629607, -0.4267789865137324, -0.42677898411368664]}
INFO:optim.ad_optim_lbfgs_mod:{"id": 77, "loss": -0.42677898411368664, "t_ctm": 0.9492976230249042, "t_check": 928.1669293399755}
INFO:__main__:Norm(sites): 6.267837067423478, 7.229074347313855, 6.100853719143662, 7.315216550254343
INFO:optim.ad_optim_lbfgs_mod:{"id": 77, "t_grad": 165.47887942098896, "grad_mag": [0.00031050598543560083, 0.0002659504876478049, 0.00042535335046138003, 0.0004183142297211592]}
INFO:__main__:{'history_length': 11, 'history': [-0.4258891919975257, -0.4269007716124686, -0.42676950976608063, -0.42682687437606753, -0.42681714052762904, -0.42682085071300574, -0.4268202111600628, -0.4268204580564808, -0.4268204170000561, -0.4268204336453409, -0.42682043103584283]}
INFO:optim.ad_optim_lbfgs_mod:{"id": 78, "loss": -0.42682043103584283, "t_ctm": 0.8018441699823597, "t_check": 825.8548792029906}
INFO:__main__:Norm(sites): 6.27453864500529, 7.234989341011362, 6.111287761063913, 7.357312662339199
INFO:optim.ad_optim_lbfgs_mod:{"id": 78, "t_grad": 160.3719191239943, "grad_mag": [0.0003159530239305615, 0.00032557036181818556, 0.0004127711513918159, 0.0003874673534277572]}
INFO:__main__:{'history_length': 11, 'history': [-0.42593105637796574, -0.4269426558674628, -0.4268064639350475, -0.42686452223409627, -0.42685431702604, -0.4268581300439866, -0.4268574489396529, -0.4268577072820546, -0.4268576628270809, -0.4268576805890559, -0.42685767771417416]}
INFO:optim.ad_optim_lbfgs_mod:{"id": 79, "loss": -0.42685767771417416, "t_ctm": 0.8112670329865068, "t_check": 827.5431504670123}
INFO:__main__:Norm(sites): 6.28859747445292, 7.253340628374833, 6.137760120072285, 7.426106063005299
INFO:optim.ad_optim_lbfgs_mod:{"id": 79, "t_grad": 156.3376782710111, "grad_mag": [0.00033013496922813584, 0.0002507910638376148, 0.0003145038739423706, 0.0003575195533577582]}
INFO:__main__:{'history_length': 11, 'history': [-0.42595133106932953, -0.42698003122064626, -0.42683732257079, -0.42689729522020997, -0.42688647472378166, -0.4268904798812055, -0.42688974558257825, -0.42689002175448026, -0.4268899729835473, -0.42688999232644104, -0.42688998911448833]}
INFO:optim.ad_optim_lbfgs_mod:{"id": 80, "loss": -0.42688998911448833, "t_ctm": 0.7772996340354439, "t_check": 843.4671714909782}
INFO:__main__:Norm(sites): 6.289172395369942, 7.249893581525727, 6.139783829971005, 7.452380722243198
INFO:optim.ad_optim_lbfgs_mod:{"id": 80, "t_grad": 155.41753452700505, "grad_mag": [0.0003044135635757084, 0.0002367918977141969, 0.0002908504672843333, 0.00032232994911351233]}
INFO:__main__:{'history_length': 11, 'history': [-0.4259680217760529, -0.427015243047514, -0.4268648371975072, -0.4269269856602189, -0.42691538218415476, -0.4269196187493811, -0.42691881282916516, -0.4269191113646416, -0.4269190565037777, -0.4269190778791503, -0.42691907417104674]}
INFO:optim.ad_optim_lbfgs_mod:{"id": 81, "loss": -0.42691907417104674, "t_ctm": 0.7827699360204861, "t_check": 815.9867898949451}
INFO:__main__:Norm(sites): 6.298607771331458, 7.262474932243758, 6.157972219175295, 7.507010425990138
INFO:optim.ad_optim_lbfgs_mod:{"id": 81, "t_grad": 159.45788228599122, "grad_mag": [0.00030507727105023614, 0.00023728059436765238, 0.0003283674735404972, 0.0002999308186477857]}
INFO:__main__:{'history_length': 11, 'history': [-0.42597726999937996, -0.4270475445229729, -0.426889448584536, -0.42695358172311315, -0.42694124786378257, -0.4269456750859944, -0.4269448019759756, -0.4269451181026924, -0.4269450574142269, -0.42694508035583123, -0.42694507615821903]}
INFO:optim.ad_optim_lbfgs_mod:{"id": 82, "loss": -0.42694507615821903, "t_ctm": 0.8708649729960598, "t_check": 816.6513133060071}
INFO:__main__:Norm(sites): 6.3081780475746845, 7.274521807305768, 6.174058747810791, 7.552135465397609
INFO:optim.ad_optim_lbfgs_mod:{"id": 82, "t_grad": 161.22009618899028, "grad_mag": [0.00027222918216694816, 0.00022855620030680582, 0.00027687327800882697, 0.00027802716617439263]}
INFO:__main__:{'history_length': 11, 'history': [-0.425992136249177, -0.4270788492841522, -0.42691333174994606, -0.4269792149204936, -0.42696616312915375, -0.4269707360664332, -0.4269698017551655, -0.42697013210278617, -0.42697006616432326, -0.42697009037022493, -0.4269700857320906]}
INFO:optim.ad_optim_lbfgs_mod:{"id": 83, "loss": -0.4269700857320906, "t_ctm": 0.7931776210170938, "t_check": 818.3365318919969}
INFO:__main__:Norm(sites): 6.316937657556407, 7.2895832004377965, 6.192377512373847, 7.597557874232705
INFO:optim.ad_optim_lbfgs_mod:{"id": 83, "t_grad": 154.3761657300056, "grad_mag": [0.0002460330032674035, 0.000194192624955211, 0.00024122942994941383, 0.0002800326421462282]}
INFO:__main__:{'history_length': 11, 'history': [-0.42600261633763553, -0.42710644788717095, -0.4269335510273387, -0.42700092014521074, -0.4269871556804807, -0.42699193034825145, -0.4269909238729779, -0.4269912729742124, -0.42699120049595224, -0.42699122636376946, -0.4269912211637929]}
INFO:optim.ad_optim_lbfgs_mod:{"id": 84, "loss": -0.4269912211637929, "t_ctm": 0.7798643179994542, "t_check": 808.6883487209852}
INFO:__main__:Norm(sites): 6.326401390340007, 7.30373277798701, 6.210766529599188, 7.6459306726220575
INFO:optim.ad_optim_lbfgs_mod:{"id": 84, "t_grad": 156.06590010700165, "grad_mag": [0.0003807260087919397, 0.0002084730042705015, 0.00027452074748032367, 0.0002601353511544647]}
INFO:__main__:{'history_length': 11, 'history': [-0.4260159328985816, -0.4271302401889523, -0.42695135514499727, -0.42702003009747447, -0.427005596537205, -0.4270105192595084, -0.427009446924379, -0.42700981080891925, -0.42700973228429256, -0.42700975951128256, -0.42700975377901695]}
INFO:optim.ad_optim_lbfgs_mod:{"id": 85, "loss": -0.42700975377901695, "t_ctm": 0.7760566910001216, "t_check": 807.6850434549851}
INFO:__main__:Norm(sites): 6.33447410934243, 7.314701179784222, 6.226834358582934, 7.693956475067034
INFO:optim.ad_optim_lbfgs_mod:{"id": 85, "t_grad": 155.39543254899036, "grad_mag": [0.0002537955704369746, 0.0001946662404723103, 0.00023511572017211358, 0.00023414654801672178]}
INFO:__main__:{'history_length': 11, 'history': [-0.4260194500615389, -0.42715318221169224, -0.42696724956802673, -0.4270380358608532, -0.42702288671698363, -0.4270280189201993, -0.42702687931653155, -0.42702726267830116, -0.42702717815568675, -0.42702720711381553, -0.42702720086495116]}
INFO:optim.ad_optim_lbfgs_mod:{"id": 86, "loss": -0.42702720086495116, "t_ctm": 0.7745034759864211, "t_check": 818.1777460050362}
INFO:__main__:Norm(sites): 6.3335865969486695, 7.311347633742681, 6.226209621281894, 7.708836389392807
INFO:optim.ad_optim_lbfgs_mod:{"id": 86, "t_grad": 156.92445290699834, "grad_mag": [0.00019208659373067284, 0.0001785025154196655, 0.00019448184709512233, 0.00023017344922343842]}
INFO:__main__:{'history_length': 11, 'history': [-0.42602562999157617, -0.4271765505968675, -0.4269829758898016, -0.4270558959800508, -0.42703990633965666, -0.4270452716996385, -0.42704404948393254, -0.42704445561651877, -0.42704436346272595, -0.4270443945158982, -0.42704438758883806]}
INFO:optim.ad_optim_lbfgs_mod:{"id": 87, "loss": -0.42704438758883806, "t_ctm": 0.789493660980952, "t_check": 821.1395794710261}
INFO:__main__:Norm(sites): 6.342661769168598, 7.323614850467161, 6.243065501880663, 7.7588779624309305
INFO:optim.ad_optim_lbfgs_mod:{"id": 87, "t_grad": 156.24345964301028, "grad_mag": [0.00030892710560935147, 0.00017787684249059355, 0.0002352705362402494, 0.00024296767910961115]}
INFO:__main__:{'history_length': 11, 'history': [-0.42602458152599665, -0.4271978159214025, -0.4269966091982654, -0.42707193430292784, -0.4270551090378403, -0.4270607241761479, -0.42705942031623545, -0.427059850959651, -0.4270597512321423, -0.4270597845769169, -0.42705977696976766]}
INFO:optim.ad_optim_lbfgs_mod:{"id": 88, "loss": -0.42705977696976766, "t_ctm": 0.7741768490086542, "t_check": 825.8862432059977}
INFO:__main__:Norm(sites): 6.348996059498831, 7.330477930264111, 6.252860063508583, 7.797466387198374
INFO:optim.ad_optim_lbfgs_mod:{"id": 88, "t_grad": 157.46292572499078, "grad_mag": [0.0003038275600456491, 0.00017697690987850682, 0.0002271622605564263, 0.00020685353690689414]}
INFO:__main__:{'history_length': 11, 'history': [-0.42602964197790527, -0.4272132262945168, -0.42700878924901814, -0.42708512362644074, -0.4270679560879274, -0.4270736760784996, -0.4270723386810175, -0.4270727796258165, -0.4270726767621551, -0.42707271107709577, -0.427072703185756]}
INFO:optim.ad_optim_lbfgs_mod:{"id": 89, "loss": -0.427072703185756, "t_ctm": 0.795829381007934, "t_check": 821.082933705984}
INFO:__main__:Norm(sites): 6.355187745511432, 7.340786742574729, 6.263924418304436, 7.823119468585453
INFO:optim.ad_optim_lbfgs_mod:{"id": 89, "t_grad": 156.0679771060095, "grad_mag": [0.0001911269991679157, 0.00015419015644346567, 0.00017979873215167707, 0.00017952350423542184]}
INFO:__main__:{'history_length': 11, 'history': [-0.42603791769351645, -0.42722690416074, -0.4270212381016277, -0.4270980336270291, -0.42708073854200235, -0.427086508098732, -0.42708515749111314, -0.42708560343541846, -0.42708549928263473, -0.427085534077604, -0.42708552606571965]}
INFO:optim.ad_optim_lbfgs_mod:{"id": 90, "loss": -0.42708552606571965, "t_ctm": 0.7798771739908261, "t_check": 808.3724894300394}
INFO:__main__:Norm(sites): 6.365317269140323, 7.356827799194666, 6.280361536047462, 7.855333341134609
INFO:optim.ad_optim_lbfgs_mod:{"id": 90, "t_grad": 155.84327224100707, "grad_mag": [0.00018854147724803484, 0.000138590933522604, 0.00017515276382742002, 0.0002080243311519612]}
INFO:__main__:{'history_length': 11, 'history': [-0.4260469993122067, -0.42723857027241535, -0.427032185711425, -0.4271091213690183, -0.42709174561675994, -0.42709753669196177, -0.42709617704806907, -0.4270966255562649, -0.4270965204665675, -0.42709655553074627, -0.42709654742682046]}
INFO:optim.ad_optim_lbfgs_mod:{"id": 91, "loss": -0.42709654742682046, "t_ctm": 0.7831844129832461, "t_check": 806.0274326240033}
INFO:__main__:Norm(sites): 6.375613707300006, 7.372478216948368, 6.297376158565012, 7.8945018948384655
INFO:optim.ad_optim_lbfgs_mod:{"id": 91, "t_grad": 155.5991452610033, "grad_mag": [0.0003890045937449902, 0.00014078957058176212, 0.00017096390028769592, 0.00021898553486326397]}
INFO:__main__:{'history_length': 11, 'history': [-0.4260541054260882, -0.42725168267620556, -0.4270434660406859, -0.4271209678790224, -0.4271034077598834, -0.4271092590191142, -0.42710788157059953, -0.42710833598421516, -0.427108229253474, -0.4271082648737612, -0.42710825662190005]}
INFO:optim.ad_optim_lbfgs_mod:{"id": 92, "loss": -0.42710825662190005, "t_ctm": 0.7551343600207474, "t_check": 807.310367033977}
INFO:__main__:Norm(sites): 6.381246746258701, 7.38074602072103, 6.306532139221534, 7.918464325279951
INFO:optim.ad_optim_lbfgs_mod:{"id": 92, "t_grad": 155.31034450099105, "grad_mag": [0.0001789229743724337, 0.00014113737791780512, 0.00016912457609010535, 0.00018067742590676975]}
INFO:__main__:{'history_length': 11, 'history': [-0.42606535867050194, -0.4272653849710895, -0.42705569993469755, -0.42713348867687917, -0.4271157616908868, -0.4271216564650226, -0.4271202611806147, -0.42712072060262346, -0.4271206120683875, -0.4271206482066067, -0.42712063978056247]}
INFO:optim.ad_optim_lbfgs_mod:{"id": 93, "loss": -0.42712063978056247, "t_ctm": 0.7655602659942815, "t_check": 807.4747722129832}
INFO:__main__:Norm(sites): 6.39205385491787, 7.395040441338767, 6.323018607941869, 7.962551814835602
INFO:optim.ad_optim_lbfgs_mod:{"id": 93, "t_grad": 155.97342519699305, "grad_mag": [0.00015130392990584776, 0.00013526465604832822, 0.00015769294368422348, 0.0001765753815563132]}
INFO:__main__:{'history_length': 11, 'history': [-0.426074784155799, -0.427276673967371, -0.4270661616246623, -0.4271439757250232, -0.4271261930701375, -0.42713209682806613, -0.42713069667591713, -0.4271311571653718, -0.4271310481726101, -0.4271310844234201, -0.42713107595347194]}
INFO:optim.ad_optim_lbfgs_mod:{"id": 94, "loss": -0.42713107595347194, "t_ctm": 0.7600766740069957, "t_check": 807.2702499649749}
INFO:__main__:Norm(sites): 6.399231250610684, 7.404530302298258, 6.333338477596709, 7.992227490976652
INFO:optim.ad_optim_lbfgs_mod:{"id": 94, "t_grad": 156.28635734498675, "grad_mag": [0.00027492348098426776, 0.0001365615648249365, 0.00016834534570505543, 0.00018180748345344013]}
INFO:__main__:{'history_length': 11, 'history': [-0.426095237459913, -0.42729107538872446, -0.4270787140123445, -0.4271568002964234, -0.4271388556870976, -0.4271448070194242, -0.4271433894039176, -0.4271438555538287, -0.42714374477749284, -0.42714378162185457, -0.427143772977671]}
INFO:optim.ad_optim_lbfgs_mod:{"id": 95, "loss": -0.427143772977671, "t_ctm": 0.7961490290326765, "t_check": 807.3996645230363}
INFO:__main__:Norm(sites): 6.413201193345255, 7.4228751640913, 6.3525874717523765, 8.04274445104934
INFO:optim.ad_optim_lbfgs_mod:{"id": 95, "t_grad": 156.68713134700374, "grad_mag": [0.00020846211764263708, 0.00013965952820836877, 0.0001694128223802857, 0.00018015897528039887]}
INFO:__main__:{'history_length': 11, 'history': [-0.4261115791718788, -0.4273011480152029, -0.42709036324536037, -0.4271676037880761, -0.42714982293914777, -0.427155705007817, -0.42715430078537037, -0.42715476128775043, -0.4271546515507445, -0.4271546879243855, -0.42715467935855367]}
INFO:optim.ad_optim_lbfgs_mod:{"id": 96, "loss": -0.42715467935855367, "t_ctm": 0.7788974400027655, "t_check": 807.9968279629684}
INFO:__main__:Norm(sites): 6.43144497889953, 7.4457134205412165, 6.375708879756685, 8.101929551698959
INFO:optim.ad_optim_lbfgs_mod:{"id": 96, "t_grad": 156.50485060999927, "grad_mag": [0.0002985136923230324, 0.0001557673792230616, 0.00022361811593556803, 0.0001853872041664896]}
INFO:__main__:{'history_length': 11, 'history': [-0.42612283658402256, -0.4273099629752673, -0.4271003375591779, -0.42717724089152426, -0.4271595890212246, -0.427165451139682, -0.4271640585891528, -0.4271645176264765, -0.4271644088500824, -0.42716444511766793, -0.42716443662918485]}
INFO:optim.ad_optim_lbfgs_mod:{"id": 97, "loss": -0.42716443662918485, "t_ctm": 0.7585806559945922, "t_check": 807.6077692290273}
INFO:__main__:Norm(sites): 6.43766562276454, 7.454470368712153, 6.384122299074587, 8.119625954397858
INFO:optim.ad_optim_lbfgs_mod:{"id": 97, "t_grad": 158.46600369100634, "grad_mag": [0.00015848873994846598, 0.00013083688052263935, 0.00014221475140678786, 0.00017218525128656715]}
INFO:__main__:{'history_length': 11, 'history': [-0.42613483950027087, -0.4273187755021192, -0.4271103161255286, -0.42718683397543206, -0.42716934406852153, -0.4271751616694341, -0.42717378584598326, -0.42717423920868614, -0.4271741334672821, -0.42717416768269034, -0.42717416099613414]}
INFO:optim.ad_optim_lbfgs_mod:{"id": 98, "loss": -0.42717416099613414, "t_ctm": 0.7968419909739168, "t_check": 811.3944582389813}
INFO:__main__:Norm(sites): 6.445376032175752, 7.464515395626588, 6.393336979098314, 8.139944253465115
INFO:optim.ad_optim_lbfgs_mod:{"id": 98, "t_grad": 156.50038679000863, "grad_mag": [0.0001729725656324347, 0.00011814140794885661, 0.00014631847632837162, 0.00016531138693755062]}
INFO:__main__:{'history_length': 11, 'history': [-0.42615007537213173, -0.4273270837606355, -0.4271209372773526, -0.42719655386223315, -0.4271793472768069, -0.427185085333232, -0.4271837340876313, -0.42718418194764024, -0.42718407678507625, -0.42718411204074197, -0.42718410386433475]}
INFO:optim.ad_optim_lbfgs_mod:{"id": 99, "loss": -0.42718410386433475, "t_ctm": 0.7785835370013956, "t_check": 809.3113529520051}
INFO:__main__:Norm(sites): 6.46333563325584, 7.486491276824607, 6.414954254625465, 8.191879613091771
INFO:optim.ad_optim_lbfgs_mod:{"id": 99, "t_grad": 157.24212266900577, "grad_mag": [0.0003480913851995268, 0.00013144190877493702, 0.00018195412827556106, 0.0001588462756912555]}
INFO:__main__:{'history_length': 11, 'history': [-0.4261500753721008, -0.42732708376062883, -0.4271209372773514, -0.4271965538622329, -0.4271793472768082, -0.4271850853332316, -0.4271837340876304, -0.42718418194764074, -0.4271840767850758, -0.4271841120407412, -0.4271841038643351]}
