INFO:__main__:{'history_length': 7, 'history': [-0.4187927552689512, -0.4188153907935361, -0.41881800857400614, -0.41881863222595067, -0.4188187706606447, -0.4188188028850039, -0.4188188101241767]}
INFO:__main__:{'history_length': 7, 'history': [-0.4187927552689512, -0.4188153907935361, -0.41881800857400614, -0.41881863222595067, -0.4188187706606447, -0.4188188028850039, -0.4188188101241767]}
INFO:optim.ad_optim_lbfgs_mod:{"id": 0, "loss": -0.4188188101241767, "t_ctm": 0.17600898699996037, "t_check": 106.57710556000006}
INFO:__main__:Norm(sites): 4.408772233685263, 4.230283304737952, 3.018790880714457, 3.1385377886657446
INFO:optim.ad_optim_lbfgs_mod:{"id": 0, "t_grad": 34.716763853999964, "grad_mag": [8.295873075832423e-05, 9.084879646000759e-05, 8.60853532577426e-05, 8.024517782822158e-05]}
INFO:__main__:{'history_length': 7, 'history': [-0.4187927904854942, -0.4188154207605877, -0.4188180375066118, -0.41881866096687287, -0.4188187993490338, -0.41881883156378735, -0.4188188388002865]}
INFO:optim.ad_optim_lbfgs_mod:{"id": 1, "loss": -0.4188188388002865, "t_ctm": 0.17040495299994518, "t_check": 106.56295068300005}
INFO:__main__:Norm(sites): 4.40877223446577, 4.230283305713479, 3.018790881941882, 3.1385377896915876
INFO:optim.ad_optim_lbfgs_mod:{"id": 1, "t_grad": 35.16431186899996, "grad_mag": [8.039352414599097e-05, 8.825585704319252e-05, 8.528792626465429e-05, 7.903017410334363e-05]}
INFO:__main__:{'history_length': 7, 'history': [-0.41879439009070846, -0.4188166663220833, -0.4188192093627802, -0.41881982015197755, -0.4188199549250528, -0.4188199865315793, -0.41881999359013794]}
INFO:optim.ad_optim_lbfgs_mod:{"id": 2, "loss": -0.41881999359013794, "t_ctm": 0.17479615200011267, "t_check": 106.27604651599995}
INFO:__main__:Norm(sites): 4.408773248560977, 4.230285016447375, 3.0187967634564905, 3.1385417747608373
INFO:optim.ad_optim_lbfgs_mod:{"id": 2, "t_grad": 35.28085202, "grad_mag": [5.895216099129652e-05, 5.462351207343183e-05, 6.0948364244060166e-05, 5.522690732107051e-05]}
INFO:__main__:{'history_length': 7, 'history': [-0.4187951189529686, -0.418817248318007, -0.4188197521452624, -0.41882035593765493, -0.41882048893012963, -0.41882052020759053, -0.4188205271811949]}
INFO:optim.ad_optim_lbfgs_mod:{"id": 3, "loss": -0.4188205271811949, "t_ctm": 0.16997870700015483, "t_check": 106.50238186000013}
INFO:__main__:Norm(sites): 4.408776990550238, 4.2302902146405374, 3.0188095661203307, 3.1385510653378503
INFO:optim.ad_optim_lbfgs_mod:{"id": 3, "t_grad": 35.08157920899998, "grad_mag": [5.569081802404457e-05, 7.56849036756553e-05, 5.364788563762879e-05, 6.051883166543509e-05]}
INFO:__main__:{'history_length': 7, 'history': [-0.4187962717945823, -0.41881821463946106, -0.4188205987991047, -0.4188211833270437, -0.41882131097635983, -0.41882134130839105, -0.4188213480187271]}
INFO:optim.ad_optim_lbfgs_mod:{"id": 4, "loss": -0.4188213480187271, "t_ctm": 0.17735346200004187, "t_check": 107.69291347799992}
INFO:__main__:Norm(sites): 4.408802186621504, 4.230329698848978, 3.0189325576488044, 3.138641811291549
INFO:optim.ad_optim_lbfgs_mod:{"id": 4, "t_grad": 34.741601953999975, "grad_mag": [9.030033055837101e-05, 0.00019032144351217173, 7.361927355136152e-05, 7.701174127326518e-05]}
