INFO:__main__:{'history_length': 50, 'history': [-0.5728192524672295, -0.5859124963780322, -0.5856780560544379, -0.5778564396550785, -0.5715944842304634, -0.5677812400558635, -0.5721986064499631, -0.5853917616812427, -0.5853633595768566, -0.578144994360412, -0.5716474811291634, -0.5681409331471935, -0.5725471800938173, -0.5850156185137729, -0.585074459124361, -0.578154820428991, -0.5717728474210618, -0.5684891549855005, -0.5728766429057867, -0.5846407571301251, -0.5848037495919497, -0.5781582971529617, -0.5719005054760532, -0.5688260659034359, -0.5731531916573745, -0.5842876427948652, -0.584542793783224, -0.5781562348444782, -0.5720292014699032, -0.5691539514533785, -0.5734329272988433, -0.5839491056187673, -0.5842863519012665, -0.5781489338840913, -0.5721589171830648, -0.569470357514021, -0.5736882570494904, -0.5836268688066906, -0.5840342594134745, -0.5781374435210307, -0.5722898615403366, -0.5697762307481331, -0.5739220198871742, -0.5833197869119603, -0.5837869708947295, -0.5781220789006901, -0.5724216812718519, -0.5700710148251745, -0.5741362385295099, -0.5830270393725324]}
INFO:__main__:{'history_length': 50, 'history': [-0.5728192524672295, -0.5859124963780322, -0.5856780560544379, -0.5778564396550785, -0.5715944842304634, -0.5677812400558635, -0.5721986064499631, -0.5853917616812427, -0.5853633595768566, -0.578144994360412, -0.5716474811291634, -0.5681409331471935, -0.5725471800938173, -0.5850156185137729, -0.585074459124361, -0.578154820428991, -0.5717728474210618, -0.5684891549855005, -0.5728766429057867, -0.5846407571301251, -0.5848037495919497, -0.5781582971529617, -0.5719005054760532, -0.5688260659034359, -0.5731531916573745, -0.5842876427948652, -0.584542793783224, -0.5781562348444782, -0.5720292014699032, -0.5691539514533785, -0.5734329272988433, -0.5839491056187673, -0.5842863519012665, -0.5781489338840913, -0.5721589171830648, -0.569470357514021, -0.5736882570494904, -0.5836268688066906, -0.5840342594134745, -0.5781374435210307, -0.5722898615403366, -0.5697762307481331, -0.5739220198871742, -0.5833197869119603, -0.5837869708947295, -0.5781220789006901, -0.5724216812718519, -0.5700710148251745, -0.5741362385295099, -0.5830270393725324]}
INFO:optim.ad_optim_lbfgs_mod:{"id": 0, "loss": -0.5830270393725324, "t_ctm": 4.233620336000001, "t_check": 3.391530673000002}
INFO:__main__:Norm(sites): 5.1962852957632935, 3.230234599463677, 5.3654155790897144, 4.278073190253061
INFO:optim.ad_optim_lbfgs_mod:{"id": 0, "t_grad": 12.08900621, "grad_mag": [0.06640202568621706, 0.11252235409161047, 0.014619850050736303, 0.03960739738130629]}
INFO:__main__:{'history_length': 50, 'history': [-0.5765589641987344, -0.5869870290105077, -0.5856801472449245, -0.5788565163486149, -0.5737188158360214, -0.5691584370914119, -0.5786083184903006, -0.5876366438943872, -0.5846330649605865, -0.5772997056204949, -0.571441203351677, -0.569906164806849, -0.5812547565493664, -0.5874075599369344, -0.5832446935775354, -0.5764453456397752, -0.5709093879955328, -0.5709765097971625, -0.5833545346538593, -0.5869091672779658, -0.5818243181757596, -0.5756864897088838, -0.5705254936288884, -0.5725314156772215, -0.5848364379416904, -0.5862300859295769, -0.5804382667459567, -0.5749961037043003, -0.5703430510671263, -0.5744519226832023, -0.5857749692615827, -0.585415045096998, -0.5791375642028207, -0.5743619696611963, -0.5704242227637631, -0.5765397938246553, -0.586251083465853, -0.5844952573934978, -0.5779642496632189, -0.5737873807152019, -0.5708268805671972, -0.5785765155875455, -0.5863595965039515, -0.5834975131616784, -0.5769396768331108, -0.5732884852651168, -0.5715865072446217, -0.580383103658639, -0.5861817820044954, -0.5824382600359217]}
INFO:optim.ad_optim_lbfgs_mod:{"id": 1, "loss": -0.5824382600359217, "t_ctm": 3.844991734000015, "t_check": 3.2887254900000045}
INFO:__main__:Norm(sites): 5.1963776235079795, 3.2306610624102254, 5.365419913686558, 4.2781130898760305
INFO:optim.ad_optim_lbfgs_mod:{"id": 1, "t_grad": 11.526141631000002, "grad_mag": [0.07621419113748869, 0.12491393975437581, 0.016072140425794856, 0.04798471065172472]}
INFO:__main__:{'history_length': 50, 'history': [-0.5755959862794251, -0.5876480092792898, -0.5868684756154638, -0.5783739179989721, -0.5724117683333446, -0.5691219372237347, -0.576507317156193, -0.5875436098101428, -0.5857874411811209, -0.5782089974787198, -0.5719531801381385, -0.5692874383127052, -0.5782470636638068, -0.5874812157773412, -0.5849213294024607, -0.5776367219983111, -0.5716695683276569, -0.5697252176925303, -0.5798212868052459, -0.5872584731233951, -0.584081490544523, -0.5771156953574816, -0.5714284221768204, -0.5703245933761165, -0.5811449943991536, -0.5869619953558304, -0.5832487990649199, -0.5766385329650695, -0.5712394917319179, -0.5710858813260377, -0.5822557503956323, -0.586606592050424, -0.5824294420821077, -0.5762017549022734, -0.5711118524512027, -0.5719752019582404, -0.5831414417317167, -0.586203717112582, -0.5816327694631547, -0.5758003485833547, -0.5710550189279285, -0.5729619393978607, -0.5838222819089033, -0.5857497162204013, -0.5808651476791951, -0.5754327426900665, -0.5710772936814426, -0.5740105507817632, -0.5843216001115752, -0.5852693913854757]}
INFO:optim.ad_optim_lbfgs_mod:{"id": 2, "loss": -0.5852693913854757, "t_ctm": 3.8734297019999744, "t_check": 3.29097267800001}
INFO:__main__:Norm(sites): 5.196368245437192, 3.230611729180592, 5.365418882894005, 4.278107656362432
INFO:optim.ad_optim_lbfgs_mod:{"id": 2, "t_grad": 11.364348872, "grad_mag": [0.039414300332144964, 0.07018104045227479, 0.013533937162772961, 0.02617095450234617]}
INFO:__main__:{'history_length': 50, 'history': [-0.5753019656567521, -0.5889117907495295, -0.5884992200534913, -0.5809917571889729, -0.5732502473680339, -0.5694125512743308, -0.574945044272467, -0.5884375657093075, -0.5880553451962001, -0.5802512031879649, -0.5732439191456364, -0.5696850915391048, -0.5755709554624685, -0.5882065126497934, -0.5876654031295228, -0.5801160538583965, -0.5732824355395723, -0.5700006954091271, -0.5761641290312951, -0.5879358474111535, -0.5873099704783546, -0.5799855558754514, -0.5733259676993874, -0.5703285838276578, -0.5766749341555251, -0.5876694227130395, -0.5869642756241671, -0.5798567217187015, -0.5733752885006943, -0.570660648883172, -0.577164269409693, -0.5874082284066614, -0.5866270443850926, -0.5797308937018554, -0.5734312342424847, -0.5709948841939785, -0.577607300896327, -0.5871659496526168, -0.5862889081096596, -0.5796005871224423, -0.573497892660072, -0.5713276926901949, -0.5780077506436653, -0.5869151435471855, -0.5859684326192319, -0.5794861944302623, -0.5735680538202073, -0.5716601153562663, -0.5783694607671508, -0.586669437515104]}
INFO:optim.ad_optim_lbfgs_mod:{"id": 3, "loss": -0.586669437515104, "t_ctm": 3.7970810000000768, "t_check": 3.263750165000033}
INFO:__main__:Norm(sites): 5.196373262688205, 3.230659477615637, 5.365421828176068, 4.278114141252237
INFO:optim.ad_optim_lbfgs_mod:{"id": 3, "t_grad": 11.273329234000002, "grad_mag": [0.0447150537383521, 0.07813098438399987, 0.01328035225960816, 0.030817563659455073]}
INFO:__main__:{'history_length': 50, 'history': [-0.5764851688292874, -0.5903172538520749, -0.5895999554720364, -0.5819846099337372, -0.5739380443364652, -0.5701180504049299, -0.5763692400240643, -0.5898503120472935, -0.5891591710542725, -0.5810525058989611, -0.5738713948267172, -0.5703700045658333, -0.5772573302381026, -0.589687997624234, -0.5886771839037563, -0.5807965567944449, -0.5738355949780556, -0.5706773388346633, -0.5780887322894507, -0.5894659272901128, -0.5882356390617308, -0.5805524266222742, -0.5738104171744748, -0.5710189169916021, -0.5788154100898711, -0.5892390339242329, -0.5878020073112666, -0.5803177212470466, -0.5737969136289278, -0.5713825049281693, -0.5794964822029816, -0.5890165093239874, -0.5873665725652331, -0.5800849964059345, -0.5737996605477357, -0.5717627706677036, -0.5801086981018552, -0.5887791176976157, -0.5869502191512876, -0.5798767578073561, -0.5738137571483107, -0.5721579705103297, -0.5806565224748717, -0.5885376156854775, -0.586544780676534, -0.5796804513535595, -0.5738415659182882, -0.5725650421250191, -0.5811445443366844, -0.5882949358554824]}
INFO:optim.ad_optim_lbfgs_mod:{"id": 4, "loss": -0.5882949358554824, "t_ctm": 4.024120447000001, "t_check": 3.4203930090000085}
INFO:__main__:Norm(sites): 5.19643081189608, 3.230974343002786, 5.365431835724698, 4.278158898162883
INFO:optim.ad_optim_lbfgs_mod:{"id": 4, "t_grad": 11.606621949, "grad_mag": [0.02953174463841162, 0.05521380510368971, 0.012665200588313975, 0.025544926677075246]}
INFO:__main__:{'history_length': 50, 'history': [-0.5883392893582966, -0.6085265617183351, -0.6086842175804648, -0.5950075448036498, -0.5832424965348622, -0.5784767157688953, -0.5916092626496343, -0.6093747670058592, -0.6070370757915238, -0.5928593583474093, -0.5826285164176892, -0.5793036070915292, -0.5956137376910686, -0.6093699394559667, -0.6050892401657116, -0.5910447639481993, -0.582158199932545, -0.5806775077809263, -0.5989585860659694, -0.609031244198305, -0.602988779650308, -0.5895565940063505, -0.5818318397736714, -0.5826174269800756, -0.6015201648188251, -0.6084287360137051, -0.6007960726352374, -0.5883460944053585, -0.5816908576156822, -0.5850146529373419, -0.6033732967173219, -0.6075986139108231, -0.5986067347881353, -0.5873676482265882, -0.5817802882934107, -0.5877240833432495, -0.6046180572880107, -0.606569797324391, -0.5965142315751413, -0.5865806819967145, -0.5821409234698206, -0.590529719944751, -0.6053568241504672, -0.6053663794179455, -0.59461628106226, -0.5859583095141101, -0.5828084841562287, -0.5932199296289034, -0.6056973277842771, -0.6040112193126375]}
INFO:optim.ad_optim_lbfgs_mod:{"id": 5, "loss": -0.6040112193126375, "t_ctm": 4.098163950000014, "t_check": 3.4080734460000173}
INFO:__main__:Norm(sites): 5.200169174678302, 3.2562340223297923, 5.366788349576864, 4.283294678307472
INFO:optim.ad_optim_lbfgs_mod:{"id": 5, "t_grad": 11.178953284000002, "grad_mag": [0.09453704726195568, 0.15970152710814692, 0.010439802918343928, 0.04805491051315786]}
INFO:__main__:{'history_length': 50, 'history': [-0.588822937208147, -0.6132387028102095, -0.6159730500497744, -0.5997323669762852, -0.5856747758156874, -0.5799977987802369, -0.5927101096569417, -0.6149188576371052, -0.6138640311628916, -0.5973393306487241, -0.5852974903606762, -0.580964535838774, -0.5971129562697588, -0.6148760285013621, -0.6116237138467173, -0.5953689880200793, -0.5850156928287819, -0.5824321212379482, -0.6007080343227168, -0.6144795870563157, -0.6092819941048391, -0.5937870710969365, -0.5848748215763664, -0.5843491122577384, -0.6035080889842959, -0.613815774854898, -0.6069105204502135, -0.5925354062843993, -0.5849000654762024, -0.5866336173195831, -0.605571966828262, -0.6129338592002185, -0.604595711493523, -0.5915530784014583, -0.5851233305419301, -0.5891485879778577, -0.6070144372381108, -0.6118616005947047, -0.6024052628111477, -0.5907885378025829, -0.5855585128221613, -0.591745746728215, -0.6079438820230503, -0.610638374649852, -0.6004160430674385, -0.5902133657726036, -0.5862337486675473, -0.5942459999575274, -0.608465610412179, -0.6092962188742159]}
INFO:optim.ad_optim_lbfgs_mod:{"id": 6, "loss": -0.6092962188742159, "t_ctm": 3.6930520589999674, "t_check": 3.2066770629999297}
INFO:__main__:Norm(sites): 5.203596704005137, 3.279634944221127, 5.3680970874119955, 4.288272311642143
INFO:optim.ad_optim_lbfgs_mod:{"id": 6, "t_grad": 10.767672043000005, "grad_mag": [0.0760350437486304, 0.13404355807096782, 0.013120135520737182, 0.041485247267709274]}
INFO:__main__:{'history_length': 50, 'history': [-0.5896771606963256, -0.6249265941816332, -0.6295926270814732, -0.6099901115164033, -0.5906272267504389, -0.5843370149784727, -0.5933189499686992, -0.624200876928535, -0.6276902760782264, -0.6083991973331019, -0.5909788579804691, -0.5854832885994583, -0.596987124116033, -0.6236606630804664, -0.6256072999432359, -0.6069875407180132, -0.5913345828044143, -0.5867604937790065, -0.6000155009176459, -0.6229897319614979, -0.6235986243875231, -0.6057680680461709, -0.5917285355869971, -0.588149279830389, -0.6024774733577525, -0.6222212556754184, -0.6216316658410076, -0.6047945604470804, -0.5921308074398853, -0.5896157734696834, -0.6044578821650508, -0.6213876837215959, -0.6197614504133074, -0.6039380872697663, -0.5925959160808898, -0.5911133440225044, -0.6060418388402979, -0.6205105632446355, -0.6180016753306138, -0.6032384176113632, -0.5930665812679896, -0.592629346609928, -0.6073108538621108, -0.6196156429416737, -0.616365432634912, -0.6025303028690339, -0.5936225516420099, -0.5941148441110267, -0.6082486718634925, -0.6187098690142308]}
INFO:optim.ad_optim_lbfgs_mod:{"id": 7, "loss": -0.6187098690142308, "t_ctm": 3.7321187090000194, "t_check": 3.1611763010000686}
INFO:__main__:Norm(sites): 5.212175754550864, 3.3386914114096435, 5.371433531909315, 4.301139630267721
INFO:optim.ad_optim_lbfgs_mod:{"id": 7, "t_grad": 10.826168686999978, "grad_mag": [0.06806198045324738, 0.11941085158986157, 0.011798883639351847, 0.027332225450198]}
INFO:__main__:{'history_length': 50, 'history': [-0.5927737925646742, -0.6284299553014345, -0.6333267819694742, -0.6132120885936714, -0.5928664362941887, -0.5866761558800723, -0.5962800584986943, -0.6281737254459673, -0.6316433451141583, -0.6116652321885833, -0.5931678590035236, -0.5877121115230266, -0.5998390430309449, -0.6277748249485364, -0.6297858100198286, -0.6102442231932635, -0.5934720793247457, -0.5888592066168548, -0.6028484881090542, -0.6272372392370128, -0.6279628178297647, -0.6089843776983043, -0.5938216769474854, -0.5901215485260158, -0.6053737884963005, -0.6266065718690268, -0.6261513526887259, -0.6079588947563115, -0.5941683765610112, -0.5914628735787566, -0.6074589086331111, -0.6258973589654462, -0.6243952103080164, -0.6070337276852626, -0.5945313718738742, -0.5928713960649381, -0.6091740281012039, -0.6251344656486032, -0.6227074349702015, -0.6060831182031743, -0.5949718338782123, -0.5943348024489978, -0.6105496120626323, -0.624349109730636, -0.6211706997246926, -0.6054426262233847, -0.5954061764447326, -0.5957586741657555, -0.6115987715602709, -0.623540951382265]}
INFO:optim.ad_optim_lbfgs_mod:{"id": 8, "loss": -0.623540951382265, "t_ctm": 3.8616377750001902, "t_check": 3.273881686000095}
INFO:__main__:Norm(sites): 5.213262319914387, 3.34667242357312, 5.371796889583686, 4.30264425676646
INFO:optim.ad_optim_lbfgs_mod:{"id": 8, "t_grad": 10.97447154599999, "grad_mag": [0.07343605596409977, 0.1250991658653681, 0.009219748792006963, 0.033116419925141805]}
INFO:__main__:{'history_length': 50, 'history': [-0.6007503301794688, -0.6541220424918517, -0.6418530619290918, -0.6146750620868668, -0.5978656634175566, -0.5903098960851646, -0.604863633005718, -0.6371721222467378, -0.6393123431386568, -0.6164037290934401, -0.5974164204844149, -0.592929777661288, -0.6093669222594829, -0.6373806443403253, -0.637414711677943, -0.6141514918876818, -0.5975122146400373, -0.5939506350358809, -0.6134563874408985, -0.6372498087539151, -0.6354076477146783, -0.6123211042635368, -0.5975284174732056, -0.595266161684719, -0.6169436242202333, -0.6369011977365915, -0.6333238224162372, -0.610313839044679, -0.5976124155381284, -0.5967649274472312, -0.6198446716303199, -0.6363806035337738, -0.6311897640634622, -0.6090367951999589, -0.5978758959024396, -0.5986375812126116, -0.6226820811843647, -0.6357132127561465, -0.6290127198515267, -0.6079696121038244, -0.5982121442003073, -0.6006867532107856, -0.6246146173128203, -0.635070416770066, -0.626594183453905, -0.6071331636903701, -0.5986184781879618, -0.6027627751184835, -0.6258393952891399, -0.6341105302875133]}
INFO:optim.ad_optim_lbfgs_mod:{"id": 9, "loss": -0.6341105302875133, "t_ctm": 3.7897939579999615, "t_check": 3.196925804000074}
INFO:__main__:Norm(sites): 5.218271181610438, 3.382364411918051, 5.3731899753430135, 4.308433153293149
INFO:optim.ad_optim_lbfgs_mod:{"id": 9, "t_grad": 11.500343600000008, "grad_mag": [0.045238029681398444, 0.1836561818682313, 0.05851276933965523, 0.12186338514848816]}
INFO:__main__:{'history_length': 50, 'history': [-0.5994469781526862, -0.6370191105141048, -0.6410871693508364, -0.6169047777563543, -0.5970121496286946, -0.593367545492586, -0.6052204643166843, -0.6370606792442552, -0.6386435816467246, -0.6140669448610965, -0.5973621331782073, -0.5942515481913794, -0.6107280096421048, -0.6370886355978219, -0.635960186651469, -0.6116399622287705, -0.5976363953637595, -0.5956155494761495, -0.6154042618130742, -0.6367124902720986, -0.6331642099303003, -0.6097167132375962, -0.5979393749065102, -0.5973255298687932, -0.6191442712901141, -0.6360562222408068, -0.6303373914451647, -0.6079897984201968, -0.5982298268949668, -0.5993706194526155, -0.6223568222268863, -0.6351416131170893, -0.6274579878241052, -0.6070001711800019, -0.5986754577566081, -0.6017315038235105, -0.6244290473840323, -0.6341986561710501, -0.6246304725133706, -0.6062976647195981, -0.5992898047629409, -0.6042339747788399, -0.6260024886175029, -0.6329564484543261, -0.6219902879858449, -0.6057890316313393, -0.6000511156743591, -0.6067485814738325, -0.6269100658433939, -0.6315684623600143]}
INFO:optim.ad_optim_lbfgs_mod:{"id": 10, "loss": -0.6315684623600143, "t_ctm": 3.9450969280000265, "t_check": 3.279206237000011}
INFO:__main__:Norm(sites): 5.22539837669492, 3.431697061960683, 5.37500419095395, 4.315765871244616
INFO:optim.ad_optim_lbfgs_mod:{"id": 10, "t_grad": 11.496797640000011, "grad_mag": [0.05816602817642121, 0.08388473727142237, 0.014199287389184094, 0.03016020385495078]}
INFO:__main__:{'history_length': 50, 'history': [-0.6034437021228258, -0.6411853083516528, -0.6457028523402869, -0.6174032472015862, -0.5981408327124957, -0.5941780703458687, -0.607972639366015, -0.6393847616930143, -0.640994184097123, -0.6171113747403462, -0.5985741144631886, -0.5951171644329085, -0.612756233572629, -0.6396321732898855, -0.6390516075043018, -0.6147699998823107, -0.5986158558136264, -0.5961605235359908, -0.6171094296332206, -0.6395648502239615, -0.6369586022784308, -0.6125889105668219, -0.598595843781779, -0.5975107911340167, -0.6207596033885868, -0.639257779769262, -0.6347024046133339, -0.6104410579970565, -0.5987857823736215, -0.5991099480776867, -0.6243497991954934, -0.638663892943324, -0.6323414262743017, -0.609112802550049, -0.5990130146342756, -0.6012326507757773, -0.6270300704754188, -0.63817231142765, -0.6297401617297953, -0.6081163928098066, -0.5993926592324731, -0.6033971202437075, -0.6287469418424948, -0.6373026056319264, -0.6273972603500577, -0.6072506507092293, -0.599893099129533, -0.6057465338427308, -0.6299880677859503, -0.6363662945585875]}
INFO:optim.ad_optim_lbfgs_mod:{"id": 11, "loss": -0.6363662945585875, "t_ctm": 3.920624715000116, "t_check": 3.3146528880000403}
INFO:__main__:Norm(sites): 5.221039149248334, 3.401102937162248, 5.373834939637589, 4.311071337150916
INFO:optim.ad_optim_lbfgs_mod:{"id": 11, "t_grad": 11.865064818999997, "grad_mag": [0.030274522736742845, 0.046054941009436204, 0.009651384399653804, 0.019502131821975348]}
INFO:__main__:{'history_length': 50, 'history': [-0.6051004563383662, -0.6410594703749999, -0.6402120714110647, -0.6216617145707131, -0.6001811473804242, -0.5965856200682982, -0.6082730914209789, -0.641609366724175, -0.6448139207256038, -0.6212289332888613, -0.6003092970849057, -0.5972621351303169, -0.6120039724892747, -0.6417609404554289, -0.6434043072886175, -0.619504826449996, -0.6004043293396171, -0.598041294255105, -0.6153795958869406, -0.6418139015046136, -0.6418883051701638, -0.6171913625698446, -0.6006003599978792, -0.5987490339829245, -0.61836762688543, -0.6412035400194522, -0.6392986276436927, -0.6159085134702426, -0.6009861416990957, -0.5999730691364108, -0.6219455583140682, -0.6412036496184617, -0.6386764777725429, -0.6144972520628984, -0.6011282576935091, -0.6012582059343878, -0.7396661137032823, -0.6384386115616693, -0.6351484883334177, -0.6089509179340868, -0.6001528462234358, -0.6029962717148686, -0.6253543864033928, -0.6404142494258046, -0.6351558583031627, -0.6128073519473048, -0.6019867219046369, -0.604081404050833, -0.6274392524876662, -0.6397115820647656]}
INFO:optim.ad_optim_lbfgs_mod:{"id": 12, "loss": -0.6397115820647656, "t_ctm": 3.7766162850001592, "t_check": 3.182673416}
INFO:__main__:Norm(sites): 5.224448750851498, 3.4240845144010508, 5.375250011850502, 4.316404977278339
INFO:optim.ad_optim_lbfgs_mod:{"id": 12, "t_grad": 11.603764132999999, "grad_mag": [574.3172931373015, 976.2469456378183, 1318.9392095342114, 1893.7707995394276]}
INFO:__main__:{'history_length': 50, 'history': [-0.032841242777023424, -0.07098466754142269, -0.027423203115820926, -0.019336241105761928, -0.028146216768760408, -0.02450207005326878, -0.026036344708499727, 16.48733587456995, -0.029377120374461833, -0.029669339142367412, -0.0239870809941303, -0.025319903462801968, -0.023048994571688602, -0.02419371965198748, -0.02265961502978356, -0.023409350293679798, -0.022429220781146765, -0.02289879237723573, -0.022286099994286476, -0.022578542848901102, -0.022197062192829624, -0.02237897571128201, -0.022141776918715748, -0.02225486674250802, -0.022107451579662162, -0.022177731409361776, -0.022086135560296337, -0.02212980213519719, -0.022072896551376776, -0.022100024418411322, -0.022064673569250154, -0.022081525570183273, -0.022059566052063082, -0.0220700341781375, -0.022056393639828052, -0.022062896063941594, -0.022054423184140318, -0.022058462193103215, -0.022053199297782315, -0.022055708121295606, -0.022052439122864365, -0.022053997464824816, -0.02205196696779385, -0.022052934919661465, -0.02205167370636489, -0.022052274940615506, -0.022051491558222922, -0.022051865008693623, -0.022051378423938443, -0.022051610388635033]}
INFO:optim.ad_optim_lbfgs_mod:{"id": 13, "loss": -0.022051610388635033, "t_ctm": 4.36471043700007, "t_check": 3.3733622690000686}
INFO:__main__:Norm(sites): 1059.9680123082787, 1902.7325214742193, 2418.889192375176, 3471.3471270273976
INFO:optim.ad_optim_lbfgs_mod:{"id": 13, "t_grad": 11.183417022000015, "grad_mag": [0.00037553026555173577, 0.00048378410863415426, 0.0004576099221194371, 0.00036041072033627205]}
INFO:__main__:{'history_length': 50, 'history': [-0.03284203544982267, -0.07098326972907282, -0.027424611651754367, -0.019247682027468987, -0.028148060247197064, -0.024334172551329032, -0.026033590613543767, -9.600374486046848, -0.028933243799237954, -0.02857443385045578, -0.02400287430351134, -0.026108854451560602, -0.023069227115698206, -0.024311750898791624, -0.02266508302717767, -0.02342873436712108, -0.022431123062352027, -0.02290258560324298, -0.022287377067820035, -0.02257990633215999, -0.02219826944587397, -0.022380055730134456, -0.022142999360102014, -0.022255980532849766, -0.0221086941291879, -0.02217890202847388, -0.02208739234102062, -0.02213101387034261, -0.022074162373488675, -0.02210126244229642, -0.02206594497500737, -0.02208277989010165, -0.022060840876772826, -0.02207129851351449, -0.022057670552336102, -0.02206416653944874, -0.022055701370262307, -0.022059736429830924, -0.022054478260416344, -0.022056984661180473, -0.022053718558724053, -0.022055275414682073, -0.022053246691935396, -0.02205421373249916, -0.022052953606048302, -0.022053554281525205, -0.02205277156475651, -0.022053144672666655, -0.02205265849547842, -0.022052890250199346]}
INFO:optim.ad_optim_lbfgs_mod:{"id": 14, "loss": -0.022052890250199346, "t_ctm": 4.047801491000087, "t_check": 3.1195087970000372}
INFO:__main__:Norm(sites): 1059.9680394679333, 1902.7326564463563, 2418.8892062630266, 3471.3471436409723
INFO:optim.ad_optim_lbfgs_mod:{"id": 14, "t_grad": 11.112570947000052, "grad_mag": [0.00037600014463554934, 0.00048404481993657473, 0.0004578565717641251, 0.0003605679074082646]}
INFO:__main__:{'history_length': 50, 'history': [-0.032842828839950156, -0.07098191426357014, -0.02742601337690351, -0.019154443943590838, -0.02814999428736485, -0.024159764792131604, -0.02603022712207251, -8.78939726126165, -0.028052817045474753, -0.028666854457495672, -0.024083398798124024, -0.025733743533144816, -0.023069482904811804, -0.024293619149828923, -0.02266599253713443, -0.02342827866529693, -0.022432548912220702, -0.022904430893669454, -0.02228883537171316, -0.022581833185196774, -0.02219968620921839, -0.022381801595462995, -0.02214437253075541, -0.022257565441796683, -0.02211003476500719, -0.02218037620872898, -0.022088711305880374, -0.022132416525042928, -0.02207546737645351, -0.02210261978823376, -0.022067241103530484, -0.02208410873773008, -0.022062131400235073, -0.022072609485893735, -0.022058957546183887, -0.022065466312816456, -0.02205698614479435, -0.022061029190679576, -0.02205576164065108, -0.02205827303220089, -0.02205500106341283, -0.02205656103810924, -0.02205452864699102, -0.02205549763639699, -0.022054235216143095, -0.022054837109377237, -0.022054052958381132, -0.022054426827195425, -0.022053939753281397, -0.022054171983432912]}
INFO:optim.ad_optim_lbfgs_mod:{"id": 15, "loss": -0.022054171983432912, "t_ctm": 4.0830584230002955, "t_check": 3.1276620000001003}
INFO:__main__:Norm(sites): 1059.9680664795708, 1902.7327909412754, 2418.8892200837254, 3471.3471600951293
INFO:optim.ad_optim_lbfgs_mod:{"id": 15, "t_grad": 11.088893373000019, "grad_mag": [0.00037576043169560975, 0.0004840450884479328, 0.00045779739049049245, 0.00036058360979432185]}
INFO:__main__:{'history_length': 50, 'history': [-0.0431877350181582, -0.06825854566733865, -0.04347686089594982, -0.054094646481941074, -0.0444071545868208, -0.051497290249268524, -0.04368090523987682, -0.04868169267660981, -0.04344208448175743, -0.04684894859809734, -0.04322457907440333, -0.045560038342875676, -0.04315366974397164, -0.04471915382191942, -0.043124197423260124, -0.044177522951591795, -0.04311545855292021, -0.04382728636597467, -0.04311530460455625, -0.043593410198814186, -0.04312134597001401, -0.043439692888797926, -0.04312173238505717, -0.04333807567402827, -0.04312920922750775, -0.04327094318150846, -0.04313237917189627, -0.04322652029277524, -0.04313464071873822, -0.043197101217643814, -0.043136168246417125, -0.04317760491533605, -0.04313718992013717, -0.04316467974376441, -0.04313787113917546, -0.04315610884199068, -0.04313832464192886, -0.04315042440718497, -0.04313862626596025, -0.04314665394088481, -0.04313882675287922, -0.04314415281984995, -0.04313895995880784, -0.043142493629449954, -0.043139048436282086, -0.043141392919686085, -0.04313910719212502, -0.04314066268949679, -0.04313914620471915, -0.04314017823401822]}
INFO:optim.ad_optim_lbfgs_mod:{"id": 16, "loss": -0.04314017823401822, "t_ctm": 4.484730723000098, "t_check": 3.570409507000136}
INFO:__main__:Norm(sites): 1060.3710703575914, 1904.576340911467, 2419.0999734120114, 3471.5832504762493
INFO:optim.ad_optim_lbfgs_mod:{"id": 16, "t_grad": 11.985691281000015, "grad_mag": [0.0004465222535879991, 0.0006378080932601586, 0.0005905125877764935, 0.0006420249655941613]}
INFO:__main__:{'history_length': 49, 'history': [-0.056688020641882796, -0.08062599836157061, -0.0606018686809382, -0.06566828313043292, -0.058583843394392335, -0.0644476392647853, -0.06023107080579285, -0.06354965015980536, -0.06103487177922965, -0.06267110423498551, -0.06136415904095721, -0.06223544004848307, -0.06153010395079249, -0.06201109115865851, -0.0616303434158506, -0.06189208438955522, -0.06169060728393173, -0.061828790422421925, -0.06172151521142856, -0.06179527445753795, -0.06173822336236844, -0.06177750324042376, -0.06174718110654858, -0.0617681169302146, -0.0617519615900638, -0.061763109353854165, -0.061754509525924, -0.06176044469387945, -0.06175586665735589, -0.06175902679447817, -0.061756589457666655, -0.06175827217582115, -0.06175697440651921, -0.0617578704789942, -0.06175717941978848, -0.06175765661385586, -0.06175728860452557, -0.06175754273769293, -0.06175734675396356, -0.061757482097455324, -0.0617573777233663, -0.06175744980417386, -0.0617573942172198, -0.06175743260613456, -0.0617574030016467, -0.061757423446981694, -0.061757407680125435, -0.061757418569023004, -0.061757410171828786]}
INFO:optim.ad_optim_lbfgs_mod:{"id": 17, "loss": -0.061757410171828786, "t_ctm": 4.300952716000211, "t_check": 3.359294738999779}
INFO:__main__:Norm(sites): 1060.9929432391382, 1907.0046388854141, 2419.4357862076163, 3471.915808943144
INFO:optim.ad_optim_lbfgs_mod:{"id": 17, "t_grad": 11.354084162999982, "grad_mag": [0.00032443772834671384, 0.00040814810978609373, 0.00033457783018343, 0.0007295231380947494]}
INFO:__main__:{'history_length': 26, 'history': [-0.0995426974041625, -0.11601162052201522, -0.10699644884041118, -0.10971230005538851, -0.1076742008869849, -0.10952539313321238, -0.10855826123472169, -0.10928694427696603, -0.10882159844267399, -0.10910509305509011, -0.1089231820517105, -0.10902603521980128, -0.10895952468413964, -0.10899392512258418, -0.10897111145367687, -0.10898190586033994, -0.10897456606065978, -0.10897772243551357, -0.10897551201258099, -0.10897635096239772, -0.10897573837236521, -0.10897592839962705, -0.10897577876707897, -0.10897580752030836, -0.1089757793456122, -0.10897577642684614]}
INFO:optim.ad_optim_lbfgs_mod:{"id": 18, "loss": -0.10897577642684614, "t_ctm": 2.222084174000031, "t_check": 1.733343035999951}
INFO:__main__:Norm(sites): 1062.4828239033207, 1911.441718783347, 2420.197275004896, 3472.7058407880895
INFO:optim.ad_optim_lbfgs_mod:{"id": 18, "t_grad": 6.223572334999972, "grad_mag": [0.00043601705599588476, 0.0006023826415818886, 0.0004125260186840338, 0.0009774153505395758]}
INFO:__main__:{'history_length': 21, 'history': [-0.15376880506676216, -0.16631043486837768, -0.16678370536022363, -0.16739772205802056, -0.16773489481116685, -0.16817381935048584, -0.16825129218231785, -0.1683391102448387, -0.16834321743243877, -0.16836068882886546, -0.1683591412063177, -0.1683619437905105, -0.16836101637972092, -0.1683612547769941, -0.1683609225535378, -0.16836086435521236, -0.16836076597122623, -0.16836072409134298, -0.16836069832050932, -0.16836068228151116, -0.16836067622126089]}
INFO:optim.ad_optim_lbfgs_mod:{"id": 19, "loss": -0.16836067622126089, "t_ctm": 1.7920808370000714, "t_check": 1.3926606620000257}
INFO:__main__:Norm(sites): 1064.5675009035888, 1916.5127572445926, 2421.2667524710364, 3473.862772311013
INFO:optim.ad_optim_lbfgs_mod:{"id": 19, "t_grad": 5.308259985999996, "grad_mag": [0.0005110570830617196, 0.0006966207152154784, 0.00039838848595692705, 0.0009177039988918569]}
INFO:__main__:{'history_length': 9, 'history': [-0.5002893458248507, -0.5014986074144951, -0.5016081172144136, -0.5016500249853947, -0.5016507404427075, -0.5016508551687484, -0.5016508434520662, -0.5016509023918637, -0.5016509003683073]}
INFO:optim.ad_optim_lbfgs_mod:{"id": 20, "loss": -0.5016509003683073, "t_ctm": 0.5939253499999495, "t_check": 0.524180324999918}
INFO:__main__:Norm(sites): 1308.2377698934226, 2178.9954382195488, 2525.6816111824787, 3617.631866479409
INFO:optim.ad_optim_lbfgs_mod:{"id": 20, "t_grad": 2.09450785599995, "grad_mag": [0.0002206120173131716, 0.0001190905355210186, 5.80000654293e-05, 0.00010824310630497214]}
INFO:__main__:{'history_length': 9, 'history': [-0.5320725934378777, -0.5335412014556216, -0.5337824212832576, -0.5338110132689536, -0.5338144010712504, -0.5338150654060541, -0.5338151931216653, -0.5338152165591247, -0.5338152178832324]}
INFO:optim.ad_optim_lbfgs_mod:{"id": 21, "loss": -0.5338152178832324, "t_ctm": 0.6126845910000611, "t_check": 0.5216478479999864}
INFO:__main__:Norm(sites): 1330.3871172486663, 2198.8891621751336, 2533.4154228792777, 3638.4705510576846
INFO:optim.ad_optim_lbfgs_mod:{"id": 21, "t_grad": 2.0655799769999703, "grad_mag": [6.475469868965153e-05, 7.636748238949662e-05, 5.375964528372744e-05, 8.149839607700301e-05]}
INFO:__main__:{'history_length': 9, 'history': [-0.5459211960224615, -0.5477299298398202, -0.5480467890286782, -0.5480884304886497, -0.5480942547710971, -0.5480953338727054, -0.5480955481358593, -0.548095588505572, -0.5480955934133704]}
INFO:optim.ad_optim_lbfgs_mod:{"id": 22, "loss": -0.5480955934133704, "t_ctm": 0.6028611739999974, "t_check": 0.5209902610001222}
INFO:__main__:Norm(sites): 1344.2541061521638, 2209.8840334403008, 2538.144530410654, 3648.697152782571
INFO:optim.ad_optim_lbfgs_mod:{"id": 22, "t_grad": 2.0609585280000147, "grad_mag": [7.565114563599562e-05, 7.354473890042595e-05, 4.867647929834036e-05, 5.9853559810867195e-05]}
INFO:__main__:{'history_length': 10, 'history': [-0.5707950746859133, -0.5747017330983633, -0.5752935486230129, -0.5753067002605337, -0.5752987990077467, -0.5752992965407236, -0.5752996769427633, -0.5752995797344107, -0.5752995603807471, -0.5752995585125082]}
INFO:optim.ad_optim_lbfgs_mod:{"id": 23, "loss": -0.5752995585125082, "t_ctm": 0.6798471610000547, "t_check": 0.5842105750000428}
INFO:__main__:Norm(sites): 1492.3398415045838, 2322.6568482194175, 2580.808865142988, 3731.1039768186242
INFO:optim.ad_optim_lbfgs_mod:{"id": 23, "t_grad": 2.3035456910000107, "grad_mag": [0.0001130027448668568, 7.943888344394383e-05, 5.0922461328844996e-05, 9.258085200479668e-05]}
INFO:__main__:{'history_length': 8, 'history': [-0.5931032858038908, -0.5956621998620377, -0.5960358662429295, -0.5960702123109846, -0.5960715962195077, -0.5960718980833959, -0.596071929184619, -0.596071928482917]}
INFO:optim.ad_optim_lbfgs_mod:{"id": 24, "loss": -0.596071928482917, "t_ctm": 0.5406824250000568, "t_check": 0.4660626049999337}
INFO:__main__:Norm(sites): 1497.1415135832144, 2320.4301080922983, 2574.701213351733, 3721.2504625991683
INFO:optim.ad_optim_lbfgs_mod:{"id": 24, "t_grad": 1.85574468599998, "grad_mag": [4.7387551157174376e-05, 3.069821064586917e-05, 3.067926593186809e-05, 4.3195123933681774e-05]}
INFO:__main__:{'history_length': 8, 'history': [-0.6025011945557819, -0.6047548231416252, -0.6051129859712359, -0.6051435730086032, -0.605147526249426, -0.605147823963752, -0.6051479030653301, -0.6051479051815557]}
INFO:optim.ad_optim_lbfgs_mod:{"id": 25, "loss": -0.6051479051815557, "t_ctm": 0.531722435000006, "t_check": 0.45709036500016964}
INFO:__main__:Norm(sites): 1526.720771004834, 2341.4208607702153, 2583.0745171009485, 3732.9048170885303
INFO:optim.ad_optim_lbfgs_mod:{"id": 25, "t_grad": 1.8460467510000171, "grad_mag": [3.555569811672595e-05, 3.2300873492426616e-05, 2.5399808633062872e-05, 3.7564445760414205e-05]}
INFO:__main__:{'history_length': 11, 'history': [-0.6164962716015576, -0.6172163909016876, -0.6177402611692459, -0.6177466429874428, -0.6177532885011238, -0.6177545993404117, -0.6177542080064992, -0.6177543700884975, -0.6177543180711942, -0.6177543324321835, -0.6177543279376608]}
INFO:optim.ad_optim_lbfgs_mod:{"id": 26, "loss": -0.6177543279376608, "t_ctm": 0.762945583999965, "t_check": 0.6571126389999336}
INFO:__main__:Norm(sites): 1743.460909896214, 2511.1104272946186, 2667.3836897147257, 3838.044650909601
INFO:optim.ad_optim_lbfgs_mod:{"id": 26, "t_grad": 2.5289587640000377, "grad_mag": [0.00010117029981644367, 7.639412273518816e-05, 4.276471014260379e-05, 5.592301544707986e-05]}
INFO:__main__:{'history_length': 10, 'history': [-0.6346449789117721, -0.6357045006057638, -0.6361574791133104, -0.636171172889235, -0.6361775182633719, -0.6361785680499479, -0.636178381703311, -0.6361784714820876, -0.6361784458323649, -0.6361784520047552]}
INFO:optim.ad_optim_lbfgs_mod:{"id": 27, "loss": -0.6361784520047552, "t_ctm": 0.7154038719998539, "t_check": 0.6134239019999086}
INFO:__main__:Norm(sites): 1702.9271483295386, 2464.4142130155833, 2642.326416821631, 3802.368457183495
INFO:optim.ad_optim_lbfgs_mod:{"id": 27, "t_grad": 2.288032923000003, "grad_mag": [3.5158326926584096e-05, 2.010232305925119e-05, 3.5987489675770275e-05, 3.069019480845345e-05]}
INFO:__main__:{'history_length': 10, 'history': [-0.644676782361453, -0.6454507092497851, -0.6459396750938378, -0.6459581624639233, -0.6459626334934616, -0.6459642232131093, -0.6459638065402804, -0.6459639418461893, -0.6459638977804223, -0.6459639071935817]}
INFO:optim.ad_optim_lbfgs_mod:{"id": 28, "loss": -0.6459639071935817, "t_ctm": 0.6856942130000334, "t_check": 0.5894636750001041}
INFO:__main__:Norm(sites): 1749.625509137757, 2486.8800103522317, 2660.218305239836, 3816.8076097554554
INFO:optim.ad_optim_lbfgs_mod:{"id": 28, "t_grad": 2.2844420069999956, "grad_mag": [2.561196433893077e-05, 1.1209892069783593e-05, 2.931375972321005e-05, 2.248825434807144e-05]}
INFO:__main__:{'history_length': 11, 'history': [-0.6518562359354091, -0.6519024273667291, -0.6523314827050033, -0.6523363379148671, -0.6523343414642695, -0.65233572307409, -0.6523350313081747, -0.6523351673620366, -0.6523351111470793, -0.6523351213087115, -0.6523351174277946]}
INFO:optim.ad_optim_lbfgs_mod:{"id": 29, "loss": -0.6523351174277946, "t_ctm": 0.7631119269998976, "t_check": 0.6471959699999843}
INFO:__main__:Norm(sites): 1870.8974914275775, 2551.0461481354473, 2716.490389911021, 3859.6462964508555
INFO:optim.ad_optim_lbfgs_mod:{"id": 29, "t_grad": 2.495176976000039, "grad_mag": [1.9177466708805882e-05, 1.6366478526854164e-05, 3.0473424250720286e-05, 2.6631169811744337e-05]}
INFO:__main__:{'history_length': 10, 'history': [-0.655871943380845, -0.6561285772805441, -0.6564727224506997, -0.6564819739380261, -0.6564829054246808, -0.656484145202523, -0.6564838102116397, -0.6564839201938117, -0.6564838898179197, -0.6564838977949541]}
INFO:optim.ad_optim_lbfgs_mod:{"id": 30, "loss": -0.6564838977949541, "t_ctm": 0.6863397599998962, "t_check": 0.6052152139998839}
INFO:__main__:Norm(sites): 1845.061046274632, 2531.0594829237775, 2703.006405564146, 3840.210620449927
INFO:optim.ad_optim_lbfgs_mod:{"id": 30, "t_grad": 2.2862516289999917, "grad_mag": [1.1459600805079854e-05, 1.0334583983497923e-05, 1.0457046244873514e-05, 9.801011047960601e-06]}
INFO:__main__:{'history_length': 10, 'history': [-0.6573897921622941, -0.6576169783394806, -0.6578930191280621, -0.657894675501374, -0.657895782144239, -0.6578964413968615, -0.6578962329405416, -0.657896303110617, -0.6578962825087445, -0.6578962880555715]}
INFO:optim.ad_optim_lbfgs_mod:{"id": 31, "loss": -0.6578962880555715, "t_ctm": 0.6862765159998503, "t_check": 0.5995458090001193}
INFO:__main__:Norm(sites): 1880.2725131840796, 2556.58192531984, 2719.8848567434848, 3853.3866781237502
INFO:optim.ad_optim_lbfgs_mod:{"id": 31, "t_grad": 2.498190901999976, "grad_mag": [6.79983556523434e-06, 7.743677793547537e-06, 7.660436154515658e-06, 7.483415527612326e-06]}
INFO:__main__:{'history_length': 10, 'history': [-0.658481202060538, -0.6587259559543224, -0.6589180074802186, -0.6589174217019634, -0.6589178324480285, -0.6589182454431168, -0.6589181207527218, -0.6589181668219836, -0.6589181546167409, -0.6589181584280357]}
INFO:optim.ad_optim_lbfgs_mod:{"id": 32, "loss": -0.6589181584280357, "t_ctm": 0.6875206280000725, "t_check": 0.5901049169999624}
INFO:__main__:Norm(sites): 1921.2760157628684, 2584.6701627633734, 2745.368644489222, 3867.961782540249
INFO:optim.ad_optim_lbfgs_mod:{"id": 32, "t_grad": 2.327304957000024, "grad_mag": [8.313647694012903e-06, 6.430879736808308e-06, 7.966712195290074e-06, 8.151170882868814e-06]}
INFO:__main__:{'history_length': 8, 'history': [-0.6591125280083434, -0.6593479046696973, -0.6595217394356965, -0.6595164246655499, -0.659518070792245, -0.6595179750216791, -0.6595180003258625, -0.6595180025821756]}
INFO:optim.ad_optim_lbfgs_mod:{"id": 33, "loss": -0.6595180025821756, "t_ctm": 0.661179858999958, "t_check": 0.4941352249999795}
INFO:__main__:Norm(sites): 1936.996316252474, 2595.206357959163, 2756.555255591432, 3874.1670395129286
INFO:optim.ad_optim_lbfgs_mod:{"id": 33, "t_grad": 1.9325174240000251, "grad_mag": [7.210944483364753e-06, 5.106885805469299e-06, 5.969810877375135e-06, 5.780269732550118e-06]}
INFO:__main__:{'history_length': 10, 'history': [-0.6597539186788989, -0.6600144714981341, -0.6601756811429299, -0.6601659043569998, -0.6601693110277072, -0.6601686964258475, -0.6601689091814233, -0.6601688654864126, -0.6601688813471496, -0.6601688780203618]}
INFO:optim.ad_optim_lbfgs_mod:{"id": 34, "loss": -0.6601688780203618, "t_ctm": 0.797000909000019, "t_check": 0.678142072000071}
INFO:__main__:Norm(sites): 1954.6286805199022, 2607.242926224371, 2774.011679934682, 3882.5494514664756
INFO:optim.ad_optim_lbfgs_mod:{"id": 34, "t_grad": 2.433040716999983, "grad_mag": [5.775974885001384e-06, 5.107503647171692e-06, 4.340411202055153e-06, 4.777090682641337e-06]}
INFO:__main__:{'history_length': 10, 'history': [-0.6601420118169321, -0.6604607711614681, -0.6606145090747468, -0.6606039423950619, -0.6606081393381675, -0.6606074045314201, -0.6606076893638706, -0.6606076351572409, -0.6606076566137136, -0.660607652488407]}
INFO:optim.ad_optim_lbfgs_mod:{"id": 35, "loss": -0.660607652488407, "t_ctm": 0.7014816159999668, "t_check": 0.609982720000005}
INFO:__main__:Norm(sites): 1964.7065469032555, 2613.8447440183104, 2790.247591222224, 3889.2838574917337
INFO:optim.ad_optim_lbfgs_mod:{"id": 35, "t_grad": 2.3136838409999996, "grad_mag": [3.588328257884924e-06, 3.5047108452406327e-06, 3.3992714609431958e-06, 3.7789245199076725e-06]}
INFO:__main__:{'history_length': 10, 'history': [-0.6603890902093055, -0.660755292839889, -0.6608988256926596, -0.6608878585248831, -0.660892289558003, -0.6608914762560871, -0.6608917859447094, -0.660891724571664, -0.6608917481708785, -0.660891743455472]}
INFO:optim.ad_optim_lbfgs_mod:{"id": 36, "loss": -0.660891743455472, "t_ctm": 0.7199081719999185, "t_check": 0.605812576999881}
INFO:__main__:Norm(sites): 1969.9962127623292, 2618.653023771338, 2804.741296050731, 3895.2819441469082
INFO:optim.ad_optim_lbfgs_mod:{"id": 36, "t_grad": 2.3070124820000046, "grad_mag": [3.7202530902587098e-06, 2.896921119551478e-06, 2.907726125147805e-06, 3.666680762432858e-06]}
INFO:__main__:{'history_length': 10, 'history': [-0.6605226494671889, -0.6609371200590407, -0.6610619488407193, -0.6610553090082196, -0.6610585125315953, -0.6610580340324457, -0.6610582498319457, -0.6610582140445064, -0.6610582305564432, -0.6610582277855954]}
INFO:optim.ad_optim_lbfgs_mod:{"id": 37, "loss": -0.6610582277855954, "t_ctm": 0.7519021049999992, "t_check": 0.6588547310001331}
INFO:__main__:Norm(sites): 1975.6444725098727, 2622.4942317270206, 2814.568150142617, 3900.1604863713546
INFO:optim.ad_optim_lbfgs_mod:{"id": 37, "t_grad": 2.289253868000003, "grad_mag": [3.3087123816253633e-06, 2.568115696381631e-06, 3.0347127963710705e-06, 2.489841561620448e-06]}
INFO:__main__:{'history_length': 10, 'history': [-0.6606514362204472, -0.6610942837636014, -0.6612068917044029, -0.6612018739524409, -0.6612044632338585, -0.661204093198064, -0.6612042642116535, -0.6612042361584655, -0.6612042494415966, -0.6612042472197335]}
INFO:optim.ad_optim_lbfgs_mod:{"id": 38, "loss": -0.6612042472197335, "t_ctm": 0.6820569640000258, "t_check": 0.5924456919998988}
INFO:__main__:Norm(sites): 1981.7678535647558, 2627.180339648163, 2822.4758160779143, 3904.727809317827
INFO:optim.ad_optim_lbfgs_mod:{"id": 38, "t_grad": 2.282997672000022, "grad_mag": [3.279099529984776e-06, 2.681705410399125e-06, 2.878753341947602e-06, 2.4243006066975893e-06]}
INFO:__main__:{'history_length': 10, 'history': [-0.6608697333574831, -0.6614102025266156, -0.6614984843342823, -0.6614964178647949, -0.6614984366370295, -0.6614981585662837, -0.6614983050624615, -0.6614982803318175, -0.6614982926689699, -0.661498290502408]}
INFO:optim.ad_optim_lbfgs_mod:{"id": 39, "loss": -0.661498290502408, "t_ctm": 0.6801282400000446, "t_check": 0.582317453000087}
INFO:__main__:Norm(sites): 2000.6093191480186, 2642.142280412715, 2842.7045237735506, 3918.7794511782645
INFO:optim.ad_optim_lbfgs_mod:{"id": 39, "t_grad": 2.302860479000003, "grad_mag": [2.7364626458382267e-06, 2.816010887206168e-06, 2.8373512942385497e-06, 2.910720949526694e-06]}
INFO:__main__:{'history_length': 11, 'history': [-0.6608315699448115, -0.6615932927858248, -0.6616638257193374, -0.661657537679532, -0.661661690223164, -0.6616604919805791, -0.661660895538633, -0.6616607681813411, -0.6616608077546191, -0.6616607949742714, -0.6616607988567329]}
INFO:optim.ad_optim_lbfgs_mod:{"id": 40, "loss": -0.6616607988567329, "t_ctm": 0.7632393140000886, "t_check": 0.6561639139999329}
INFO:__main__:Norm(sites): 2027.2679453909332, 2657.014649654763, 2883.0569016897034, 3940.6343024974085
INFO:optim.ad_optim_lbfgs_mod:{"id": 40, "t_grad": 2.5217659859999912, "grad_mag": [4.526606275399293e-06, 4.7558529575667845e-06, 5.133494157180156e-06, 6.0220306911664595e-06]}
INFO:__main__:{'history_length': 11, 'history': [-0.6610645259490271, -0.6618866468377087, -0.661951059663895, -0.6619457710350208, -0.6619500399880772, -0.6619488497771647, -0.6619492870601413, -0.661949154252379, -0.6619491990109048, -0.6619491850808596, -0.661949189658988]}
INFO:optim.ad_optim_lbfgs_mod:{"id": 41, "loss": -0.661949189658988, "t_ctm": 0.7582708840000123, "t_check": 0.6462811400000419}
INFO:__main__:Norm(sites): 2035.022319148314, 2665.6912517428264, 2886.70258760315, 3946.0574804318367
INFO:optim.ad_optim_lbfgs_mod:{"id": 41, "t_grad": 2.4907831989999636, "grad_mag": [2.311888289257428e-06, 1.7216416998146487e-06, 1.933002574336884e-06, 1.8845074052069865e-06]}
INFO:__main__:{'history_length': 11, 'history': [-0.6611347395636673, -0.6620039732358933, -0.6620703274635653, -0.662063928987655, -0.6620690778733958, -0.6620676707744724, -0.6620682128626665, -0.6620680524483062, -0.6620681093134761, -0.6620680920585409, -0.6620680980202689]}
INFO:optim.ad_optim_lbfgs_mod:{"id": 42, "loss": -0.6620680980202689, "t_ctm": 0.761685094000029, "t_check": 0.6465760680001154}
INFO:__main__:Norm(sites): 2035.792518863481, 2667.0206827529087, 2888.153405066146, 3947.4722501026863
INFO:optim.ad_optim_lbfgs_mod:{"id": 42, "t_grad": 2.5731007429999977, "grad_mag": [1.8173138362384353e-06, 1.756520518752155e-06, 1.5114981621535808e-06, 1.5494939013772987e-06]}
INFO:__main__:{'history_length': 11, 'history': [-0.6611223046731248, -0.6621716288305523, -0.6622328688010004, -0.662227221575523, -0.6622332163213466, -0.662231613917567, -0.6622322897655806, -0.6622320922853006, -0.6622321680081451, -0.662232145164161, -0.662232153642867]}
INFO:optim.ad_optim_lbfgs_mod:{"id": 43, "loss": -0.662232153642867, "t_ctm": 0.8967175060000159, "t_check": 0.787459436000006}
INFO:__main__:Norm(sites): 2045.2800345501744, 2673.7169129827466, 2900.799710048002, 3955.407277925284
INFO:optim.ad_optim_lbfgs_mod:{"id": 43, "t_grad": 3.107246296000028, "grad_mag": [2.0908061977274182e-06, 2.1012907485624523e-06, 1.94064239233896e-06, 1.9616035232016287e-06]}
INFO:__main__:{'history_length': 12, 'history': [-0.6610319337710937, -0.6624642640724592, -0.6625245524760882, -0.6625263822118319, -0.6625330190756729, -0.6625317775972984, -0.6625326046858463, -0.6625324143239938, -0.6625325184440732, -0.6625324923415196, -0.6625325054897857, -0.6625325019962025]}
INFO:optim.ad_optim_lbfgs_mod:{"id": 44, "loss": -0.6625325019962025, "t_ctm": 0.9699134429998821, "t_check": 0.8024067840000839}
INFO:__main__:Norm(sites): 2069.582118138208, 2689.975876753106, 2929.1516651733996, 3972.802786744995
INFO:optim.ad_optim_lbfgs_mod:{"id": 44, "t_grad": 2.773340272999974, "grad_mag": [3.3917024218019067e-06, 2.9880615879721625e-06, 3.1753206918110032e-06, 3.4630024991563877e-06]}
INFO:__main__:{'history_length': 11, 'history': [-0.6605787478464521, -0.6628194241197249, -0.6628440651635027, -0.6628792134454402, -0.662879709350547, -0.6628819970532562, -0.6628820736582132, -0.6628823179624839, -0.6628823375418564, -0.6628823651363405, -0.662882369389728]}
INFO:optim.ad_optim_lbfgs_mod:{"id": 45, "loss": -0.662882369389728, "t_ctm": 0.7746783280001068, "t_check": 0.6606174769999029}
INFO:__main__:Norm(sites): 2121.3372416210977, 2726.0380586236415, 2977.3338919611306, 4003.9999911527157
INFO:optim.ad_optim_lbfgs_mod:{"id": 45, "t_grad": 2.5225580349999746, "grad_mag": [3.0996644442431407e-06, 2.672473932441222e-06, 3.138602409694901e-06, 3.259463668067415e-06]}
INFO:__main__:{'history_length': 13, 'history': [-0.6605864443342729, -0.6632975874082965, -0.6632886069570336, -0.6633548969223054, -0.6633459069090368, -0.6633525168773905, -0.6633510363655446, -0.6633519576629666, -0.6633517351960702, -0.6633518692502806, -0.6633518364498885, -0.6633518560661557, -0.6633518512478032]}
INFO:optim.ad_optim_lbfgs_mod:{"id": 46, "loss": -0.6633518512478032, "t_ctm": 0.957851646999984, "t_check": 0.8304451989999961}
INFO:__main__:Norm(sites): 2148.76501137592, 2746.619148656802, 2995.4712791998227, 4014.9231714067296
INFO:optim.ad_optim_lbfgs_mod:{"id": 46, "t_grad": 2.9489306189999525, "grad_mag": [3.4237616872319098e-06, 3.560422217945682e-06, 3.2690087442015417e-06, 3.331095351840104e-06]}
INFO:__main__:{'history_length': 14, 'history': [-0.6605056772481869, -0.6638883692760558, -0.6638450079738167, -0.6639558352520732, -0.6639321814576035, -0.6639452861121182, -0.663941071162762, -0.6639431241474564, -0.6639424240126739, -0.6639427577392336, -0.6639426429493768, -0.6639426974659944, -0.6639426786989224, -0.6639426876107263]}
INFO:optim.ad_optim_lbfgs_mod:{"id": 47, "loss": -0.6639426876107263, "t_ctm": 0.9954832529999749, "t_check": 0.8557386720000864}
INFO:__main__:Norm(sites): 2195.514688496022, 2787.4424889087995, 3021.590360344845, 4031.7880076947445
INFO:optim.ad_optim_lbfgs_mod:{"id": 47, "t_grad": 3.343362753000008, "grad_mag": [3.932860003816759e-06, 2.6762789857027955e-06, 3.8098367797415727e-06, 2.62544214138917e-06]}
INFO:__main__:{'history_length': 15, 'history': [-0.660639414783531, -0.6641778573278919, -0.6641220701378251, -0.6642428934561682, -0.6642146306947118, -0.6642293080270747, -0.6642241286497552, -0.6642264978904198, -0.6642256098957814, -0.6642260076204796, -0.6642258571324182, -0.6642259242582229, -0.6642258988175782, -0.664225910155319, -0.6642259058567519]}
INFO:optim.ad_optim_lbfgs_mod:{"id": 48, "loss": -0.6642259058567519, "t_ctm": 1.283075163000035, "t_check": 1.027681801999904}
INFO:__main__:Norm(sites): 2216.4016380938842, 2808.4409939218576, 3034.592733117324, 4043.6189840217085
INFO:optim.ad_optim_lbfgs_mod:{"id": 48, "t_grad": 3.98406326099996, "grad_mag": [3.908441768073862e-06, 4.884996903304235e-06, 3.0322318590527964e-06, 4.017350205381307e-06]}
INFO:__main__:{'history_length': 15, 'history': [-0.6608457006047639, -0.6644377884588941, -0.6643948393983443, -0.6645168692154892, -0.6644895685493214, -0.6645044954820932, -0.6644993591721494, -0.6645018093740713, -0.6645009116379293, -0.6645013306380977, -0.6645011756178448, -0.6645012476852821, -0.6645012209814137, -0.6645012333878517, -0.6645012287901073]}
INFO:optim.ad_optim_lbfgs_mod:{"id": 49, "loss": -0.6645012287901073, "t_ctm": 1.2224654799999257, "t_check": 1.0004434319999973}
INFO:__main__:Norm(sites): 2230.306064333628, 2821.3143355311195, 3045.9716907829634, 4053.3771305885016
INFO:optim.ad_optim_lbfgs_mod:{"id": 49, "t_grad": 3.357285449000017, "grad_mag": [2.5856597099659415e-06, 2.1678681678846203e-06, 2.0902586308713083e-06, 2.1053050886705365e-06]}
INFO:__main__:{'history_length': 16, 'history': [-0.660537363622212, -0.6646624790553775, -0.6646087846868522, -0.6647705281006913, -0.6647312578383756, -0.6647533276676207, -0.664745195514985, -0.6647491613584973, -0.6647476073389448, -0.6647483480143598, -0.6647480549566752, -0.664748194017944, -0.6647481389072986, -0.6647481650322364, -0.6647481546754974, -0.6647481595836369]}
INFO:optim.ad_optim_lbfgs_mod:{"id": 50, "loss": -0.6647481595836369, "t_ctm": 1.1686782120000885, "t_check": 0.9666510949999179}
INFO:__main__:Norm(sites): 2284.5236117172262, 2868.85604330657, 3093.024670964234, 4089.090326741417
INFO:optim.ad_optim_lbfgs_mod:{"id": 50, "t_grad": 3.6914851779999935, "grad_mag": [2.7133619671736887e-06, 2.5046820109314903e-06, 2.0041951085039938e-06, 2.2164411879070136e-06]}
INFO:__main__:{'history_length': 15, 'history': [-0.6611870464802554, -0.6648230823393069, -0.6647676809814371, -0.6648976018045387, -0.6648661979376732, -0.6648830909988933, -0.6648770551502468, -0.6648799186566858, -0.6648788414554687, -0.6648793430106268, -0.6648791529836816, -0.6648792411743675, -0.6648792077291283, -0.6648792232421765, -0.6648792173586566]}
INFO:optim.ad_optim_lbfgs_mod:{"id": 51, "loss": -0.6648792173586566, "t_ctm": 1.088123140000107, "t_check": 0.9179604650000783}
INFO:__main__:Norm(sites): 2274.9246229753153, 2860.76914517326, 3079.021598880189, 4080.0336540406297
INFO:optim.ad_optim_lbfgs_mod:{"id": 51, "t_grad": 3.4367120119999868, "grad_mag": [4.094451051836335e-06, 4.511246449761053e-06, 2.8534552863389242e-06, 3.40042015179911e-06]}
INFO:__main__:{'history_length': 15, 'history': [-0.6612060686294147, -0.6650769021277254, -0.6650081190830015, -0.6651577455990436, -0.6651203762897121, -0.6651401068917879, -0.665132810334661, -0.6651361720689697, -0.6651348563980531, -0.665135449564363, -0.6651352153388466, -0.6651353204852136, -0.6651352788898331, -0.6651352975416561, -0.6651352901577112]}
INFO:optim.ad_optim_lbfgs_mod:{"id": 52, "loss": -0.6651352901577112, "t_ctm": 1.0892201519999958, "t_check": 0.9016796300002738}
INFO:__main__:Norm(sites): 2302.290539135008, 2881.9038929782114, 3107.255060937477, 4099.691669418507
INFO:optim.ad_optim_lbfgs_mod:{"id": 52, "t_grad": 3.4499490489999403, "grad_mag": [2.001836020359562e-06, 2.465788015696503e-06, 1.993531313550095e-06, 1.9797861027067053e-06]}
INFO:__main__:{'history_length': 15, 'history': [-0.6610567152238048, -0.6652327167324164, -0.6651548339666057, -0.6653248643902696, -0.665281148435359, -0.6653040210760468, -0.6652952284998068, -0.66529920525161, -0.6652975797392762, -0.6652982969901673, -0.6652980007577255, -0.6652981308214203, -0.6652980769865093, -0.6652981005937882, -0.6652980908145596]}
INFO:optim.ad_optim_lbfgs_mod:{"id": 53, "loss": -0.6652980908145596, "t_ctm": 1.099247767999941, "t_check": 0.8999493870004471}
INFO:__main__:Norm(sites): 2336.5245523989065, 2909.435723639235, 3138.4332510390004, 4121.907962185839
INFO:optim.ad_optim_lbfgs_mod:{"id": 53, "t_grad": 3.5159748219999756, "grad_mag": [2.3174321429378984e-06, 1.9848062614570774e-06, 1.8638322749815539e-06, 1.6403308995595897e-06]}
INFO:__main__:{'history_length': 15, 'history': [-0.6611503328045301, -0.6653485414759207, -0.6652783904491372, -0.665448817909293, -0.6654059417736556, -0.6654287200192912, -0.6654200022756365, -0.665423964178843, -0.6654223446004769, -0.665423061125263, -0.6654227648421591, -0.665422895217276, -0.6654228411728763, -0.6654228649235043, -0.6654228550689716]}
INFO:optim.ad_optim_lbfgs_mod:{"id": 54, "loss": -0.6654228550689716, "t_ctm": 1.1461294150001322, "t_check": 0.9373893330002829}
INFO:__main__:Norm(sites): 2353.77361044909, 2922.2451624916866, 3153.5412455730348, 4132.812322125364
INFO:optim.ad_optim_lbfgs_mod:{"id": 54, "t_grad": 3.5787659610000446, "grad_mag": [2.36071754091035e-06, 2.2779290479556262e-06, 1.6882909318359171e-06, 1.8752578798669853e-06]}
INFO:__main__:{'history_length': 16, 'history': [-0.6611040415622269, -0.6655203596188373, -0.6654796233782884, -0.6656645258647844, -0.665620311615821, -0.6656452908513346, -0.6656356935606493, -0.6656401622343541, -0.6656383053282845, -0.6656391397695398, -0.6656387895705623, -0.6656389471545793, -0.6656388802128167, -0.6656389101301211, -0.6656388974493824, -0.6656389031142431]}
INFO:optim.ad_optim_lbfgs_mod:{"id": 55, "loss": -0.6656389031142431, "t_ctm": 1.177224109000008, "t_check": 0.9741522560003659}
INFO:__main__:Norm(sites): 2407.496908321481, 2967.1442004940222, 3195.969338378044, 4165.384430326933
INFO:optim.ad_optim_lbfgs_mod:{"id": 55, "t_grad": 3.6284994600000573, "grad_mag": [3.056886230204733e-06, 2.5497314130900238e-06, 2.4059669494957377e-06, 2.3493357071999948e-06]}
INFO:__main__:{'history_length': 16, 'history': [-0.6611496229757678, -0.6656648604420579, -0.6656494047570842, -0.6658461855342143, -0.6658003673086554, -0.6658278362787204, -0.6658172826379507, -0.6658223827853131, -0.6658202484521061, -0.6658212420588703, -0.6658208197149997, -0.6658210149709183, -0.6658209317130579, -0.6658209701656657, -0.6658209537555873, -0.6658209613363885]}
INFO:optim.ad_optim_lbfgs_mod:{"id": 56, "loss": -0.6658209613363885, "t_ctm": 1.1930212519998804, "t_check": 0.9658725780000168}
INFO:__main__:Norm(sites): 2449.649343914048, 3002.2298310458664, 3225.075213451913, 4188.208815111613
INFO:optim.ad_optim_lbfgs_mod:{"id": 56, "t_grad": 3.6548939429999336, "grad_mag": [2.208125822116337e-06, 2.1305743848318717e-06, 2.6349937268775076e-06, 2.425952806115514e-06]}
INFO:__main__:{'history_length': 17, 'history': [-0.6611629373339767, -0.6657849671519132, -0.6657731222730079, -0.6659861657856396, -0.6659354723761772, -0.6659664808101207, -0.6659543902925181, -0.6659603431367008, -0.6659578198363687, -0.6659590167610124, -0.6659585017368707, -0.6659587444053254, -0.6659586396849142, -0.6659586889897007, -0.665958667698551, -0.6659586777278861, -0.6659586733957855]}
INFO:optim.ad_optim_lbfgs_mod:{"id": 57, "loss": -0.6659586733957855, "t_ctm": 1.2652265049998732, "t_check": 1.030065373999605}
INFO:__main__:Norm(sites): 2468.9782174581132, 3020.5837287889863, 3237.6718599877504, 4199.000048813404
INFO:optim.ad_optim_lbfgs_mod:{"id": 57, "t_grad": 3.8393023249999487, "grad_mag": [2.048747464756691e-06, 1.7297025384530134e-06, 2.1254545205090524e-06, 1.777891690749522e-06]}
INFO:__main__:{'history_length': 17, 'history': [-0.6611010760231841, -0.6659607698001347, -0.6659440816695528, -0.666199930138988, -0.666134133607363, -0.6661752118139566, -0.6661584168579057, -0.6661669142456094, -0.6661631614460859, -0.6661649933519591, -0.6661641732426169, -0.6661645710869841, -0.6661643925347638, -0.666164479114799, -0.666164440237694, -0.6661644591043092, -0.6661644506310965]}
INFO:optim.ad_optim_lbfgs_mod:{"id": 58, "loss": -0.6661644506310965, "t_ctm": 1.275175592000096, "t_check": 1.0352093179996018}
INFO:__main__:Norm(sites): 2511.2258232427803, 3060.3611047305817, 3266.1705171871718, 4223.8666807692
INFO:optim.ad_optim_lbfgs_mod:{"id": 58, "t_grad": 3.8558407080000734, "grad_mag": [2.1927653328633955e-06, 2.012297474946701e-06, 1.5963129378318885e-06, 1.6119382577812517e-06]}
INFO:__main__:{'history_length': 18, 'history': [-0.6612277181877082, -0.6660949985268472, -0.6660991824199867, -0.6663616049668276, -0.666293558701278, -0.6663368302275331, -0.6663187191306211, -0.6663279385473058, -0.6663237593881158, -0.6663258076242851, -0.6663248659625096, -0.6663253243659972, -0.6663251130512747, -0.6663252158523829, -0.6663251684315826, -0.6663251915161517, -0.6663251808640465, -0.6663251860544457]}
INFO:optim.ad_optim_lbfgs_mod:{"id": 59, "loss": -0.6663251860544457, "t_ctm": 1.373840524999764, "t_check": 1.1147744050002757}
INFO:__main__:Norm(sites): 2542.8694562098726, 3087.7868306886558, 3287.992361049358, 4242.202397622141
INFO:optim.ad_optim_lbfgs_mod:{"id": 59, "t_grad": 4.100336705000018, "grad_mag": [1.990041803496293e-06, 1.6976992865618872e-06, 1.459310500321965e-06, 1.7782076646934534e-06]}
INFO:__main__:{'history_length': 18, 'history': [-0.6612459780306332, -0.6661744846025511, -0.6662305732977462, -0.6665019321889436, -0.666433857380146, -0.6664798951423915, -0.6664601922839685, -0.6664704487368047, -0.6664656385914342, -0.6664680324289225, -0.666466890816317, -0.6664674541335418, -0.6664671845890691, -0.6664673174198465, -0.66646725380304, -0.6664672851617071, -0.6664672701357632, -0.6664672775472062]}
INFO:optim.ad_optim_lbfgs_mod:{"id": 60, "loss": -0.6664672775472062, "t_ctm": 1.360630811999954, "t_check": 1.0979660050003304}
INFO:__main__:Norm(sites): 2603.593032910136, 3140.675547948007, 3330.3090013298306, 4278.937929799783
INFO:optim.ad_optim_lbfgs_mod:{"id": 60, "t_grad": 4.113077504999978, "grad_mag": [1.3116867837927304e-06, 1.3256370075321499e-06, 1.2176325930757681e-06, 1.1016561981180818e-06]}
INFO:__main__:{'history_length': 18, 'history': [-0.6615457872689804, -0.6662402037170968, -0.6663322307624597, -0.6665675849033399, -0.6665135410696943, -0.6665512532121382, -0.6665354203524846, -0.6665436058949391, -0.6665397937955414, -0.666541667324927, -0.6665407781555034, -0.666541210930159, -0.6665410047579997, -0.6665411049326346, -0.6665410571600028, -0.6665410803715466, -0.6665410692958931, -0.6665410746793776]}
INFO:optim.ad_optim_lbfgs_mod:{"id": 61, "loss": -0.6665410746793776, "t_ctm": 1.4399477740000748, "t_check": 1.1334828880000032}
INFO:__main__:Norm(sites): 2601.5290321917937, 3136.8075799432904, 3330.1655117709633, 4277.307410973491
INFO:optim.ad_optim_lbfgs_mod:{"id": 61, "t_grad": 4.462567342999932, "grad_mag": [1.2459622779795075e-06, 1.413550245459744e-06, 1.3367161801005903e-06, 1.3171179206162703e-06]}
INFO:__main__:{'history_length': 17, 'history': [-0.6616667757307755, -0.6662673443592786, -0.6664334827061187, -0.6666437946960916, -0.6666052954613947, -0.6666364046104555, -0.6666240507779927, -0.6666306255959709, -0.6666276260634032, -0.6666291150957564, -0.6666284178579458, -0.6666287592426555, -0.6666285985715084, -0.6666286770194498, -0.6666286400564101, -0.6666286580958475, -0.6666286495927197]}
INFO:optim.ad_optim_lbfgs_mod:{"id": 62, "loss": -0.6666286495927197, "t_ctm": 1.3780556940002953, "t_check": 1.0759984629997916}
INFO:__main__:Norm(sites): 2632.016576235691, 3163.2484755860746, 3352.780292450083, 4296.445282709079
INFO:optim.ad_optim_lbfgs_mod:{"id": 62, "t_grad": 4.346098631000018, "grad_mag": [1.3424971946749436e-06, 1.5428710716013407e-06, 1.2654233493719124e-06, 1.2436912584678806e-06]}
INFO:__main__:{'history_length': 17, 'history': [-0.6618068754933077, -0.666265454509777, -0.6665469451090569, -0.6667192972902409, -0.6667022748289584, -0.6667241946569309, -0.6667163072609676, -0.6667207854143644, -0.6667187568002545, -0.6667197778498224, -0.6667192940970138, -0.6667195317892823, -0.6667194181653898, -0.6667194737003775, -0.6667194471043176, -0.6667194600878175, -0.6667194538672677]}
INFO:optim.ad_optim_lbfgs_mod:{"id": 63, "loss": -0.6667194538672677, "t_ctm": 1.4453961529999333, "t_check": 1.1313022289999708}
INFO:__main__:Norm(sites): 2676.973781617208, 3201.8597410730977, 3390.596126181988, 4327.65376264775
INFO:optim.ad_optim_lbfgs_mod:{"id": 63, "t_grad": 4.051680007000073, "grad_mag": [1.4940121545067811e-06, 1.1839224503198878e-06, 1.2178070999876163e-06, 1.0989944559793866e-06]}
INFO:__main__:{'history_length': 16, 'history': [-0.6618288300746554, -0.6662866321265243, -0.6666173490248619, -0.666777898599613, -0.666769971347339, -0.6667883320068742, -0.6667824369384923, -0.666786005679904, -0.666784447720511, -0.6667852452370886, -0.666784874853844, -0.6667850581602066, -0.6667849719448942, -0.666785014292923, -0.6667849943230856, -0.6667850041145655]}
INFO:optim.ad_optim_lbfgs_mod:{"id": 64, "loss": -0.6667850041145655, "t_ctm": 1.2131760989998384, "t_check": 0.9781386039998097}
INFO:__main__:Norm(sites): 2695.851300819279, 3220.2900915371806, 3405.1460102386977, 4341.153129170619
INFO:optim.ad_optim_lbfgs_mod:{"id": 64, "t_grad": 3.7271021260000907, "grad_mag": [1.135430371949871e-06, 1.083450613634412e-06, 1.0539643740019716e-06, 9.242420644710496e-07]}
INFO:__main__:{'history_length': 16, 'history': [-0.6618206840388745, -0.6662943861514885, -0.6666934727624657, -0.6668431870928927, -0.6668461925181671, -0.666861069986141, -0.6668572641499386, -0.666859960121083, -0.6668588556625477, -0.6668594481465298, -0.6668591803244206, -0.6668593162806554, -0.6668592535319626, -0.6668592849918321, -0.6668592704093267, -0.6668592776993414]}
INFO:optim.ad_optim_lbfgs_mod:{"id": 65, "loss": -0.6668592776993414, "t_ctm": 1.3042390450002586, "t_check": 1.0521977620001053}
INFO:__main__:Norm(sites): 2732.2450962775947, 3254.564328063017, 3433.6383493142007, 4367.476791284071
INFO:optim.ad_optim_lbfgs_mod:{"id": 65, "t_grad": 3.938121140000021, "grad_mag": [1.1032226952369608e-06, 9.58695031452742e-07, 1.112971758334804e-06, 8.962687230359343e-07]}
INFO:__main__:{'history_length': 15, 'history': [-0.6618435411962533, -0.6663066096207826, -0.6667912937445607, -0.666921779917137, -0.6669397432320332, -0.6669489168444528, -0.6669481438194079, -0.6669494184256634, -0.6669489895085858, -0.6669492449794742, -0.6669491323558332, -0.6669491895306725, -0.6669491627520906, -0.6669491758674329, -0.6669491696423191]}
INFO:optim.ad_optim_lbfgs_mod:{"id": 66, "loss": -0.6669491696423191, "t_ctm": 1.1387088070000573, "t_check": 0.9089323460000287}
INFO:__main__:Norm(sites): 2774.725806173237, 3296.0341518981613, 3468.771454754311, 4399.951589941727
INFO:optim.ad_optim_lbfgs_mod:{"id": 66, "t_grad": 3.4256307230000402, "grad_mag": [1.3736512892254396e-06, 1.3977476824572438e-06, 1.304316992178013e-06, 1.2848722856689285e-06]}
INFO:__main__:{'history_length': 14, 'history': [-0.66176833257672, -0.666323087233258, -0.6668739774492316, -0.6670037495749788, -0.6670306319586563, -0.6670378586593535, -0.6670385402722211, -0.6670392153191136, -0.6670390797800432, -0.6670391848456312, -0.6670391374362381, -0.6670391587965351, -0.6670391470030638, -0.6670391517118197]}
INFO:optim.ad_optim_lbfgs_mod:{"id": 67, "loss": -0.6670391517118197, "t_ctm": 1.0587551630000007, "t_check": 0.8496769970000742}
INFO:__main__:Norm(sites): 2831.2286216750394, 3349.4603539914838, 3516.7377290377135, 4443.319892816793
INFO:optim.ad_optim_lbfgs_mod:{"id": 67, "t_grad": 3.212692793999963, "grad_mag": [1.1046461644867629e-06, 8.971613991650033e-07, 8.320094303889604e-07, 8.302420654753028e-07]}
INFO:__main__:{'history_length': 14, 'history': [-0.6617633584740348, -0.666363847037916, -0.6669291420394345, -0.6670608763371226, -0.6670891782258588, -0.6670961987964507, -0.6670969980507084, -0.6670975721957009, -0.667097446944661, -0.6670975245283572, -0.6670974780976695, -0.6670974927597548, -0.6670974810511258, -0.6670974841742673]}
INFO:optim.ad_optim_lbfgs_mod:{"id": 68, "loss": -0.6670974841742673, "t_ctm": 1.0415516019997995, "t_check": 0.835662200999991}
INFO:__main__:Norm(sites): 2853.4166048247157, 3370.8761659648676, 3536.704351014714, 4460.8894118981325
INFO:optim.ad_optim_lbfgs_mod:{"id": 68, "t_grad": 3.282643791000055, "grad_mag": [8.789669343449915e-07, 7.081207193235897e-07, 8.201509842137823e-07, 7.366538133960267e-07]}
INFO:__main__:{'history_length': 12, 'history': [-0.661700245772757, -0.6664072572471607, -0.6670003448058672, -0.667136541061829, -0.6671684602828396, -0.6671751474189506, -0.6671764564632269, -0.667176825184996, -0.667176791283625, -0.6671768116195178, -0.6671767846293353, -0.6671767850272027]}
INFO:optim.ad_optim_lbfgs_mod:{"id": 69, "loss": -0.6671767850272027, "t_ctm": 0.8874132070001224, "t_check": 0.7149193939998213}
INFO:__main__:Norm(sites): 2891.615949677943, 3407.2727467294153, 3570.794134992723, 4490.726037185216
INFO:optim.ad_optim_lbfgs_mod:{"id": 69, "t_grad": 2.7911523469999793, "grad_mag": [9.549527156955568e-07, 6.936470714267613e-07, 8.948067611692946e-07, 7.143567506232933e-07]}
INFO:__main__:{'history_length': 14, 'history': [-0.6615642152889201, -0.666426554561618, -0.6670568461415828, -0.6672078240817504, -0.6672422357336139, -0.6672506274717918, -0.6672518046889601, -0.6672524591911364, -0.6672523332911799, -0.6672524117336904, -0.6672523574009327, -0.6672523709570867, -0.6672523565909178, -0.6672523593529736]}
INFO:optim.ad_optim_lbfgs_mod:{"id": 70, "loss": -0.6672523593529736, "t_ctm": 1.0620554839998704, "t_check": 0.8598940149997816}
INFO:__main__:Norm(sites): 2946.913375385413, 3458.8944375762817, 3623.114909698404, 4535.744520968435
INFO:optim.ad_optim_lbfgs_mod:{"id": 70, "t_grad": 3.2351008980000415, "grad_mag": [1.1997937182590813e-06, 1.4279373800319539e-06, 1.1384687059331492e-06, 1.3185686964302386e-06]}
INFO:__main__:{'history_length': 13, 'history': [-0.6615628784099824, -0.6664572611629646, -0.6671104231503217, -0.6672559155723781, -0.6672961181833219, -0.6673026032941254, -0.6673051151178204, -0.6673052716304242, -0.6673054637980853, -0.6673054184720832, -0.6673054410991, -0.6673054243053556, -0.6673054286639621]}
INFO:optim.ad_optim_lbfgs_mod:{"id": 71, "loss": -0.6673054286639621, "t_ctm": 0.968939437999893, "t_check": 0.7835490960001152}
INFO:__main__:Norm(sites): 2968.897917475144, 3479.4510202459333, 3643.472272728415, 4553.474083511709
INFO:optim.ad_optim_lbfgs_mod:{"id": 71, "t_grad": 3.0095311799999536, "grad_mag": [7.779068427085311e-07, 6.174621593853539e-07, 7.918420907160905e-07, 5.439159333081193e-07]}
INFO:__main__:{'history_length': 15, 'history': [-0.6614914090378443, -0.6664406894120283, -0.667144229171142, -0.6672871041496781, -0.6673358293828175, -0.6673404991165192, -0.6673446686343059, -0.667344268751039, -0.6673448323305993, -0.6673446399993065, -0.6673447514240848, -0.667344697386422, -0.667344723495873, -0.667344709526754, -0.6673447159846102]}
INFO:optim.ad_optim_lbfgs_mod:{"id": 72, "loss": -0.6673447159846102, "t_ctm": 1.1312318859999095, "t_check": 0.9152732860002288}
INFO:__main__:Norm(sites): 3003.9993110743912, 3512.2803466391706, 3677.10064085994, 4583.296673903982
INFO:optim.ad_optim_lbfgs_mod:{"id": 72, "t_grad": 3.472595133999903, "grad_mag": [6.922940304978761e-07, 6.088525040861042e-07, 6.935997822736225e-07, 5.260371640921558e-07]}
INFO:__main__:{'history_length': 15, 'history': [-0.6614680255641157, -0.6664837884210327, -0.6671839309342333, -0.6673289075889127, -0.6673783473270156, -0.6673832461710762, -0.667387613667267, -0.6673872586465284, -0.6673878735993066, -0.6673876913776665, -0.6673878157409506, -0.6673877640580204, -0.6673877934184177, -0.6673877800008952, -0.6673877872767848]}
INFO:optim.ad_optim_lbfgs_mod:{"id": 73, "loss": -0.6673877872767848, "t_ctm": 1.152587473999688, "t_check": 0.9212061779998066}
INFO:__main__:Norm(sites): 3018.8125022108866, 3525.208586644231, 3691.401908761097, 4595.28510244319
INFO:optim.ad_optim_lbfgs_mod:{"id": 73, "t_grad": 3.4611472829999457, "grad_mag": [8.742578990359243e-07, 9.332807299727143e-07, 1.0223205105274864e-06, 9.706390926450272e-07]}
INFO:__main__:{'history_length': 16, 'history': [-0.6613868411592562, -0.666478640701739, -0.6672272088138672, -0.6673730660347383, -0.6674299596109935, -0.667433645603739, -0.6674393590772942, -0.6674385609839403, -0.6674394672504621, -0.6674391613117227, -0.6674393552448032, -0.6674392713154783, -0.6674393179397428, -0.6674392962876999, -0.6674393079056864, -0.6674393024005814]}
INFO:optim.ad_optim_lbfgs_mod:{"id": 74, "loss": -0.6674393024005814, "t_ctm": 1.2090560569998843, "t_check": 0.9733777080000436}
INFO:__main__:Norm(sites): 3062.1582381461612, 3566.7341217828503, 3732.592925298973, 4632.759181068167
INFO:optim.ad_optim_lbfgs_mod:{"id": 74, "t_grad": 3.6786012899999605, "grad_mag": [7.425761375185023e-07, 7.180309773622254e-07, 9.847626783587026e-07, 7.150356944235285e-07]}
INFO:__main__:{'history_length': 16, 'history': [-0.6612905563148471, -0.666501364407406, -0.6672718873066805, -0.6674257835108584, -0.6674860002946654, -0.6674901292760034, -0.6674962734877635, -0.6674954258829762, -0.6674964080000763, -0.6674960724611658, -0.6674962841736495, -0.6674961905770417, -0.6674962419699271, -0.6674962175005824, -0.667496230448815, -0.6674962241511259]}
INFO:optim.ad_optim_lbfgs_mod:{"id": 75, "loss": -0.6674962241511259, "t_ctm": 1.2147452419999354, "t_check": 0.9694866549998551}
INFO:__main__:Norm(sites): 3102.278523012605, 3605.6533395815536, 3771.5132272961096, 4667.548484126909
INFO:optim.ad_optim_lbfgs_mod:{"id": 75, "t_grad": 3.653917352999997, "grad_mag": [6.905395468339018e-07, 5.883046192650921e-07, 9.297555910650072e-07, 6.405078558247071e-07]}
INFO:__main__:{'history_length': 16, 'history': [-0.6612366537060929, -0.6665361119528164, -0.6673275217723815, -0.6674843321017416, -0.6675491561797806, -0.6675525839084303, -0.6675595810630223, -0.6675584185831615, -0.6675595865407357, -0.6675591587003736, -0.667559415063776, -0.66755929688744, -0.6675593594454059, -0.6675593286142947, -0.6675593443933716, -0.6675593364638579]}
INFO:optim.ad_optim_lbfgs_mod:{"id": 76, "loss": -0.6675593364638579, "t_ctm": 1.234422056000085, "t_check": 0.9773567119997324}
INFO:__main__:Norm(sites): 3140.196981506414, 3642.655153666938, 3810.8752335176205, 4700.577354056059
INFO:optim.ad_optim_lbfgs_mod:{"id": 76, "t_grad": 3.659886594999989, "grad_mag": [8.545146134324064e-07, 8.978652622779041e-07, 1.2452724559733214e-06, 1.0708781790678672e-06]}
INFO:__main__:{'history_length': 16, 'history': [-0.6612022967027699, -0.6665655060872142, -0.6673649386930521, -0.6675272840996842, -0.6675939272915352, -0.6675976480477741, -0.6676049296323059, -0.667603701740885, -0.6676049320317013, -0.6676044692246851, -0.6676047431156308, -0.6676046130173752, -0.6676046808862477, -0.6676046463876455, -0.667604663777518, -0.6676046547625628]}
INFO:optim.ad_optim_lbfgs_mod:{"id": 77, "loss": -0.6676046547625628, "t_ctm": 1.2273093180001524, "t_check": 0.9834645059999048}
INFO:__main__:Norm(sites): 3168.5441782493617, 3670.0479473945643, 3841.588674082857, 4725.211222174884
INFO:optim.ad_optim_lbfgs_mod:{"id": 77, "t_grad": 3.7056067649999704, "grad_mag": [6.62995804658431e-07, 5.575563944677555e-07, 6.308582302017053e-07, 4.7848919495353e-07]}
INFO:__main__:{'history_length': 16, 'history': [-0.661252975861375, -0.6666018856374153, -0.6673972950173541, -0.667555920639064, -0.6676236503575981, -0.6676264244989125, -0.6676341098434245, -0.6676326480983603, -0.6676339893713844, -0.6676334688008785, -0.6676337712201084, -0.667633626840771, -0.6676337018740772, -0.6676336638464995, -0.6676336830177234, -0.6676336731320802]}
INFO:optim.ad_optim_lbfgs_mod:{"id": 78, "loss": -0.6676336731320802, "t_ctm": 1.214801417999979, "t_check": 0.9693388430000596}
INFO:__main__:Norm(sites): 3171.1587377997625, 3672.21890016713, 3847.761993686109, 4727.7831230622405
INFO:optim.ad_optim_lbfgs_mod:{"id": 78, "t_grad": 3.645009529000049, "grad_mag": [6.453792634098096e-07, 4.215515326072225e-07, 6.015058960456072e-07, 4.153740486283345e-07]}
INFO:__main__:{'history_length': 17, 'history': [-0.6613265130269863, -0.6666344415716979, -0.6674424522295, -0.6675934222947284, -0.6676656562158705, -0.6676663694395376, -0.6676752871671819, -0.6676732562114369, -0.6676749227398868, -0.6676742490081866, -0.6676746370184031, -0.6676744519408422, -0.6676745495011013, -0.6676745007140648, -0.6676745258139309, -0.667674513089583, -0.6676745195898979]}
INFO:optim.ad_optim_lbfgs_mod:{"id": 79, "loss": -0.6676745195898979, "t_ctm": 1.2981775430000653, "t_check": 1.033659225000406}
INFO:__main__:Norm(sites): 3196.5373488243263, 3696.826576692099, 3877.1897977228623, 4750.5081117257405
INFO:optim.ad_optim_lbfgs_mod:{"id": 79, "t_grad": 4.136804133999931, "grad_mag": [6.484737326062823e-07, 4.397169243217883e-07, 8.6833622063113e-07, 6.450935895752986e-07]}
INFO:__main__:{'history_length': 17, 'history': [-0.6613807660092815, -0.6666481878164426, -0.6674837539402738, -0.6676237921445731, -0.6677036530790162, -0.6677011823987877, -0.6677120471713565, -0.6677091250641347, -0.6677112913493989, -0.6677103786229106, -0.6677108960880163, -0.6677106480532582, -0.6677107792892922, -0.6677107140316534, -0.6677107479043353, -0.6677107308820686, -0.6677107396687256]}
INFO:optim.ad_optim_lbfgs_mod:{"id": 80, "loss": -0.6677107396687256, "t_ctm": 1.2978078810002671, "t_check": 1.0587261570001374}
INFO:__main__:Norm(sites): 3236.9796723222353, 3734.9614615541605, 3921.516926092805, 4786.032481150362
INFO:optim.ad_optim_lbfgs_mod:{"id": 80, "t_grad": 3.9604817529999536, "grad_mag": [7.961712676376884e-07, 5.987981093291048e-07, 8.778284978433672e-07, 7.118285582531779e-07]}
INFO:__main__:{'history_length': 17, 'history': [-0.6614314120851251, -0.6666900532478706, -0.6675049285344643, -0.6676452329417395, -0.6677220259538436, -0.6677202968372521, -0.6677305506199932, -0.6677279041098849, -0.6677299209392847, -0.66772909075107, -0.6677295684209179, -0.6677293436683226, -0.6677294640194338, -0.6677294051990883, -0.6677294360765649, -0.6677294208198754, -0.6677294287827783]}
INFO:optim.ad_optim_lbfgs_mod:{"id": 81, "loss": -0.6677294287827783, "t_ctm": 1.3130816750001486, "t_check": 1.040327513999955}
INFO:__main__:Norm(sites): 3238.1340552719457, 3733.8101183589893, 3925.830933597971, 4786.525118333046
INFO:optim.ad_optim_lbfgs_mod:{"id": 81, "t_grad": 3.8983888910000815, "grad_mag": [6.372503835449934e-07, 5.978643791854137e-07, 5.219547169630878e-07, 4.909317845750005e-07]}
INFO:__main__:{'history_length': 17, 'history': [-0.6614042338410461, -0.6666728903675535, -0.6675148364900445, -0.6676546155737828, -0.6677361773202842, -0.6677335028847502, -0.6677447663751565, -0.6677417386108089, -0.6677440077791195, -0.6677430574829026, -0.6677436034298978, -0.667743343589045, -0.6677434829162966, -0.6677434141276595, -0.6677434503071512, -0.667743432253832, -0.6677434416955453]}
INFO:optim.ad_optim_lbfgs_mod:{"id": 82, "loss": -0.6677434416955453, "t_ctm": 1.3276906749998716, "t_check": 1.0404405980001457}
INFO:__main__:Norm(sites): 3272.306661405368, 3768.8797056159306, 3955.6882335368605, 4816.067221046448
INFO:optim.ad_optim_lbfgs_mod:{"id": 82, "t_grad": 3.9255938329999935, "grad_mag": [5.984238363024281e-07, 4.798360852807603e-07, 5.537641552133677e-07, 5.106176966094752e-07]}
INFO:__main__:{'history_length': 17, 'history': [-0.6614054915995785, -0.6666957910975888, -0.6675301779617092, -0.667671377269829, -0.6677520217882432, -0.6677495949511336, -0.6677606613958512, -0.6677576962960415, -0.6677599153198035, -0.6677589819366763, -0.6677595145981188, -0.6677592593645152, -0.6677593951339544, -0.6677593276005306, -0.6677593628246343, -0.667759345112826, -0.667759354297875]}
INFO:optim.ad_optim_lbfgs_mod:{"id": 83, "loss": -0.667759354297875, "t_ctm": 1.3037435810001625, "t_check": 1.0438752160002878}
INFO:__main__:Norm(sites): 3273.878420737502, 3769.2713585203746, 3957.0287756750067, 4816.575921566445
INFO:optim.ad_optim_lbfgs_mod:{"id": 83, "t_grad": 3.8882445149999967, "grad_mag": [3.9739170807833375e-07, 4.0514238635832703e-07, 4.825636884479962e-07, 3.954498182619157e-07]}
INFO:__main__:{'history_length': 17, 'history': [-0.6613450384478465, -0.6667191317513428, -0.667549119957694, -0.6676946584822195, -0.6677758638894141, -0.6677736057323992, -0.6677847764583625, -0.6677817530324862, -0.6677839963680926, -0.6677830345552552, -0.6677835749314088, -0.6677833101042844, -0.6677834484958567, -0.6677833780067429, -0.6677834140997143, -0.6677833955084926, -0.6677834049710505]}
INFO:optim.ad_optim_lbfgs_mod:{"id": 84, "loss": -0.6677834049710505, "t_ctm": 1.29519742399998, "t_check": 1.0377307070001507}
INFO:__main__:Norm(sites): 3297.1699003558533, 3790.5082819293075, 3980.5659249165888, 4835.406644238456
INFO:optim.ad_optim_lbfgs_mod:{"id": 84, "t_grad": 3.888809488999982, "grad_mag": [3.811985056212079e-07, 3.1568581015420667e-07, 5.003570327523475e-07, 3.512564284679803e-07]}
INFO:__main__:{'history_length': 18, 'history': [-0.6613100583533568, -0.6667356066889223, -0.6675670547685739, -0.6677105892292767, -0.6677945590675233, -0.6677909944398601, -0.6678029576609883, -0.6677995316303129, -0.6678019840871336, -0.6678009108966894, -0.6678015065230587, -0.6678012117533706, -0.6678013647832161, -0.6678012863184142, -0.6678013262932245, -0.6678013055841933, -0.6678013160762951, -0.6678013106239215]}
INFO:optim.ad_optim_lbfgs_mod:{"id": 85, "loss": -0.6678013106239215, "t_ctm": 1.3877542429997902, "t_check": 1.1076529930002152}
INFO:__main__:Norm(sites): 3313.5530877026936, 3805.5605273092124, 3998.1375502139085, 4849.053155172562
INFO:optim.ad_optim_lbfgs_mod:{"id": 85, "t_grad": 4.090600603999974, "grad_mag": [5.221582686800253e-07, 5.782812690285721e-07, 5.094007966403892e-07, 5.497284616017226e-07]}
INFO:__main__:{'history_length': 18, 'history': [-0.6612477865709865, -0.6667477808085722, -0.6675774374199419, -0.6677234913292203, -0.6678091728145921, -0.6678053498910203, -0.6678176687886177, -0.6678141016605242, -0.6678166406068429, -0.6678155230807331, -0.6678161408629921, -0.6678158336604734, -0.667815992523004, -0.6678159106876271, -0.6678159522138354, -0.6678159306011374, -0.6678159415072433, -0.6678159358135155]}
INFO:optim.ad_optim_lbfgs_mod:{"id": 86, "loss": -0.6678159358135155, "t_ctm": 1.3818868960003101, "t_check": 1.1052845069998511}
INFO:__main__:Norm(sites): 3339.521271838962, 3830.7216474051597, 4026.8169883897217, 4872.092695800357
INFO:optim.ad_optim_lbfgs_mod:{"id": 86, "t_grad": 4.206773870999996, "grad_mag": [3.4764704406354096e-07, 3.311875743328708e-07, 3.8211123721166995e-07, 2.6998058654881535e-07]}
INFO:__main__:{'history_length': 18, 'history': [-0.6612145433754373, -0.6667501638336807, -0.6675857746878873, -0.6677310539269229, -0.6678191715140009, -0.667814521527908, -0.6678274426199187, -0.6678236209789487, -0.6678263086405871, -0.6678251228714832, -0.6678257779637115, -0.667825453147467, -0.6678256214331, -0.6678255351139573, -0.6678255790240755, -0.6678255562767558, -0.6678255677857307, -0.6678255618058262]}
INFO:optim.ad_optim_lbfgs_mod:{"id": 87, "loss": -0.6678255618058262, "t_ctm": 1.3869272780002575, "t_check": 1.1054689940000344}
INFO:__main__:Norm(sites): 3345.4875242789003, 3836.873931103892, 4033.330044981904, 4877.728990755019
INFO:optim.ad_optim_lbfgs_mod:{"id": 87, "t_grad": 4.123556378999979, "grad_mag": [3.3444252397002495e-07, 2.7869431486697067e-07, 3.5117061706456594e-07, 2.5444605295880247e-07]}
INFO:__main__:{'history_length': 18, 'history': [-0.6611466630508435, -0.6667568283063656, -0.6675937453673794, -0.6677428020763182, -0.6678320497694619, -0.6678276300512678, -0.6678407203603948, -0.6678369121653874, -0.6678396258548774, -0.6678384408667684, -0.6678391003250723, -0.6678387759188172, -0.6678389448972676, -0.6678388588221077, -0.6678389028143865, -0.6678388801738725, -0.6678388916801117, -0.6678388857400377]}
INFO:optim.ad_optim_lbfgs_mod:{"id": 88, "loss": -0.6678388857400377, "t_ctm": 1.420743537000135, "t_check": 1.0947893010001053}
INFO:__main__:Norm(sites): 3356.724114464885, 3848.1374186710714, 4045.744931066564, 4888.697711791196
INFO:optim.ad_optim_lbfgs_mod:{"id": 88, "t_grad": 4.074661034999963, "grad_mag": [3.992776437454817e-07, 2.5843699080678344e-07, 4.022765660760267e-07, 2.780929799165092e-07]}
INFO:__main__:{'history_length': 18, 'history': [-0.6610458282449484, -0.6667379123255526, -0.6676081514998163, -0.6677510694323006, -0.667850309456115, -0.6678425215603686, -0.6678580645254301, -0.6678531825460349, -0.6678565243592579, -0.6678550360669114, -0.6678558604157898, -0.6678554533998545, -0.6678556661612572, -0.6678555578614643, -0.6678556135263596, -0.6678555849331718, -0.6678555995551643, -0.6678555920234664]}
INFO:optim.ad_optim_lbfgs_mod:{"id": 89, "loss": -0.6678555920234664, "t_ctm": 1.4140614199998254, "t_check": 1.1076152409999622}
INFO:__main__:Norm(sites): 3382.4355664610853, 3874.494709108864, 4072.5098791788378, 4912.762407530057
INFO:optim.ad_optim_lbfgs_mod:{"id": 89, "t_grad": 4.117875894999997, "grad_mag": [5.657863816147556e-07, 6.717179790619805e-07, 5.799123580519904e-07, 6.176448909322983e-07]}
INFO:__main__:{'history_length': 18, 'history': [-0.6609865760750496, -0.6667560106027455, -0.6676158964392991, -0.6677664525440496, -0.6678634796177273, -0.6678571424917129, -0.667872118072974, -0.6678675830244214, -0.6678709811611272, -0.667869360435906, -0.667870365509903, -0.6678699786023505, -0.6678701771782178, -0.6678700758923675, -0.6678701282006729, -0.6678701014933278, -0.667870115201219, -0.6678701081746687]}
INFO:optim.ad_optim_lbfgs_mod:{"id": 90, "loss": -0.6678701081746687, "t_ctm": 1.3829017529998282, "t_check": 1.092695087000152}
INFO:__main__:Norm(sites): 3394.7589969643427, 3885.757225634628, 4085.7875349833876, 4924.1985985915135
INFO:optim.ad_optim_lbfgs_mod:{"id": 90, "t_grad": 4.107817346000047, "grad_mag": [3.57206248186978e-07, 2.962847675180049e-07, 3.943655256523556e-07, 3.4678857557360596e-07]}
INFO:__main__:{'history_length': 18, 'history': [-0.6609392003644237, -0.6667648341796268, -0.6676233800098655, -0.6677780892378246, -0.6678749500907295, -0.667869183190958, -0.6678840716141455, -0.6678796243127015, -0.667882783347804, -0.6678813995598691, -0.6678821751472286, -0.6678817945477323, -0.6678819944997273, -0.6678818930104757, -0.6678819453275764, -0.6678819185029687, -0.667881932251501, -0.6678819251802282]}
INFO:optim.ad_optim_lbfgs_mod:{"id": 91, "loss": -0.6678819251802282, "t_ctm": 1.3874188489999142, "t_check": 1.0987823939998407}
INFO:__main__:Norm(sites): 3413.8071794128505, 3904.206656717174, 4106.47306311029, 4941.530499228463
INFO:optim.ad_optim_lbfgs_mod:{"id": 91, "t_grad": 4.103111277000039, "grad_mag": [3.262151153550174e-07, 2.274650910384275e-07, 3.277770522889298e-07, 2.4851451502589646e-07]}
INFO:__main__:{'history_length': 18, 'history': [-0.6608990602540068, -0.6667780759410646, -0.6676297863150802, -0.6677898516536005, -0.6678848981151269, -0.6678803367497715, -0.6678946992198188, -0.6678905488985076, -0.6678935650367981, -0.6678922571312245, -0.6678929947860408, -0.667892633889651, -0.6678928238529989, -0.6678927275118, -0.6678927772061812, -0.6678927517296425, -0.6678927647902977, -0.6678927580722649]}
INFO:optim.ad_optim_lbfgs_mod:{"id": 92, "loss": -0.6678927580722649, "t_ctm": 1.4380874730001096, "t_check": 1.0976597589999528}
INFO:__main__:Norm(sites): 3428.252833777675, 3918.176398628182, 4122.410542216374, 4954.7112106708955
INFO:optim.ad_optim_lbfgs_mod:{"id": 92, "t_grad": 4.088741673999948, "grad_mag": [3.614156605294896e-07, 2.659241930088614e-07, 3.520613169556813e-07, 2.863611519961589e-07]}
INFO:__main__:{'history_length': 18, 'history': [-0.6608335437605848, -0.6667821544432919, -0.6676423142670134, -0.6678043640122765, -0.6679009116673764, -0.6678963830043254, -0.6679110303637517, -0.6679068384546291, -0.6679099206301602, -0.6679085957742908, -0.6679093503861727, -0.6679089842243209, -0.6679091787157687, -0.6679090808570178, -0.6679091317760426, -0.6679091058733125, -0.6679091192663645, -0.6679091124298397]}
INFO:optim.ad_optim_lbfgs_mod:{"id": 93, "loss": -0.6679091124298397, "t_ctm": 1.3823363669998798, "t_check": 1.0988602380001566}
INFO:__main__:Norm(sites): 3462.4454796656164, 3952.924725462625, 4159.438553728736, 4986.307961323962
INFO:optim.ad_optim_lbfgs_mod:{"id": 93, "t_grad": 4.092780236999943, "grad_mag": [4.4997356295222274e-07, 4.299891603852689e-07, 4.1007570428938845e-07, 5.59381725448985e-07]}
INFO:__main__:{'history_length': 18, 'history': [-0.6607531871163644, -0.66678621133067, -0.6676481758001808, -0.6678160920450944, -0.6679123862140961, -0.6679089271920213, -0.6679233423788773, -0.6679193843169762, -0.6679223891767367, -0.6679211203122737, -0.667921853274822, -0.6679215011343618, -0.6679216898799504, -0.6679215955987086, -0.6679216450218006, -0.6679216200380953, -0.667921633044644, -0.6679216264446721]}
INFO:optim.ad_optim_lbfgs_mod:{"id": 94, "loss": -0.6679216264446721, "t_ctm": 1.3919459510000252, "t_check": 1.0990558469999314}
INFO:__main__:Norm(sites): 3485.6650649848693, 3976.1205601557417, 4184.094001152793, 5007.387679868602
INFO:optim.ad_optim_lbfgs_mod:{"id": 94, "t_grad": 4.121391822000078, "grad_mag": [2.8066148448630063e-07, 2.3480491555286182e-07, 3.1508776077532343e-07, 2.6130276159136225e-07]}
INFO:__main__:{'history_length': 18, 'history': [-0.6607282391379209, -0.6667806510096626, -0.667654274320839, -0.6678209662633356, -0.667919788119919, -0.6679156147707903, -0.6679306234010287, -0.6679264333022195, -0.6679295875337774, -0.6679282518249565, -0.6679290240685136, -0.6679286534343589, -0.6679288526819971, -0.6679287533594389, -0.6679288056059179, -0.6679287792558581, -0.6679287930226078, -0.6679287860532307]}
INFO:optim.ad_optim_lbfgs_mod:{"id": 95, "loss": -0.6679287860532307, "t_ctm": 1.4059358690001318, "t_check": 1.117553333999922}
INFO:__main__:Norm(sites): 3498.0810522637776, 3989.156410345431, 4196.602670094047, 5018.598416109942
INFO:optim.ad_optim_lbfgs_mod:{"id": 95, "t_grad": 4.109686861, "grad_mag": [2.429424298233387e-07, 1.845065342316046e-07, 2.5245878099706503e-07, 2.2122874848145383e-07]}
INFO:__main__:{'history_length': 18, 'history': [-0.660708298703889, -0.6667702629959756, -0.667663737257506, -0.6678269847322283, -0.6679303394835527, -0.6679247447453207, -0.6679408016758726, -0.6679361673368311, -0.667939587911025, -0.6679381255916832, -0.6679389682211477, -0.667938562674953, -0.6679387808057826, -0.6679386719725863, -0.6679387293104176, -0.6679387003816986, -0.6679387155229862, -0.6679387078558969]}
INFO:optim.ad_optim_lbfgs_mod:{"id": 96, "loss": -0.6679387078558969, "t_ctm": 1.3890220320000708, "t_check": 1.0937538620001988}
INFO:__main__:Norm(sites): 3510.0404554323704, 4001.4683307643504, 4207.795724988758, 5028.881269726199
INFO:optim.ad_optim_lbfgs_mod:{"id": 96, "t_grad": 4.117806046999931, "grad_mag": [2.5289403586413884e-07, 2.056915599752471e-07, 2.754441700310703e-07, 2.3468919068451935e-07]}
INFO:__main__:{'history_length': 18, 'history': [-0.6606623999899213, -0.666750038134331, -0.6676737392338272, -0.6678327570358408, -0.6679432448243345, -0.667935509004576, -0.6679532272529711, -0.6679478985585453, -0.6679517404808826, -0.6679500772554806, -0.6679510315459273, -0.6679505700965712, -0.6679508183316162, -0.6679506941630664, -0.6679507596642806, -0.6679507265518659, -0.667950743910263, -0.6679507351045152]}
INFO:optim.ad_optim_lbfgs_mod:{"id": 97, "loss": -0.6679507351045152, "t_ctm": 1.376105460999952, "t_check": 1.0988987849998466}
INFO:__main__:Norm(sites): 3531.4602191025397, 4023.4294409887166, 4228.371044277646, 5047.960472391614
INFO:optim.ad_optim_lbfgs_mod:{"id": 97, "t_grad": 4.114465880000012, "grad_mag": [3.5427582483245997e-07, 2.543554108110277e-07, 3.8657483529183066e-07, 2.795540169482264e-07]}
INFO:__main__:{'history_length': 19, 'history': [-0.6606173254706089, -0.6667220204689414, -0.6676813915512052, -0.6678371433345134, -0.6679550034186005, -0.6679452657073801, -0.6679646720526506, -0.6679586610707364, -0.667962929464433, -0.6679610634646849, -0.6679621318143496, -0.667961612846224, -0.6679618922534472, -0.667961752046633, -0.6679618261252467, -0.6679617885714777, -0.667961808293368, -0.6679617982616907, -0.6679618035188054]}
INFO:optim.ad_optim_lbfgs_mod:{"id": 98, "loss": -0.6679618035188054, "t_ctm": 1.477204466999865, "t_check": 1.1608681430002434}
INFO:__main__:Norm(sites): 3557.761764376431, 4049.9280737965787, 4254.166755889293, 5071.991629674327
INFO:optim.ad_optim_lbfgs_mod:{"id": 98, "t_grad": 4.301806275999979, "grad_mag": [2.963399880234735e-07, 2.3899914987159504e-07, 3.143636251289536e-07, 2.421117961989155e-07]}
INFO:__main__:{'history_length': 19, 'history': [-0.6605965374325377, -0.6667229879345333, -0.6676873743300914, -0.6678441645067745, -0.6679630251628839, -0.6679532742325311, -0.6679728157326045, -0.6679667691406609, -0.667971063137157, -0.6679691847784455, -0.6679702588487338, -0.6679697363830508, -0.6679700171794598, -0.6679698760391761, -0.667969950466522, -0.6679699126684571, -0.6679699324789016, -0.6679699223837312, -0.667969927663413]}
INFO:optim.ad_optim_lbfgs_mod:{"id": 99, "loss": -0.667969927663413, "t_ctm": 1.4642843799997536, "t_check": 1.160273103999998}
INFO:__main__:Norm(sites): 3571.6728493611936, 4063.918815094314, 4268.431267032798, 5085.285556860924
INFO:optim.ad_optim_lbfgs_mod:{"id": 99, "t_grad": 4.34951007199993, "grad_mag": [2.2026602128786012e-07, 1.9877236789684503e-07, 2.452652091385462e-07, 2.098181628826988e-07]}
INFO:__main__:{'history_length': 19, 'history': [-0.6605965374325328, -0.6667229879345281, -0.667687374330089, -0.667844164506775, -0.6679630251628854, -0.6679532742325336, -0.667972815732605, -0.6679667691406601, -0.6679710631371587, -0.6679691847784404, -0.6679702588487311, -0.6679697363830525, -0.6679700171794606, -0.667969876039175, -0.6679699504665202, -0.667969912668456, -0.6679699324789021, -0.6679699223837319, -0.667969927663411]}
