INFO:__main__:{'history_length': 8, 'history': [0.4549819687365053, 0.45508997832645626, 0.4550643290073946, 0.4550656875879815, 0.4550651205085918, 0.45506513197951753, 0.4550651185176263, 0.4550651184702152]}
INFO:__main__:{'history_length': 8, 'history': [0.4549819687365053, 0.45508997832645626, 0.4550643290073946, 0.4550656875879815, 0.4550651205085918, 0.45506513197951753, 0.4550651185176263, 0.4550651184702152]}
INFO:optim.ad_optim_lbfgs_mod:{"id": 0, "loss": 0.4550651184702152, "t_ctm": 0.21090135, "t_check": 0.08829041400000026}
INFO:__main__:Norm(sites): 2.9973839729686396, 3.469310605316969, 3.1923946830159604, 3.197900681960951
INFO:optim.ad_optim_lbfgs_mod:{"id": 0, "t_grad": 0.6758526630000001, "grad_mag": [0.02158674909923902, 0.02100553687589286, 0.08719945340091634, 0.08705517543684493]}
INFO:__main__:{'history_length': 8, 'history': [0.4397687076398328, 0.4398911682184952, 0.43986678253278183, 0.4398686810776328, 0.4398681717594018, 0.43986820082217754, 0.4398681894491657, 0.43986818995945526]}
INFO:optim.ad_optim_lbfgs_mod:{"id": 1, "loss": 0.43986818995945526, "t_ctm": 0.21992385599999986, "t_check": 0.09082161200000005}
INFO:__main__:Norm(sites): 2.9974435986959165, 3.469359383681783, 3.193308069801803, 3.1988094821625683
INFO:optim.ad_optim_lbfgs_mod:{"id": 1, "t_grad": 0.6707040989999999, "grad_mag": [0.02606036640768061, 0.023286647001735498, 0.09998858038361587, 0.10150622440639978]}
INFO:__main__:{'history_length': 7, 'history': [0.41641276144683936, 0.4165499938401658, 0.41652869747122445, 0.4165312979209128, 0.4165309026966637, 0.41653095659885575, 0.41653094900100085]}
INFO:optim.ad_optim_lbfgs_mod:{"id": 2, "loss": 0.41653094900100085, "t_ctm": 0.17572540400000092, "t_check": 0.07364189399999965}
INFO:__main__:Norm(sites): 2.997556883540399, 3.4694375338186205, 3.194873103093213, 3.2004196001097114
INFO:optim.ad_optim_lbfgs_mod:{"id": 2, "t_grad": 0.587709706, "grad_mag": [0.033201711356447665, 0.02777407481308946, 0.11530306534823156, 0.11901395936162659]}
INFO:__main__:{'history_length': 7, 'history': [0.38483646813400063, 0.38498382341098025, 0.38496803448126093, 0.38497138744897125, 0.3849711701511389, 0.38497125467421006, 0.3849712527399707]}
INFO:optim.ad_optim_lbfgs_mod:{"id": 3, "loss": 0.3849712527399707, "t_ctm": 0.16867822599999815, "t_check": 0.07660695899999936}
INFO:__main__:Norm(sites): 2.9977407532502585, 3.4695487026847105, 3.1969530715584726, 3.2026317208335606
INFO:optim.ad_optim_lbfgs_mod:{"id": 3, "t_grad": 0.6103640690000001, "grad_mag": [0.042881342919634656, 0.03486319824554071, 0.13053901883722244, 0.1366767922594284]}
INFO:__main__:{'history_length': 7, 'history': [0.3435584324517218, 0.3437068371902581, 0.3436997189953314, 0.3437038669321227, 0.3437039045144449, 0.34370402622916535, 0.34370403215298523]}
INFO:optim.ad_optim_lbfgs_mod:{"id": 4, "loss": 0.34370403215298523, "t_ctm": 0.18817941100000013, "t_check": 0.07696041899999884}
INFO:__main__:Norm(sites): 2.9980474367941587, 3.4697238568642703, 3.1996170672732296, 3.205546830859233
INFO:optim.ad_optim_lbfgs_mod:{"id": 4, "t_grad": 0.7207570130000001, "grad_mag": [0.05519783181339772, 0.04479474807703125, 0.14410239079899634, 0.1526869085162667]}
INFO:__main__:{'history_length': 8, 'history': [0.2919752343848939, 0.2921148597702634, 0.29211952971944133, 0.29212451798375394, 0.29212489705187444, 0.29212506070372446, 0.29212507699233864, 0.29212508235616486]}
INFO:optim.ad_optim_lbfgs_mod:{"id": 5, "loss": 0.29212508235616486, "t_ctm": 0.22113265199999965, "t_check": 0.09989870800000045}
INFO:__main__:Norm(sites): 2.9985555245659423, 3.4700129988731114, 3.2028604209706266, 3.2091811692180823
INFO:optim.ad_optim_lbfgs_mod:{"id": 5, "t_grad": 0.6716929330000001, "grad_mag": [0.0699778615499601, 0.05745306711563743, 0.1539907390195, 0.16475000306634827]}
INFO:__main__:{'history_length': 8, 'history': [0.230930850776283, 0.2310491489150912, 0.2310683113161514, 0.2310735828324831, 0.23107440029233295, 0.2310745898590982, 0.23107462002034695, 0.23107462650515656]}
INFO:optim.ad_optim_lbfgs_mod:{"id": 6, "loss": 0.23107462650515656, "t_ctm": 0.1908217369999985, "t_check": 0.08543221699999926}
INFO:__main__:Norm(sites): 2.9993719567622876, 3.4704885920096835, 3.206560154421543, 3.2134072789446253
INFO:optim.ad_optim_lbfgs_mod:{"id": 6, "t_grad": 0.6633586290000002, "grad_mag": [0.08675471878024137, 0.07241177387500858, 0.15826649290581885, 0.17063887172287875]}
INFO:__main__:{'history_length': 8, 'history': [0.16278157666158258, 0.16286420318375905, 0.16289994520332757, 0.16290495732112192, 0.16290628647038613, 0.16290648256521667, 0.16290652959942686, 0.1629065365597232]}
INFO:optim.ad_optim_lbfgs_mod:{"id": 7, "loss": 0.1629065365597232, "t_ctm": 0.19354570199999976, "t_check": 0.08473796899999897}
INFO:__main__:Norm(sites): 3.0006263539872258, 3.4712439459457585, 3.210463565702096, 3.2179347359629826
INFO:optim.ad_optim_lbfgs_mod:{"id": 7, "t_grad": 0.6712893910000002, "grad_mag": [0.10478058289964245, 0.08894245914416259, 0.15573107076277096, 0.1689941053478801]}
INFO:__main__:{'history_length': 8, 'history': [0.09069621390662116, 0.09072307807862648, 0.09077642462553812, 0.09078030386041824, 0.09078220188014072, 0.09078237056028483, 0.09078243717673956, 0.09078244340197819]}
INFO:optim.ad_optim_lbfgs_mod:{"id": 8, "loss": 0.09078244340197819, "t_ctm": 0.20089960000000318, "t_check": 0.09103431700000186}
INFO:__main__:Norm(sites): 3.0024552430961347, 3.4723832296138766, 3.21423839705482, 3.222369155227174
INFO:optim.ad_optim_lbfgs_mod:{"id": 8, "t_grad": 0.6704642710000002, "grad_mag": [0.12306369328313886, 0.10604886352767381, 0.1464172329558376, 0.15991502250138923]}
INFO:__main__:{'history_length': 8, 'history': [0.017518885412393156, 0.017467339273209204, 0.017538066697952187, 0.017539635351585852, 0.017542125971756438, 0.01754221946223352, 0.017542307382375156, 0.01754231109256979]}
INFO:optim.ad_optim_lbfgs_mod:{"id": 9, "loss": 0.01754231109256979, "t_ctm": 0.19145676499999986, "t_check": 0.08559775400000191}
INFO:__main__:Norm(sites): 3.00497623275126, 3.474002253130992, 3.2175715188955762, 3.226334729531502
INFO:optim.ad_optim_lbfgs_mod:{"id": 9, "t_grad": 0.6649829650000001, "grad_mag": [0.1404047909534202, 0.12255204960654074, 0.13153953330649876, 0.14489991912864947]}
INFO:__main__:{'history_length': 4, 'history': [0.24755734951601086, 0.24755856828952327, 0.24755837902243122, 0.24755838370398434]}
INFO:optim.ad_optim_lbfgs_mod:{"id": 10, "loss": 0.24755838370398434, "t_ctm": 0.08446087000000091, "t_check": 0.035846140000000304}
INFO:__main__:Norm(sites): 19.866599479992033, 17.346733991956828, 21.926632637103246, 23.96421363839595
INFO:optim.ad_optim_lbfgs_mod:{"id": 10, "t_grad": 0.34794730299999976, "grad_mag": [0.002875896844927941, 0.0034023003491573073, 0.019992878774492143, 0.017877770234194998]}
INFO:__main__:{'history_length': 4, 'history': [0.14359044045131297, 0.14359358016991586, 0.14359341677614199, 0.14359342171797249]}
INFO:optim.ad_optim_lbfgs_mod:{"id": 11, "loss": 0.14359342171797249, "t_ctm": 0.08554178100000165, "t_check": 0.03643172399999983}
INFO:__main__:Norm(sites): 19.711947239711915, 17.189130464722837, 22.62121303832755, 24.623756778094474
INFO:optim.ad_optim_lbfgs_mod:{"id": 11, "t_grad": 0.38403074000000004, "grad_mag": [0.00609287755681195, 0.006205918395386871, 0.017638387198252444, 0.015796444224804338]}
INFO:__main__:{'history_length': 4, 'history': [-0.19212053946077098, -0.19211327233953646, -0.19211329749716588, -0.1921133008499633]}
INFO:optim.ad_optim_lbfgs_mod:{"id": 12, "loss": -0.1921133008499633, "t_ctm": 0.0793452150000018, "t_check": 0.036411686999999304}
INFO:__main__:Norm(sites): 19.12704312430663, 17.51101688853964, 44.863389182006166, 43.63681829852883
INFO:optim.ad_optim_lbfgs_mod:{"id": 12, "t_grad": 0.35796314599999945, "grad_mag": [0.005985081062162414, 0.011013557302238986, 0.008696748056641371, 0.0072665618595760895]}
INFO:__main__:{'history_length': 5, 'history': [-0.1994195776992873, -0.19944722613941818, -0.19944579315773886, -0.19944587522790638, -0.19944587197467353]}
INFO:optim.ad_optim_lbfgs_mod:{"id": 13, "loss": -0.19944587197467353, "t_ctm": 0.10600499599999758, "t_check": 0.04778992199999976}
INFO:__main__:Norm(sites): 20.784851253434685, 20.605632521618695, 49.047007898060095, 46.32076218907363
INFO:optim.ad_optim_lbfgs_mod:{"id": 13, "t_grad": 0.44278470899999967, "grad_mag": [0.01444562405997923, 0.01818063554566218, 0.009562281063579007, 0.011199739667525223]}
INFO:__main__:{'history_length': 4, 'history': [-0.35886514237229294, -0.35886458234708496, -0.358864710430865, -0.3588647170533523]}
INFO:optim.ad_optim_lbfgs_mod:{"id": 14, "loss": -0.3588647170533523, "t_ctm": 0.08071409899999793, "t_check": 0.03714055400000049}
INFO:__main__:Norm(sites): 20.58368225230008, 20.086610499713313, 43.158690070672506, 40.90397918787557
INFO:optim.ad_optim_lbfgs_mod:{"id": 14, "t_grad": 0.36147932499999946, "grad_mag": [0.005284884587894755, 0.010881368376172578, 0.008913719992471187, 0.012265829439456623]}
INFO:__main__:{'history_length': 14, 'history': [0.12323880430940512, 0.1254560760050923, 0.128502370103097, 0.1282807396756278, 0.1279628273613084, 0.1279858091254356, 0.1280183676044976, 0.12801601248820393, 0.1280126728595457, 0.12801291441301288, 0.12801325691510748, 0.1280132321425706, 0.12801319701603062, 0.12801319955660317]}
INFO:optim.ad_optim_lbfgs_mod:{"id": 15, "loss": 0.12801319955660317, "t_ctm": 0.34796652599999867, "t_check": 0.16182288800000144}
INFO:__main__:Norm(sites): 32.59072265795575, 26.122833666575822, 60.346126050587166, 53.64107617815826
INFO:optim.ad_optim_lbfgs_mod:{"id": 15, "t_grad": 1.1307448840000003, "grad_mag": [0.01527509567278837, 0.027289929247706624, 0.007901906003476483, 0.003340575991674118]}
INFO:__main__:{'history_length': 24, 'history': [-0.13978245354000096, -0.12877950904695099, -0.12224648630927579, -0.13322003673165517, -0.13604559278993922, -0.13303026246331262, -0.13236403779612502, -0.13264924243464998, -0.13267088458716217, -0.13281191353613375, -0.1328595766431051, -0.13278019642804556, -0.13275959302108253, -0.132778974297542, -0.13278306432387918, -0.13278211814106217, -0.1327822421806607, -0.1327809843381182, -0.13278059159120215, -0.1327811658936225, -0.13278130992970405, -0.13278118983636608, -0.132781166215511, -0.1327811651508185]}
INFO:optim.ad_optim_lbfgs_mod:{"id": 16, "loss": -0.1327811651508185, "t_ctm": 0.654263148000009, "t_check": 0.29499252600000325}
INFO:__main__:Norm(sites): 70.55104249923177, 49.671920662497854, 163.5621227419051, 144.75907906022127
INFO:optim.ad_optim_lbfgs_mod:{"id": 16, "t_grad": 1.917137812, "grad_mag": [0.010073339903594623, 0.012007724314479643, 0.0010062593046898253, 0.0012524143727292907]}
INFO:__main__:{'history_length': 50, 'history': [-0.2715582760744243, -0.2997116632702526, -0.29928262068443645, -0.29281023665906625, -0.2808881950165081, -0.2798572016940235, -0.2887808115232072, -0.2920806355857969, -0.2907022368322305, -0.28722894870887955, -0.28479957685320595, -0.28667183159620896, -0.2890828670176843, -0.2891953192761994, -0.28806482259264066, -0.2871016178311159, -0.2871101348138589, -0.2878812374429567, -0.288374616110688, -0.2881239820858277, -0.2876700627422702, -0.28755957237546254, -0.2877466024128349, -0.2879517313448243, -0.2879875147976762, -0.2878530550551236, -0.2877389319143927, -0.2877688113806471, -0.2878539708349338, -0.28788657816426455, -0.2878612058047798, -0.28781902309898805, -0.2878042341443595, -0.287827344334047, -0.2878515819547063, -0.2878496148147984, -0.28783458602056594, -0.2878261867707643, -0.2878288906420017, -0.2878372027215535, -0.287841402195651, -0.28783771328117513, -0.2878327983676018, -0.2878324242509579, -0.2878349422941022, -0.28783689334023593, -0.2878368164982635, -0.2878352491743891, -0.28783421205890447, -0.2878347465600437]}
INFO:optim.ad_optim_lbfgs_mod:{"id": 17, "loss": -0.2878347465600437, "t_ctm": 1.3231882199999845, "t_check": 0.5897769510000153}
INFO:__main__:Norm(sites): 78.21765235386859, 56.32497128704658, 182.6697311585715, 161.56929991224644
INFO:optim.ad_optim_lbfgs_mod:{"id": 17, "t_grad": 3.915331375000001, "grad_mag": [0.005157697037775854, 0.007151840874155658, 0.00046351766290161884, 0.000617195907812987]}
INFO:__main__:{'history_length': 50, 'history': [-0.3569919106772787, -0.36734269779884177, -0.364388466820298, -0.3617290356503613, -0.3550268127789554, -0.3530021834345719, -0.3652815325525882, -0.3650545779002275, -0.36111196949215113, -0.3596168369464982, -0.35555926282200623, -0.3592842976710949, -0.36457069581804363, -0.36248233437490623, -0.3597603446289205, -0.3584269376878643, -0.3586582713440565, -0.3613927484731821, -0.3626675667977521, -0.361182761821433, -0.35914953266762467, -0.35894685936639387, -0.3605743770751952, -0.3615304676503813, -0.3613294268139557, -0.36041187467107955, -0.35935179562191905, -0.359849002614823, -0.3611200029947529, -0.3611722276156921, -0.3605836324762684, -0.36010292493056256, -0.3598864434943043, -0.36041492466080616, -0.3610283262430558, -0.3608058177689708, -0.3602696972311742, -0.360127800715316, -0.36031823886480935, -0.360621680044692, -0.3607842487520004, -0.36055559621730143, -0.36022889008538, -0.3602751391590193, -0.36052927979450866, -0.36063234957948, -0.3605831846827585, -0.3604339779169996, -0.3603078365157699, -0.36040539688535644]}
INFO:optim.ad_optim_lbfgs_mod:{"id": 18, "loss": -0.36040539688535644, "t_ctm": 1.3157379940000062, "t_check": 0.5962364059999956}
INFO:__main__:Norm(sites): 77.5652652892855, 57.530755498111546, 180.6247751833856, 159.90729891514067
INFO:optim.ad_optim_lbfgs_mod:{"id": 18, "t_grad": 3.936002748, "grad_mag": [0.004267112034457294, 0.006070099044045956, 0.0004598947993812029, 0.0004575492645213365]}
INFO:__main__:{'history_length': 50, 'history': [-0.41777634810468756, -0.4177118834571595, -0.42126838710417047, -0.4208437276321791, -0.4259587081454885, -0.4256266898549585, -0.4204445390116255, -0.41927974893081915, -0.42103626094661306, -0.4214655988731793, -0.42423835202664517, -0.4242812307263023, -0.4216186820595968, -0.42044571693387844, -0.4215110224165156, -0.4218364800889267, -0.42167639692012965, -0.4234012300617732, -0.42194780908834345, -0.4209952472444365, -0.42112915315871613, -0.42190819033937466, -0.4228689379360021, -0.37292102352974554, -0.4155604042961156, -0.42564116764288695, -0.4215732253475212, -0.42348602894762255, -0.42268175437826017, -0.42274370569699726, -0.4220495134655798, -0.42175321345154104, -0.4217029401383595, -0.4220612158581712, -0.4220621816552328, -0.42232345518692027, -0.42216826584710854, -0.4218255408558448, -0.42205469660613504, -0.4220025426901577, -0.42220378227918975, -0.42219564702059087, -0.42210338081195065, -0.4220012325481502, -0.42208440204393016, -0.42180943916164054, -0.42237713260215554, -0.4223138376400625, -0.42214329218342855, -0.4220642116124843]}
INFO:optim.ad_optim_lbfgs_mod:{"id": 19, "loss": -0.4220642116124843, "t_ctm": 1.2953289169999813, "t_check": 0.5883708189999943}
INFO:__main__:Norm(sites): 83.48688746308619, 75.19222190293365, 163.19004000516918, 144.39056515398448
INFO:optim.ad_optim_lbfgs_mod:{"id": 19, "t_grad": 4.0686413560000005, "grad_mag": [5516098.520981842, 11916088.818957714, 2910825.656297018, 61818195.76310224]}
INFO:__main__:{'history_length': 50, 'history': [-0.4385455186024769, -0.4406250181305029, -0.43715488690501514, -0.4301147764005878, -0.4342270348499815, -0.43793630236327297, -0.4382317427625342, -0.43888917421175927, -0.4373945395864064, -0.43296494465307445, -0.4337669697672026, -0.43661711930107333, -0.43786538380929324, -0.43803192414843756, -0.43712376666777025, -0.4345155219617983, -0.43404494162269813, -0.43583519492495276, -0.4373871900147619, -0.4375071245954023, -0.43690566536047076, -0.43537673973985175, -0.4345012497045688, -0.43547093478616716, -0.4369307565252877, -0.43713370041736554, -0.4367445728898033, -0.4358377700647572, -0.4349414187387362, -0.4353742499620579, -0.43656234127762145, -0.43683869105260004, -0.4366224655935974, -0.4360744775603812, -0.43529773333878885, -0.4354211018707773, -0.4362986169439041, -0.43660028774385684, -0.4365218831440716, -0.4361873143345346, -0.43556276958390294, -0.4355285892947215, -0.4361288984798319, -0.436412808907192, -0.4364334580974737, -0.4362318290435631, -0.43575047467594696, -0.4356491893102227, -0.4360317300412047, -0.4362724317632209]}
INFO:optim.ad_optim_lbfgs_mod:{"id": 20, "loss": -0.4362724317632209, "t_ctm": 1.4329190870000303, "t_check": 0.6739650519999998}
INFO:__main__:Norm(sites): 93.57090475854375, 84.61333081251354, 188.8724999313192, 166.52564352828367
INFO:optim.ad_optim_lbfgs_mod:{"id": 20, "t_grad": 5.158086582999999, "grad_mag": [0.003296731198455369, 0.0027243584586305043, 0.0006665299905363617, 0.0010583959085446965]}
INFO:__main__:{'history_length': 50, 'history': [-0.46638013889572666, -0.4666407230464755, -0.46543609144037984, -0.46298658545461135, -0.4637862296297635, -0.4674651671783222, -0.46642539496074475, -0.4665338373053657, -0.4654300288834343, -0.46349552805315536, -0.46387426141358756, -0.4667531643628051, -0.4664530602239143, -0.4663002968129826, -0.4654715947909916, -0.46389474754896703, -0.4639743893368982, -0.4666412906888372, -0.4664284292653391, -0.46612769667119847, -0.46549143546008975, -0.4642023451780253, -0.4640893260733955, -0.4663100650270091, -0.4663597079596429, -0.46599845091118697, -0.4655036325718649, -0.4644442295908475, -0.464210560807389, -0.46590451554739837, -0.4663108483224727, -0.4658944228776085, -0.4655103796372946, -0.4646308155259723, -0.46433122815945693, -0.4658870479016572, -0.46620085498027225, -0.4658279097410433, -0.46551612096704, -0.46477892732268944, -0.4644470221942682, -0.4657703628338866, -0.46611693883667904, -0.4657689722164112, -0.4655188443530962, -0.4648959818651389, -0.46455541058455496, -0.4656763549368545, -0.4660349745765053, -0.4657215790412401]}
INFO:optim.ad_optim_lbfgs_mod:{"id": 21, "loss": -0.4657215790412401, "t_ctm": 1.318321547000032, "t_check": 0.598891478000013}
INFO:__main__:Norm(sites): 87.7829258332812, 74.75422469811467, 189.45364488835898, 167.25194319285242
INFO:optim.ad_optim_lbfgs_mod:{"id": 21, "t_grad": 4.034790422, "grad_mag": [0.0017641973197060705, 0.002345900630046613, 0.0006428426728918277, 0.0009737799493575224]}
INFO:__main__:{'history_length': 13, 'history': [0.0035106278465849997, 0.0014663715925713897, 0.00273607154124647, 0.003482301025605694, 0.003423911487366909, 0.003322179405637877, 0.003321252869743073, 0.0033312923524041254, 0.0033319092116110335, 0.0033311427527905786, 0.0033310528941004596, 0.003331093135315234, 0.003331102354989272]}
INFO:optim.ad_optim_lbfgs_mod:{"id": 22, "loss": 0.003331102354989272, "t_ctm": 0.5528680020000039, "t_check": 0.22881344899997202}
INFO:__main__:Norm(sites): 5278.794861215544, 8825.127465752852, 8361.198567517544, 7090.5122464876995
INFO:optim.ad_optim_lbfgs_mod:{"id": 22, "t_grad": 1.3837939260000027, "grad_mag": [0.00010986692595077529, 5.3969643713726926e-05, 4.8094880820813637e-05, 2.6399826997775706e-05]}
INFO:__main__:{'history_length': 14, 'history': [-0.017352146536733344, -0.019225329160676808, -0.017804407603751626, -0.01700610047701058, -0.01707834887692322, -0.017192264065038397, -0.017192065117676264, -0.01718017023301155, -0.017179615948349408, -0.017180612007817897, -0.017180702989491044, -0.017180638665692586, -0.01718062848066816, -0.017180630789949556]}
INFO:optim.ad_optim_lbfgs_mod:{"id": 23, "loss": -0.017180630789949556, "t_ctm": 0.36439943299999555, "t_check": 0.1699341679999975}
INFO:__main__:Norm(sites): 5424.258047967646, 8973.291297203345, 8509.26949308716, 7224.209401145402
INFO:optim.ad_optim_lbfgs_mod:{"id": 23, "t_grad": 1.1656792670000016, "grad_mag": [0.00011406489355143903, 5.501491383898214e-05, 4.895320345828957e-05, 2.6660911088776338e-05]}
INFO:__main__:{'history_length': 13, 'history': [-0.038390741099770184, -0.03983732597463879, -0.0383401866918916, -0.03754097030547385, -0.037621874933333466, -0.03774076685876648, -0.037739531891981586, -0.03772643894670677, -0.03772600052975088, -0.03772718610934403, -0.03772726798724847, -0.03772717894728122, -0.03772716907297448]}
INFO:optim.ad_optim_lbfgs_mod:{"id": 24, "loss": -0.03772716907297448, "t_ctm": 0.3806794780000047, "t_check": 0.1759116340000091}
INFO:__main__:Norm(sites): 5564.532017972928, 9112.906164538785, 8644.30545761972, 7346.083712257562
INFO:optim.ad_optim_lbfgs_mod:{"id": 24, "t_grad": 1.1024112420000023, "grad_mag": [0.00011628413806824984, 5.60247810615712e-05, 4.964379711376392e-05, 2.7003015703866998e-05]}
INFO:__main__:{'history_length': 8, 'history': [-0.3339494963001629, -0.3336873573199089, -0.33357437962169134, -0.3335789258931524, -0.33358114891140006, -0.3335810597062336, -0.3335810159657458, -0.3335810177208403]}
INFO:optim.ad_optim_lbfgs_mod:{"id": 25, "loss": -0.3335810177208403, "t_ctm": 0.19458128499999816, "t_check": 0.0862066480000081}
INFO:__main__:Norm(sites): 37829.481242292946, 38200.7414677961, 33666.2494505329, 28292.52738704256
INFO:optim.ad_optim_lbfgs_mod:{"id": 25, "t_grad": 0.6622118189999995, "grad_mag": [8.213979928554687e-06, 7.778512267570047e-06, 5.735264529953471e-06, 1.6722962664819303e-05]}
INFO:__main__:{'history_length': 8, 'history': [-0.36802354978655866, -0.36777841177139176, -0.3676528205681745, -0.36765676522596313, -0.36765913131278893, -0.3676590572680809, -0.3676590127069258, -0.3676590141013119]}
INFO:optim.ad_optim_lbfgs_mod:{"id": 26, "loss": -0.3676590141013119, "t_ctm": 0.19351827899998852, "t_check": 0.08542922099999117}
INFO:__main__:Norm(sites): 38498.35821179781, 38802.61353468934, 33409.45022753533, 28800.07179475734
INFO:optim.ad_optim_lbfgs_mod:{"id": 26, "t_grad": 0.6946581139999992, "grad_mag": [6.915722332596534e-06, 6.587910215099995e-06, 6.518257424660033e-06, 1.5552224214191314e-05]}
INFO:__main__:{'history_length': 7, 'history': [-0.5204990713310981, -0.5204142412503393, -0.5203186930421252, -0.520319806706322, -0.520320683376393, -0.5203206733738971, -0.520320665102808]}
INFO:optim.ad_optim_lbfgs_mod:{"id": 27, "loss": -0.520320665102808, "t_ctm": 0.1676388529999926, "t_check": 0.07355943899999318}
INFO:__main__:Norm(sites): 43048.778251417796, 43961.73251730258, 28503.16081773178, 30001.829459016455
INFO:optim.ad_optim_lbfgs_mod:{"id": 27, "t_grad": 0.6107294470000042, "grad_mag": [5.811771081444698e-06, 5.560860320557842e-06, 9.011348560698822e-06, 3.1615580477971418e-06]}
INFO:__main__:{'history_length': 6, 'history': [-0.5707089354970611, -0.5705733335549121, -0.570556600135087, -0.570557018812563, -0.5705571087088863, -0.5705571065288311]}
INFO:optim.ad_optim_lbfgs_mod:{"id": 28, "loss": -0.5705571065288311, "t_ctm": 0.1428088149999951, "t_check": 0.06399556300000597}
INFO:__main__:Norm(sites): 46012.082292527906, 47441.62310223921, 26472.074094422685, 30110.628942631534
INFO:optim.ad_optim_lbfgs_mod:{"id": 28, "t_grad": 0.5568411060000003, "grad_mag": [4.013876554205172e-06, 3.563072381009639e-06, 2.5644672366172087e-06, 4.779153710218289e-06]}
INFO:__main__:{'history_length': 6, 'history': [-0.5870317287467495, -0.5866357238673302, -0.5866401797652736, -0.5866400997559702, -0.5866402110192541, -0.5866402077619365]}
INFO:optim.ad_optim_lbfgs_mod:{"id": 29, "loss": -0.5866402077619365, "t_ctm": 0.15002961200000442, "t_check": 0.07303304000000566}
INFO:__main__:Norm(sites): 46532.30975173022, 48103.37412700089, 26293.29869351473, 30121.641595440986
INFO:optim.ad_optim_lbfgs_mod:{"id": 29, "t_grad": 0.5746490529999946, "grad_mag": [3.872864468731823e-06, 3.2480327976347986e-06, 4.6718662804016094e-06, 2.63411252916734e-06]}
INFO:__main__:{'history_length': 7, 'history': [-0.6025706217898491, -0.6020938992930654, -0.6021228919114521, -0.6021214607703633, -0.6021217152368894, -0.6021217008129264, -0.6021217018107927]}
INFO:optim.ad_optim_lbfgs_mod:{"id": 30, "loss": -0.6021217018107927, "t_ctm": 0.17821035799999407, "t_check": 0.07761533600000092}
INFO:__main__:Norm(sites): 47142.29691374931, 48740.036407378626, 26529.529636367544, 30262.818319931474
INFO:optim.ad_optim_lbfgs_mod:{"id": 30, "t_grad": 0.6170357170000003, "grad_mag": [2.9734159750629386e-06, 3.20152181917413e-06, 3.136608543110057e-06, 2.1009127800968826e-06]}
INFO:__main__:{'history_length': 11, 'history': [-0.604590896578496, -0.6016096733241969, -0.6027603180974276, -0.6025535653103014, -0.602596488832567, -0.6025885622975903, -0.6025904050312889, -0.6025900464480693, -0.6025901223895793, -0.6025901088102453, -0.6025901116311284]}
INFO:optim.ad_optim_lbfgs_mod:{"id": 31, "loss": -0.6025901116311284, "t_ctm": 0.29271975199999645, "t_check": 0.13088648000000092}
INFO:__main__:Norm(sites): 51964.67419598392, 53531.275921004184, 26566.052468368307, 30941.41761645494
INFO:optim.ad_optim_lbfgs_mod:{"id": 31, "t_grad": 0.9849662069999994, "grad_mag": [5.195688819178069e-06, 4.329656190524531e-06, 6.713033323029775e-06, 4.443839062324717e-06]}
INFO:__main__:{'history_length': 9, 'history': [-0.629009839559127, -0.6279039868458967, -0.6281317811259362, -0.6280906538886128, -0.6280974457829878, -0.6280963940108398, -0.6280965657884474, -0.6280965393793243, -0.628096543641594]}
INFO:optim.ad_optim_lbfgs_mod:{"id": 32, "loss": -0.628096543641594, "t_ctm": 0.2340420219999899, "t_check": 0.10636459800000608}
INFO:__main__:Norm(sites): 50044.59401498949, 51869.80598612407, 28000.521209826282, 31163.48515337019
INFO:optim.ad_optim_lbfgs_mod:{"id": 32, "t_grad": 0.7641631289999964, "grad_mag": [2.0951905682923483e-06, 2.02182477994567e-06, 3.673523062485164e-06, 3.5671301652085736e-06]}
INFO:__main__:{'history_length': 9, 'history': [-0.6366853064156933, -0.6359596932863336, -0.6361059151163562, -0.6360830177615228, -0.6360866993905657, -0.636086179038982, -0.6360862628907553, -0.6360862506982448, -0.6360862526376199]}
INFO:optim.ad_optim_lbfgs_mod:{"id": 33, "loss": -0.6360862526376199, "t_ctm": 0.22236839299999644, "t_check": 0.09783175200001892}
INFO:__main__:Norm(sites): 49985.004294935454, 51802.89400459501, 27730.370684598725, 31202.7275418394
INFO:optim.ad_optim_lbfgs_mod:{"id": 33, "t_grad": 0.8313980349999923, "grad_mag": [1.6888146663759188e-06, 1.219139552005655e-06, 1.980202858344252e-06, 1.8017846706891275e-06]}
INFO:__main__:{'history_length': 9, 'history': [-0.6461838553371385, -0.6454911927512302, -0.6456291620043382, -0.6456017178004059, -0.6456064083533287, -0.6456055913344219, -0.6456057356116236, -0.6456057097348216, -0.6456057143104652]}
INFO:optim.ad_optim_lbfgs_mod:{"id": 34, "loss": -0.6456057143104652, "t_ctm": 0.22077938599998959, "t_check": 0.10543729499998733}
INFO:__main__:Norm(sites): 50884.10474484225, 52735.911087259636, 27801.086949063567, 31462.397399011246
INFO:optim.ad_optim_lbfgs_mod:{"id": 34, "t_grad": 0.7671306920000092, "grad_mag": [1.572634256580983e-06, 1.3182787612402752e-06, 1.5283778009377817e-06, 1.1941365084250998e-06]}
INFO:__main__:{'history_length': 9, 'history': [-0.648763032760024, -0.6483540856762491, -0.6484422379111471, -0.6484200535320215, -0.6484240197781781, -0.648423247998154, -0.648423388043046, -0.6484233597566832, -0.6484233649274287]}
INFO:optim.ad_optim_lbfgs_mod:{"id": 35, "loss": -0.6484233649274287, "t_ctm": 0.22675311899996586, "t_check": 0.09813129100001561}
INFO:__main__:Norm(sites): 51216.14061883608, 53052.398675689445, 28065.633258621605, 31610.337517409043
INFO:optim.ad_optim_lbfgs_mod:{"id": 35, "t_grad": 0.9571067109999944, "grad_mag": [1.384924955127734e-06, 1.1854741586497897e-06, 1.2134602910389535e-06, 1.133729062962721e-06]}
INFO:__main__:{'history_length': 9, 'history': [-0.6521213812637324, -0.6519091503225365, -0.6519492702673149, -0.6519381595479212, -0.6519402824183123, -0.6519398964043475, -0.651939968301661, -0.6519399545557375, -0.651939957174101]}
INFO:optim.ad_optim_lbfgs_mod:{"id": 36, "loss": -0.651939957174101, "t_ctm": 0.22190037099994697, "t_check": 0.10023362600000496}
INFO:__main__:Norm(sites): 51428.59261670065, 53099.91852305437, 28391.588751966916, 31798.389085385355
INFO:optim.ad_optim_lbfgs_mod:{"id": 36, "t_grad": 0.795978943999998, "grad_mag": [1.2504805810614905e-06, 1.10726263878926e-06, 9.15067721697996e-07, 8.486130685658853e-07]}
INFO:__main__:{'history_length': 8, 'history': [-0.6555475715784601, -0.6553588728167937, -0.6553810625818385, -0.6553775442033032, -0.6553785341223016, -0.6553783889460033, -0.6553784218915286, -0.6553784173466758]}
INFO:optim.ad_optim_lbfgs_mod:{"id": 37, "loss": -0.6553784173466758, "t_ctm": 0.23372522999999035, "t_check": 0.10210217800000976}
INFO:__main__:Norm(sites): 51912.17375347353, 53096.989288403216, 28683.56795471002, 32116.32936984349
INFO:optim.ad_optim_lbfgs_mod:{"id": 37, "t_grad": 0.7312898840000059, "grad_mag": [1.2760897270320213e-06, 1.2217929153169677e-06, 1.0904390313181958e-06, 8.580365618079926e-07]}
INFO:__main__:{'history_length': 9, 'history': [-0.6574175081924674, -0.6572191606155982, -0.6572594168908682, -0.6572540764865278, -0.6572554603435166, -0.6572552123873154, -0.6572552706739734, -0.6572552600650842, -0.6572552625470254]}
INFO:optim.ad_optim_lbfgs_mod:{"id": 38, "loss": -0.6572552625470254, "t_ctm": 0.2124277579999898, "t_check": 0.09978045699999427}
INFO:__main__:Norm(sites): 51704.62052600178, 52555.325963806856, 28696.95955142592, 32100.420747226817
INFO:optim.ad_optim_lbfgs_mod:{"id": 38, "t_grad": 0.7977082729999978, "grad_mag": [6.781554363212844e-07, 6.085596868864715e-07, 7.872282625572282e-07, 5.586092845055617e-07]}
INFO:__main__:{'history_length': 8, 'history': [-0.6581576425534685, -0.6581262111183217, -0.6581588085877175, -0.658155883864167, -0.6581569230349669, -0.6581567783736133, -0.6581568264706921, -0.6581568193833384]}
INFO:optim.ad_optim_lbfgs_mod:{"id": 39, "loss": -0.6581568193833384, "t_ctm": 0.19119255700002213, "t_check": 0.08635973300000899}
INFO:__main__:Norm(sites): 51697.345907041556, 52322.45154355281, 28808.527947966708, 32187.01079060147
INFO:optim.ad_optim_lbfgs_mod:{"id": 39, "t_grad": 0.7268678119999947, "grad_mag": [3.1414404164588854e-07, 3.6547490635111423e-07, 3.182236234353434e-07, 3.462207812773731e-07]}
INFO:__main__:{'history_length': 8, 'history': [-0.6584444124404567, -0.6584947011291706, -0.6585256763980082, -0.6585233930953917, -0.658524437624175, -0.658524330564128, -0.658524379879361, -0.6585243744135195]}
INFO:optim.ad_optim_lbfgs_mod:{"id": 40, "loss": -0.6585243744135195, "t_ctm": 0.19949706800002787, "t_check": 0.09097090199999514}
INFO:__main__:Norm(sites): 51754.72783911118, 52280.88941991555, 28955.280037057943, 32300.439520555086
INFO:optim.ad_optim_lbfgs_mod:{"id": 40, "t_grad": 0.7166388640000037, "grad_mag": [3.5723064243921584e-07, 3.351290675971363e-07, 3.026728306471511e-07, 2.5883703266688094e-07]}
INFO:__main__:{'history_length': 8, 'history': [-0.6588349979849795, -0.6589555869810252, -0.6589863328076772, -0.6589831590525629, -0.6589843554873458, -0.6589842233368166, -0.6589842778518588, -0.6589842717202887]}
INFO:optim.ad_optim_lbfgs_mod:{"id": 41, "loss": -0.6589842717202887, "t_ctm": 0.19889591399999063, "t_check": 0.08862670000000605}
INFO:__main__:Norm(sites): 51874.12973713722, 52288.248536774714, 29222.14731591132, 32500.12766432284
INFO:optim.ad_optim_lbfgs_mod:{"id": 41, "t_grad": 0.7196184700000003, "grad_mag": [3.5219415263771184e-07, 2.4855662729624976e-07, 3.840809466394213e-07, 2.303159312800868e-07]}
INFO:__main__:{'history_length': 9, 'history': [-0.6592403708789212, -0.6593769604623886, -0.6594080454488198, -0.6594022526753193, -0.6594036323109481, -0.6594033899780722, -0.6594034490016685, -0.6594034385771481, -0.6594034411712419]}
INFO:optim.ad_optim_lbfgs_mod:{"id": 42, "loss": -0.6594034411712419, "t_ctm": 0.2259344650000088, "t_check": 0.09978060299997082}
INFO:__main__:Norm(sites): 52002.026682340984, 52357.79101479595, 29495.318883978416, 32660.205896058094
INFO:optim.ad_optim_lbfgs_mod:{"id": 42, "t_grad": 0.8093369199999927, "grad_mag": [2.3375721241632145e-07, 2.0054130721510343e-07, 2.7014457256481774e-07, 1.8734663779345448e-07]}
INFO:__main__:{'history_length': 9, 'history': [-0.6595019441343889, -0.6596689210925283, -0.6596970621540015, -0.6596911277031013, -0.6596924652860747, -0.6596922126471465, -0.6596922689068464, -0.6596922582177591, -0.6596922606081783]}
INFO:optim.ad_optim_lbfgs_mod:{"id": 43, "loss": -0.6596922606081783, "t_ctm": 0.2188939389999831, "t_check": 0.09918254499997659}
INFO:__main__:Norm(sites): 52159.43087053535, 52554.13855867071, 29594.092610647414, 32632.35526002737
INFO:optim.ad_optim_lbfgs_mod:{"id": 43, "t_grad": 0.8021275650000064, "grad_mag": [2.1669502976367852e-07, 1.5473914598680878e-07, 1.6338961244044324e-07, 1.562804768151299e-07]}
INFO:__main__:{'history_length': 8, 'history': [-0.6596013902742539, -0.6598458177332525, -0.6598578133167728, -0.6598551760860423, -0.6598558112467715, -0.6598557018159222, -0.6598557270050911, -0.6598557226453587]}
INFO:optim.ad_optim_lbfgs_mod:{"id": 44, "loss": -0.6598557226453587, "t_ctm": 0.19156749799998352, "t_check": 0.08846006899999281}
INFO:__main__:Norm(sites): 52303.463178206024, 52773.03964501717, 29598.75990011083, 32549.945106521594
INFO:optim.ad_optim_lbfgs_mod:{"id": 44, "t_grad": 0.7154305510000114, "grad_mag": [1.7789043046091196e-07, 1.2824941359148987e-07, 1.4904164875494306e-07, 1.1472905957779885e-07]}
INFO:__main__:{'history_length': 6, 'history': [-0.6596730262599906, -0.6599646935010665, -0.6599668843339034, -0.6599665114014892, -0.6599666876899073, -0.6599666779457551]}
INFO:optim.ad_optim_lbfgs_mod:{"id": 45, "loss": -0.6599666779457551, "t_ctm": 0.14270903499999577, "t_check": 0.06333256599998549}
INFO:__main__:Norm(sites): 52438.6381205566, 53023.72596484775, 29555.945066937184, 32417.269699616474
INFO:optim.ad_optim_lbfgs_mod:{"id": 45, "t_grad": 0.5535338969999941, "grad_mag": [1.4655007096354843e-07, 1.0869037799347375e-07, 1.6710997569491997e-07, 1.3659145496671448e-07]}
INFO:__main__:{'history_length': 8, 'history': [-0.6597248345600648, -0.6600995569391396, -0.6600833189213591, -0.6600869935323253, -0.6600862855529779, -0.6600864622889163, -0.6600864286139345, -0.6600864366100413]}
INFO:optim.ad_optim_lbfgs_mod:{"id": 46, "loss": -0.6600864366100413, "t_ctm": 0.21649615000001177, "t_check": 0.10392575099999135}
INFO:__main__:Norm(sites): 52770.383853095474, 53531.3109424205, 29597.396406391243, 32258.425828238163
INFO:optim.ad_optim_lbfgs_mod:{"id": 46, "t_grad": 0.7795893229999962, "grad_mag": [1.1332898721380427e-07, 1.2151379354312176e-07, 1.8186090808832423e-07, 1.8813505355275662e-07]}
INFO:__main__:{'history_length': 8, 'history': [-0.6597883992368133, -0.6601752762679592, -0.6601571731640452, -0.6601611621385409, -0.6601603324612386, -0.6601605349483198, -0.6601604938213064, -0.6601605033742901]}
INFO:optim.ad_optim_lbfgs_mod:{"id": 47, "loss": -0.6601605033742901, "t_ctm": 0.18816051999999672, "t_check": 0.08500510399998973}
INFO:__main__:Norm(sites): 52848.16450347928, 53682.58313990904, 29557.363219670257, 32167.331344796326
INFO:optim.ad_optim_lbfgs_mod:{"id": 47, "t_grad": 0.6991553630000027, "grad_mag": [1.1750215221240213e-07, 1.2431433179066705e-07, 8.81148930310121e-08, 9.531415903352968e-08]}
INFO:__main__:{'history_length': 8, 'history': [-0.6598389749239032, -0.6602266302192463, -0.6602121917021736, -0.6602150259149013, -0.6602144368902779, -0.6602145855509873, -0.6602145550158104, -0.6602145622828606]}
INFO:optim.ad_optim_lbfgs_mod:{"id": 48, "loss": -0.6602145622828606, "t_ctm": 0.18648955500003694, "t_check": 0.08427434099998266}
INFO:__main__:Norm(sites): 52932.48429295439, 53825.04082737871, 29575.411330184033, 32111.963986805804
INFO:optim.ad_optim_lbfgs_mod:{"id": 48, "t_grad": 0.6729309819999969, "grad_mag": [1.2150673460785754e-07, 1.0910762416146262e-07, 1.0910775841928839e-07, 9.385464716987684e-08]}
INFO:__main__:{'history_length': 7, 'history': [-0.6599051577063093, -0.6602826729678298, -0.6602764147500164, -0.6602767650711315, -0.6602767346713276, -0.6602767512433068, -0.6602767485655197]}
INFO:optim.ad_optim_lbfgs_mod:{"id": 49, "loss": -0.6602767485655197, "t_ctm": 0.16473221700000806, "t_check": 0.07329669000000649}
INFO:__main__:Norm(sites): 53083.18826826141, 54071.30702467037, 29655.325766597332, 32051.483631732972
INFO:optim.ad_optim_lbfgs_mod:{"id": 49, "t_grad": 0.5912487740000074, "grad_mag": [1.072634040524618e-07, 9.285693877099034e-08, 1.0603719928732098e-07, 7.41289816305698e-08]}
INFO:__main__:{'history_length': 9, 'history': [-0.6599769969655761, -0.6603478993872486, -0.6603541587948334, -0.6603506175889684, -0.6603515472120938, -0.6603513237519452, -0.6603513756992823, -0.6603513633542519, -0.6603513662105946]}
INFO:optim.ad_optim_lbfgs_mod:{"id": 50, "loss": -0.6603513662105946, "t_ctm": 0.22791505799999356, "t_check": 0.10754468099997894}
INFO:__main__:Norm(sites): 53399.02700545748, 54545.18006954088, 29804.259542659493, 31948.08307461357
INFO:optim.ad_optim_lbfgs_mod:{"id": 50, "t_grad": 0.7557614720000032, "grad_mag": [1.128194937191475e-07, 9.512677448007048e-08, 1.1450193567109255e-07, 1.492584104503831e-07]}
INFO:__main__:{'history_length': 9, 'history': [-0.6600292817763124, -0.6603980450751623, -0.6604075217971194, -0.6604026525791081, -0.6604039346161212, -0.6604036157375245, -0.6604036897570993, -0.6604036721819732, -0.6604036757659486]}
INFO:optim.ad_optim_lbfgs_mod:{"id": 51, "loss": -0.6604036757659486, "t_ctm": 0.21949341300000924, "t_check": 0.09745016099999759}
INFO:__main__:Norm(sites): 53611.83827684275, 54873.24214506761, 29949.200262757986, 31900.385863101423
INFO:optim.ad_optim_lbfgs_mod:{"id": 51, "t_grad": 0.7576621030000013, "grad_mag": [7.301208923404918e-08, 7.355693244195955e-08, 4.7296049447068504e-08, 7.466873685518432e-08]}
INFO:__main__:{'history_length': 9, 'history': [-0.6600475991448844, -0.6604416872338442, -0.6604447962706703, -0.66044121325933, -0.6604421909255246, -0.6604419347895166, -0.6604419938038661, -0.6604419788645117, -0.6604419822603622]}
INFO:optim.ad_optim_lbfgs_mod:{"id": 52, "loss": -0.6604419822603622, "t_ctm": 0.21265323600002262, "t_check": 0.09696653100000674}
INFO:__main__:Norm(sites): 53728.11792734476, 55048.095991287184, 30049.241057577103, 31874.16340818153
INFO:optim.ad_optim_lbfgs_mod:{"id": 52, "t_grad": 0.7588982299999998, "grad_mag": [7.319875905975753e-08, 7.770785147864159e-08, 6.95105183156243e-08, 6.901870195935145e-08]}
INFO:__main__:{'history_length': 7, 'history': [-0.6600474439442603, -0.660519424534183, -0.660502292834427, -0.6605036066923158, -0.660503413531348, -0.6605034385599421, -0.6605034305952151]}
INFO:optim.ad_optim_lbfgs_mod:{"id": 53, "loss": -0.6605034305952151, "t_ctm": 0.15925374700000816, "t_check": 0.07228079299999024}
INFO:__main__:Norm(sites): 53885.42223420776, 55303.853498436, 30232.430689503086, 31859.73197789479
INFO:optim.ad_optim_lbfgs_mod:{"id": 53, "t_grad": 0.6000546989999975, "grad_mag": [7.82131803186282e-08, 7.747038251644446e-08, 7.620709207046436e-08, 7.093201705381563e-08]}
INFO:__main__:{'history_length': 9, 'history': [-0.6600580154612644, -0.6606298784771343, -0.6605838702536396, -0.660592979737228, -0.6605908254623386, -0.6605913585259335, -0.6605912253931403, -0.6605912586788405, -0.6605912503326585]}
INFO:optim.ad_optim_lbfgs_mod:{"id": 54, "loss": -0.6605912503326585, "t_ctm": 0.21246562000000324, "t_check": 0.0991910349999614}
INFO:__main__:Norm(sites): 54159.79915819789, 55750.08832327401, 30590.585164242857, 31915.194028343107
INFO:optim.ad_optim_lbfgs_mod:{"id": 54, "t_grad": 0.754087331000008, "grad_mag": [1.2536103858324403e-07, 1.0078810270370882e-07, 7.670387902344098e-08, 1.0026233011982536e-07]}
INFO:__main__:{'history_length': 10, 'history': [-0.6600147325349719, -0.6607409545314533, -0.6606531346885485, -0.6606746630415511, -0.6606693604943688, -0.6606708007170117, -0.6606704386426022, -0.6606705371764948, -0.6606705123839131, -0.6606705191327189]}
INFO:optim.ad_optim_lbfgs_mod:{"id": 55, "loss": -0.6606705191327189, "t_ctm": 0.2454371729999849, "t_check": 0.10990409299999726}
INFO:__main__:Norm(sites): 54448.931009233085, 56221.46386248932, 31015.8525079892, 32118.697322373268
INFO:optim.ad_optim_lbfgs_mod:{"id": 55, "t_grad": 0.8313577520000024, "grad_mag": [1.3075912185989702e-07, 1.23675173279331e-07, 1.2579670989461542e-07, 1.046598746417625e-07]}
INFO:__main__:{'history_length': 10, 'history': [-0.6600869005777864, -0.6608175292624624, -0.6607271227128801, -0.6607501346033264, -0.660744510672145, -0.66074609029213, -0.6607456966422072, -0.6607458073784189, -0.6607457797635483, -0.6607457875336775]}
INFO:optim.ad_optim_lbfgs_mod:{"id": 56, "loss": -0.6607457875336775, "t_ctm": 0.24476766399997985, "t_check": 0.11782845600001224}
INFO:__main__:Norm(sites): 54465.093283656155, 56284.374295762354, 31137.36207117307, 32232.31968351565
INFO:optim.ad_optim_lbfgs_mod:{"id": 56, "t_grad": 0.8271452959999976, "grad_mag": [1.3211546351121808e-07, 8.088498659080593e-08, 1.0380939174166783e-07, 8.847876079470509e-08]}
INFO:__main__:{'history_length': 10, 'history': [-0.6602957216999955, -0.6609523887100139, -0.6608741517993347, -0.6608954965780814, -0.660890234454087, -0.6608918125052958, -0.660891416480524, -0.6608915352992575, -0.6608915054698344, -0.6608915144211582]}
INFO:optim.ad_optim_lbfgs_mod:{"id": 57, "loss": -0.6608915144211582, "t_ctm": 0.2468121080000003, "t_check": 0.10999041800000953}
INFO:__main__:Norm(sites): 54452.73668999892, 56346.4970145698, 31367.364436249234, 32530.06382821868
INFO:optim.ad_optim_lbfgs_mod:{"id": 57, "t_grad": 0.8258160419999996, "grad_mag": [1.5314268073278675e-07, 6.624251618983277e-08, 1.1543675816440139e-07, 1.2087543292688225e-07]}
INFO:__main__:{'history_length': 10, 'history': [-0.6606082109703062, -0.6610644843843909, -0.6610187426275916, -0.6610327644953365, -0.6610293672209197, -0.6610305182009679, -0.6610302303972232, -0.6610303277162171, -0.6610303033423706, -0.661030311582374]}
INFO:optim.ad_optim_lbfgs_mod:{"id": 58, "loss": -0.661030311582374, "t_ctm": 0.24685617599999432, "t_check": 0.11042496000000313}
INFO:__main__:Norm(sites): 54673.96357451884, 56757.61776070559, 31701.173254576377, 32881.69856502123
INFO:optim.ad_optim_lbfgs_mod:{"id": 58, "t_grad": 0.9474741659999921, "grad_mag": [1.5561893026835597e-07, 9.4656692128226e-08, 1.1416421376871306e-07, 1.4777780966765195e-07]}
INFO:__main__:{'history_length': 12, 'history': [-0.6610282890943457, -0.6610883151196447, -0.6611787269306282, -0.6611495290162155, -0.6611595845619554, -0.6611563971041755, -0.6611574638400626, -0.6611571246367149, -0.6611572377417628, -0.6611572017997271, -0.6611572137732059, -0.661157209970054]}
INFO:optim.ad_optim_lbfgs_mod:{"id": 59, "loss": -0.661157209970054, "t_ctm": 0.36575728900000115, "t_check": 0.16333634600000835}
INFO:__main__:Norm(sites): 55015.829859304795, 57291.42139845582, 32168.6797427208, 33532.88543253992
INFO:optim.ad_optim_lbfgs_mod:{"id": 59, "t_grad": 1.0238264810000004, "grad_mag": [1.4631859402485127e-07, 1.3947761658007313e-07, 2.0045207937888178e-07, 1.4168330378971357e-07]}
INFO:__main__:{'history_length': 12, 'history': [-0.6611683695111858, -0.6611676287004005, -0.6612788627299852, -0.6612424443372371, -0.6612540432980912, -0.6612503840457827, -0.6612515247149406, -0.6612511650486801, -0.6612512770324697, -0.6612512418372356, -0.6612512528308296, -0.6612512493986814]}
INFO:optim.ad_optim_lbfgs_mod:{"id": 60, "loss": -0.6612512493986814, "t_ctm": 0.29411822399998755, "t_check": 0.13311874599999385}
INFO:__main__:Norm(sites): 54763.30123622673, 56963.52715841601, 31879.458052685986, 33211.529458952806
INFO:optim.ad_optim_lbfgs_mod:{"id": 60, "t_grad": 0.9880038020000086, "grad_mag": [1.1703444317830075e-07, 1.2764929675737427e-07, 1.4882278584661485e-07, 1.5125684664191382e-07]}
INFO:__main__:{'history_length': 11, 'history': [-0.6610421040572358, -0.6612744793866816, -0.6613214490696272, -0.6613054516798582, -0.661310893983547, -0.6613091611192902, -0.6613097219894768, -0.6613095427877786, -0.6613096005421102, -0.6613095821491787, -0.6613095880891601]}
INFO:optim.ad_optim_lbfgs_mod:{"id": 61, "loss": -0.6613095880891601, "t_ctm": 0.2699013640000203, "t_check": 0.12211245899999312}
INFO:__main__:Norm(sites): 55082.69165961703, 57418.17260566865, 32100.00088180366, 33322.87570639053
INFO:optim.ad_optim_lbfgs_mod:{"id": 61, "t_grad": 0.9187139120000012, "grad_mag": [9.534869244515214e-08, 7.892667914471414e-08, 9.643452486840398e-08, 8.601585749159238e-08]}
INFO:__main__:{'history_length': 11, 'history': [-0.6610620043773565, -0.6613514217922126, -0.66137898064648, -0.6613689769890924, -0.6613724267306251, -0.6613713072624328, -0.6613716647575105, -0.6613715477535916, -0.6613715847698385, -0.6613715726527987, -0.6613715764715015]}
INFO:optim.ad_optim_lbfgs_mod:{"id": 62, "loss": -0.6613715764715015, "t_ctm": 0.27583740900000464, "t_check": 0.12373390600001244}
INFO:__main__:Norm(sites): 55089.03006344337, 57392.09730254766, 32089.95893200748, 33343.06744145155
INFO:optim.ad_optim_lbfgs_mod:{"id": 62, "t_grad": 0.9336618689999909, "grad_mag": [7.00101461169998e-08, 6.419685282100531e-08, 5.094314964204741e-08, 7.151095205488322e-08]}
INFO:__main__:{'history_length': 8, 'history': [-0.6611290548931179, -0.6615122584780215, -0.6615084673500218, -0.661509048305267, -0.6615089534615951, -0.6615089351599381, -0.661508923177126, -0.6615089194820679]}
INFO:optim.ad_optim_lbfgs_mod:{"id": 63, "loss": -0.6615089194820679, "t_ctm": 0.1930298420000014, "t_check": 0.08913556499999231}
INFO:__main__:Norm(sites): 55432.76387727096, 57805.937336702955, 32404.093780775853, 33757.19218444872
INFO:optim.ad_optim_lbfgs_mod:{"id": 63, "t_grad": 0.6772659770000047, "grad_mag": [1.1988969683469878e-07, 8.616076613608323e-08, 1.2656306042480044e-07, 1.2669014897938959e-07]}
INFO:__main__:{'history_length': 10, 'history': [-0.6612267224884821, -0.6616629879583327, -0.6616435605192674, -0.6616497545461489, -0.6616481672998935, -0.6616487522754845, -0.6616485588229586, -0.6616486268020841, -0.6616486032746749, -0.6616486114964534]}
INFO:optim.ad_optim_lbfgs_mod:{"id": 64, "loss": -0.6616486114964534, "t_ctm": 0.24763534899997808, "t_check": 0.11643201299999362}
INFO:__main__:Norm(sites): 55539.350729543476, 57922.42696691573, 32669.732120908946, 34064.61049372802
INFO:optim.ad_optim_lbfgs_mod:{"id": 64, "t_grad": 0.8324466020000045, "grad_mag": [1.39083990189353e-07, 1.0828212122607753e-07, 1.5839009522957137e-07, 1.7249339160005452e-07]}
INFO:__main__:{'history_length': 12, 'history': [-0.661236008016575, -0.6618004458569395, -0.6617509713575698, -0.6617701490963166, -0.6617636342925918, -0.6617660939697066, -0.6617651994867548, -0.6617655308151489, -0.6617654095983259, -0.661765454459323, -0.6617654380575796, -0.6617654441349794]}
INFO:optim.ad_optim_lbfgs_mod:{"id": 65, "loss": -0.6617654441349794, "t_ctm": 0.3031289960000123, "t_check": 0.13749704100000315}
INFO:__main__:Norm(sites): 55915.86195765142, 58435.49333377842, 33162.81210209622, 34578.97795927268
INFO:optim.ad_optim_lbfgs_mod:{"id": 65, "t_grad": 0.9886515040000035, "grad_mag": [1.2859942309297552e-07, 1.1313445496408872e-07, 1.5809707461792382e-07, 1.4117374930066277e-07]}
INFO:__main__:{'history_length': 12, 'history': [-0.6613503136727388, -0.6618854078655425, -0.661852166547535, -0.6618655066196337, -0.6618611392399734, -0.6618627675999706, -0.6618621835479226, -0.6618623957128259, -0.661862319019353, -0.6618623468465585, -0.6618623367949036, -0.6618623404477099]}
INFO:optim.ad_optim_lbfgs_mod:{"id": 66, "loss": -0.6618623404477099, "t_ctm": 0.30057413700001234, "t_check": 0.13607902400001137}
INFO:__main__:Norm(sites): 55976.553573872814, 58601.66145813606, 33188.227263698755, 34540.86413804633
INFO:optim.ad_optim_lbfgs_mod:{"id": 66, "t_grad": 1.0443634599999996, "grad_mag": [8.266878131496566e-08, 9.309395419045367e-08, 6.790583057351259e-08, 9.62260380623874e-08]}
INFO:__main__:{'history_length': 10, 'history': [-0.6614933508113117, -0.6618966280902858, -0.6619087271408883, -0.6619052597410557, -0.6619072073964012, -0.6619066353170253, -0.6619068772190978, -0.6619068021622991, -0.6619068330961758, -0.6619068234776211]}
INFO:optim.ad_optim_lbfgs_mod:{"id": 67, "loss": -0.6619068234776211, "t_ctm": 0.2539740499999823, "t_check": 0.11675329899999554}
INFO:__main__:Norm(sites): 55777.40812852527, 58382.987555724874, 33160.32600798602, 34456.09480242601
INFO:optim.ad_optim_lbfgs_mod:{"id": 67, "t_grad": 0.8294751669999982, "grad_mag": [7.852073242056153e-08, 7.61244287655822e-08, 5.534167685480738e-08, 1.0038566862170433e-07]}
INFO:__main__:{'history_length': 12, 'history': [-0.6615669426221183, -0.6619235722430881, -0.6619569189858093, -0.6619458615077461, -0.6619507245847903, -0.6619491124632264, -0.6619497477836943, -0.6619495321241134, -0.661949616154325, -0.6619495876087038, -0.6619495987190597, -0.6619495949498528]}
INFO:optim.ad_optim_lbfgs_mod:{"id": 68, "loss": -0.6619495949498528, "t_ctm": 0.30463356500000316, "t_check": 0.13457572799997308}
INFO:__main__:Norm(sites): 55963.2769346282, 58659.87279032028, 33287.31055813861, 34587.67337933551
INFO:optim.ad_optim_lbfgs_mod:{"id": 68, "t_grad": 0.9871440870000043, "grad_mag": [8.17121112022616e-08, 5.8681941352950735e-08, 6.141555673798426e-08, 7.781348792651644e-08]}
INFO:__main__:{'history_length': 11, 'history': [-0.6615738614701263, -0.6619822686842172, -0.6620076924989174, -0.6619991193229672, -0.6620030036244552, -0.6620016954344272, -0.6620022081219457, -0.6620020295811719, -0.6620020985613048, -0.662002074492151, -0.6620020837811238]}
INFO:optim.ad_optim_lbfgs_mod:{"id": 69, "loss": -0.6620020837811238, "t_ctm": 0.28044743800002436, "t_check": 0.1290223700000297}
INFO:__main__:Norm(sites): 56061.27229997092, 58830.37508248088, 33320.607615333836, 34626.05843629875
INFO:optim.ad_optim_lbfgs_mod:{"id": 69, "t_grad": 0.9213419600000066, "grad_mag": [6.525692244167184e-08, 5.23760839782314e-08, 5.042605124119167e-08, 7.326921667106415e-08]}
INFO:__main__:{'history_length': 11, 'history': [-0.6616122231828394, -0.6620303287110179, -0.662051900697912, -0.6620447640966554, -0.6620481589213913, -0.662046980734528, -0.6620474414294617, -0.6620472727712294, -0.6620473373313849, -0.6620473135614217, -0.6620473226367789]}
INFO:optim.ad_optim_lbfgs_mod:{"id": 70, "loss": -0.6620473226367789, "t_ctm": 0.2783324310000239, "t_check": 0.12327391600004489}
INFO:__main__:Norm(sites): 56257.035449900955, 59120.27036273005, 33441.628877908784, 34724.46345807903
INFO:optim.ad_optim_lbfgs_mod:{"id": 70, "t_grad": 0.965909388, "grad_mag": [4.108167076789117e-08, 6.526801090277331e-08, 6.473249790080555e-08, 9.04254009685314e-08]}
INFO:__main__:{'history_length': 11, 'history': [-0.6616271023130728, -0.6620615785087616, -0.6620777356039615, -0.6620725383357633, -0.6620751911871584, -0.6620743051921416, -0.662074656471452, -0.6620745309023616, -0.6620745793530782, -0.6620745618825165, -0.662074568597831]}
INFO:optim.ad_optim_lbfgs_mod:{"id": 71, "loss": -0.662074568597831, "t_ctm": 0.2814057260000027, "t_check": 0.12563444799999957}
INFO:__main__:Norm(sites): 56274.08713571402, 59148.4295984003, 33333.69649382727, 34566.69191820063
INFO:optim.ad_optim_lbfgs_mod:{"id": 71, "t_grad": 0.9150422689999971, "grad_mag": [6.548686277784089e-08, 6.944361142960929e-08, 6.876013129337972e-08, 1.0816400887921344e-07]}
INFO:__main__:{'history_length': 11, 'history': [-0.6616516933642401, -0.6620756213102014, -0.6620974117636678, -0.6620906689002531, -0.6620940514609259, -0.6620929215000624, -0.6620933793914632, -0.6620932167574125, -0.662093281086125, -0.6620932580491925, -0.6620932671299096]}
INFO:optim.ad_optim_lbfgs_mod:{"id": 72, "loss": -0.6620932671299096, "t_ctm": 0.27442555799999013, "t_check": 0.12175611600002867}
INFO:__main__:Norm(sites): 56321.2096759243, 59203.737170128654, 33396.91890518623, 34605.17052449233
INFO:optim.ad_optim_lbfgs_mod:{"id": 72, "t_grad": 0.9144185490000041, "grad_mag": [3.931395016758895e-08, 5.0478323156430294e-08, 4.139400163581647e-08, 9.467705182820425e-08]}
INFO:__main__:{'history_length': 12, 'history': [-0.6616791853221041, -0.6620802061574136, -0.6621113051580874, -0.6621015024075942, -0.6621061860262433, -0.6621046114800602, -0.6621052555747754, -0.662105028865029, -0.662105119907858, -0.6621050876611527, -0.6621051005735299, -0.6621050959970777]}
INFO:optim.ad_optim_lbfgs_mod:{"id": 73, "loss": -0.6621050959970777, "t_ctm": 0.3013179669999886, "t_check": 0.13869659199995965}
INFO:__main__:Norm(sites): 56350.01155020048, 59223.40619125367, 33439.60048063338, 34595.39385123588
INFO:optim.ad_optim_lbfgs_mod:{"id": 73, "t_grad": 0.9956849809999966, "grad_mag": [4.283830784829732e-08, 4.8328426617263274e-08, 2.990881554146873e-08, 9.56522202283183e-08]}
INFO:__main__:{'history_length': 12, 'history': [-0.6617016865135485, -0.6620870720435108, -0.6621239755605649, -0.6621123456247429, -0.6621178854177863, -0.6621160286603792, -0.6621168007625569, -0.6621165313534818, -0.6621166415599201, -0.6621166028938307, -0.6621166186701878, -0.6621166131321997]}
INFO:optim.ad_optim_lbfgs_mod:{"id": 74, "loss": -0.6621166131321997, "t_ctm": 0.310750528000014, "t_check": 0.13676906599999938}
INFO:__main__:Norm(sites): 56386.87745601043, 59269.82072573411, 33481.06012343929, 34579.14229934702
INFO:optim.ad_optim_lbfgs_mod:{"id": 74, "t_grad": 1.005734989000004, "grad_mag": [4.2502173392741885e-08, 4.3777734192792664e-08, 3.109601039272062e-08, 9.706204093875985e-08]}
INFO:__main__:{'history_length': 12, 'history': [-0.6617311511009967, -0.6621092674183797, -0.6621434367347152, -0.6621330213213813, -0.662138178444718, -0.6621364795450492, -0.662137202233031, -0.6621369530912221, -0.6621370571898921, -0.6621370210778711, -0.6621370361304277, -0.6621370309082227]}
INFO:optim.ad_optim_lbfgs_mod:{"id": 75, "loss": -0.6621370309082227, "t_ctm": 0.2959814010000059, "t_check": 0.13464690800000767}
INFO:__main__:Norm(sites): 56439.973116942194, 59365.09551897883, 33522.69722560997, 34476.436623089925
INFO:optim.ad_optim_lbfgs_mod:{"id": 75, "t_grad": 0.9787459040000073, "grad_mag": [4.525715056835363e-08, 3.4410685982437634e-08, 3.67128810686353e-08, 1.0460292443176266e-07]}
INFO:__main__:{'history_length': 12, 'history': [-0.6617465765354245, -0.6621328077743318, -0.6621677403315127, -0.6621570562897119, -0.6621624726255672, -0.6621606765694814, -0.6621614548650131, -0.6621611851935908, -0.6621612999738454, -0.6621612599825326, -0.662161276975899, -0.6621612710656317]}
INFO:optim.ad_optim_lbfgs_mod:{"id": 76, "loss": -0.6621612710656317, "t_ctm": 0.306081562000017, "t_check": 0.13391327099996886}
INFO:__main__:Norm(sites): 56564.19659753862, 59594.31882134528, 33626.882143967574, 34364.79207994878
INFO:optim.ad_optim_lbfgs_mod:{"id": 76, "t_grad": 0.9893041809999943, "grad_mag": [3.416526163343216e-08, 3.778096363617909e-08, 3.147628384900837e-08, 1.1157060817545466e-07]}
INFO:__main__:{'history_length': 6, 'history': [-0.6617039285184233, -0.6621807719559694, -0.66218386570485, -0.6621852584563759, -0.662185825180291, -0.6621858290917743]}
INFO:optim.ad_optim_lbfgs_mod:{"id": 77, "loss": -0.6621858290917743, "t_ctm": 0.13406040099998506, "t_check": 0.06172766800000318}
INFO:__main__:Norm(sites): 56696.59862668836, 59917.9630922627, 33711.24383147899, 34124.392453528504
INFO:optim.ad_optim_lbfgs_mod:{"id": 77, "t_grad": 0.5187524520000011, "grad_mag": [3.6598945580215995e-08, 4.1992505129214805e-08, 3.9154990089535484e-08, 1.1466341201242326e-07]}
INFO:__main__:{'history_length': 10, 'history': [-0.6616852279162504, -0.6622085326923015, -0.6621972612874236, -0.6622035516168354, -0.6622019541351137, -0.6622026630536706, -0.6622023816370738, -0.662202484934278, -0.6622024410631078, -0.66220244954732]}
INFO:optim.ad_optim_lbfgs_mod:{"id": 78, "loss": -0.66220244954732, "t_ctm": 0.24649914899997327, "t_check": 0.11256089300000838}
INFO:__main__:Norm(sites): 56891.522511726616, 60304.30232151701, 33848.549341550155, 33941.708976834416
INFO:optim.ad_optim_lbfgs_mod:{"id": 78, "t_grad": 0.8323134780000032, "grad_mag": [4.420109804948125e-08, 4.2794772275278886e-08, 4.069232690366133e-08, 1.049950711491384e-07]}
INFO:__main__:{'history_length': 11, 'history': [-0.6616939196918938, -0.6622189826199132, -0.66220857093661, -0.6622143044983629, -0.662212830680477, -0.6622134486927761, -0.6622131860156432, -0.6622132753137124, -0.6622132342929161, -0.6622132478347484, -0.6622132415549313]}
INFO:optim.ad_optim_lbfgs_mod:{"id": 79, "loss": -0.6622132415549313, "t_ctm": 0.27740400199999726, "t_check": 0.12363882799999715}
INFO:__main__:Norm(sites): 56900.98185571502, 60375.98656864276, 33864.56903739027, 33905.839899931576
INFO:optim.ad_optim_lbfgs_mod:{"id": 79, "t_grad": 0.9051560080000058, "grad_mag": [2.979915196128666e-08, 2.99342331478036e-08, 2.8668480914101075e-08, 9.757526172187498e-08]}
INFO:__main__:{'history_length': 10, 'history': [-0.6617084773031762, -0.662227896151288, -0.6622204487823593, -0.6622247670656396, -0.6622237624690259, -0.6622241600166235, -0.6622239709729963, -0.6622240261519476, -0.6622239966187841, -0.6622240048843788]}
INFO:optim.ad_optim_lbfgs_mod:{"id": 80, "loss": -0.6622240048843788, "t_ctm": 0.24837924000000555, "t_check": 0.10848854100001404}
INFO:__main__:Norm(sites): 56903.12019887913, 60449.518667062104, 33864.45361535789, 33800.418581177546
INFO:optim.ad_optim_lbfgs_mod:{"id": 80, "t_grad": 0.8426442229999935, "grad_mag": [2.1148714901425517e-08, 2.812075607097887e-08, 2.941520873691631e-08, 9.749672307993748e-08]}
INFO:__main__:{'history_length': 10, 'history': [-0.6617276244438964, -0.6622388296639456, -0.6622346126565783, -0.6622377552382801, -0.6622371996063509, -0.662237415483852, -0.6622372937649708, -0.6622373213731104, -0.6622373019874024, -0.6622373060715452]}
INFO:optim.ad_optim_lbfgs_mod:{"id": 81, "loss": -0.6622373060715452, "t_ctm": 0.2502982390000028, "t_check": 0.11226569599998015}
INFO:__main__:Norm(sites): 56967.1313266584, 60674.372646543, 33917.692542884004, 33625.89758084032
INFO:optim.ad_optim_lbfgs_mod:{"id": 81, "t_grad": 0.8348952099999991, "grad_mag": [2.7923465152049588e-08, 3.272839874444166e-08, 3.753925789548549e-08, 9.879817119120277e-08]}
INFO:__main__:{'history_length': 9, 'history': [-0.6617690413402811, -0.6622583466050284, -0.6622601122231357, -0.6622611156545459, -0.6622614522325332, -0.6622613343118793, -0.6622613488159632, -0.6622613254556953, -0.6622613268246238]}
INFO:optim.ad_optim_lbfgs_mod:{"id": 82, "loss": -0.6622613268246238, "t_ctm": 0.21561490700001684, "t_check": 0.09891145000003121}
INFO:__main__:Norm(sites): 57079.00194386618, 61125.1820083585, 33992.46998126202, 33188.177920849244
INFO:optim.ad_optim_lbfgs_mod:{"id": 82, "t_grad": 0.7552691750000093, "grad_mag": [4.0891289810122416e-08, 3.592606779634396e-08, 5.4957586268752194e-08, 1.0126192082504353e-07]}
INFO:__main__:{'history_length': 10, 'history': [-0.6618024462617822, -0.662294780150874, -0.6622926965811461, -0.6622961737074126, -0.662295741409972, -0.6622959902500571, -0.6622958805733974, -0.6622959128986103, -0.6622958949948429, -0.6622958997638991]}
INFO:optim.ad_optim_lbfgs_mod:{"id": 83, "loss": -0.6622958997638991, "t_ctm": 0.24286923499998636, "t_check": 0.11439335400000061}
INFO:__main__:Norm(sites): 57343.13800563307, 62036.75822462475, 34203.03257238797, 32529.793031760903
INFO:optim.ad_optim_lbfgs_mod:{"id": 83, "t_grad": 0.8286139220000024, "grad_mag": [5.607566055110561e-08, 5.104725846386368e-08, 7.745811378236418e-08, 1.0203435114783289e-07]}
INFO:__main__:{'history_length': 8, 'history': [-0.6618605169459304, -0.662325669016277, -0.6623304589566849, -0.6623324649068967, -0.6623330990958062, -0.6623331170516912, -0.6623331747578886, -0.6623331712574784]}
INFO:optim.ad_optim_lbfgs_mod:{"id": 84, "loss": -0.6623331712574784, "t_ctm": 0.19314030699999307, "t_check": 0.08801380000002723}
INFO:__main__:Norm(sites): 57534.45505197269, 62937.24850839724, 34308.75180635875, 31631.415015839466
INFO:optim.ad_optim_lbfgs_mod:{"id": 84, "t_grad": 0.6828047140000137, "grad_mag": [4.3981762025746744e-08, 3.436103204964814e-08, 4.7565290935919476e-08, 7.63494063715691e-08]}
INFO:__main__:{'history_length': 11, 'history': [-0.6618518318408062, -0.6623623366261326, -0.6623511004653878, -0.6623607109420089, -0.6623586317960675, -0.6623598434768693, -0.66235946432373, -0.6623596489917414, -0.6623595877909404, -0.6623596166850784, -0.6623596070142006]}
INFO:optim.ad_optim_lbfgs_mod:{"id": 85, "loss": -0.6623596070142006, "t_ctm": 0.27853423300004465, "t_check": 0.12167820499999493}
INFO:__main__:Norm(sites): 57765.479507982534, 63677.96726091968, 34524.095710374844, 31270.014744694778
INFO:optim.ad_optim_lbfgs_mod:{"id": 85, "t_grad": 0.9139965809999921, "grad_mag": [3.8209769027838166e-08, 3.186370733907611e-08, 6.451910005637387e-08, 7.029488739207872e-08]}
INFO:__main__:{'history_length': 11, 'history': [-0.6618799075856614, -0.6623829331759967, -0.6623763150956418, -0.6623840297406547, -0.6623827850825198, -0.6623837014156113, -0.6623834572484477, -0.662383595459667, -0.6623835556407534, -0.662383577235188, -0.6623835709280854]}
INFO:optim.ad_optim_lbfgs_mod:{"id": 86, "loss": -0.6623835709280854, "t_ctm": 0.2759169610000072, "t_check": 0.12144248699999594}
INFO:__main__:Norm(sites): 57700.49384795784, 63641.09142140771, 34462.40385288848, 31127.366942015073
INFO:optim.ad_optim_lbfgs_mod:{"id": 86, "t_grad": 0.9127823419999856, "grad_mag": [5.452416020962175e-08, 5.156800133108173e-08, 6.829357512639562e-08, 9.792212772635617e-08]}
INFO:__main__:{'history_length': 11, 'history': [-0.6619024449512796, -0.6623971096301323, -0.6623913597728287, -0.6623979881400059, -0.662396989145131, -0.6623977190065601, -0.6623975208549236, -0.662397628287651, -0.6623975963024396, -0.6623976128650593, -0.6623976078576803]}
INFO:optim.ad_optim_lbfgs_mod:{"id": 87, "loss": -0.6623976078576803, "t_ctm": 0.27388892499996587, "t_check": 0.12099804800001834}
INFO:__main__:Norm(sites): 57776.71169255648, 63998.368799344105, 34542.12673750998, 30840.10540057248
INFO:optim.ad_optim_lbfgs_mod:{"id": 87, "t_grad": 0.9075094559999854, "grad_mag": [3.834909358231605e-08, 3.4352751128996335e-08, 5.825134710550164e-08, 7.273287449435835e-08]}
INFO:__main__:{'history_length': 11, 'history': [-0.6618989234412432, -0.6624162674669425, -0.6624044544122315, -0.6624132194141459, -0.6624111985027151, -0.662412259936407, -0.66241189488463, -0.6624120554237921, -0.6624119965435079, -0.6624120215924524, -0.6624120122139745]}
INFO:optim.ad_optim_lbfgs_mod:{"id": 88, "loss": -0.6624120122139745, "t_ctm": 0.27495181400007596, "t_check": 0.12314053699995497}
INFO:__main__:Norm(sites): 57881.75161635515, 64266.466527693956, 34651.1566040518, 30744.39544978048
INFO:optim.ad_optim_lbfgs_mod:{"id": 88, "t_grad": 0.9122019389999991, "grad_mag": [2.552018099409251e-08, 2.920031695248871e-08, 3.753898775250895e-08, 5.983393819791097e-08]}
INFO:__main__:{'history_length': 9, 'history': [-0.6619272222095895, -0.6624180027569152, -0.6624183138682047, -0.6624220142190183, -0.662421976011019, -0.6624222238503434, -0.6624221745273245, -0.6624222062892592, -0.6624221972951616]}
INFO:optim.ad_optim_lbfgs_mod:{"id": 89, "loss": -0.6624221972951616, "t_ctm": 0.22104290700002593, "t_check": 0.0965575199999762}
INFO:__main__:Norm(sites): 57892.58719953049, 64422.64495338663, 34685.17222412575, 30577.090322740365
INFO:optim.ad_optim_lbfgs_mod:{"id": 89, "t_grad": 0.7553407409999977, "grad_mag": [3.092584851217348e-08, 3.2937885333035024e-08, 2.8372122436962053e-08, 5.060505127972409e-08]}
INFO:__main__:{'history_length': 9, 'history': [-0.6619433634733239, -0.6624244251889944, -0.6624293804884777, -0.662430907019798, -0.6624316181240368, -0.6624315177620373, -0.6624315863793777, -0.6624315635169404, -0.6624315729604453]}
INFO:optim.ad_optim_lbfgs_mod:{"id": 90, "loss": -0.6624315729604453, "t_ctm": 0.2208973679999815, "t_check": 0.09699875699996596}
INFO:__main__:Norm(sites): 57910.060633113906, 64614.99970785561, 34733.38147406255, 30391.86293905982
INFO:optim.ad_optim_lbfgs_mod:{"id": 90, "t_grad": 0.7765454769999849, "grad_mag": [2.5837467125246002e-08, 2.622461527580766e-08, 3.574752009337552e-08, 4.100916794871411e-08]}
INFO:__main__:{'history_length': 11, 'history': [-0.6619656408338482, -0.6624256794692338, -0.6624403364684596, -0.6624379322806461, -0.6624401732480333, -0.6624394419664891, -0.6624397508203954, -0.6624396285392868, -0.6624396756169078, -0.6624396563413708, -0.6624396636151149]}
INFO:optim.ad_optim_lbfgs_mod:{"id": 91, "loss": -0.6624396636151149, "t_ctm": 0.2769454680000081, "t_check": 0.12295834900001523}
INFO:__main__:Norm(sites): 57967.553307283844, 64857.856861460314, 34793.58615256444, 30207.602896373355
INFO:optim.ad_optim_lbfgs_mod:{"id": 91, "t_grad": 0.9127513779999958, "grad_mag": [2.4782633663211468e-08, 2.1987335585016223e-08, 2.4599599286725083e-08, 3.221646301418275e-08]}
INFO:__main__:{'history_length': 11, 'history': [-0.661961048166254, -0.6624359254516985, -0.662445112618663, -0.6624448992922689, -0.6624462541998223, -0.6624458687119266, -0.6624460379045602, -0.6624459697310043, -0.6624459950064585, -0.6624459841648358, -0.6624459880466466]}
INFO:optim.ad_optim_lbfgs_mod:{"id": 92, "loss": -0.6624459880466466, "t_ctm": 0.2768193740000413, "t_check": 0.12445846499994673}
INFO:__main__:Norm(sites): 57966.97458373064, 64875.63424353288, 34789.133645597016, 30155.804684568175
INFO:optim.ad_optim_lbfgs_mod:{"id": 92, "t_grad": 0.9133155789999989, "grad_mag": [2.545254944911423e-08, 2.2710832794383977e-08, 2.7736602415045784e-08, 3.046217063041751e-08]}
INFO:__main__:{'history_length': 8, 'history': [-0.6619554950286366, -0.6624468489130169, -0.6624498734860379, -0.6624523469117632, -0.6624526949498393, -0.6624527293034995, -0.6624527405175977, -0.6624527378504544]}
INFO:optim.ad_optim_lbfgs_mod:{"id": 93, "loss": -0.6624527378504544, "t_ctm": 0.19503382100009503, "t_check": 0.08628492500002949}
INFO:__main__:Norm(sites): 58026.90349969616, 65037.937335624105, 34808.82459984069, 30014.19781763324
INFO:optim.ad_optim_lbfgs_mod:{"id": 93, "t_grad": 0.6783738440000207, "grad_mag": [2.3870488027706012e-08, 2.225134639389309e-08, 2.9119393118205758e-08, 3.2095150691665014e-08]}
INFO:__main__:{'history_length': 10, 'history': [-0.6619491829969694, -0.6624564147629086, -0.6624547475572705, -0.6624596867658255, -0.662459232798436, -0.6624596594784048, -0.6624595412752986, -0.662459600531381, -0.6624595806977657, -0.6624595898231174]}
INFO:optim.ad_optim_lbfgs_mod:{"id": 94, "loss": -0.6624595898231174, "t_ctm": 0.2722503060000463, "t_check": 0.11707983700000568}
INFO:__main__:Norm(sites): 58034.939213064936, 65005.28946628488, 34778.337936880394, 29972.03562772709
INFO:optim.ad_optim_lbfgs_mod:{"id": 94, "t_grad": 0.8347760180000137, "grad_mag": [1.7028454115100857e-08, 1.9382472801851954e-08, 2.310231711211519e-08, 3.877162653294241e-08]}
INFO:__main__:{'history_length': 11, 'history': [-0.6619432307796899, -0.6624645718411499, -0.6624580848695655, -0.6624653271290646, -0.6624640821100877, -0.6624648731771898, -0.6624646268392831, -0.6624647440288038, -0.6624647037472211, -0.6624647220722888, -0.662464715667817]}
INFO:optim.ad_optim_lbfgs_mod:{"id": 95, "loss": -0.662464715667817, "t_ctm": 0.2741622230000189, "t_check": 0.12092134099998475}
INFO:__main__:Norm(sites): 58105.13392443354, 65242.27460070661, 34815.30063828681, 29787.784730990654
INFO:optim.ad_optim_lbfgs_mod:{"id": 95, "t_grad": 0.9077663170000108, "grad_mag": [1.53519817080065e-08, 1.6814677877229647e-08, 2.5088251336395935e-08, 3.8167587277328763e-08]}
INFO:__main__:{'history_length': 11, 'history': [-0.6619542662991595, -0.6624648037493372, -0.6624633429000183, -0.6624686869519661, -0.6624682600245545, -0.6624687434840587, -0.6624686283447435, -0.6624686963073785, -0.6624686769270864, -0.6624686874147415, -0.6624686843310992]}
INFO:optim.ad_optim_lbfgs_mod:{"id": 96, "loss": -0.6624686843310992, "t_ctm": 0.275935904000022, "t_check": 0.1250370989999965}
INFO:__main__:Norm(sites): 58113.15310231497, 65314.63846335765, 34805.872122070126, 29665.602018514786
INFO:optim.ad_optim_lbfgs_mod:{"id": 96, "t_grad": 0.9115843229999996, "grad_mag": [1.6530897530498887e-08, 1.5344549325866004e-08, 1.8043198286742174e-08, 2.9274393821225128e-08]}
INFO:__main__:{'history_length': 9, 'history': [-0.6619601678163488, -0.6624659845290892, -0.6624674859199926, -0.662471799872299, -0.6624718294835868, -0.6624721506260972, -0.6624721071422603, -0.6624721492235125, -0.6624721411973244]}
INFO:optim.ad_optim_lbfgs_mod:{"id": 97, "loss": -0.6624721411973244, "t_ctm": 0.2224444280000455, "t_check": 0.0977880130000699}
INFO:__main__:Norm(sites): 58140.669397427904, 65461.32461056867, 34828.887915890205, 29526.375922458745
INFO:optim.ad_optim_lbfgs_mod:{"id": 97, "t_grad": 0.7538212769999859, "grad_mag": [1.300660636403926e-08, 1.6438075405573585e-08, 1.6802798841176135e-08, 2.3650114468450453e-08]}
INFO:__main__:{'history_length': 9, 'history': [-0.6619601678163488, -0.6624659845290892, -0.6624674859199926, -0.662471799872299, -0.6624718294835868, -0.6624721506260972, -0.6624721071422603, -0.6624721492235125, -0.6624721411973244]}
INFO:optim.ad_optim_lbfgs_mod:{"id": 98, "loss": -0.6624721411973244, "t_ctm": 0.22986523800000214, "t_check": 0.10152525100002663}
INFO:__main__:Norm(sites): 58140.669397427904, 65461.32461056867, 34828.887915890205, 29526.375922458745
INFO:optim.ad_optim_lbfgs_mod:{"id": 98, "t_grad": 0.7452541680000024, "grad_mag": [1.300660636403926e-08, 1.6438075405573585e-08, 1.6802798841176135e-08, 2.3650114468450453e-08]}
INFO:__main__:{'history_length': 9, 'history': [-0.6619601678163352, -0.6624659845290881, -0.6624674859199918, -0.6624717998723015, -0.6624718294835896, -0.6624721506260962, -0.6624721071422588, -0.662472149223511, -0.6624721411973234]}
