INFO:__main__:{'history_length': 6, 'history': [-0.4040792523728151, -0.40406747438485674, -0.4040644634458991, -0.4040640372819532, -0.4040639845887686, -0.40406397839869207]}
INFO:__main__:{'history_length': 6, 'history': [-0.4040792523728151, -0.40406747438485674, -0.4040644634458991, -0.4040640372819532, -0.4040639845887686, -0.40406397839869207]}
INFO:optim.ad_optim_lbfgs_mod:{"id": 0, "loss": -0.40406397839869207, "t_ctm": 0.036975641000005055, "t_check": 19.82078500600001}
INFO:__main__:Norm(sites): 3.7578622646697357
INFO:optim.ad_optim_lbfgs_mod:{"id": 0, "t_grad": 8.112045562000006, "grad_mag": [0.0041102724693668]}
INFO:__main__:{'history_length': 6, 'history': [-0.40409543082740035, -0.40408374440395456, -0.4040807621279258, -0.40408033898908985, -0.40408028660902295, -0.40408028045320993]}
INFO:optim.ad_optim_lbfgs_mod:{"id": 1, "loss": -0.40408028045320993, "t_ctm": 0.03808292199998675, "t_check": 20.625900489000003}
INFO:__main__:Norm(sites): 3.757864512534817
INFO:optim.ad_optim_lbfgs_mod:{"id": 1, "t_grad": 8.432559350000005, "grad_mag": [0.0038339735448984103]}
INFO:__main__:{'history_length': 6, 'history': [-0.40429016127873896, -0.40428006259480403, -0.4042775683528507, -0.40427720036338016, -0.4042771539069682, -0.40427714840862794]}
INFO:optim.ad_optim_lbfgs_mod:{"id": 2, "loss": -0.40427714840862794, "t_ctm": 0.044374278000020695, "t_check": 21.769734584999995}
INFO:__main__:Norm(sites): 3.7586297207389654
INFO:optim.ad_optim_lbfgs_mod:{"id": 2, "t_grad": 8.40798680399999, "grad_mag": [0.0028739034867733414]}
INFO:__main__:{'history_length': 6, 'history': [-0.40436427174315204, -0.4043562050638017, -0.40435394861129653, -0.40435360291132033, -0.40435355823370117, -0.4043535528416048]}
INFO:optim.ad_optim_lbfgs_mod:{"id": 3, "loss": -0.4043535528416048, "t_ctm": 0.039149510999976656, "t_check": 21.33243502800002}
INFO:__main__:Norm(sites): 3.760297366514659
INFO:optim.ad_optim_lbfgs_mod:{"id": 3, "t_grad": 8.310560212000013, "grad_mag": [0.0036747747918320596]}
INFO:__main__:{'history_length': 6, 'history': [-0.40443392414600154, -0.40442645091186763, -0.4044241475820426, -0.4044237854132868, -0.4044237373078436, -0.404423731328873]}
INFO:optim.ad_optim_lbfgs_mod:{"id": 4, "loss": -0.404423731328873, "t_ctm": 0.03911308000002123, "t_check": 21.43008641199998}
INFO:__main__:Norm(sites): 3.7633185769106787
INFO:optim.ad_optim_lbfgs_mod:{"id": 4, "t_grad": 8.327614084000004, "grad_mag": [0.0019241492378920034]}
INFO:__main__:{'history_length': 6, 'history': [-0.40447232730978233, -0.4044652150513413, -0.40446275487674144, -0.404462356457213, -0.4044623018860959, -0.40446229487854246]}
INFO:optim.ad_optim_lbfgs_mod:{"id": 5, "loss": -0.40446229487854246, "t_ctm": 0.0357839859999558, "t_check": 22.92310202499999}
INFO:__main__:Norm(sites): 3.765168529568393
INFO:optim.ad_optim_lbfgs_mod:{"id": 5, "t_grad": 8.964479534999981, "grad_mag": [0.0013777284015642]}
INFO:__main__:{'history_length': 6, 'history': [-0.404497895511168, -0.4044960498535428, -0.4044937315000257, -0.4044933160152743, -0.40449325544921977, -0.40449324723308483]}
INFO:optim.ad_optim_lbfgs_mod:{"id": 6, "loss": -0.40449324723308483, "t_ctm": 0.05009877000003371, "t_check": 23.923443563999967}
INFO:__main__:Norm(sites): 3.767778044516037
INFO:optim.ad_optim_lbfgs_mod:{"id": 6, "t_grad": 8.553609846000029, "grad_mag": [0.001887512864541745]}
INFO:__main__:{'history_length': 6, 'history': [-0.4045030216785211, -0.4045058659528464, -0.40450357181935004, -0.40450312273265016, -0.4045030542310428, -0.40450304456326686]}
INFO:optim.ad_optim_lbfgs_mod:{"id": 7, "loss": -0.40450304456326686, "t_ctm": 0.03691714599995066, "t_check": 20.524906084999998}
INFO:__main__:Norm(sites): 3.7703265686283967
INFO:optim.ad_optim_lbfgs_mod:{"id": 7, "t_grad": 8.447432931000037, "grad_mag": [0.0022746582638889846]}
INFO:__main__:{'history_length': 6, 'history': [-0.4045164131917428, -0.4045191411463969, -0.4045169490227634, -0.40451652004884997, -0.4045164548502975, -0.4045164457001395]}
INFO:optim.ad_optim_lbfgs_mod:{"id": 8, "loss": -0.4045164457001395, "t_ctm": 0.038676174999977775, "t_check": 21.063309679000042}
INFO:__main__:Norm(sites): 3.769439464062267
INFO:optim.ad_optim_lbfgs_mod:{"id": 8, "t_grad": 9.031033182999977, "grad_mag": [0.0007475818826173207]}
INFO:__main__:{'history_length': 6, 'history': [-0.4045195383665789, -0.4045232390188951, -0.4045211291616588, -0.40452070846485133, -0.4045206442159657, -0.40452063518303777]}
INFO:optim.ad_optim_lbfgs_mod:{"id": 9, "loss": -0.40452063518303777, "t_ctm": 0.03496685699997215, "t_check": 20.366076534999934}
INFO:__main__:Norm(sites): 3.769440210787181
INFO:optim.ad_optim_lbfgs_mod:{"id": 9, "t_grad": 8.380502287000013, "grad_mag": [0.00055987568589046]}
INFO:__main__:{'history_length': 6, 'history': [-0.4045224777887223, -0.4045274176929294, -0.40452536657471466, -0.404524947920105, -0.4045248835816033, -0.4045248745081002]}
INFO:optim.ad_optim_lbfgs_mod:{"id": 10, "loss": -0.4045248745081002, "t_ctm": 0.03653623399998196, "t_check": 21.425513789000036}
INFO:__main__:Norm(sites): 3.7699277351830247
INFO:optim.ad_optim_lbfgs_mod:{"id": 10, "t_grad": 8.46055770099997, "grad_mag": [0.0005428734548338225]}
INFO:__main__:{'history_length': 6, 'history': [-0.4045255908840159, -0.40453153087960736, -0.40452955662690365, -0.4045291461878374, -0.4045290829648552, -0.4045290740569945]}
INFO:optim.ad_optim_lbfgs_mod:{"id": 11, "loss": -0.4045290740569945, "t_ctm": 0.03767216300002474, "t_check": 20.89272922599997}
INFO:__main__:Norm(sites): 3.770661485205074
INFO:optim.ad_optim_lbfgs_mod:{"id": 11, "t_grad": 8.43088156600004, "grad_mag": [0.0007193684778466903]}
INFO:__main__:{'history_length': 6, 'history': [-0.404524980899939, -0.40453227157015875, -0.40453045725919773, -0.4045300666026516, -0.4045300060920757, -0.4045299975702967]}
INFO:optim.ad_optim_lbfgs_mod:{"id": 12, "loss": -0.4045299975702967, "t_ctm": 0.0441755589999957, "t_check": 21.56756850900001}
INFO:__main__:Norm(sites): 3.77190647779204
INFO:optim.ad_optim_lbfgs_mod:{"id": 12, "t_grad": 8.689320539999926, "grad_mag": [0.0008906011045201165]}
INFO:__main__:{'history_length': 6, 'history': [-0.40452793830157924, -0.404534500220256, -0.4045326520977227, -0.40453225977376744, -0.4045321991257091, -0.40453219058373596]}
INFO:optim.ad_optim_lbfgs_mod:{"id": 13, "loss": -0.40453219058373596, "t_ctm": 0.03559396499997547, "t_check": 21.45767984800011}
INFO:__main__:Norm(sites): 3.771555834366312
INFO:optim.ad_optim_lbfgs_mod:{"id": 13, "t_grad": 8.671134407000068, "grad_mag": [0.00026500490364812676]}
INFO:__main__:{'history_length': 6, 'history': [-0.40452864122711263, -0.4045350149224294, -0.4045331906457134, -0.40453280391018226, -0.40453274416686175, -0.4045327357595648]}
INFO:optim.ad_optim_lbfgs_mod:{"id": 14, "loss": -0.4045327357595648, "t_ctm": 0.03838406500005931, "t_check": 21.577729760999887}
INFO:__main__:Norm(sites): 3.7715125141822368
INFO:optim.ad_optim_lbfgs_mod:{"id": 14, "t_grad": 8.821619878999968, "grad_mag": [0.00022884585952387854]}
INFO:__main__:{'history_length': 6, 'history': [-0.40452955705523785, -0.4045358913036116, -0.40453416186948826, -0.40453379235845294, -0.40453373523361486, -0.4045337272051796]}
INFO:optim.ad_optim_lbfgs_mod:{"id": 15, "loss": -0.4045337272051796, "t_ctm": 0.03687706799996704, "t_check": 20.944307372000026}
INFO:__main__:Norm(sites): 3.771688651453815
INFO:optim.ad_optim_lbfgs_mod:{"id": 15, "t_grad": 9.054516126000067, "grad_mag": [0.00023016148324096829]}
INFO:__main__:{'history_length': 6, 'history': [-0.40452978523090855, -0.4045361442307149, -0.4045344916863324, -0.4045341378360835, -0.4045340832916371, -0.40453407565846117]}
INFO:optim.ad_optim_lbfgs_mod:{"id": 16, "loss": -0.40453407565846117, "t_ctm": 0.03856014599989521, "t_check": 21.971172341000056}
INFO:__main__:Norm(sites): 3.771785140379051
INFO:optim.ad_optim_lbfgs_mod:{"id": 16, "t_grad": 8.435398605000046, "grad_mag": [0.0003947803189518379]}
INFO:__main__:{'history_length': 6, 'history': [-0.4045301027426665, -0.40453657490566247, -0.40453496043256243, -0.4045346115362757, -0.40453455759041207, -0.4045345500272007]}
INFO:optim.ad_optim_lbfgs_mod:{"id": 17, "loss": -0.4045345500272007, "t_ctm": 0.039711382999939815, "t_check": 20.746760477999942}
INFO:__main__:Norm(sites): 3.7720922831665313
INFO:optim.ad_optim_lbfgs_mod:{"id": 17, "t_grad": 8.487797485999977, "grad_mag": [9.87920928428945e-05]}
INFO:__main__:{'history_length': 6, 'history': [-0.404530168816098, -0.4045366624634633, -0.404535040568285, -0.40453469027691313, -0.4045346361246027, -0.4045346285322724]}
INFO:optim.ad_optim_lbfgs_mod:{"id": 18, "loss": -0.4045346285322724, "t_ctm": 0.03659044999994876, "t_check": 20.363947314000143}
INFO:__main__:Norm(sites): 3.77208940640729
INFO:optim.ad_optim_lbfgs_mod:{"id": 18, "t_grad": 8.324247029999924, "grad_mag": [7.201663261458769e-05]}
INFO:__main__:{'history_length': 6, 'history': [-0.4045302211424366, -0.40453675584084103, -0.40453513777312156, -0.40453478833230017, -0.40453473434676684, -0.40453472678263863]}
INFO:optim.ad_optim_lbfgs_mod:{"id": 19, "loss": -0.40453472678263863, "t_ctm": 0.03541182500009654, "t_check": 20.422560000999965}
INFO:__main__:Norm(sites): 3.772101167216393
INFO:optim.ad_optim_lbfgs_mod:{"id": 19, "t_grad": 8.349524497999937, "grad_mag": [8.977569484183992e-05]}
INFO:__main__:{'history_length': 6, 'history': [-0.40453015225486055, -0.40453674723680694, -0.4045351430675143, -0.4045347962382751, -0.4045347426875359, -0.4045347351906463]}
INFO:optim.ad_optim_lbfgs_mod:{"id": 20, "loss": -0.4045347351906463, "t_ctm": 0.03566562499997872, "t_check": 20.446438792999857}
INFO:__main__:Norm(sites): 3.7721419600042516
INFO:optim.ad_optim_lbfgs_mod:{"id": 20, "t_grad": 8.420839069999943, "grad_mag": [0.00019330566434298536]}
INFO:__main__:{'history_length': 6, 'history': [-0.4045302576842959, -0.40453682797319634, -0.4045352236332351, -0.4045348769641107, -0.40453482345105707, -0.4045348159610696]}
INFO:optim.ad_optim_lbfgs_mod:{"id": 21, "loss": -0.4045348159610696, "t_ctm": 0.03595303099996272, "t_check": 20.378865634999897}
INFO:__main__:Norm(sites): 3.7721236537507297
INFO:optim.ad_optim_lbfgs_mod:{"id": 21, "t_grad": 8.37591802899999, "grad_mag": [5.486910374192544e-05]}
INFO:__main__:{'history_length': 6, 'history': [-0.40453027412724696, -0.4045368434244154, -0.4045352428486537, -0.40453489695784794, -0.4045348435771028, -0.4045348361080765]}
INFO:optim.ad_optim_lbfgs_mod:{"id": 22, "loss": -0.4045348361080765, "t_ctm": 0.03757223499997053, "t_check": 20.338057769000216}
INFO:__main__:Norm(sites): 3.7721215994325674
INFO:optim.ad_optim_lbfgs_mod:{"id": 22, "t_grad": 8.323870952999982, "grad_mag": [3.795990094752409e-05]}
INFO:__main__:{'history_length': 6, 'history': [-0.4045302682640485, -0.40453685868202977, -0.40453526277473795, -0.404534917776357, -0.40453486455427806, -0.4045348571116946]}
INFO:optim.ad_optim_lbfgs_mod:{"id": 23, "loss": -0.4045348571116946, "t_ctm": 0.03859611699999732, "t_check": 21.552852134999966}
INFO:__main__:Norm(sites): 3.7721264443705027
INFO:optim.ad_optim_lbfgs_mod:{"id": 23, "t_grad": 8.54688231900002, "grad_mag": [3.7367525630986785e-05]}
INFO:__main__:{'history_length': 6, 'history': [-0.4045302682640485, -0.40453685868202977, -0.40453526277473795, -0.404534917776357, -0.40453486455427806, -0.4045348571116946]}
INFO:optim.ad_optim_lbfgs_mod:{"id": 24, "loss": -0.4045348571116946, "t_ctm": 0.03538051299995004, "t_check": 20.796582897999997}
INFO:__main__:Norm(sites): 3.7721264443705027
INFO:optim.ad_optim_lbfgs_mod:{"id": 24, "t_grad": 8.259247991999928, "grad_mag": [3.7367525630986785e-05]}
INFO:__main__:{'history_length': 6, 'history': [-0.40453026826404936, -0.4045368586820291, -0.4045352627747368, -0.4045349177763572, -0.40453486455427845, -0.40453485711169457]}
