INFO:__main__:{'history_length': 7, 'history': [-0.3374230777058102, -0.33761801554421833, -0.33764267274568255, -0.33764577497467047, -0.337646167366084, -0.33764621705051817, -0.33764622334827404]}
INFO:__main__:{'history_length': 7, 'history': [-0.3374230777058102, -0.33761801554421833, -0.33764267274568255, -0.33764577497467047, -0.337646167366084, -0.33764621705051817, -0.33764622334827404]}
INFO:optim.ad_optim_lbfgs_mod:{"id": 0, "loss": -0.33764622334827404, "t_ctm": 0.11766937300001246, "t_check": 119.58280214799998}
INFO:__main__:Norm(sites): 3.987089278492192
INFO:optim.ad_optim_lbfgs_mod:{"id": 0, "t_grad": 36.65112778499997, "grad_mag": [0.236808749279147]}
INFO:__main__:{'history_length': 7, 'history': [-0.35134517178455066, -0.35156858230570487, -0.3515949329619416, -0.35159807282504624, -0.3515984545629418, -0.35159850167520845, -0.35159850756567795]}
INFO:optim.ad_optim_lbfgs_mod:{"id": 1, "loss": -0.35159850756567795, "t_ctm": 0.1490627530000097, "t_check": 126.93208178399993}
INFO:__main__:Norm(sites): 3.987591175617552
INFO:optim.ad_optim_lbfgs_mod:{"id": 1, "t_grad": 38.81968557599998, "grad_mag": [0.2046997848532303]}
INFO:__main__:{'history_length': 6, 'history': [-0.40113822746831146, -0.401242451313971, -0.4012494487058646, -0.40125004266946834, -0.4012501061593669, -0.4012501143629787]}
INFO:optim.ad_optim_lbfgs_mod:{"id": 2, "loss": -0.4012501143629787, "t_ctm": 0.10292415699996127, "t_check": 107.75349065099999}
INFO:__main__:Norm(sites): 3.979812415453295
INFO:optim.ad_optim_lbfgs_mod:{"id": 2, "t_grad": 37.193804876999934, "grad_mag": [0.025205358255523058]}
INFO:__main__:{'history_length': 6, 'history': [-0.40232398358807797, -0.40240920652958284, -0.40241246306024053, -0.402412508435001, -0.4024124899796339, -0.40241248593239]}
INFO:optim.ad_optim_lbfgs_mod:{"id": 3, "loss": -0.40241248593239, "t_ctm": 0.0989611419998937, "t_check": 104.2527877010001}
INFO:__main__:Norm(sites): 3.9763115112332943
INFO:optim.ad_optim_lbfgs_mod:{"id": 3, "t_grad": 36.497131341, "grad_mag": [0.013631367896910673]}
INFO:__main__:{'history_length': 6, 'history': [-0.40314211571307, -0.4032086641848645, -0.40320960379493326, -0.4032093357415959, -0.4032092755845724, -0.4032092658035887]}
INFO:optim.ad_optim_lbfgs_mod:{"id": 4, "loss": -0.4032092658035887, "t_ctm": 0.09728307200009567, "t_check": 100.86037945099986}
INFO:__main__:Norm(sites): 3.973964082062933
INFO:optim.ad_optim_lbfgs_mod:{"id": 4, "t_grad": 36.94598045399994, "grad_mag": [0.01058769613722598]}
INFO:__main__:{'history_length': 7, 'history': [-0.40403063061643085, -0.4040822792940934, -0.4040816137665036, -0.40408120812779125, -0.40408113829854186, -0.40408112806529234, -0.40408112663304724]}
INFO:optim.ad_optim_lbfgs_mod:{"id": 5, "loss": -0.40408112663304724, "t_ctm": 0.11339434199999232, "t_check": 123.06939485500038}
INFO:__main__:Norm(sites): 3.9740514608243607
INFO:optim.ad_optim_lbfgs_mod:{"id": 5, "t_grad": 43.38100385000007, "grad_mag": [0.007625963070278652]}
INFO:__main__:{'history_length': 6, 'history': [-0.40466799616086885, -0.40472272624700945, -0.40472261574241497, -0.4047223274378041, -0.40472227453781817, -0.40472226677345474]}
INFO:optim.ad_optim_lbfgs_mod:{"id": 6, "loss": -0.40472226677345474, "t_ctm": 0.11860363999971923, "t_check": 113.817864397}
INFO:__main__:Norm(sites): 3.979425606789035
INFO:optim.ad_optim_lbfgs_mod:{"id": 6, "t_grad": 41.189485821999824, "grad_mag": [0.0068147894076385825]}
INFO:__main__:{'history_length': 6, 'history': [-0.4050710077781731, -0.4051290686178943, -0.4051297389481689, -0.4051296431394173, -0.4051296161953458, -0.40512961183992857]}
INFO:optim.ad_optim_lbfgs_mod:{"id": 7, "loss": -0.40512961183992857, "t_ctm": 0.1450334109999858, "t_check": 117.06034760499983}
INFO:__main__:Norm(sites): 3.998680697746894
INFO:optim.ad_optim_lbfgs_mod:{"id": 7, "t_grad": 39.378283566999926, "grad_mag": [0.01205962030627796]}
INFO:__main__:{'history_length': 6, 'history': [-0.40555931951371277, -0.40561732616744256, -0.40561827375059106, -0.40561824374064975, -0.4056182258444065, -0.4056182227442259]}
INFO:optim.ad_optim_lbfgs_mod:{"id": 8, "loss": -0.4056182227442259, "t_ctm": 0.10208406599963382, "t_check": 107.36707701299997}
INFO:__main__:Norm(sites): 4.011376972744821
INFO:optim.ad_optim_lbfgs_mod:{"id": 8, "t_grad": 41.15980688399986, "grad_mag": [0.00841347167890946]}
INFO:__main__:{'history_length': 6, 'history': [-0.4066576297393824, -0.406713691786285, -0.40671625041312337, -0.4067164494262825, -0.4067164630888597, -0.4067164642657211]}
INFO:optim.ad_optim_lbfgs_mod:{"id": 9, "loss": -0.4067164642657211, "t_ctm": 0.10356237699988924, "t_check": 111.44987571399997}
INFO:__main__:Norm(sites): 4.101684506659179
INFO:optim.ad_optim_lbfgs_mod:{"id": 9, "t_grad": 41.65447493600004, "grad_mag": [0.01502675549005302]}
INFO:__main__:{'history_length': 5, 'history': [-0.4076165632804729, -0.4076710273417665, -0.40767356678154787, -0.40767371556210985, -0.4076737239027162]}
INFO:optim.ad_optim_lbfgs_mod:{"id": 10, "loss": -0.4076737239027162, "t_ctm": 0.09314095300032932, "t_check": 88.61534619999975}
INFO:__main__:Norm(sites): 4.132439879985043
INFO:optim.ad_optim_lbfgs_mod:{"id": 10, "t_grad": 40.68331664399966, "grad_mag": [0.015642944131415672]}
INFO:__main__:{'history_length': 5, 'history': [-0.409796029345387, -0.4099389042808245, -0.40993915378467916, -0.4099394966183605, -0.4099395015690974]}
INFO:optim.ad_optim_lbfgs_mod:{"id": 11, "loss": -0.4099395015690974, "t_ctm": 0.10915749899959337, "t_check": 94.85967091900011}
INFO:__main__:Norm(sites): 4.272676230585812
INFO:optim.ad_optim_lbfgs_mod:{"id": 11, "t_grad": 40.91170771999987, "grad_mag": [0.01916567703926178]}
INFO:__main__:{'history_length': 5, 'history': [-0.4105217677907604, -0.4106191665904374, -0.4106197765743662, -0.41061991842049606, -0.41061992370659833]}
INFO:optim.ad_optim_lbfgs_mod:{"id": 12, "loss": -0.41061992370659833, "t_ctm": 0.08449863400028335, "t_check": 88.40772804600101}
INFO:__main__:Norm(sites): 4.24487353454247
INFO:optim.ad_optim_lbfgs_mod:{"id": 12, "t_grad": 36.598416603999794, "grad_mag": [0.022547837615249835]}
INFO:__main__:{'history_length': 5, 'history': [-0.41268286232346757, -0.4128340637037084, -0.41283213251556783, -0.4128324632527156, -0.4128324551410886]}
INFO:optim.ad_optim_lbfgs_mod:{"id": 13, "loss": -0.4128324551410886, "t_ctm": 0.07598845400025311, "t_check": 81.7140331960004}
INFO:__main__:Norm(sites): 4.344257365752394
INFO:optim.ad_optim_lbfgs_mod:{"id": 13, "t_grad": 36.81897016999983, "grad_mag": [0.014652881886437395]}
INFO:__main__:{'history_length': 6, 'history': [-0.4146220189303462, -0.4149354575834756, -0.4149163096320852, -0.4149176211873017, -0.41491751409011296, -0.414917520799882]}
INFO:optim.ad_optim_lbfgs_mod:{"id": 14, "loss": -0.414917520799882, "t_ctm": 0.09485736299984637, "t_check": 99.27883294999947}
INFO:__main__:Norm(sites): 4.5125673411554175
INFO:optim.ad_optim_lbfgs_mod:{"id": 14, "t_grad": 36.361336745000244, "grad_mag": [0.015992071800129456]}
INFO:__main__:{'history_length': 6, 'history': [-0.41561862259254617, -0.4159600038125338, -0.4159365313559984, -0.41593809176961893, -0.41593794393861244, -0.41593795290918867]}
INFO:optim.ad_optim_lbfgs_mod:{"id": 15, "loss": -0.41593795290918867, "t_ctm": 0.09475194100105, "t_check": 99.49659187200041}
INFO:__main__:Norm(sites): 4.593356304958128
INFO:optim.ad_optim_lbfgs_mod:{"id": 15, "t_grad": 36.55462689800015, "grad_mag": [0.011654987929920186]}
INFO:__main__:{'history_length': 6, 'history': [-0.41691640283201076, -0.41721795096355974, -0.4171968419679547, -0.41719810314205763, -0.41719797331985303, -0.4171979796987642]}
INFO:optim.ad_optim_lbfgs_mod:{"id": 16, "loss": -0.4171979796987642, "t_ctm": 0.10045316400010051, "t_check": 103.53001774199993}
INFO:__main__:Norm(sites): 4.6530495495127
INFO:optim.ad_optim_lbfgs_mod:{"id": 16, "t_grad": 36.84077209399993, "grad_mag": [0.010358430317490876]}
INFO:__main__:{'history_length': 7, 'history': [-0.41800834288245037, -0.4184571190368544, -0.4184105150463353, -0.418415326568616, -0.4184148202675939, -0.41841487495637963, -0.41841486965656166]}
INFO:optim.ad_optim_lbfgs_mod:{"id": 17, "loss": -0.41841486965656166, "t_ctm": 0.12024334799934877, "t_check": 122.51968619200034}
INFO:__main__:Norm(sites): 4.882144110148835
INFO:optim.ad_optim_lbfgs_mod:{"id": 17, "t_grad": 75.19288109900026, "grad_mag": [0.01408538947038213]}
INFO:__main__:{'history_length': 7, 'history': [-0.41958095094380804, -0.419968529789065, -0.4199351916254478, -0.4199385574845687, -0.4199382491133283, -0.41993828016369755, -0.4199382772119968]}
INFO:optim.ad_optim_lbfgs_mod:{"id": 18, "loss": -0.4199382772119968, "t_ctm": 0.17137299100068049, "t_check": 181.64991900199993}
INFO:__main__:Norm(sites): 5.000482470482769
INFO:optim.ad_optim_lbfgs_mod:{"id": 18, "t_grad": 37.26751058900027, "grad_mag": [0.011425976953883912]}
INFO:__main__:{'history_length': 7, 'history': [-0.42060617336441813, -0.4209645943562625, -0.42093018233882656, -0.4209331864196875, -0.4209329024201093, -0.4209329267881202, -0.4209329246853887]}
INFO:optim.ad_optim_lbfgs_mod:{"id": 19, "loss": -0.4209329246853887, "t_ctm": 0.13853973100003714, "t_check": 127.45735383300007}
INFO:__main__:Norm(sites): 5.1671635383142105
INFO:optim.ad_optim_lbfgs_mod:{"id": 19, "t_grad": 39.51789198300003, "grad_mag": [0.013283803391032868]}
INFO:__main__:{'history_length': 7, 'history': [-0.42141116230713105, -0.42177016469578055, -0.42173239195098794, -0.4217355070171611, -0.4217351941248141, -0.4217352216507599, -0.42173521936228864]}
INFO:optim.ad_optim_lbfgs_mod:{"id": 20, "loss": -0.42173521936228864, "t_ctm": 0.12856165599896485, "t_check": 124.43906188300161}
INFO:__main__:Norm(sites): 5.202188156687765
INFO:optim.ad_optim_lbfgs_mod:{"id": 20, "t_grad": 36.7581032879998, "grad_mag": [0.0080372121648333]}
INFO:__main__:{'history_length': 7, 'history': [-0.4220907636009761, -0.4224439208205324, -0.42240142406502784, -0.4224053730365499, -0.42240495206970763, -0.4224049979360483, -0.42240499394607617]}
INFO:optim.ad_optim_lbfgs_mod:{"id": 21, "loss": -0.42240499394607617, "t_ctm": 0.12300445500022761, "t_check": 123.53735072099971}
INFO:__main__:Norm(sites): 5.2426970138303846
INFO:optim.ad_optim_lbfgs_mod:{"id": 21, "t_grad": 36.85374467600013, "grad_mag": [0.007275708272454917]}
INFO:__main__:{'history_length': 7, 'history': [-0.42264004285615725, -0.4231595033179403, -0.4231287577113228, -0.42313526811892643, -0.4231349190973311, -0.42313497985496046, -0.4231349775077685]}
INFO:optim.ad_optim_lbfgs_mod:{"id": 22, "loss": -0.4231349775077685, "t_ctm": 0.11687051800072368, "t_check": 120.48834771400016}
INFO:__main__:Norm(sites): 5.402448717298332
INFO:optim.ad_optim_lbfgs_mod:{"id": 22, "t_grad": 37.00757328399959, "grad_mag": [0.0075342493258228485]}
INFO:__main__:{'history_length': 7, 'history': [-0.42361271193724, -0.42394547357590445, -0.42392465036618016, -0.42392762975252, -0.4239274493643833, -0.42392747333671493, -0.42392747270575504]}
INFO:optim.ad_optim_lbfgs_mod:{"id": 23, "loss": -0.42392747270575504, "t_ctm": 0.12020909800048685, "t_check": 126.05652991900024}
INFO:__main__:Norm(sites): 5.522425141681743
INFO:optim.ad_optim_lbfgs_mod:{"id": 23, "t_grad": 36.58136322300015, "grad_mag": [0.007986876535184607]}
INFO:__main__:{'history_length': 7, 'history': [-0.42415785186796096, -0.42452253285832176, -0.42451027787890044, -0.42451383445210233, -0.42451371197942833, -0.4245137375000546, -0.4245137375413169]}
INFO:optim.ad_optim_lbfgs_mod:{"id": 24, "loss": -0.4245137375413169, "t_ctm": 0.12038457099970401, "t_check": 122.77426343300067}
INFO:__main__:Norm(sites): 5.686807999913195
INFO:optim.ad_optim_lbfgs_mod:{"id": 24, "t_grad": 42.3152732869994, "grad_mag": [0.005024532599411457]}
INFO:__main__:{'history_length': 5, 'history': [-0.4245621458286429, -0.42490044434240065, -0.42489520611873377, -0.42489802560529244, -0.42489802000604837]}
INFO:optim.ad_optim_lbfgs_mod:{"id": 25, "loss": -0.42489802000604837, "t_ctm": 0.08093501199982711, "t_check": 80.38000976299918}
INFO:__main__:Norm(sites): 5.7245609222805545
INFO:optim.ad_optim_lbfgs_mod:{"id": 25, "t_grad": 37.466933636999784, "grad_mag": [0.00380270755925653]}
INFO:__main__:{'history_length': 6, 'history': [-0.4249210334512666, -0.4252208495495593, -0.4252248402222487, -0.4252263993612702, -0.4252265339497303, -0.4252265305878748]}
INFO:optim.ad_optim_lbfgs_mod:{"id": 26, "loss": -0.4252265305878748, "t_ctm": 0.09974926799986861, "t_check": 102.44974702399941}
INFO:__main__:Norm(sites): 5.7915185165234755
INFO:optim.ad_optim_lbfgs_mod:{"id": 26, "t_grad": 36.76917978599977, "grad_mag": [0.004237731423694854]}
INFO:__main__:{'history_length': 7, 'history': [-0.4252374552046335, -0.4254846386968725, -0.42550067729808966, -0.4255006103325474, -0.4255009055132178, -0.4255008851040338, -0.42550088874528247]}
INFO:optim.ad_optim_lbfgs_mod:{"id": 27, "loss": -0.42550088874528247, "t_ctm": 0.12407159699978365, "t_check": 123.79166492499917}
INFO:__main__:Norm(sites): 5.91276193866834
INFO:optim.ad_optim_lbfgs_mod:{"id": 27, "t_grad": 38.33154619200013, "grad_mag": [0.005651536060120597]}
INFO:__main__:{'history_length': 7, 'history': [-0.4255062667321816, -0.42573937308422616, -0.42575787711721746, -0.4257573075374723, -0.42575764744784006, -0.42575762262998024, -0.4257576263504145]}
INFO:optim.ad_optim_lbfgs_mod:{"id": 28, "loss": -0.4257576263504145, "t_ctm": 0.13454276699758339, "t_check": 121.33172666799965}
INFO:__main__:Norm(sites): 5.9386346061682564
INFO:optim.ad_optim_lbfgs_mod:{"id": 28, "t_grad": 38.017042432999915, "grad_mag": [0.003121389722444815]}
INFO:__main__:{'history_length': 7, 'history': [-0.4256975502587338, -0.4259216044407574, -0.4259409170851729, -0.4259399338087264, -0.4259403103413908, -0.42594028125197886, -0.42594028521406413]}
INFO:optim.ad_optim_lbfgs_mod:{"id": 29, "loss": -0.42594028521406413, "t_ctm": 0.12734946299951844, "t_check": 126.72430030600117}
INFO:__main__:Norm(sites): 5.976648051410099
INFO:optim.ad_optim_lbfgs_mod:{"id": 29, "t_grad": 37.0900580840007, "grad_mag": [0.0026366915529424167]}
INFO:__main__:{'history_length': 7, 'history': [-0.425844483965236, -0.4260630750012911, -0.4260828181931964, -0.4260815251596769, -0.42608192508411435, -0.42608189209651326, -0.42608189609835995]}
INFO:optim.ad_optim_lbfgs_mod:{"id": 30, "loss": -0.42608189609835995, "t_ctm": 0.12123872399934044, "t_check": 120.61893092400078}
INFO:__main__:Norm(sites): 6.0198773301412745
INFO:optim.ad_optim_lbfgs_mod:{"id": 30, "t_grad": 41.68667688700043, "grad_mag": [0.002711028187697182]}
INFO:__main__:{'history_length': 7, 'history': [-0.4260168789587586, -0.4262155594091961, -0.4262374954457701, -0.42623524760397485, -0.4262357184666005, -0.4262356706425042, -0.42623567471363133]}
INFO:optim.ad_optim_lbfgs_mod:{"id": 31, "loss": -0.42623567471363133, "t_ctm": 0.12247853199914971, "t_check": 125.02529380100259}
INFO:__main__:Norm(sites): 6.1221552830620585
INFO:optim.ad_optim_lbfgs_mod:{"id": 31, "t_grad": 36.48287265599993, "grad_mag": [0.003761666052927921]}
INFO:__main__:{'history_length': 7, 'history': [-0.4261479816094734, -0.42634428666932206, -0.4263655863892423, -0.42636337036691707, -0.4263638485188113, -0.426363798521728, -0.4263638030431837]}
INFO:optim.ad_optim_lbfgs_mod:{"id": 32, "loss": -0.4263638030431837, "t_ctm": 0.12075331200139772, "t_check": 121.34381748099986}
INFO:__main__:Norm(sites): 6.169674281058336
INFO:optim.ad_optim_lbfgs_mod:{"id": 32, "t_grad": 38.1647318360001, "grad_mag": [0.002056465870810811]}
INFO:__main__:{'history_length': 7, 'history': [-0.4262198365359018, -0.4264156766862365, -0.4264362884330148, -0.4264342963444133, -0.42643474198914305, -0.42643469505551407, -0.4264346994527279]}
INFO:optim.ad_optim_lbfgs_mod:{"id": 33, "loss": -0.4264346994527279, "t_ctm": 0.13322449899897038, "t_check": 120.69935718500074}
INFO:__main__:Norm(sites): 6.161296017200524
INFO:optim.ad_optim_lbfgs_mod:{"id": 33, "t_grad": 36.90849522900044, "grad_mag": [0.0016449219947983426]}
INFO:__main__:{'history_length': 7, 'history': [-0.42631479239412284, -0.4264958818355321, -0.4265189625447821, -0.4265168145411331, -0.42651728125454147, -0.4265172341882978, -0.4265172385463471]}
INFO:optim.ad_optim_lbfgs_mod:{"id": 34, "loss": -0.4265172385463471, "t_ctm": 0.12106130700067297, "t_check": 119.66192341100123}
INFO:__main__:Norm(sites): 6.2141724930811995
INFO:optim.ad_optim_lbfgs_mod:{"id": 34, "t_grad": 40.29495189000045, "grad_mag": [0.0018164265332242142]}
INFO:__main__:{'history_length': 7, 'history': [-0.4263996279925597, -0.42657488914760694, -0.4265992372817269, -0.42659718396083096, -0.4265976383730806, -0.4265975935812753, -0.42659759776754663]}
INFO:optim.ad_optim_lbfgs_mod:{"id": 35, "loss": -0.42659759776754663, "t_ctm": 0.12452238200057764, "t_check": 122.86513444900174}
INFO:__main__:Norm(sites): 6.22935519013824
INFO:optim.ad_optim_lbfgs_mod:{"id": 35, "t_grad": 36.552543226000125, "grad_mag": [0.001747320942623581]}
INFO:__main__:{'history_length': 7, 'history': [-0.4264645515746225, -0.4266302091143286, -0.4266576164924997, -0.4266552928928844, -0.42665576434690344, -0.4266557181462021, -0.42665572200263313]}
INFO:optim.ad_optim_lbfgs_mod:{"id": 36, "loss": -0.42665572200263313, "t_ctm": 0.11934555800053204, "t_check": 119.9213563229996}
INFO:__main__:Norm(sites): 6.280692168224525
INFO:optim.ad_optim_lbfgs_mod:{"id": 36, "t_grad": 36.589503831, "grad_mag": [0.0018835311464833167]}
INFO:__main__:{'history_length': 7, 'history': [-0.4265015850567538, -0.4266699307259029, -0.4266984725100993, -0.4266961583449161, -0.42669665101843923, -0.4266966036908219, -0.42669660783155017]}
INFO:optim.ad_optim_lbfgs_mod:{"id": 37, "loss": -0.42669660783155017, "t_ctm": 0.12399341599848412, "t_check": 119.45934464799939}
INFO:__main__:Norm(sites): 6.302511935896532
INFO:optim.ad_optim_lbfgs_mod:{"id": 37, "t_grad": 36.70419535899964, "grad_mag": [0.0012072201252561992]}
INFO:__main__:{'history_length': 7, 'history': [-0.4265186623393387, -0.42669373600899363, -0.42672174978302607, -0.4267196112503986, -0.4267201029319381, -0.426720057285063, -0.4267200615607347]}
INFO:optim.ad_optim_lbfgs_mod:{"id": 38, "loss": -0.4267200615607347, "t_ctm": 0.14373150900064502, "t_check": 124.11384306800028}
INFO:__main__:Norm(sites): 6.296841442648025
INFO:optim.ad_optim_lbfgs_mod:{"id": 38, "t_grad": 36.55052853300003, "grad_mag": [0.0010482699253256667]}
INFO:__main__:{'history_length': 7, 'history': [-0.4265401977321915, -0.4267244162047777, -0.4267522704511729, -0.42675039074485815, -0.42675087093150976, -0.4267508244737715, -0.42675082824235383]}
INFO:optim.ad_optim_lbfgs_mod:{"id": 39, "loss": -0.42675082824235383, "t_ctm": 0.1486224290001701, "t_check": 129.59924926200074}
INFO:__main__:Norm(sites): 6.312967745963094
INFO:optim.ad_optim_lbfgs_mod:{"id": 39, "t_grad": 38.33926504400006, "grad_mag": [0.0010392764712846567]}
INFO:__main__:{'history_length': 7, 'history': [-0.42654790283793054, -0.42674617919463925, -0.42677190225437595, -0.42677043114490937, -0.42677087183759277, -0.4267708248152861, -0.42677082884859663]}
INFO:optim.ad_optim_lbfgs_mod:{"id": 40, "loss": -0.42677082884859663, "t_ctm": 0.12880892000066524, "t_check": 121.324047873999}
INFO:__main__:Norm(sites): 6.340165968769345
INFO:optim.ad_optim_lbfgs_mod:{"id": 40, "t_grad": 37.04068196800108, "grad_mag": [0.0014105942738988667]}
INFO:__main__:{'history_length': 7, 'history': [-0.426566274899814, -0.42676347518140345, -0.42678867542320814, -0.4267871296884251, -0.426787561634722, -0.4267875143567085, -0.42678751853778324]}
INFO:optim.ad_optim_lbfgs_mod:{"id": 41, "loss": -0.42678751853778324, "t_ctm": 0.12040285099828907, "t_check": 119.65248313300253}
INFO:__main__:Norm(sites): 6.34113979110141
INFO:optim.ad_optim_lbfgs_mod:{"id": 41, "t_grad": 38.07736013499925, "grad_mag": [0.0006704040417916827]}
INFO:__main__:{'history_length': 7, 'history': [-0.4265777864354204, -0.42677532471759483, -0.42679967754344855, -0.42679829947944625, -0.42679871080425963, -0.42679867032582147, -0.42679867411136674]}
INFO:optim.ad_optim_lbfgs_mod:{"id": 42, "loss": -0.42679867411136674, "t_ctm": 0.12005568799941102, "t_check": 121.77283705500122}
INFO:__main__:Norm(sites): 6.349314788122884
INFO:optim.ad_optim_lbfgs_mod:{"id": 42, "t_grad": 40.09321580099822, "grad_mag": [0.0005867339960120336]}
INFO:__main__:{'history_length': 7, 'history': [-0.42658656145740825, -0.42678637777309875, -0.4268098538578145, -0.42680862723337465, -0.4268090172942658, -0.42680897770457965, -0.4268089816741566]}
INFO:optim.ad_optim_lbfgs_mod:{"id": 43, "loss": -0.4268089816741566, "t_ctm": 0.12021028500021202, "t_check": 119.6995940149991}
INFO:__main__:Norm(sites): 6.359650482605614
INFO:optim.ad_optim_lbfgs_mod:{"id": 43, "t_grad": 39.05761633200018, "grad_mag": [0.0006421972497155411]}
INFO:__main__:{'history_length': 7, 'history': [-0.4266022359745019, -0.42680015795179493, -0.4268229759140537, -0.4268218440195845, -0.42682224684307823, -0.426822203725846, -0.42682220872842586]}
INFO:optim.ad_optim_lbfgs_mod:{"id": 44, "loss": -0.42682220872842586, "t_ctm": 0.1317963850015076, "t_check": 123.5375439160016}
INFO:__main__:Norm(sites): 6.377762011748521
INFO:optim.ad_optim_lbfgs_mod:{"id": 44, "t_grad": 37.01111745799972, "grad_mag": [0.0011413970208202632]}
INFO:__main__:{'history_length': 7, 'history': [-0.4266112307178715, -0.4268115325226317, -0.42683416411035474, -0.4268331447668234, -0.42683354450263367, -0.4268335010556716, -0.42683350634802364]}
INFO:optim.ad_optim_lbfgs_mod:{"id": 45, "loss": -0.42683350634802364, "t_ctm": 0.12459472800401272, "t_check": 128.99496139000075}
INFO:__main__:Norm(sites): 6.391443250933977
INFO:optim.ad_optim_lbfgs_mod:{"id": 45, "t_grad": 41.96875806500066, "grad_mag": [0.0005920374294042825]}
INFO:__main__:{'history_length': 7, 'history': [-0.42661737785054143, -0.42681646434982584, -0.42683963131115893, -0.42683854915887887, -0.4268389610121609, -0.4268389167808666, -0.42683892209977375]}
INFO:optim.ad_optim_lbfgs_mod:{"id": 46, "loss": -0.42683892209977375, "t_ctm": 0.13001549399996293, "t_check": 133.11395178199746}
INFO:__main__:Norm(sites): 6.388917630311015
INFO:optim.ad_optim_lbfgs_mod:{"id": 46, "t_grad": 41.578180423999584, "grad_mag": [0.0003925381903907783]}
INFO:__main__:{'history_length': 7, 'history': [-0.4266261037192055, -0.4268214814011086, -0.42684596159408134, -0.42684474758461804, -0.42684518411891287, -0.4268451384928772, -0.42684514385769273]}
INFO:optim.ad_optim_lbfgs_mod:{"id": 47, "loss": -0.42684514385769273, "t_ctm": 0.13233032899915997, "t_check": 134.34871527200266}
INFO:__main__:Norm(sites): 6.389762619419277
INFO:optim.ad_optim_lbfgs_mod:{"id": 47, "t_grad": 43.69414184800007, "grad_mag": [0.00044263360475476466]}
INFO:__main__:{'history_length': 7, 'history': [-0.4266339697265219, -0.4268255286881003, -0.42685151257402726, -0.4268501959994287, -0.4268506597432229, -0.4268506126542427, -0.42685061820737724]}
INFO:optim.ad_optim_lbfgs_mod:{"id": 48, "loss": -0.42685061820737724, "t_ctm": 0.14244727199729823, "t_check": 136.46016221600075}
INFO:__main__:Norm(sites): 6.3984699359642025
INFO:optim.ad_optim_lbfgs_mod:{"id": 48, "t_grad": 40.42287985399889, "grad_mag": [0.0006344532400852064]}
INFO:__main__:{'history_length': 7, 'history': [-0.42664235210180196, -0.4268304752821442, -0.4268574424164629, -0.4268560811739829, -0.42685655907318165, -0.4268565120415127, -0.4268565176192419]}
INFO:optim.ad_optim_lbfgs_mod:{"id": 49, "loss": -0.4268565176192419, "t_ctm": 0.15878575899841962, "t_check": 139.98845071599862}
INFO:__main__:Norm(sites): 6.405663896934433
INFO:optim.ad_optim_lbfgs_mod:{"id": 49, "t_grad": 40.888168317000236, "grad_mag": [0.00039135785395771276]}
INFO:__main__:{'history_length': 7, 'history': [-0.42664627788575243, -0.4268340467735336, -0.4268611276564882, -0.426859795710211, -0.4268602707075929, -0.4268602245940614, -0.4268602300794478]}
INFO:optim.ad_optim_lbfgs_mod:{"id": 50, "loss": -0.4268602300794478, "t_ctm": 0.14477557899954263, "t_check": 131.55393374899904}
INFO:__main__:Norm(sites): 6.413454936684741
INFO:optim.ad_optim_lbfgs_mod:{"id": 50, "t_grad": 41.95665366799949, "grad_mag": [0.0003439150970628723]}
INFO:__main__:{'history_length': 7, 'history': [-0.4266469957739059, -0.42683705309376546, -0.4268636686176773, -0.42686243312581945, -0.4268628945893181, -0.42686285018265835, -0.4268628555194961]}
INFO:optim.ad_optim_lbfgs_mod:{"id": 51, "loss": -0.4268628555194961, "t_ctm": 0.1350082700027997, "t_check": 130.56134308699802}
INFO:__main__:Norm(sites): 6.418667901231029
INFO:optim.ad_optim_lbfgs_mod:{"id": 51, "t_grad": 41.44260919699991, "grad_mag": [0.0003335837370985157]}
INFO:__main__:{'history_length': 7, 'history': [-0.4266462328529322, -0.42684053798233657, -0.4268662009841093, -0.42686510507980424, -0.4268655456527233, -0.42686550334223367, -0.42686550847728333]}
INFO:optim.ad_optim_lbfgs_mod:{"id": 52, "loss": -0.42686550847728333, "t_ctm": 0.1428638029974536, "t_check": 130.01034887600144}
INFO:__main__:Norm(sites): 6.4223307689663836
INFO:optim.ad_optim_lbfgs_mod:{"id": 52, "t_grad": 41.654064228001516, "grad_mag": [0.00030346584389136916]}
INFO:__main__:{'history_length': 7, 'history': [-0.42664122776513064, -0.4268440998316127, -0.42686817974291935, -0.42686731042532405, -0.42686772021871544, -0.42686768081272247, -0.4268676856948969]}
INFO:optim.ad_optim_lbfgs_mod:{"id": 53, "loss": -0.4268676856948969, "t_ctm": 0.13047181199908664, "t_check": 129.85779892200117}
INFO:__main__:Norm(sites): 6.423582984280201
INFO:optim.ad_optim_lbfgs_mod:{"id": 53, "t_grad": 36.35589154199988, "grad_mag": [0.00040994975742935307]}
INFO:__main__:{'history_length': 7, 'history': [-0.4266418438960076, -0.4268460186032194, -0.4268699980152631, -0.42686917211325753, -0.42686957889630767, -0.42686953996971594, -0.42686954483232215]}
INFO:optim.ad_optim_lbfgs_mod:{"id": 54, "loss": -0.42686954483232215, "t_ctm": 0.1211072569967655, "t_check": 118.74702036000053}
INFO:__main__:Norm(sites): 6.426112360363493
INFO:optim.ad_optim_lbfgs_mod:{"id": 54, "t_grad": 36.27395698300097, "grad_mag": [0.00021085745908734716]}
INFO:__main__:{'history_length': 7, 'history': [-0.42664185768480983, -0.4268474203641773, -0.4268711504721551, -0.42687036571071574, -0.42687076895103326, -0.42687073008909965, -0.4268707350035041]}
INFO:optim.ad_optim_lbfgs_mod:{"id": 55, "loss": -0.4268707350035041, "t_ctm": 0.12605305700162717, "t_check": 118.77736764400106}
INFO:__main__:Norm(sites): 6.425921559831133
INFO:optim.ad_optim_lbfgs_mod:{"id": 55, "t_grad": 37.68325117399945, "grad_mag": [0.000211326923780385]}
INFO:__main__:{'history_length': 7, 'history': [-0.42664099843862013, -0.4268492337528243, -0.42687246613891544, -0.42687178537437515, -0.42687217811437245, -0.4268721400767827, -0.4268721449863783]}
INFO:optim.ad_optim_lbfgs_mod:{"id": 56, "loss": -0.4268721449863783, "t_ctm": 0.12348191599812708, "t_check": 118.75549426800171}
INFO:__main__:Norm(sites): 6.429382378523364
INFO:optim.ad_optim_lbfgs_mod:{"id": 56, "t_grad": 37.74386908199995, "grad_mag": [0.00020632339074835878]}
INFO:__main__:{'history_length': 7, 'history': [-0.42663797564715245, -0.4268509146467698, -0.42687268833516395, -0.4268721556770318, -0.4268725239233085, -0.42687248743443423, -0.4268724922802295]}
INFO:optim.ad_optim_lbfgs_mod:{"id": 57, "loss": -0.4268724922802295, "t_ctm": 0.12204442799884418, "t_check": 119.11238102000243}
INFO:__main__:Norm(sites): 6.428603242846004
INFO:optim.ad_optim_lbfgs_mod:{"id": 57, "t_grad": 37.684008191999965, "grad_mag": [0.0004723949658932218]}
INFO:__main__:{'history_length': 7, 'history': [-0.42663897590108824, -0.42685246227584367, -0.42687418204235594, -0.42687367697573747, -0.4268740426426549, -0.4268740064143607, -0.4268740112359966]}
INFO:optim.ad_optim_lbfgs_mod:{"id": 58, "loss": -0.4268740112359966, "t_ctm": 0.12260657499791705, "t_check": 119.25160704499649}
INFO:__main__:Norm(sites): 6.433989113486285
INFO:optim.ad_optim_lbfgs_mod:{"id": 58, "t_grad": 36.35863984500065, "grad_mag": [0.00013957628887951165]}
INFO:__main__:{'history_length': 7, 'history': [-0.4266393528239686, -0.4268529750454088, -0.4268745668028907, -0.4268740665437666, -0.4268744300601975, -0.42687439395333465, -0.4268743987556344]}
INFO:optim.ad_optim_lbfgs_mod:{"id": 59, "loss": -0.4268743987556344, "t_ctm": 0.12787597100214043, "t_check": 118.50041682700066}
INFO:__main__:Norm(sites): 6.435097812530484
INFO:optim.ad_optim_lbfgs_mod:{"id": 59, "t_grad": 37.80576943400047, "grad_mag": [9.935166415346579e-05]}
INFO:__main__:{'history_length': 7, 'history': [-0.4266396085701044, -0.42685380279174334, -0.4268750399242802, -0.4268745610316246, -0.42687491880752065, -0.426874883004458, -0.4268748877769342]}
INFO:optim.ad_optim_lbfgs_mod:{"id": 60, "loss": -0.4268748877769342, "t_ctm": 0.12312446900068608, "t_check": 118.95066370700442}
INFO:__main__:Norm(sites): 6.436899855885036
INFO:optim.ad_optim_lbfgs_mod:{"id": 60, "t_grad": 36.370659490001344, "grad_mag": [0.0001181569760166461]}
INFO:__main__:{'history_length': 7, 'history': [-0.4266396152368617, -0.42685461618510034, -0.42687553437837567, -0.4268750797554435, -0.4268754338357431, -0.4268753981658258, -0.42687540295443105]}
INFO:optim.ad_optim_lbfgs_mod:{"id": 61, "loss": -0.42687540295443105, "t_ctm": 0.1193662849982502, "t_check": 118.94466084299893}
INFO:__main__:Norm(sites): 6.43825546875747
INFO:optim.ad_optim_lbfgs_mod:{"id": 61, "t_grad": 37.195206076999966, "grad_mag": [0.00015399558027578478]}
INFO:__main__:{'history_length': 7, 'history': [-0.42663958893187276, -0.4268553876219268, -0.4268758993160316, -0.4268754710611127, -0.4268758193292297, -0.4268757838822233, -0.4268757886609894]}
INFO:optim.ad_optim_lbfgs_mod:{"id": 62, "loss": -0.4268757886609894, "t_ctm": 0.12271095900177897, "t_check": 119.02072553700054}
INFO:__main__:Norm(sites): 6.440178821686138
INFO:optim.ad_optim_lbfgs_mod:{"id": 62, "t_grad": 36.90418638099982, "grad_mag": [0.00013410341607883932]}
INFO:__main__:{'history_length': 7, 'history': [-0.4266397944052243, -0.4268555508798976, -0.42687617040931103, -0.4268757360800925, -0.42687608683966943, -0.42687605116059035, -0.42687605597710104]}
INFO:optim.ad_optim_lbfgs_mod:{"id": 63, "loss": -0.42687605597710104, "t_ctm": 0.11957962000269617, "t_check": 118.82046167899716}
INFO:__main__:Norm(sites): 6.43999416746276
INFO:optim.ad_optim_lbfgs_mod:{"id": 63, "t_grad": 37.23677404400041, "grad_mag": [6.769452896577359e-05]}
INFO:__main__:{'history_length': 7, 'history': [-0.426639939246464, -0.42685562800619853, -0.42687636730472234, -0.42687592412044245, -0.4268762776422762, -0.426876241718657, -0.4268762465694274]}
INFO:optim.ad_optim_lbfgs_mod:{"id": 64, "loss": -0.4268762465694274, "t_ctm": 0.1257285089996003, "t_check": 118.53363286199783}
INFO:__main__:Norm(sites): 6.439356245556754
INFO:optim.ad_optim_lbfgs_mod:{"id": 64, "t_grad": 36.44257523699889, "grad_mag": [7.57909619781985e-05]}
INFO:__main__:{'history_length': 7, 'history': [-0.42664028165543616, -0.4268557414611889, -0.4268765956654772, -0.4268761379249733, -0.42687649411642997, -0.42687645786896866, -0.42687646275449526]}
INFO:optim.ad_optim_lbfgs_mod:{"id": 65, "loss": -0.42687646275449526, "t_ctm": 0.12314290200083633, "t_check": 118.7410301309992}
INFO:__main__:Norm(sites): 6.440078014009855
INFO:optim.ad_optim_lbfgs_mod:{"id": 65, "t_grad": 37.870190927000294, "grad_mag": [8.608713812859418e-05]}
INFO:__main__:{'history_length': 7, 'history': [-0.4266410251793607, -0.42685567615301684, -0.4268765997609031, -0.426876110054511, -0.42687647049048305, -0.4268764337596877, -0.42687643870198033]}
INFO:optim.ad_optim_lbfgs_mod:{"id": 66, "loss": -0.42687643870198033, "t_ctm": 0.11945015100354794, "t_check": 119.22257392899883}
INFO:__main__:Norm(sites): 6.439804783466159
INFO:optim.ad_optim_lbfgs_mod:{"id": 66, "t_grad": 36.25063775599847, "grad_mag": [0.00022767642840286633]}
INFO:__main__:{'history_length': 7, 'history': [-0.42664115387994117, -0.4268559801421518, -0.4268769362276123, -0.426876453920978, -0.4268768135425548, -0.42687677685658243, -0.42687678178207167]}
INFO:optim.ad_optim_lbfgs_mod:{"id": 67, "loss": -0.42687678178207167, "t_ctm": 0.12122282000200357, "t_check": 118.66994325299856}
INFO:__main__:Norm(sites): 6.440816567228613
INFO:optim.ad_optim_lbfgs_mod:{"id": 67, "t_grad": 36.33471976400142, "grad_mag": [4.9681503529264475e-05]}
INFO:__main__:{'history_length': 7, 'history': [-0.42664115387994117, -0.4268559801421518, -0.4268769362276123, -0.426876453920978, -0.4268768135425548, -0.42687677685658243, -0.42687678178207167]}
INFO:optim.ad_optim_lbfgs_mod:{"id": 68, "loss": -0.42687678178207167, "t_ctm": 0.12528756700157828, "t_check": 118.90969748199859}
INFO:__main__:Norm(sites): 6.440816567228613
INFO:optim.ad_optim_lbfgs_mod:{"id": 68, "t_grad": 36.41229216099964, "grad_mag": [4.9681503529264475e-05]}
INFO:__main__:{'history_length': 7, 'history': [-0.4266411538798144, -0.4268559801421385, -0.4268769362276118, -0.42687645392097895, -0.4268768135425553, -0.4268767768565824, -0.42687678178207333]}
