INFO:__main__:{'history_length': 6, 'history': [-0.3806076034533583, -0.38057846204060314, -0.38057969055243507, -0.380579405460733, -0.38057941623407743, -0.3805794137052656]}
INFO:__main__:{'history_length': 6, 'history': [-0.3806076034533583, -0.38057846204060314, -0.38057969055243507, -0.380579405460733, -0.38057941623407743, -0.3805794137052656]}
INFO:optim.ad_optim_lbfgs_mod_ipess:{"id": 0, "loss": -0.3805794137052656, "t_ctm": 2.656623773000007, "t_check": 35.872030628}
INFO:__main__:Norm(sites): 5.027588810995337, 3.308297155382696, 3.1828299344499307, 3.7282132940924426
INFO:optim.ad_optim_lbfgs_mod_ipess:{"id": 0, "t_grad": 16.19876104299999, "grad_mag": [0.015620263658259758, 0.02781525285431601, 0.038881803792908384, 0.05581372402678062, 0.02443795732253029, 0.015957820130675347, 0.04961291732284148, 0.039706633266443164, 0.026950288903110967, 0.020018207174236313, 0.021235218654797453, 0.0204960664843085, 0.021924647639246682, 0.015009736568564287, 0.026615271427803174, 0.03298484160967636, 0.018348973629212405, 0.02539967624887122, 0.01302337082622682, 0.031943721784763394]}
INFO:__main__:{'history_length': 5, 'history': [-0.38682205291890165, -0.3867999341597117, -0.3868005890284811, -0.38680032094660194, -0.38680032668441666]}
INFO:optim.ad_optim_lbfgs_mod_ipess:{"id": 1, "loss": -0.38680032668441666, "t_ctm": 1.7856050889999722, "t_check": 25.11702124499999}
INFO:__main__:Norm(sites): 5.027588810995337, 3.308297155382696, 3.1828299344499307, 3.7282132940924426
INFO:optim.ad_optim_lbfgs_mod_ipess:{"id": 1, "t_grad": 17.839395354000004, "grad_mag": [0.014630176490734332, 0.02146293844821314, 0.0290311835942136, 0.04036159400276196, 0.01882359461877836, 0.014697192076659135, 0.03597835126250874, 0.03041612615959832, 0.020847792080845497, 0.015162108855429417, 0.017433109637084738, 0.0192370945616355, 0.01920962879291006, 0.014916896611874623, 0.023229088165395706, 0.025841507197307878, 0.01811718104385038, 0.019254370826197038, 0.012060709845603071, 0.023712743020200964]}
INFO:__main__:{'history_length': 5, 'history': [-0.3958642768504433, -0.3958595102788185, -0.39585925583922393, -0.395859110768997, -0.3958591072824074]}
INFO:optim.ad_optim_lbfgs_mod_ipess:{"id": 2, "loss": -0.3958591072824074, "t_ctm": 2.0351858339999467, "t_check": 28.06292913500002}
INFO:__main__:Norm(sites): 5.027588810995337, 3.308297155382696, 3.1828299344499307, 3.7282132940924426
INFO:optim.ad_optim_lbfgs_mod_ipess:{"id": 2, "t_grad": 16.252645355, "grad_mag": [0.011081240732092929, 0.009472337266308833, 0.012979365482967851, 0.015988805370746373, 0.008387991704682062, 0.011095770185843517, 0.015079900047055029, 0.01263009051926688, 0.00901109592802761, 0.006069739898903063, 0.01039697218173795, 0.01477905210740249, 0.012380011466906843, 0.011950201524765953, 0.014695276832424982, 0.01189735646638929, 0.01422141397993527, 0.008304233131421559, 0.009595193564325038, 0.008454316061582196]}
INFO:__main__:{'history_length': 5, 'history': [-0.39932581230139474, -0.3993333734877796, -0.3993326480034242, -0.3993326155598451, -0.39933260777664553]}
INFO:optim.ad_optim_lbfgs_mod_ipess:{"id": 3, "loss": -0.39933260777664553, "t_ctm": 1.7380344100000116, "t_check": 25.081158080000023}
INFO:__main__:Norm(sites): 5.027588810995337, 3.308297155382696, 3.1828299344499307, 3.7282132940924426
INFO:optim.ad_optim_lbfgs_mod_ipess:{"id": 3, "t_grad": 17.58744743599999, "grad_mag": [0.007561694767239974, 0.004307780193022384, 0.007370138466312878, 0.006650681439422549, 0.004276153810730577, 0.007611228156603796, 0.007516046064335148, 0.004497369967365205, 0.0034586470866486375, 0.0023738508178182106, 0.00608113998864135, 0.00947343795297503, 0.00710773771220802, 0.007970828129364461, 0.00803926613391719, 0.006538326478307084, 0.009383058250548923, 0.004968329215973997, 0.006491421869263267, 0.00443114124064031]}
INFO:__main__:{'history_length': 5, 'history': [-0.4009178080489857, -0.4009336216534039, -0.4009326773886894, -0.40093270892219474, -0.40093269968519896]}
INFO:optim.ad_optim_lbfgs_mod_ipess:{"id": 4, "loss": -0.40093269968519896, "t_ctm": 1.8579662079999935, "t_check": 25.610815935999995}
INFO:__main__:Norm(sites): 5.027588810995337, 3.308297155382696, 3.1828299344499307, 3.7282132940924426
INFO:optim.ad_optim_lbfgs_mod_ipess:{"id": 4, "t_grad": 16.75018821599997, "grad_mag": [0.004562957980958463, 0.002999206848987887, 0.0060146244637528535, 0.0041738594243882834, 0.003470104041116602, 0.004824975589381393, 0.005179903265620349, 0.002436352129491999, 0.0017121114147922389, 0.0020070408523024216, 0.0034160050105483428, 0.005095462025198413, 0.0036122883639941156, 0.004430471404611853, 0.0035680816313968296, 0.004645214197674857, 0.005240016989389172, 0.003848504442380167, 0.0036750748293956433, 0.00385567939379354]}
INFO:__main__:{'history_length': 5, 'history': [-0.4017767235791759, -0.4017966891949218, -0.4017958268160255, -0.4017958782291051, -0.4017958700828046]}
INFO:optim.ad_optim_lbfgs_mod_ipess:{"id": 5, "loss": -0.4017958700828046, "t_ctm": 1.750628195000047, "t_check": 25.47087585400004}
INFO:__main__:Norm(sites): 5.027588810995337, 3.308297155382696, 3.1828299344499307, 3.7282132940924426
INFO:optim.ad_optim_lbfgs_mod_ipess:{"id": 5, "t_grad": 16.03467955299999, "grad_mag": [0.0025652477039617627, 0.002327633705034726, 0.004415290625042046, 0.0030363434612130963, 0.002657905418853249, 0.002828212474057521, 0.00366512775077851, 0.0020119584488731013, 0.0011938373118144828, 0.001760189863558812, 0.001961250653545854, 0.0023617347982415114, 0.001923508421642651, 0.002076162123160909, 0.0016069216082782289, 0.0031605138664580704, 0.0024631240966222203, 0.002641368851787004, 0.0017522214517944324, 0.0029236070508039]}
INFO:__main__:{'history_length': 5, 'history': [-0.4022065654389005, -0.40222800531195785, -0.4022273548601361, -0.40222740530098894, -0.4022273990556373]}
INFO:optim.ad_optim_lbfgs_mod_ipess:{"id": 6, "loss": -0.4022273990556373, "t_ctm": 1.755590452999968, "t_check": 25.613548790999914}
INFO:__main__:Norm(sites): 5.027588810995337, 3.308297155382696, 3.1828299344499307, 3.7282132940924426
INFO:optim.ad_optim_lbfgs_mod_ipess:{"id": 6, "t_grad": 16.73406094799998, "grad_mag": [0.0015680443674041136, 0.001534742307754063, 0.0025808109647774144, 0.0021551862210298935, 0.0016647533359695715, 0.001701979088729495, 0.0024923086367655504, 0.0016195385462129176, 0.0009655463651202037, 0.0014848597037782644, 0.0012010918224564144, 0.0009592422618022698, 0.0011996574411821475, 0.0010043016753985892, 0.0009055200558265384, 0.0015002207057860045, 0.0011802767684159366, 0.0012030515409064948, 0.000708012605995032, 0.0014661292699876059]}
INFO:__main__:{'history_length': 5, 'history': [-0.40238324310460855, -0.4023996743087231, -0.40239968586685615, -0.40239969661065605, -0.4023996954284296]}
INFO:optim.ad_optim_lbfgs_mod_ipess:{"id": 7, "loss": -0.4023996954284296, "t_ctm": 1.7693442489999711, "t_check": 25.763494083999944}
INFO:__main__:Norm(sites): 5.027588810995337, 3.308297155382696, 3.1828299344499307, 3.7282132940924426
INFO:optim.ad_optim_lbfgs_mod_ipess:{"id": 7, "t_grad": 16.856093019000014, "grad_mag": [0.0008763632523789194, 0.0013336830831551791, 0.0014240560169162838, 0.001734546754092566, 0.0010927246747648425, 0.0010180085590212997, 0.0014508244407746916, 0.0022796757030883134, 0.0011429069558252123, 0.0007844010307706359, 0.000520334977755432, 0.0006667680301843693, 0.0008010729465358479, 0.00030459879623068794, 0.0005472823133645752, 0.002516594793910991, 0.00036427915631737605, 0.001962721699746462, 0.00042501445104986546, 0.0028540008497401864]}
INFO:__main__:{'history_length': 5, 'history': [-0.40247332508228933, -0.4024922595806819, -0.4024921869612779, -0.40249220981569983, -0.40249220801965785]}
INFO:optim.ad_optim_lbfgs_mod_ipess:{"id": 8, "loss": -0.40249220801965785, "t_ctm": 1.74499259300012, "t_check": 25.256292255000176}
INFO:__main__:Norm(sites): 5.027588810995337, 3.308297155382696, 3.1828299344499307, 3.7282132940924426
INFO:optim.ad_optim_lbfgs_mod_ipess:{"id": 8, "t_grad": 16.32838247799998, "grad_mag": [0.0006252350244103767, 0.0006411287230521466, 0.00034166971899748455, 0.0007402754903626037, 0.0004615114640864949, 0.0008627042232461231, 0.0005692004521913882, 0.0009660647411589549, 0.0006506314967229325, 0.0006153887877388469, 0.00046419578036935094, 0.0005277066114709111, 0.0006358383809966234, 0.0004283246363968687, 0.0003147293169006219, 0.0007885982396150711, 0.0005659662141689866, 0.0003203004030097915, 0.00044828330840956856, 0.0006978985598189112]}
INFO:__main__:{'history_length': 5, 'history': [-0.402497664177129, -0.4025158797051935, -0.4025159040014404, -0.4025159208268472, -0.4025159197702139]}
INFO:optim.ad_optim_lbfgs_mod_ipess:{"id": 9, "loss": -0.4025159197702139, "t_ctm": 1.7321498160000601, "t_check": 25.405049554000016}
INFO:__main__:Norm(sites): 5.027588810995337, 3.308297155382696, 3.1828299344499307, 3.7282132940924426
INFO:optim.ad_optim_lbfgs_mod_ipess:{"id": 9, "t_grad": 16.566781148000018, "grad_mag": [0.0005630737228808223, 0.0005059182867819952, 0.0003810905061636456, 0.0006467839898816172, 0.00039617434650184464, 0.0007740441814793813, 0.0004782786734434615, 0.0005750924109164973, 0.0005722318588857042, 0.00047682868990712014, 0.0004178714936338835, 0.0005328410593897104, 0.0006001731957862275, 0.00044408265106561537, 0.00028949228965667503, 0.0007758391670561088, 0.000599408316181767, 0.0003780699576820508, 0.0004516292082097925, 0.000650666723824568]}
INFO:__main__:{'history_length': 5, 'history': [-0.4025374925933638, -0.4025553036835187, -0.40255536392305274, -0.40255537603161806, -0.4025553752866]}
INFO:optim.ad_optim_lbfgs_mod_ipess:{"id": 10, "loss": -0.4025553752866, "t_ctm": 1.794442437000157, "t_check": 25.448101545999975}
INFO:__main__:Norm(sites): 5.027588810995337, 3.308297155382696, 3.1828299344499307, 3.7282132940924426
INFO:optim.ad_optim_lbfgs_mod_ipess:{"id": 10, "t_grad": 15.750353508000103, "grad_mag": [0.00046680509011201473, 0.00038656386157908627, 0.000546145416564916, 0.000713100842620489, 0.00031961533270572314, 0.0006338524927184102, 0.0005474359210838664, 0.0009767501613247736, 0.0005340523022965642, 0.0005422661583960487, 0.00035951410762470116, 0.0004454585296306882, 0.0005290395556873056, 0.0004420180335708145, 0.0002631536445805263, 0.0007063108280800492, 0.0005935194917986308, 0.00046447211565301197, 0.0003679744378313496, 0.0006802686315250027]}
INFO:__main__:{'history_length': 4, 'history': [-0.40257866625753097, -0.40259474044341625, -0.4025948443695551, -0.4025948467735247]}
INFO:optim.ad_optim_lbfgs_mod_ipess:{"id": 11, "loss": -0.4025948467735247, "t_ctm": 1.2774252489999753, "t_check": 18.890414097000075}
INFO:__main__:Norm(sites): 5.027588810995337, 3.308297155382696, 3.1828299344499307, 3.7282132940924426
INFO:optim.ad_optim_lbfgs_mod_ipess:{"id": 11, "t_grad": 16.052927140000065, "grad_mag": [0.0003506997007752514, 0.0006813554530573856, 0.0011671790863440213, 0.0006304603797399379, 0.0006332388523328016, 0.0006843038192069157, 0.0007906972343858269, 0.0016341723788894052, 0.0006866341883659935, 0.0006680068540266582, 0.0002669029498379085, 0.0007390358922996348, 0.0004234035163836146, 0.0003262579084641933, 0.00027768509191861146, 0.0007633832872711169, 0.00041863284729511227, 0.0003656581534516546, 0.0005824676988959132, 0.0005790350637651814]}
INFO:__main__:{'history_length': 4, 'history': [-0.4025975500464784, -0.402613597438116, -0.40261371604919255, -0.4026137164424239]}
INFO:optim.ad_optim_lbfgs_mod_ipess:{"id": 12, "loss": -0.4026137164424239, "t_ctm": 1.2783627279999337, "t_check": 19.112112370999967}
INFO:__main__:Norm(sites): 5.027588810995337, 3.308297155382696, 3.1828299344499307, 3.7282132940924426
INFO:optim.ad_optim_lbfgs_mod_ipess:{"id": 12, "t_grad": 15.793786839999939, "grad_mag": [0.0002450610630705745, 0.0004588562543286369, 0.0008071324354745012, 0.000573614091317556, 0.000474388204098776, 0.00039122063900548867, 0.0006003484292965247, 0.0009416866600717529, 0.0004602912668988816, 0.000429350945267229, 0.00029125500548387597, 0.0004686232334966624, 0.0003311348695630718, 0.00016776184143892228, 0.00021304314674096332, 0.00036178546959416254, 0.0002730690984199516, 0.00019700447312579733, 0.0003290346193982278, 0.000357569349123548]}
INFO:__main__:{'history_length': 4, 'history': [-0.40261042532676355, -0.4026267584677557, -0.4026268300692834, -0.40262683186349274]}
INFO:optim.ad_optim_lbfgs_mod_ipess:{"id": 13, "loss": -0.40262683186349274, "t_ctm": 1.3234794150000653, "t_check": 18.98818934199994}
INFO:__main__:Norm(sites): 5.027588810995337, 3.308297155382696, 3.1828299344499307, 3.7282132940924426
INFO:optim.ad_optim_lbfgs_mod_ipess:{"id": 13, "t_grad": 17.200598420999995, "grad_mag": [0.00021719708622113356, 0.0003024489617228465, 0.0004962371676729224, 0.0004764542526850037, 0.00031389808776328975, 0.00020977895825483292, 0.0003228467013239832, 0.0005108255020644897, 0.0003072982793401633, 0.00030518616804094546, 0.00027939670773664165, 0.00019231514225275778, 0.0002626958602059108, 0.00012141291940670217, 0.00018503142880698132, 0.00020039456674213026, 0.00020114680623009758, 0.0001406102511019565, 0.00014353537131336786, 0.00032617634740598616]}
INFO:__main__:{'history_length': 4, 'history': [-0.4026199773533567, -0.4026365193436998, -0.402636582262492, -0.402636584567347]}
INFO:optim.ad_optim_lbfgs_mod_ipess:{"id": 14, "loss": -0.402636584567347, "t_ctm": 1.3445247579999204, "t_check": 18.806721818000028}
INFO:__main__:Norm(sites): 5.027588810995337, 3.308297155382696, 3.1828299344499307, 3.7282132940924426
INFO:optim.ad_optim_lbfgs_mod_ipess:{"id": 14, "t_grad": 15.275279888, "grad_mag": [0.00018361249673105488, 0.0001890741203930762, 0.0002851258179710287, 0.00043555286654749724, 0.0001790636258907164, 0.0001638679900859782, 0.00029304511658561033, 0.00022724158027681078, 0.0002200367946625681, 0.00021823323041723295, 0.0002997068806411248, 0.00025205069423809635, 0.00018624167653397315, 0.00014887609300870907, 0.00012821677334026626, 0.0002481365261274458, 0.00021036984031970333, 0.00023607689391714424, 0.00015707034530335333, 0.0003501151077144289]}
INFO:__main__:{'history_length': 4, 'history': [-0.40262734008114864, -0.4026441734027489, -0.4026442093664763, -0.4026442130721795]}
INFO:optim.ad_optim_lbfgs_mod_ipess:{"id": 15, "loss": -0.4026442130721795, "t_ctm": 1.2769438009999021, "t_check": 19.064214188999813}
INFO:__main__:Norm(sites): 5.027588810995337, 3.308297155382696, 3.1828299344499307, 3.7282132940924426
INFO:optim.ad_optim_lbfgs_mod_ipess:{"id": 15, "t_grad": 15.374522191999972, "grad_mag": [0.00017269988567528705, 0.0001457634940865589, 0.0002140114775062327, 0.00034168201854687535, 9.799551719146897e-05, 0.00017503797096653389, 9.94928590181175e-05, 0.0002757312676058892, 0.00018776788360804858, 0.00023083341589345252, 0.00024803508465578175, 0.00023496501273322667, 0.00018485503639288547, 0.00010703559956615518, 0.0001922537623517228, 0.00024841065961110945, 0.00015776203230512335, 0.00019976738774425923, 0.00015616082897742273, 0.0002838127640769523]}
INFO:__main__:{'history_length': 4, 'history': [-0.40263285905178253, -0.4026498426938177, -0.4026498877776603, -0.40264989166719944]}
INFO:optim.ad_optim_lbfgs_mod_ipess:{"id": 16, "loss": -0.40264989166719944, "t_ctm": 1.265627075000225, "t_check": 19.147527495999952}
INFO:__main__:Norm(sites): 5.027588810995337, 3.308297155382696, 3.1828299344499307, 3.7282132940924426
INFO:optim.ad_optim_lbfgs_mod_ipess:{"id": 16, "t_grad": 17.207510929000023, "grad_mag": [0.00016773222056293044, 0.00015451678681265688, 0.00023824375179138217, 0.00027289109416828915, 0.00012793699014282498, 0.00017026235087471564, 0.00017335288032387826, 0.000252981593806396, 0.00017872699615953223, 0.00018656357209520882, 0.00019531936638100882, 0.0002194545725633084, 9.002476919496611e-05, 0.00013165779500871208, 9.726758646696354e-05, 0.00030042457709619785, 0.0001716268439530158, 0.00018305772351096417, 0.000153320038899936, 0.00023419065930754154]}
INFO:__main__:{'history_length': 4, 'history': [-0.40263759886955913, -0.40265485597670114, -0.40265492393003816, -0.4026549281474096]}
INFO:optim.ad_optim_lbfgs_mod_ipess:{"id": 17, "loss": -0.4026549281474096, "t_ctm": 1.3185331299999916, "t_check": 19.022249196000075}
INFO:__main__:Norm(sites): 5.027588810995337, 3.308297155382696, 3.1828299344499307, 3.7282132940924426
INFO:optim.ad_optim_lbfgs_mod_ipess:{"id": 17, "t_grad": 16.60219380799981, "grad_mag": [0.00015786195884376285, 0.00017900132862741207, 0.000415996458391618, 0.0003369975017820862, 0.00018640862632439138, 0.00024519586935303945, 0.0002577969238485891, 0.0002802499887508759, 0.00015351031797501103, 0.00017784465386837194, 0.0001292432086978499, 0.00034260573540590436, 0.00011783898930353587, 0.00014726835294982915, 0.00014508020847565735, 0.000259682744032198, 0.00018708088694750733, 0.00025251245658998363, 0.00023500517646986722, 0.000278052333243711]}
INFO:__main__:{'history_length': 4, 'history': [-0.40264132280478665, -0.4026587401903994, -0.40265882392018887, -0.40265882834380795]}
INFO:optim.ad_optim_lbfgs_mod_ipess:{"id": 18, "loss": -0.40265882834380795, "t_ctm": 1.3000318940000852, "t_check": 18.835464953000155}
INFO:__main__:Norm(sites): 5.027588810995337, 3.308297155382696, 3.1828299344499307, 3.7282132940924426
INFO:optim.ad_optim_lbfgs_mod_ipess:{"id": 18, "t_grad": 16.519642960000056, "grad_mag": [0.00014094588360622257, 0.00013084519027229598, 0.0002532701118072559, 0.00020436144646790046, 0.00014368501459395165, 0.00012725816187699726, 0.0002047935405342768, 0.00022173326129336384, 0.00014634975843622397, 0.00010410388584221705, 8.756275719858104e-05, 0.00014745551195747918, 7.315415574267213e-05, 0.0001070589082380774, 9.986395735333429e-05, 0.00019882211843833008, 0.00012790918342952485, 0.00013225649635309779, 0.00010569067026853264, 0.00014835381200763514]}
INFO:__main__:{'history_length': 4, 'history': [-0.4026433191637855, -0.40266093406600145, -0.4026610292877723, -0.4026610342859846]}
INFO:optim.ad_optim_lbfgs_mod_ipess:{"id": 19, "loss": -0.4026610342859846, "t_ctm": 1.2978144910000537, "t_check": 18.865526736999982}
INFO:__main__:Norm(sites): 5.027588810995337, 3.308297155382696, 3.1828299344499307, 3.7282132940924426
INFO:optim.ad_optim_lbfgs_mod_ipess:{"id": 19, "t_grad": 16.189558691000002, "grad_mag": [0.00011078487070822472, 0.00010251729698117958, 0.00019355817938645245, 0.0001856203741263711, 0.00011132550334818032, 8.150596317276817e-05, 0.0001625135692148336, 0.00012940452673755864, 0.0001150315964384023, 5.971228910705226e-05, 7.140463128766084e-05, 7.988290929653742e-05, 4.6649951225168274e-05, 0.00010616315159027989, 6.825643057444962e-05, 0.00013565594108470963, 0.0001231461778549913, 8.544866151336894e-05, 6.062723060123676e-05, 0.00010701326296721948]}
INFO:__main__:{'history_length': 4, 'history': [-0.40264513938565233, -0.402662806949106, -0.40266293034386047, -0.4026629351622926]}
INFO:optim.ad_optim_lbfgs_mod_ipess:{"id": 20, "loss": -0.4026629351622926, "t_ctm": 1.424819553999896, "t_check": 19.17969036599993}
INFO:__main__:Norm(sites): 5.027588810995337, 3.308297155382696, 3.1828299344499307, 3.7282132940924426
INFO:optim.ad_optim_lbfgs_mod_ipess:{"id": 20, "t_grad": 16.554906492999862, "grad_mag": [0.0001827085942428928, 7.709751092741672e-05, 0.0001527242844675971, 0.00018692973530867027, 9.953656890906022e-05, 7.849529563221432e-05, 0.0001240344554991498, 0.00012909630622711676, 7.973789301832498e-05, 6.531208959388837e-05, 7.935828449754822e-05, 0.00012528151439671853, 5.489243355237987e-05, 0.00019942441212304402, 6.97896082427301e-05, 0.00010704773021051325, 0.00021631149197903405, 6.624804508811341e-05, 8.407919761943205e-05, 9.97797665197064e-05]}
INFO:__main__:{'history_length': 4, 'history': [-0.40264614240815727, -0.4026640780729713, -0.4026641934727819, -0.402664199761114]}
INFO:optim.ad_optim_lbfgs_mod_ipess:{"id": 21, "loss": -0.402664199761114, "t_ctm": 1.339692480000167, "t_check": 18.828885541999625}
INFO:__main__:Norm(sites): 5.027588810995337, 3.308297155382696, 3.1828299344499307, 3.7282132940924426
INFO:optim.ad_optim_lbfgs_mod_ipess:{"id": 21, "t_grad": 15.65786827199986, "grad_mag": [8.419977870013806e-05, 4.2073222150908456e-05, 0.00010770889600863805, 0.00015276659568469778, 5.0804878784759924e-05, 4.477406358664936e-05, 8.91430386688353e-05, 7.556687442865903e-05, 4.831702396651649e-05, 7.256792576127759e-05, 7.691482857722299e-05, 4.151961136648854e-05, 5.312152054331655e-05, 9.511270969313311e-05, 6.384759994841537e-05, 5.534610219642941e-05, 0.00010299336881173971, 4.3793988782348987e-05, 4.5389466164461886e-05, 6.938664199832423e-05]}
INFO:__main__:{'history_length': 4, 'history': [-0.4026467504521558, -0.40266479474743183, -0.40266490822846795, -0.402664915240708]}
INFO:optim.ad_optim_lbfgs_mod_ipess:{"id": 22, "loss": -0.402664915240708, "t_ctm": 1.3029962470002374, "t_check": 18.958829895000008}
INFO:__main__:Norm(sites): 5.027588810995337, 3.308297155382696, 3.1828299344499307, 3.7282132940924426
INFO:optim.ad_optim_lbfgs_mod_ipess:{"id": 22, "t_grad": 16.31343257000003, "grad_mag": [5.974886945503376e-05, 4.259120400879082e-05, 9.848015665218036e-05, 0.00012881695916915035, 4.716467442861117e-05, 4.952702969930932e-05, 7.950019878267875e-05, 8.434695639581233e-05, 4.003531401012695e-05, 8.270545742374541e-05, 6.42004699159864e-05, 5.444864521096148e-05, 5.7736388773639764e-05, 7.20367835466659e-05, 7.103516671659841e-05, 5.198918641537505e-05, 8.22596314329372e-05, 4.5864055063764095e-05, 5.264228481366406e-05, 6.322158039716635e-05]}
INFO:__main__:{'history_length': 4, 'history': [-0.40264744956594, -0.40266577873356146, -0.4026658653495708, -0.40266587477932886]}
INFO:optim.ad_optim_lbfgs_mod_ipess:{"id": 23, "loss": -0.40266587477932886, "t_ctm": 1.2991322629998194, "t_check": 19.0873132910001}
INFO:__main__:Norm(sites): 5.027588810995337, 3.308297155382696, 3.1828299344499307, 3.7282132940924426
INFO:optim.ad_optim_lbfgs_mod_ipess:{"id": 23, "t_grad": 16.65080953200004, "grad_mag": [4.88573316577547e-05, 6.085139379728621e-05, 6.962423360268948e-05, 9.350795155009779e-05, 5.390730592071852e-05, 5.324124217625402e-05, 6.125340589118651e-05, 0.00010927939680861974, 5.84692453093414e-05, 7.710674421707369e-05, 4.8709063832342736e-05, 5.8839172792742026e-05, 5.870318613697886e-05, 7.0973451697322e-05, 6.521067046804859e-05, 9.440116537670984e-05, 8.552836336374096e-05, 9.65463311992324e-05, 5.205609394647756e-05, 9.791753645113298e-05]}
INFO:__main__:{'history_length': 4, 'history': [-0.40264856786429437, -0.402666772784765, -0.4026668665563025, -0.4026668757205345]}
INFO:optim.ad_optim_lbfgs_mod_ipess:{"id": 24, "loss": -0.4026668757205345, "t_ctm": 1.382943313999931, "t_check": 19.109359044999792}
INFO:__main__:Norm(sites): 5.027588810995337, 3.308297155382696, 3.1828299344499307, 3.7282132940924426
INFO:optim.ad_optim_lbfgs_mod_ipess:{"id": 24, "t_grad": 16.700276542999973, "grad_mag": [4.565531579906631e-05, 7.619370097431388e-05, 8.037277586671085e-05, 7.276509315955723e-05, 6.424829475962204e-05, 4.418488485287818e-05, 5.928647894029792e-05, 0.00012205168260341821, 6.690137211408205e-05, 7.354369789778985e-05, 6.5566242042212e-05, 4.631930493814734e-05, 7.037065483080886e-05, 5.060166905957957e-05, 8.81289526976505e-05, 0.00011278038529064376, 6.820960744627496e-05, 3.5483374733825864e-05, 3.862477928483047e-05, 3.924225100119873e-05]}
INFO:__main__:{'history_length': 5, 'history': [-0.4026489688909485, -0.40266741986798316, -0.40266748540222747, -0.4026674970113578, -0.4026674962068579]}
INFO:optim.ad_optim_lbfgs_mod_ipess:{"id": 25, "loss": -0.4026674962068579, "t_ctm": 1.7777763590001996, "t_check": 25.074562583999978}
INFO:__main__:Norm(sites): 5.027588810995337, 3.308297155382696, 3.1828299344499307, 3.7282132940924426
INFO:optim.ad_optim_lbfgs_mod_ipess:{"id": 25, "t_grad": 15.631376455999998, "grad_mag": [5.785056262421044e-05, 6.843169070021833e-05, 5.8416609625909606e-05, 7.533921444038643e-05, 4.078341322009217e-05, 5.399841311717701e-05, 3.4635225372306425e-05, 7.417054059259624e-05, 7.107811642213289e-05, 4.7929615711496106e-05, 5.901200355342052e-05, 5.6714280210709724e-05, 4.356295353839895e-05, 7.166542248996108e-05, 5.280910247254562e-05, 0.00010102644842360008, 8.296728296002694e-05, 2.6542931361055066e-05, 4.3862453167205626e-05, 4.36414988594402e-05]}
INFO:__main__:{'history_length': 5, 'history': [-0.4026498732550025, -0.4026680668662806, -0.4026681345226522, -0.4026681453594441, -0.402668144577905]}
INFO:optim.ad_optim_lbfgs_mod_ipess:{"id": 26, "loss": -0.402668144577905, "t_ctm": 1.735300561999793, "t_check": 25.296846693999896}
INFO:__main__:Norm(sites): 5.027588810995337, 3.308297155382696, 3.1828299344499307, 3.7282132940924426
INFO:optim.ad_optim_lbfgs_mod_ipess:{"id": 26, "t_grad": 15.862126252000053, "grad_mag": [5.144341874219536e-05, 7.238692949253931e-05, 8.538320919260331e-05, 9.106302362936658e-05, 4.5874832003087446e-05, 4.879724436706848e-05, 4.463472202641106e-05, 9.630197876287398e-05, 6.166662948343505e-05, 4.2948447824243863e-05, 6.197021048033834e-05, 5.705209801736241e-05, 4.3818288826484125e-05, 4.62962829535738e-05, 5.1896949227226395e-05, 8.236747164427988e-05, 6.0689031230887005e-05, 5.243898372459206e-05, 3.8519611035916026e-05, 7.369412989677257e-05]}
INFO:__main__:{'history_length': 5, 'history': [-0.40265036420858413, -0.4026686660292422, -0.40266871333205384, -0.4026687258045521, -0.40266872486071303]}
INFO:optim.ad_optim_lbfgs_mod_ipess:{"id": 27, "loss": -0.40266872486071303, "t_ctm": 1.7549117469998237, "t_check": 25.940013914000247}
INFO:__main__:Norm(sites): 5.027588810995337, 3.308297155382696, 3.1828299344499307, 3.7282132940924426
INFO:optim.ad_optim_lbfgs_mod_ipess:{"id": 27, "t_grad": 16.987492772999985, "grad_mag": [4.5782111606310493e-05, 5.9647741544429905e-05, 5.137010447543262e-05, 8.472571138022037e-05, 1.1765258355080036e-05, 4.7081620637670467e-05, 1.5546042023866937e-05, 4.386826569544659e-05, 5.4121614699649294e-05, 3.405436235364656e-05, 6.950571046641742e-05, 3.7854693450263344e-05, 3.319729323786675e-05, 5.250697569653633e-05, 3.950135980297054e-05, 6.169556599814138e-05, 5.6541288336834104e-05, 2.352966807068289e-05, 2.297872696160567e-05, 5.714650782512282e-05]}
INFO:__main__:{'history_length': 5, 'history': [-0.4026508886008166, -0.402669008111296, -0.4026690607453484, -0.4026690725279393, -0.4026690716263486]}
INFO:optim.ad_optim_lbfgs_mod_ipess:{"id": 28, "loss": -0.4026690716263486, "t_ctm": 1.7132535889998053, "t_check": 25.20495160300038}
INFO:__main__:Norm(sites): 5.027588810995337, 3.308297155382696, 3.1828299344499307, 3.7282132940924426
INFO:optim.ad_optim_lbfgs_mod_ipess:{"id": 28, "t_grad": 15.53758110800004, "grad_mag": [3.19780257175013e-05, 4.8749075713116424e-05, 5.237085545046363e-05, 6.708194752892281e-05, 1.9029918158860777e-05, 4.099124924324523e-05, 2.905101596748295e-05, 3.4564021382181775e-05, 3.282297230942547e-05, 4.1689697452238826e-05, 5.8644106684266486e-05, 2.8945923018297815e-05, 3.6683168545231267e-05, 3.3538320798770296e-05, 4.37432288778071e-05, 3.964812411085501e-05, 3.442723478977519e-05, 2.5162870291172353e-05, 1.8403481525519914e-05, 5.408408213474927e-05]}
INFO:__main__:{'history_length': 5, 'history': [-0.4026513258451609, -0.40266932030339814, -0.4026693772646233, -0.4026693883938981, -0.4026693875240512]}
INFO:optim.ad_optim_lbfgs_mod_ipess:{"id": 29, "loss": -0.4026693875240512, "t_ctm": 1.7653222719998212, "t_check": 25.110122994999983}
INFO:__main__:Norm(sites): 5.027588810995337, 3.308297155382696, 3.1828299344499307, 3.7282132940924426
INFO:optim.ad_optim_lbfgs_mod_ipess:{"id": 29, "t_grad": 15.934926077, "grad_mag": [4.745200685832636e-05, 6.954237621021918e-05, 4.917907016531825e-05, 5.065517170328957e-05, 5.008468607479608e-05, 8.159877914023684e-05, 4.151714259593811e-05, 0.0001230461985014154, 6.292739198348278e-05, 4.12074961748402e-05, 4.123405768940066e-05, 0.00011955124497503415, 4.455438570256925e-05, 4.043165496850345e-05, 4.6182573189697725e-05, 1.902863367938671e-05, 3.929118225486763e-05, 3.287091399221696e-05, 8.579254345610612e-05, 4.440005810038731e-05]}
