INFO:__main__:{'history_length': 9, 'history': [-0.6618467195352641, -0.6624055890196506, -0.6624107128669259, -0.6624133122790108, -0.6624140620918516, -0.6624140409370662, -0.6624141115180275, -0.6624140993139442, -0.6624141090835891]}
INFO:__main__:{'history_length': 9, 'history': [-0.6618467195352641, -0.6624055890196506, -0.6624107128669259, -0.6624133122790108, -0.6624140620918516, -0.6624140409370662, -0.6624141115180275, -0.6624140993139442, -0.6624141090835891]}
INFO:optim.ad_optim_lbfgs_mod:{"id": 0, "loss": -0.6624141090835891, "t_ctm": 0.723442092, "t_check": 0.1607878860000005}
INFO:__main__:Norm(sites): 1.9524135818000328, 2.2347569389202286, 2.5861088930257448, 2.9830836722253866
INFO:optim.ad_optim_lbfgs_mod:{"id": 0, "t_grad": 1.6402310310000003, "grad_mag": [0.000798466676593479, 0.0005490474807868852, 0.0005719222040804583, 0.0004913020845999882]}
INFO:__main__:{'history_length': 10, 'history': [-0.6618530933644389, -0.6624053408352528, -0.6624127180309272, -0.6624143533571574, -0.6624154495203662, -0.6624152809421966, -0.6624154044971403, -0.6624153698373939, -0.6624153876583503, -0.6624153821581282]}
INFO:optim.ad_optim_lbfgs_mod:{"id": 1, "loss": -0.6624153821581282, "t_ctm": 0.8818931750000001, "t_check": 0.18457765999999953}
INFO:__main__:Norm(sites): 1.9524137450720465, 2.2347570063667406, 2.586108956266507, 2.9830837126831393
INFO:optim.ad_optim_lbfgs_mod:{"id": 1, "t_grad": 1.8215093150000001, "grad_mag": [0.0005974080121175251, 0.00032158024988531423, 0.000505041204636866, 0.0004539069399653737]}
INFO:__main__:{'history_length': 11, 'history': [-0.6618656528973158, -0.6624069410312575, -0.6624174120499697, -0.6624176658590315, -0.662419221738724, -0.6624188437215027, -0.6624190373443779, -0.6624189709393763, -0.6624189993673248, -0.662418989063901, -0.6624189933575813]}
INFO:optim.ad_optim_lbfgs_mod:{"id": 2, "loss": -0.6624189933575813, "t_ctm": 0.9079648099999993, "t_check": 0.20932247400000126}
INFO:__main__:Norm(sites): 1.9524172059969058, 2.2347579647164695, 2.5861106813443713, 2.983084889021865
INFO:optim.ad_optim_lbfgs_mod:{"id": 2, "t_grad": 1.9989599709999997, "grad_mag": [0.0006022005658042089, 0.0005700631913277553, 0.00046072412432361166, 0.0004521591778035511]}
INFO:__main__:{'history_length': 11, 'history': [-0.6618727986425663, -0.6624094832875372, -0.6624214826046073, -0.6624210953436969, -0.6624228656964299, -0.6624223881595991, -0.6624226142153853, -0.6624225325555997, -0.6624225659230684, -0.6624225532906571, -0.6624225583375081]}
INFO:optim.ad_optim_lbfgs_mod:{"id": 3, "loss": -0.6624225583375081, "t_ctm": 0.9155547080000002, "t_check": 0.20227850599999897}
INFO:__main__:Norm(sites): 1.9524291286057416, 2.234761994434482, 2.5861171234554883, 2.9830893059907306
INFO:optim.ad_optim_lbfgs_mod:{"id": 3, "t_grad": 2.017431514, "grad_mag": [0.0006557810116056627, 0.0006612899978859511, 0.0005019874356741645, 0.000456800379106742]}
INFO:__main__:{'history_length': 9, 'history': [-0.6618545534498252, -0.6624196046880964, -0.6624213393950693, -0.662425197936372, -0.6624252954644582, -0.6624254703092436, -0.662425436734104, -0.6624254547932085, -0.6624254484380463]}
INFO:optim.ad_optim_lbfgs_mod:{"id": 4, "loss": -0.6624254484380463, "t_ctm": 1.100914275000001, "t_check": 0.27021386099999845}
INFO:__main__:Norm(sites): 1.9524949190302592, 2.2347893791979656, 2.5861631937347047, 2.9831230070687655
INFO:optim.ad_optim_lbfgs_mod:{"id": 4, "t_grad": 2.0371389189999984, "grad_mag": [0.0016177164866691463, 0.000716769564277308, 0.0012798512080327373, 0.0010146050741452418]}
INFO:__main__:{'history_length': 10, 'history': [-0.6618682858410649, -0.6624198134004613, -0.6624280683410675, -0.6624293973308464, -0.6624305042142568, -0.6624302784729569, -0.6624304001001844, -0.6624303561336542, -0.6624303736275852, -0.6624303666492539]}
INFO:optim.ad_optim_lbfgs_mod:{"id": 5, "loss": -0.6624303666492539, "t_ctm": 0.8770944610000058, "t_check": 0.19144174799998837}
INFO:__main__:Norm(sites): 1.9525206391455323, 2.2348019925237828, 2.586184312282813, 2.98313896456132
INFO:optim.ad_optim_lbfgs_mod:{"id": 5, "t_grad": 1.842995523999999, "grad_mag": [0.0005834260735592035, 0.00043680300911609, 0.0002755936437245161, 0.0005052805001692091]}
