INFO:__main__:{'history_length': 15, 'history': [0.1946985708516594, 0.19456654815025898, 0.19458278042244484, 0.19458878265097865, 0.1945869502722108, 0.19458678872192164, 0.1945867607627134, 0.19458687806583985, 0.19458678212715075, 0.19458666510915312, 0.19458690260954686, 0.19458670619546184, 0.19458679638248777, 0.19458667687621764, 0.19458668211848343]}
INFO:__main__:{'history_length': 15, 'history': [0.1946985708516594, 0.19456654815025898, 0.19458278042244484, 0.19458878265097865, 0.1945869502722108, 0.19458678872192164, 0.1945867607627134, 0.19458687806583985, 0.19458678212715075, 0.19458666510915312, 0.19458690260954686, 0.19458670619546184, 0.19458679638248777, 0.19458667687621764, 0.19458668211848343]}
INFO:optim.ad_optim_lbfgs_mod:{"id": 0, "loss": 0.19458668211848343, "t_ctm": 3.314671626999999, "t_check": 1.3532686889999992}
INFO:__main__:Norm(sites): 5.262343663555574, 4.302452963297501, 2.5381449590346197, 4.350257517715514, 2.954246378911046, 3.062451604326269, 5.495075953419737, 3.5378060902327086, 4.278696449809088
INFO:optim.ad_optim_lbfgs_mod:{"id": 0, "t_grad": 4.144670528000001, "grad_mag": [0.038087185473831595, 0.037230587907243665, 0.16622190547595267, 0.06075761218829909, 0.1851413879291221, 0.11128948831140466, 0.03356854036659823, 0.09849612189316648, 0.06398499291247751]}
INFO:__main__:{'history_length': 50, 'history': [0.16797173204593785, 0.1678731061586451, 0.16788697814637785, 0.1678923548851396, 0.1678906797402301, 0.16789019749713832, 0.1678903955997618, 0.16789022791928995, 0.16789039687858492, 0.16789022771839832, 0.16789039685170082, 0.16789022771140066, 0.16789039685037238, 0.16789022771136408, 0.16789039685035984, 0.16789022771136303, 0.16789039685035956, 0.16789022771136114, 0.1678903968503592, 0.16789022771136314, 0.16789039685036014, 0.16789022771136203, 0.16789039685035936, 0.1678902277113618, 0.167890396850361, 0.16789022771136272, 0.167890396850361, 0.1678902277113617, 0.1678903968503586, 0.16789022771136147, 0.167890396850358, 0.1678902277113609, 0.16789039685036045, 0.16789022771136078, 0.16789039685035992, 0.16789022771136197, 0.16789039685035909, 0.16789022771136217, 0.1678903968503603, 0.16789022771136172, 0.16789039685035956, 0.16789022771136147, 0.16789039685035897, 0.1678902277113591, 0.1678903968503585, 0.1678902277113618, 0.16789039685035947, 0.16789022771136236, 0.1678903968503599, 0.1678902277113618]}
INFO:optim.ad_optim_lbfgs_mod:{"id": 1, "loss": 0.1678902277113618, "t_ctm": 12.284535852000007, "t_check": 4.739002054999995}
INFO:__main__:Norm(sites): 5.262354649113238, 4.30246580217384, 2.538578736501187, 4.350291334222608, 2.9547087283574682, 3.062612769661527, 5.495084125542822, 3.537915370446603, 4.278734581568735
INFO:optim.ad_optim_lbfgs_mod:{"id": 1, "t_grad": 15.126109736999997, "grad_mag": [0.03697419936072012, 0.0372851170838774, 0.16174735038965107, 0.05857427007113584, 0.17900140492110758, 0.10811582879324359, 0.03415090349948638, 0.09940138502324532, 0.06181423465968788]}
INFO:__main__:{'history_length': 7, 'history': [0.00014447441835408522, -0.0001958743609801073, -0.0001573849336277272, -0.00016171353988044066, -0.00016111236610353435, -0.0001612265972699969, -0.00016121782374747037]}
INFO:optim.ad_optim_lbfgs_mod:{"id": 2, "loss": -0.00016121782374747037, "t_ctm": 1.2836823690000116, "t_check": 0.5822818079999976}
INFO:__main__:Norm(sites): 5.302060105478555, 4.376537012151284, 3.8544048920373455, 4.460729315517239, 4.299881180639032, 3.6226694929204846, 5.543825399753614, 4.126100733724821, 4.405924410163525
INFO:optim.ad_optim_lbfgs_mod:{"id": 2, "t_grad": 1.7972930660000017, "grad_mag": [0.025325372433598302, 0.02859716731398268, 0.021798014914263208, 0.027946847504127664, 0.017510237175514677, 0.03393123438305031, 0.018635208063991094, 0.029221906068508042, 0.02906437621935973]}
INFO:__main__:{'history_length': 8, 'history': [-0.10779237045866669, -0.10811853405102487, -0.10806208307984717, -0.10806313232011806, -0.10806284778619127, -0.10806304217884087, -0.108063027681691, -0.10806302856134112]}
INFO:optim.ad_optim_lbfgs_mod:{"id": 3, "loss": -0.10806302856134112, "t_ctm": 1.5473012699999984, "t_check": 0.6869680829999893}
INFO:__main__:Norm(sites): 5.329114560939959, 4.412809423355889, 4.03086615767589, 4.50154709277724, 4.482655717774893, 3.7653481435073544, 5.562110001072905, 4.236734173267373, 4.45143221902916
INFO:optim.ad_optim_lbfgs_mod:{"id": 3, "t_grad": 1.983314606999997, "grad_mag": [0.02397555169055614, 0.040264536384802714, 0.01835331733040077, 0.02981539066252099, 0.012574714720308881, 0.025200225133151993, 0.012804602873762484, 0.02925164913852368, 0.03155099934530251]}
INFO:__main__:{'history_length': 6, 'history': [-0.015546739397187138, -0.015546832791918725, -0.01555113453412496, -0.015551326956196748, -0.01555134256397903, -0.015551343954470529]}
INFO:optim.ad_optim_lbfgs_mod:{"id": 4, "loss": -0.015551343954470529, "t_ctm": 1.057158861000005, "t_check": 0.4780873539999959}
INFO:__main__:Norm(sites): 9.115279329929418, 9.81426962804947, 7.918773992704279, 8.736646994111107, 8.09045589590218, 11.167594045827673, 7.456224361045109, 10.38226533165551, 8.981993988640163
INFO:optim.ad_optim_lbfgs_mod:{"id": 4, "t_grad": 1.5070859060000004, "grad_mag": [0.008162607268944955, 0.005616570006550048, 0.01270815512548068, 0.02254364235274633, 0.02006138977738419, 0.004047804414202389, 0.009998639032256602, 0.007152653148232095, 0.020361660244326615]}
INFO:__main__:{'history_length': 6, 'history': [-0.18105061775449013, -0.18105378577157433, -0.18106036059691324, -0.18106044485547546, -0.18106043312051984, -0.1810604344766118]}
INFO:optim.ad_optim_lbfgs_mod:{"id": 5, "loss": -0.1810604344766118, "t_ctm": 1.0767454329999921, "t_check": 0.48195211699999874}
INFO:__main__:Norm(sites): 10.041565287774912, 11.0481792684903, 8.310228527306556, 10.322601256263704, 8.424655864450436, 11.822952622901463, 7.93933413477223, 10.853533000209636, 10.414217813596666
INFO:optim.ad_optim_lbfgs_mod:{"id": 5, "t_grad": 1.563775636999999, "grad_mag": [0.008828280059209999, 0.009267173105644988, 0.014304355625670208, 0.008530427017997349, 0.0036003977314485315, 0.005393115651662456, 0.031179762274557266, 0.013844612050494377, 0.011003447703380619]}
INFO:__main__:{'history_length': 5, 'history': [-0.2192001381771575, -0.21914829015368462, -0.21914550109033454, -0.21914569894697455, -0.21914569031932596]}
INFO:optim.ad_optim_lbfgs_mod:{"id": 6, "loss": -0.21914569031932596, "t_ctm": 0.8389323559999937, "t_check": 0.38181130400001706}
INFO:__main__:Norm(sites): 11.319100908593784, 12.937526416209073, 8.964911457313498, 12.968803996175785, 9.44671172905426, 12.332774580246001, 9.512918157693267, 11.729033844545803, 12.721643919771685
INFO:optim.ad_optim_lbfgs_mod:{"id": 6, "t_grad": 1.2987544250000127, "grad_mag": [0.01939388259688243, 0.011885531745031413, 0.02074254600182991, 0.008012372048008663, 0.014631277908108012, 0.012434416623234312, 0.00978893532868011, 0.008788869552963496, 0.008781183955715302]}
INFO:__main__:{'history_length': 6, 'history': [-0.29465358040275863, -0.2946763348071556, -0.2946703996527306, -0.2946704615872724, -0.2946704408929871, -0.29467044372972767]}
INFO:optim.ad_optim_lbfgs_mod:{"id": 7, "loss": -0.29467044372972767, "t_ctm": 1.0559136060000043, "t_check": 0.4783265350000079}
INFO:__main__:Norm(sites): 11.230658824288431, 12.955759903875062, 8.843442836578886, 12.798177472241482, 9.440683586676885, 12.12286013217427, 9.259397421125868, 11.788201886567942, 12.582690827752728
INFO:optim.ad_optim_lbfgs_mod:{"id": 7, "t_grad": 1.542294654999992, "grad_mag": [0.014168680088574529, 0.008352469549136314, 0.007225237156743745, 0.0048191582898913276, 0.0101823818079959, 0.007733526176892559, 0.0035466011680032406, 0.00560329130473752, 0.004203326034626941]}
INFO:__main__:{'history_length': 6, 'history': [-0.3511166702419448, -0.35116104270019854, -0.351167908708717, -0.35116925540022953, -0.3511692141989451, -0.3511692125523635]}
INFO:optim.ad_optim_lbfgs_mod:{"id": 8, "loss": -0.3511692125523635, "t_ctm": 1.0653125290000105, "t_check": 0.47852657399997156}
INFO:__main__:Norm(sites): 11.398588479661461, 13.002152235272371, 8.529420281870355, 12.701789700960246, 9.57550637522424, 11.69738058869922, 8.902749006802559, 11.857839475126454, 12.482538551138417
INFO:optim.ad_optim_lbfgs_mod:{"id": 8, "t_grad": 1.525493523999998, "grad_mag": [0.00804295257327858, 0.007563505090810428, 0.012676358720964178, 0.0030082234177479564, 0.002965113771589618, 0.004062217864819761, 0.0135326836848571, 0.005816337227435677, 0.005400912231872963]}
INFO:__main__:{'history_length': 5, 'history': [-0.38722376264033115, -0.38726055926716657, -0.38726923441997735, -0.38727075860244947, -0.38727075161342844]}
INFO:optim.ad_optim_lbfgs_mod:{"id": 9, "loss": -0.38727075161342844, "t_ctm": 0.8394089089999852, "t_check": 0.38476536299999964}
INFO:__main__:Norm(sites): 12.055201002831494, 13.39236785482651, 8.663501670993982, 13.192230058352132, 9.754368015654237, 11.79944803624974, 9.135191860123474, 12.130066818751846, 12.912101041421206
INFO:optim.ad_optim_lbfgs_mod:{"id": 9, "t_grad": 1.3000130220000017, "grad_mag": [0.006150665093813229, 0.007292722694134073, 0.00897456680070258, 0.0025289073243712932, 0.004194741679243733, 0.0035900441250538537, 0.007941224723059142, 0.005005535019980115, 0.0035854270433082203]}
INFO:__main__:{'history_length': 6, 'history': [-0.41305419550703487, -0.4129570985889917, -0.4129557423525428, -0.41295551473986086, -0.4129555378519905, -0.4129555456106325]}
INFO:optim.ad_optim_lbfgs_mod:{"id": 10, "loss": -0.4129555456106325, "t_ctm": 1.0377385490000108, "t_check": 0.4811381499999925}
INFO:__main__:Norm(sites): 14.346125660190554, 14.230845349684, 8.985633606767902, 14.214876178668602, 10.356517184349597, 12.481478205178906, 9.681466190053932, 12.691258460966203, 13.751487451571853
INFO:optim.ad_optim_lbfgs_mod:{"id": 10, "t_grad": 1.5538298359999914, "grad_mag": [0.007813631061841872, 0.0028301229785723946, 0.007674748639982837, 0.002994125772881845, 0.003093104179535486, 0.0053135974234603985, 0.004869135023720222, 0.003722748637679781, 0.002656238815667798]}
INFO:__main__:{'history_length': 5, 'history': [-0.4300225785488657, -0.43000013036737444, -0.42999851861203664, -0.42999836134270375, -0.429998354485557]}
INFO:optim.ad_optim_lbfgs_mod:{"id": 11, "loss": -0.429998354485557, "t_ctm": 0.8574828820000135, "t_check": 0.3844456429999923}
INFO:__main__:Norm(sites): 13.970538245574827, 14.166470903641722, 9.03876309975662, 14.115373602789466, 10.292756669733562, 12.4498144468915, 9.719177561963646, 12.694052951365157, 13.68359924064759
INFO:optim.ad_optim_lbfgs_mod:{"id": 11, "t_grad": 1.2981246180000028, "grad_mag": [0.0030534690225523416, 0.002387036377996298, 0.002010021400534517, 0.0020046759612444504, 0.002290406290771478, 0.002322708427924535, 0.00178870018789364, 0.0019143778325272746, 0.0011455166216391814]}
INFO:__main__:{'history_length': 7, 'history': [-0.4392275587246289, -0.4391932337407429, -0.43918681021541, -0.43918667910546616, -0.43918666188250544, -0.4391866905341058, -0.43918669788705555]}
INFO:optim.ad_optim_lbfgs_mod:{"id": 12, "loss": -0.43918669788705555, "t_ctm": 1.257245227999988, "t_check": 0.5682491999999968}
INFO:__main__:Norm(sites): 14.199839620813252, 14.285434242791142, 9.186206249408215, 14.187252494430997, 10.422990952611315, 12.62474933212309, 9.889720143136456, 12.816390629973798, 13.743967148579703
INFO:optim.ad_optim_lbfgs_mod:{"id": 12, "t_grad": 1.7534253240000055, "grad_mag": [0.002058912631701592, 0.002187402843467273, 0.002394372147530545, 0.0018924387477095416, 0.0021364392842564504, 0.0016880038907743755, 0.0012081177536170168, 0.0019921750756820866, 0.0012038767156673708]}
INFO:__main__:{'history_length': 8, 'history': [-0.4533578208560841, -0.45310393644701163, -0.4530925762322176, -0.4530986463463155, -0.45309889500243183, -0.4530989958834421, -0.45309903591936995, -0.4530990355478381]}
INFO:optim.ad_optim_lbfgs_mod:{"id": 13, "loss": -0.4530990355478381, "t_ctm": 1.4723735469999895, "t_check": 0.6690545519999915}
INFO:__main__:Norm(sites): 15.59531722465424, 15.00677456891556, 9.905165038823034, 14.722210833986255, 11.160012055644307, 13.330267869129042, 10.50146818169958, 13.388040272365687, 14.109095152577689
INFO:optim.ad_optim_lbfgs_mod:{"id": 13, "t_grad": 1.9808903839999914, "grad_mag": [0.002350488225487337, 0.002319533642875097, 0.0036931246091478184, 0.0015940547178220912, 0.002903154463211504, 0.002556123753962684, 0.0020598595469252276, 0.002854566985783004, 0.001956879642414637]}
INFO:__main__:{'history_length': 9, 'history': [-0.4622858324594838, -0.4619363373340401, -0.4619537720160042, -0.46195525043762525, -0.4619558261547061, -0.4619560154707415, -0.4619560464533334, -0.4619560299582491, -0.4619560251832099]}
INFO:optim.ad_optim_lbfgs_mod:{"id": 14, "loss": -0.4619560251832099, "t_ctm": 1.666206566999989, "t_check": 0.7504679269999883}
INFO:__main__:Norm(sites): 15.909705499780582, 15.163821836680771, 9.96446695568899, 14.811804674903929, 11.079388956233261, 13.333143556779843, 10.58958400220525, 13.414515412359535, 14.129421102591769
INFO:optim.ad_optim_lbfgs_mod:{"id": 14, "t_grad": 2.2186365410000093, "grad_mag": [0.002170895970221946, 0.0020091765619126302, 0.0029593550510708952, 0.0015632629152449193, 0.0021188697550501576, 0.0016957859940888746, 0.0029624439097189694, 0.0027043356763990574, 0.0021157056030975106]}
INFO:__main__:{'history_length': 9, 'history': [-0.4752385594938401, -0.47449657138749995, -0.4745208971309577, -0.47453481345104687, -0.4745364483754748, -0.4745369536491557, -0.4745369880071095, -0.47453700709468144, -0.47453700329718285]}
INFO:optim.ad_optim_lbfgs_mod:{"id": 15, "loss": -0.47453700329718285, "t_ctm": 1.6821981410000149, "t_check": 0.7652627959999876}
INFO:__main__:Norm(sites): 16.927739112850226, 15.734590180450226, 10.271534104585614, 15.325860209041862, 11.203164705042838, 13.414674402235486, 11.022091026354595, 13.65409233555037, 14.470738515632046
INFO:optim.ad_optim_lbfgs_mod:{"id": 15, "t_grad": 2.2081275050000073, "grad_mag": [0.001459610138222435, 0.0023114158517052027, 0.0030381443274163904, 0.0012450081464374409, 0.002017925733791409, 0.0016624104210369237, 0.0025441688380348753, 0.003708394156751638, 0.0021968411623614465]}
INFO:__main__:{'history_length': 8, 'history': [-0.48517423912351965, -0.4842851188334078, -0.4843740829288136, -0.4843883066985759, -0.4843892057514395, -0.48438999009985445, -0.48439014398786506, -0.4843901381215998]}
INFO:optim.ad_optim_lbfgs_mod:{"id": 16, "loss": -0.4843901381215998, "t_ctm": 1.4605075740000046, "t_check": 0.6807308510000354}
INFO:__main__:Norm(sites): 17.609200855841138, 16.2155313335931, 10.693263502011124, 15.882271515916317, 11.561099723165569, 13.490266676700934, 11.312539254695071, 13.997320780330035, 14.924938922304914
INFO:optim.ad_optim_lbfgs_mod:{"id": 16, "t_grad": 1.9692577080000007, "grad_mag": [0.0015718635456262785, 0.0016985413829961461, 0.0017922549970186025, 0.0012797565648744148, 0.001549500785459288, 0.0010368751736997037, 0.0026949569116884293, 0.0016360050405831272, 0.0023895534267076184]}
INFO:__main__:{'history_length': 8, 'history': [-0.4915024044263169, -0.4910430104128528, -0.49110042364147305, -0.49110459703270587, -0.4911061635244685, -0.49110680292568165, -0.49110687145839665, -0.49110687994110025]}
INFO:optim.ad_optim_lbfgs_mod:{"id": 17, "loss": -0.49110687994110025, "t_ctm": 1.4621238800000214, "t_check": 0.6708352290000477}
INFO:__main__:Norm(sites): 17.812308773459478, 16.497074981124793, 10.932213166699754, 16.16851456926784, 11.82690855117929, 13.535852024153547, 11.3933314208631, 14.194811020007158, 15.204963536134517
INFO:optim.ad_optim_lbfgs_mod:{"id": 17, "t_grad": 1.9776182850000055, "grad_mag": [0.0012065371926828264, 0.001341679957423882, 0.0009322186842386526, 0.0012940080091675564, 0.002254399940057372, 0.0012737209368486795, 0.0014250355602805232, 0.0014092671395798603, 0.001148287750696285]}
INFO:__main__:{'history_length': 7, 'history': [-0.49823485862019806, -0.4981793818258229, -0.49817209306449844, -0.49816837204941644, -0.49816801300548796, -0.49816734953969743, -0.49816733978173483]}
INFO:optim.ad_optim_lbfgs_mod:{"id": 18, "loss": -0.49816733978173483, "t_ctm": 1.2721088560000027, "t_check": 0.5836025569999777}
INFO:__main__:Norm(sites): 18.675432847803553, 17.39014823295648, 11.911348393971455, 16.91815733117798, 12.80605933439937, 13.947289697646575, 11.984570201540865, 14.97652084967994, 15.943260471412652
INFO:optim.ad_optim_lbfgs_mod:{"id": 18, "t_grad": 1.7325302809999954, "grad_mag": [0.0010324283882410734, 0.0009313361194279863, 0.0016124169023930283, 0.001494874711637918, 0.002951480830577638, 0.0020949257529309343, 0.0012693566174520467, 0.0019683600617204705, 0.001442665790345271]}
INFO:__main__:{'history_length': 8, 'history': [-0.5029963093156855, -0.503080222311896, -0.5030756167446265, -0.5030722756362184, -0.5030714979210922, -0.5030712238971488, -0.5030711472486046, -0.5030711374888749]}
INFO:optim.ad_optim_lbfgs_mod:{"id": 19, "loss": -0.5030711374888749, "t_ctm": 1.4621125880000108, "t_check": 0.6748838480000074}
INFO:__main__:Norm(sites): 18.385327179185833, 17.390180063276503, 11.909311647119953, 16.98060373729087, 12.826055224162658, 13.83921718092142, 11.981924867902766, 14.935124706760503, 16.081612883543528
INFO:optim.ad_optim_lbfgs_mod:{"id": 19, "t_grad": 1.9462239679999982, "grad_mag": [0.0010280587499415365, 0.000864511581663873, 0.0009636100208704466, 0.0013298774222050736, 0.0014321519939432445, 0.0009412047629705164, 0.0016828583209885606, 0.001326941740729423, 0.0012957533805744007]}
INFO:__main__:{'history_length': 10, 'history': [-0.5075347751486846, -0.507664833213973, -0.5076530380131457, -0.5076497097572527, -0.5076466042928429, -0.5076462538887034, -0.50764609441309, -0.5076459750409836, -0.5076459602667882, -0.5076459638481058]}
INFO:optim.ad_optim_lbfgs_mod:{"id": 20, "loss": -0.5076459638481058, "t_ctm": 1.8750894630000374, "t_check": 0.8738714829999736}
INFO:__main__:Norm(sites): 18.69431201789417, 17.766727015886374, 12.359510615278717, 17.38946595603014, 13.26513327264392, 13.994213650237263, 12.39377834726422, 15.156610817067005, 16.487645454339944
INFO:optim.ad_optim_lbfgs_mod:{"id": 20, "t_grad": 2.427245448000008, "grad_mag": [0.0008118399038408169, 0.0007276194561572551, 0.0009134678653779408, 0.0009171091607839665, 0.0013223963667796008, 0.0011488614439673283, 0.0010805787807325216, 0.0010777837099133, 0.001060742916722852]}
INFO:__main__:{'history_length': 9, 'history': [-0.5103232202350667, -0.510493021867163, -0.5104839310314082, -0.5104807373784233, -0.5104748716276302, -0.5104744966778759, -0.5104742774268529, -0.5104739907785504, -0.5104739812394826]}
INFO:optim.ad_optim_lbfgs_mod:{"id": 21, "loss": -0.5104739812394826, "t_ctm": 1.666263839000024, "t_check": 0.7964125479999922}
INFO:__main__:Norm(sites): 19.007265419603858, 18.126885029922974, 12.732722455570157, 17.79494939196334, 13.657344505441639, 14.13828594315566, 12.83380614497039, 15.39682253641539, 16.876257593797728
INFO:optim.ad_optim_lbfgs_mod:{"id": 21, "t_grad": 2.1853723650000063, "grad_mag": [0.0006716763197630033, 0.0006196780586819421, 0.0006658931615097716, 0.0008584683578272303, 0.000894250790736327, 0.0010077282921611144, 0.0011742079454814985, 0.0008609339584770434, 0.0010105883971339416]}
INFO:__main__:{'history_length': 18, 'history': [-0.5128515084417966, -0.5130138853994578, -0.5130033239181665, -0.5129996441307959, -0.5129938906599644, -0.5129935099693609, -0.5129933281805393, -0.5129930978792793, -0.5129930221657037, -0.512992969787254, -0.5129930909400454, -0.5129930578157724, -0.512993073059325, -0.5129930565563194, -0.512993030951662, -0.5129929872058658, -0.5129929307697898, -0.5129929324543829]}
INFO:optim.ad_optim_lbfgs_mod:{"id": 22, "loss": -0.5129929324543829, "t_ctm": 3.8957868899999255, "t_check": 1.6890611949999936}
INFO:__main__:Norm(sites): 19.145907073515144, 18.229712351341487, 12.75062615326426, 18.010522708767013, 13.759020717377856, 14.181497449302139, 12.971231382286277, 15.444737411687287, 17.047704053024823
INFO:optim.ad_optim_lbfgs_mod:{"id": 22, "t_grad": 4.2949983350000025, "grad_mag": [0.000579641345248778, 0.0005012457481686723, 0.0005780947506568481, 0.0007779073521178725, 0.0008278388427124046, 0.0005288459892196766, 0.0006054692236835698, 0.0007182700481303652, 0.0006494908422218748]}
INFO:__main__:{'history_length': 10, 'history': [-0.5143791052928248, -0.514719679165868, -0.5147154147003055, -0.5146981621507553, -0.5146979913212179, -0.5146974086653704, -0.5146967406241073, -0.5146967158152538, -0.5146966733532479, -0.5146966660537322]}
INFO:optim.ad_optim_lbfgs_mod:{"id": 23, "loss": -0.5146966660537322, "t_ctm": 1.9067526780000037, "t_check": 0.8575483449999979}
INFO:__main__:Norm(sites): 19.36387867741897, 18.4429139343238, 12.907183677294958, 18.29962303220775, 13.955387787039477, 14.31103677232013, 13.247360868166922, 15.619780963380919, 17.293667644451443
INFO:optim.ad_optim_lbfgs_mod:{"id": 23, "t_grad": 2.4041533470000047, "grad_mag": [0.0005518937613093522, 0.00036222423168060587, 0.00084137517259685, 0.0006831419184890805, 0.0006918502225872631, 0.0006432324556925601, 0.0009324309571958429, 0.000879396256200022, 0.0009794666113069955]}
INFO:__main__:{'history_length': 11, 'history': [-0.5155206284064733, -0.5158754188745569, -0.5158662471949775, -0.5158541042929682, -0.515853139958889, -0.5158524881120065, -0.5158520522989198, -0.5158520005654337, -0.5158519704455659, -0.5158519558007378, -0.5158519524041866]}
INFO:optim.ad_optim_lbfgs_mod:{"id": 24, "loss": -0.5158519524041866, "t_ctm": 2.075388179000015, "t_check": 0.9480425070000251}
INFO:__main__:Norm(sites): 19.542027267367075, 18.594225768295523, 13.032468780209935, 18.521172700585673, 14.11219069960495, 14.406825145013075, 13.420329572833815, 15.759325584828526, 17.482810027820072
INFO:optim.ad_optim_lbfgs_mod:{"id": 24, "t_grad": 2.6320643980000114, "grad_mag": [0.00039946371374851696, 0.00047014294171983736, 0.0003879449398796497, 0.00043553564210862037, 0.0007055507572556796, 0.00047219419421093455, 0.0007760107648009226, 0.0006173502048512153, 0.0006362375853630359]}
INFO:__main__:{'history_length': 50, 'history': [-0.5164549251570776, -0.5167868681283153, -0.5167802208906445, -0.5167716626412373, -0.5167711773214189, -0.5167703933337477, -0.5167701225547858, -0.5167701874391882, -0.5167700669644384, -0.516770088052376, -0.5167700578384856, -0.5167701624372474, -0.5167700570125422, -0.5167700729313371, -0.5167700561073023, -0.5167701494378318, -0.5167700564504228, -0.5167700852613608, -0.5167700566075483, -0.5167701620775664, -0.5167700569198947, -0.5167700728920084, -0.5167700560958575, -0.5167701494348697, -0.5167700564491832, -0.5167700852610018, -0.5167700566074565, -0.5167701620775279, -0.5167700569198841, -0.5167700728920042, -0.5167700560958564, -0.5167701494348689, -0.5167700564491826, -0.5167700852610023, -0.5167700566074552, -0.5167701620775278, -0.5167700569198839, -0.5167700728920043, -0.5167700560958564, -0.5167701494348682, -0.5167700564491835, -0.5167700852610025, -0.5167700566074565, -0.5167701620775276, -0.5167700569198832, -0.5167700728920046, -0.5167700560958551, -0.5167701494348682, -0.516770056449183, -0.5167700852610029]}
INFO:optim.ad_optim_lbfgs_mod:{"id": 25, "loss": -0.5167700852610029, "t_ctm": 11.949827544000016, "t_check": 4.701100840000038}
INFO:__main__:Norm(sites): 19.59128805780646, 18.68764122123335, 13.119377126414566, 18.67248586032671, 14.19725464212239, 14.447248390990985, 13.56453846759715, 15.828574248845753, 17.619793318289314
INFO:optim.ad_optim_lbfgs_mod:{"id": 25, "t_grad": 15.389367147000002, "grad_mag": [0.00039643269070306614, 0.00039833918460811823, 0.0003214624191658913, 0.00038746355866082745, 0.00035054493144856373, 0.0002657923269216179, 0.0006558948989211313, 0.00047397005758684853, 0.0005103503030665785]}
INFO:__main__:{'history_length': 20, 'history': [-0.5176910159819782, -0.5180075231851237, -0.5180068593730149, -0.5180040504942577, -0.5180042900599799, -0.5180036502592714, -0.5180036084364539, -0.5180035193939334, -0.5180036320684513, -0.518003437662242, -0.5180036322950259, -0.5180034417211885, -0.5180035766398531, -0.5180034362661802, -0.5180036311684905, -0.5180034427459813, -0.5180034998016426, -0.5180036245859214, -0.5180034369651578, -0.5180034457056133]}
INFO:optim.ad_optim_lbfgs_mod:{"id": 26, "loss": -0.5180034457056133, "t_ctm": 4.073040467999988, "t_check": 1.8600183379999464}
INFO:__main__:Norm(sites): 19.795477680770905, 18.923872662938514, 13.365064702156971, 19.033160488542585, 14.434054045115886, 14.572250802445948, 13.929579487645118, 16.041740142605907, 17.954440531064787
INFO:optim.ad_optim_lbfgs_mod:{"id": 26, "t_grad": 5.106673505000003, "grad_mag": [0.00042847001402670544, 0.0002911417148426451, 0.0006251380188703712, 0.00042843940994837464, 0.0004601146305976513, 0.0005541211848042035, 0.000509675758605574, 0.00043294298565350523, 0.000521936478541561]}
INFO:__main__:{'history_length': 8, 'history': [-0.5185652155102352, -0.5188873609331169, -0.5188787937348497, -0.5188797988686749, -0.5188811889232549, -0.5188807676222033, -0.518880841659718, -0.5188808449171154]}
INFO:optim.ad_optim_lbfgs_mod:{"id": 27, "loss": -0.5188808449171154, "t_ctm": 1.4493321740000056, "t_check": 0.6703382960000113}
INFO:__main__:Norm(sites): 19.862550902386825, 19.080712817592534, 13.498558616786882, 19.304113141317718, 14.5958123828101, 14.688484654429807, 14.260572921424806, 16.211183651779482, 18.24688089940409
INFO:optim.ad_optim_lbfgs_mod:{"id": 27, "t_grad": 1.9508508319999862, "grad_mag": [0.00052365201459023, 0.0003152054856165052, 0.000661744042010983, 0.0006057941232468911, 0.0005884367357393715, 0.0008950315965748596, 0.0006177954755340959, 0.0005705545881869405, 0.0007547032764259358]}
INFO:__main__:{'history_length': 8, 'history': [-0.5194121008410291, -0.5197286189095289, -0.519732074136647, -0.5197342195125298, -0.5197356156201632, -0.5197355966842686, -0.5197356150026418, -0.5197356210365017]}
INFO:optim.ad_optim_lbfgs_mod:{"id": 28, "loss": -0.5197356210365017, "t_ctm": 1.4733196309999812, "t_check": 0.6730525599999737}
INFO:__main__:Norm(sites): 20.120265040775962, 19.3030819611595, 13.735882882456933, 19.57723507515716, 14.829258126936631, 14.835459299414977, 14.597157556873402, 16.45258656070345, 18.534596793192893
INFO:optim.ad_optim_lbfgs_mod:{"id": 28, "t_grad": 1.9608081169999991, "grad_mag": [0.00036744618607118716, 0.0003505740078444239, 0.00037900117592885434, 0.00044872864537402675, 0.00041335473020034697, 0.0004392461451828895, 0.0004787064692423771, 0.00046553301456412174, 0.0004523040098523882]}
INFO:__main__:{'history_length': 10, 'history': [-0.5202112907261475, -0.5205860789830804, -0.5205944718342161, -0.520597875740713, -0.5205994837570019, -0.5205995652827697, -0.5205997941957521, -0.5205997611465898, -0.5205998807762408, -0.5205998867874783]}
INFO:optim.ad_optim_lbfgs_mod:{"id": 29, "loss": -0.5205998867874783, "t_ctm": 1.9006848100000013, "t_check": 0.8530410510000195}
INFO:__main__:Norm(sites): 20.296252688911277, 19.386199991616596, 13.80681100669998, 19.70594483258056, 14.95054832780447, 14.942876197883235, 14.728479544887877, 16.585820854884364, 18.697710587219778
INFO:optim.ad_optim_lbfgs_mod:{"id": 29, "t_grad": 2.387058096000004, "grad_mag": [0.0003360076310864395, 0.0003435190706928256, 0.0005965561974790489, 0.00038493529885241356, 0.00036872435414709686, 0.00045252352968637536, 0.00040048475230166925, 0.0004242211015423336, 0.0004919277844231495]}
INFO:__main__:{'history_length': 40, 'history': [-0.520814728451959, -0.521223104757589, -0.5212365693865553, -0.5212447074709525, -0.5212470472629386, -0.5212476257968153, -0.5212479844622036, -0.5212480074125044, -0.5212479278375992, -0.5212480302565717, -0.521247701672451, -0.5212478547703693, -0.521248010707196, -0.5212479122446004, -0.5212478395366612, -0.5212480534315447, -0.5212479547021628, -0.5212479716630514, -0.5212480429033728, -0.5212479983923249, -0.5212478943529646, -0.5212478353292965, -0.5212479744248968, -0.5212479529870475, -0.5212480475846384, -0.5212481412130958, -0.5212477916324366, -0.5212480617887507, -0.5212480335153293, -0.5212478234683336, -0.5212477553942187, -0.5212479381673949, -0.521247953912995, -0.5212480420033194, -0.5212479700530027, -0.521247832498526, -0.5212478723895282, -0.5212480392545826, -0.5212480191752631, -0.5212480187849766]}
INFO:optim.ad_optim_lbfgs_mod:{"id": 30, "loss": -0.5212480187849766, "t_ctm": 9.342346151999948, "t_check": 3.7870677729999898}
INFO:__main__:Norm(sites): 20.546915273435257, 19.55264553917472, 14.005964087989478, 19.933398601250037, 15.189288927037643, 15.11734047304872, 15.011929530434148, 16.81485919391614, 18.94429405281925
INFO:optim.ad_optim_lbfgs_mod:{"id": 30, "t_grad": 11.400674131000017, "grad_mag": [0.0003038131802101258, 0.00030320290616319665, 0.0004198221449984688, 0.0004945961536285343, 0.0005255756314379859, 0.0006208464853735149, 0.0005693312542420206, 0.0005233795822974121, 0.0005121007116979814]}
INFO:__main__:{'history_length': 8, 'history': [-0.5217278095702766, -0.5220943073369528, -0.5221261746822901, -0.522136784102005, -0.522140149485137, -0.5221411715239312, -0.5221412674860556, -0.5221412664748097]}
INFO:optim.ad_optim_lbfgs_mod:{"id": 31, "loss": -0.5221412664748097, "t_ctm": 1.4534364659999994, "t_check": 0.6734579810000412}
INFO:__main__:Norm(sites): 20.702171478305583, 19.596710000026345, 14.058779889350792, 20.074088497843977, 15.323977411642604, 15.260283707898479, 15.149395998546204, 16.924075416211043, 19.101452512548803
INFO:optim.ad_optim_lbfgs_mod:{"id": 31, "t_grad": 2.091252020999974, "grad_mag": [0.0003193435435035921, 0.0002724825880060792, 0.00043180360989767785, 0.0004753504177769442, 0.0004528887110727127, 0.0006401351883712542, 0.00043155688408586516, 0.00041414897823852, 0.0003806832499774453]}
INFO:__main__:{'history_length': 26, 'history': [-0.5230637999772545, -0.5232618071424534, -0.5233120997862855, -0.5233282041203847, -0.5233329322855396, -0.5233339107361866, -0.5233345696973161, -0.5233345900544591, -0.5233347596028342, -0.5233346361673813, -0.5233347093322921, -0.5233346175060376, -0.5233345123107791, -0.5233345963005933, -0.5233348609506498, -0.5233343979626445, -0.5233345248475852, -0.5233345988758988, -0.5233347671792852, -0.5233347445996512, -0.52333444419828, -0.523334721718277, -0.5233344612045531, -0.5233346518115494, -0.5233346299569825, -0.5233346267891775]}
INFO:optim.ad_optim_lbfgs_mod:{"id": 32, "loss": -0.5233346267891775, "t_ctm": 5.576455380999988, "t_check": 2.4137777819999826}
INFO:__main__:Norm(sites): 20.96973279400709, 19.71535330979676, 14.258332742398617, 20.430362078573108, 15.665880205424779, 15.560857378764265, 15.544387964720588, 17.157125573306747, 19.434446888564125
INFO:optim.ad_optim_lbfgs_mod:{"id": 32, "t_grad": 6.707136609000003, "grad_mag": [0.0003604100994592517, 0.0004428048610098678, 0.0005265402178830373, 0.00032354579311420745, 0.00023367357911520904, 0.00040992071788430005, 0.0004298309744413235, 0.0004923286458073964, 0.0003458420358908798]}
INFO:__main__:{'history_length': 11, 'history': [-0.5238935390250712, -0.5239590811797954, -0.5240153650014456, -0.5240361558597113, -0.5240413905130797, -0.5240426635348135, -0.524043268245342, -0.524043370085409, -0.5240433980255501, -0.5240434108178791, -0.5240434140382961]}
INFO:optim.ad_optim_lbfgs_mod:{"id": 33, "loss": -0.5240434140382961, "t_ctm": 2.092511551999962, "t_check": 0.9501984810001431}
INFO:__main__:Norm(sites): 21.002854030419837, 19.693555935613663, 14.263296438710471, 20.548952824899878, 15.768228200825204, 15.683723316556694, 15.646295447711113, 17.19977269435544, 19.51796859616351
INFO:optim.ad_optim_lbfgs_mod:{"id": 33, "t_grad": 2.6037005559999784, "grad_mag": [0.0004351773136519266, 0.0003666310363043683, 0.0009136664870528151, 0.0004506946175843846, 0.00028741601724497257, 0.0005726081748512296, 0.0004872422343686934, 0.0005387345361216793, 0.0005934969839225939]}
INFO:__main__:{'history_length': 11, 'history': [-0.5244603070095246, -0.5245366401323593, -0.5246003185974943, -0.5246219584974099, -0.5246284258777428, -0.524630102430484, -0.5246306227048019, -0.5246308410995187, -0.5246307799791575, -0.5246309073210651, -0.5246309115010851]}
INFO:optim.ad_optim_lbfgs_mod:{"id": 34, "loss": -0.5246309115010851, "t_ctm": 2.0884880450000196, "t_check": 0.9540532709998502}
INFO:__main__:Norm(sites): 21.05641740001338, 19.79236700303671, 14.400750923461663, 20.72854898829156, 15.955607596776305, 15.818502242609341, 15.885262512964585, 17.34181171662388, 19.658587392912164
INFO:optim.ad_optim_lbfgs_mod:{"id": 34, "t_grad": 2.6206674770000404, "grad_mag": [0.00026000127926659097, 0.00017867763023029446, 0.0004206129247953525, 0.0003522560807074081, 0.0003625804115028728, 0.0003271770304019293, 0.0003560666850562301, 0.00035746316480161867, 0.0003080309383626649]}
INFO:__main__:{'history_length': 11, 'history': [-0.524835121065838, -0.5249071774447905, -0.5249747613519367, -0.5249960165518076, -0.525003092310101, -0.5250045924037879, -0.5250051877284561, -0.5250055500954047, -0.5250054169503011, -0.5250058058663385, -0.52500580467874]}
INFO:optim.ad_optim_lbfgs_mod:{"id": 35, "loss": -0.52500580467874, "t_ctm": 2.074396261000061, "t_check": 0.9673071180000079}
INFO:__main__:Norm(sites): 21.051306528500774, 19.830971102762494, 14.460797790490755, 20.774717154112246, 16.016819069615853, 15.85228251550251, 15.981405727041691, 17.410124790088947, 19.702307953968173
INFO:optim.ad_optim_lbfgs_mod:{"id": 35, "t_grad": 2.6271129040000005, "grad_mag": [0.0001662934127978049, 0.00017156936674446368, 0.0003362222262276067, 0.0002485697988026598, 0.0002545802630532413, 0.0003293683905505562, 0.00036605552807030683, 0.0002457203100988894, 0.00022990121361564193]}
INFO:__main__:{'history_length': 16, 'history': [-0.5252565164014865, -0.5252500014288705, -0.5253249909695505, -0.5253492639418489, -0.5253571447861354, -0.5253594176537113, -0.5253601646827328, -0.5253599080112594, -0.5253600372679365, -0.5253600046188297, -0.5253604702317718, -0.5253604289253858, -0.5253604064358881, -0.5253604616906952, -0.5253600012399928, -0.5253600088429444]}
INFO:optim.ad_optim_lbfgs_mod:{"id": 36, "loss": -0.5253600088429444, "t_ctm": 3.177771278000023, "t_check": 1.418136152000102}
INFO:__main__:Norm(sites): 21.152655849844585, 19.972116014767003, 14.627471664329606, 20.991445565746204, 16.243527357070118, 16.013215032316033, 16.26637948287248, 17.611634465616877, 19.90152431401997
INFO:optim.ad_optim_lbfgs_mod:{"id": 36, "t_grad": 3.7731751489999965, "grad_mag": [0.00016467107504600242, 0.00021364905210225282, 0.00035239477043664554, 0.0002105310955936244, 0.00023155252465596876, 0.00022053827232459568, 0.0003457749443280916, 0.00032924637281983777, 0.0002500288578055538]}
INFO:__main__:{'history_length': 50, 'history': [-0.5256482414989463, -0.5256165067184857, -0.5257004098319755, -0.5257246276276979, -0.5257318657165893, -0.525734639675013, -0.5257352602921596, -0.5257355160504169, -0.5257356298437745, -0.5257356417763763, -0.5257356158608938, -0.5257355628464295, -0.5257356780267801, -0.5257357511204063, -0.5257356590653237, -0.5257355839443627, -0.5257357045010695, -0.525735643161493, -0.525735671554022, -0.5257356565638438, -0.5257356198447818, -0.5257355644789184, -0.5257356780098725, -0.5257357513319113, -0.5257356592749882, -0.5257355834787787, -0.5257357041640803, -0.5257356431133077, -0.5257356717582384, -0.5257356565977491, -0.5257356196713339, -0.5257355642442685, -0.5257356785035606, -0.5257357512474843, -0.5257356591119235, -0.525735583960342, -0.525735704505304, -0.5257356431630529, -0.5257356715545602, -0.5257356565639847, -0.525735619844834, -0.5257355644789368, -0.5257356780098769, -0.5257357513319123, -0.5257356592749889, -0.525735583478777, -0.5257357041640801, -0.5257356431133079, -0.525735671758238, -0.5257356565977489]}
INFO:optim.ad_optim_lbfgs_mod:{"id": 37, "loss": -0.5257356565977489, "t_ctm": 11.931941964000146, "t_check": 4.704443590999858}
INFO:__main__:Norm(sites): 21.10501421598034, 19.903700645301754, 14.627910224267985, 20.946265625127943, 16.268734552435987, 16.047634782738687, 16.244004853202913, 17.656550398343548, 19.859664840795606
INFO:optim.ad_optim_lbfgs_mod:{"id": 37, "t_grad": 15.093553599000018, "grad_mag": [0.00025285682287636886, 0.00021963642903503132, 0.0003975976291995148, 0.0002965851436229419, 0.0002764096652632785, 0.00029012977263722246, 0.00028338466547841366, 0.00041799973161409993, 0.00033217042722211306]}
INFO:__main__:{'history_length': 12, 'history': [-0.5260168467866644, -0.5259230349847074, -0.5260021548022903, -0.5260285253292689, -0.5260361530008234, -0.5260388807619778, -0.52603963915277, -0.526039926356954, -0.5260399130410595, -0.5260399017187528, -0.5260399920804307, -0.5260399894857611]}
INFO:optim.ad_optim_lbfgs_mod:{"id": 38, "loss": -0.5260399894857611, "t_ctm": 2.3016604720000373, "t_check": 1.0834112290000348}
INFO:__main__:Norm(sites): 21.177145414670125, 19.967382856575924, 14.72844168096529, 21.08970931746831, 16.42426003987544, 16.175703962296815, 16.397240847475793, 17.78948447072639, 19.998351045994855
INFO:optim.ad_optim_lbfgs_mod:{"id": 38, "t_grad": 2.8418590200000153, "grad_mag": [0.00020033803267887536, 0.00015727453130834747, 0.00033275473487374843, 0.00020126793446755998, 0.00020874430188366443, 0.0003280394410706733, 0.00019575145412948356, 0.00019856950898100567, 0.00019023255256331976]}
INFO:__main__:{'history_length': 50, 'history': [-0.5261377516120924, -0.5260881828649456, -0.5261650884202635, -0.5261896957060492, -0.52619700111799, -0.5261996732778307, -0.5262002850235983, -0.5262005695175721, -0.5262007884992236, -0.5262008128398752, -0.5262004570308958, -0.5262007420432745, -0.5262006481900838, -0.526200791901855, -0.5262004605412178, -0.5262007434279236, -0.5262006487063833, -0.526200792027951, -0.5262004605861507, -0.5262007434442473, -0.5262006487104265, -0.5262007920293875, -0.5262004605866767, -0.5262007434443766, -0.5262006487104717, -0.5262007920294058, -0.5262004605866782, -0.5262007434443785, -0.5262006487104723, -0.5262007920294038, -0.52620046058668, -0.5262007434443781, -0.526200648710472, -0.5262007920294053, -0.5262004605866789, -0.5262007434443784, -0.5262006487104722, -0.5262007920294045, -0.5262004605866794, -0.526200743444377, -0.5262006487104719, -0.5262007920294043, -0.5262004605866801, -0.5262007434443778, -0.5262006487104731, -0.5262007920294041, -0.526200460586681, -0.5262007434443786, -0.5262006487104725, -0.5262007920294053]}
INFO:optim.ad_optim_lbfgs_mod:{"id": 39, "loss": -0.5262007920294053, "t_ctm": 11.858364329999745, "t_check": 4.675275205000048}
INFO:__main__:Norm(sites): 21.128527876664037, 19.882369391360935, 14.65761736043044, 21.01681605011373, 16.350654751820887, 16.148812315326555, 16.307149701303114, 17.733517923478505, 19.925375201953518
INFO:optim.ad_optim_lbfgs_mod:{"id": 39, "t_grad": 14.763961965000021, "grad_mag": [0.00013388874207918809, 0.00011811633693122139, 0.00025410870919264944, 0.00011272411007112673, 0.00016452967262558564, 0.00017559172886599, 0.00017077146081151404, 0.0001330045866379867, 0.00013443005782160357]}
INFO:__main__:{'history_length': 16, 'history': [-0.5261974363652084, -0.526163332902258, -0.5262417317428204, -0.5262667051860482, -0.5262747810911161, -0.5262771934732188, -0.5262780450240402, -0.5262777555007088, -0.5262780119529247, -0.5262781486380934, -0.5262782672722992, -0.5262778740172627, -0.5262782948440251, -0.5262778517105915, -0.52627786666954, -0.5262778700685571]}
INFO:optim.ad_optim_lbfgs_mod:{"id": 40, "loss": -0.5262778700685571, "t_ctm": 3.150330164999957, "t_check": 1.4743648549998625}
INFO:__main__:Norm(sites): 21.138929973417703, 19.860766215326777, 14.664065315144935, 21.012241823870337, 16.3579225291644, 16.170139866611503, 16.306652174645315, 17.737846215639667, 19.919117199030808
INFO:optim.ad_optim_lbfgs_mod:{"id": 40, "t_grad": 3.770122996999987, "grad_mag": [0.00010607754563293888, 0.00011614823970332701, 0.00016057572584682805, 9.269050009836201e-05, 0.00012832470664346973, 0.00011738347528124741, 0.00011905992609056044, 0.000146678896630902, 0.00013408330113454719]}
INFO:__main__:{'history_length': 9, 'history': [-0.5262781577228394, -0.5262764083379186, -0.5263561229852527, -0.5263812232381717, -0.5263893854891034, -0.5263919502571981, -0.5263926564855961, -0.5263929756022152, -0.526392972002244]}
INFO:optim.ad_optim_lbfgs_mod:{"id": 41, "loss": -0.526392972002244, "t_ctm": 1.7032594039999935, "t_check": 0.7658993369998939}
INFO:__main__:Norm(sites): 21.133195918570138, 19.82021768769922, 14.670711886340834, 20.99409949518333, 16.35666601776747, 16.19643849886976, 16.295866362429102, 17.741545254946008, 19.89313045877749
INFO:optim.ad_optim_lbfgs_mod:{"id": 41, "t_grad": 2.2108077820000176, "grad_mag": [8.387491406026734e-05, 9.42352981941638e-05, 0.00013425700427196878, 0.00010006739158192852, 0.00010092998289325455, 0.00012814184054212708, 8.821121346616232e-05, 9.253985729360304e-05, 8.914424900000886e-05]}
INFO:__main__:{'history_length': 11, 'history': [-0.5263189002024927, -0.5263400787956661, -0.526416954352988, -0.5264421152053271, -0.5264504392550591, -0.5264528968747024, -0.526453721153634, -0.5264539559518484, -0.5264540260230433, -0.5264540464093224, -0.5264540525676914]}
INFO:optim.ad_optim_lbfgs_mod:{"id": 42, "loss": -0.5264540525676914, "t_ctm": 2.063459003999867, "t_check": 0.9632156819999977}
INFO:__main__:Norm(sites): 21.134430603030513, 19.814166557920537, 14.709234423648963, 21.014432817828816, 16.382118710002885, 16.231532120578045, 16.312508103197505, 17.753848292598466, 19.902349196002657
INFO:optim.ad_optim_lbfgs_mod:{"id": 42, "t_grad": 2.62468433600003, "grad_mag": [0.00012897975838365407, 0.00011407889339182729, 0.00040706875158762136, 0.0001261981206902154, 0.0001767996800489636, 0.00024106800403124535, 0.00010127296964463375, 0.00017390700707993167, 0.0001263345728813423]}
INFO:__main__:{'history_length': 10, 'history': [-0.5263727596084243, -0.5264045282590237, -0.5264808684896103, -0.5265062962780758, -0.5265138489448269, -0.526516583214191, -0.5265172959755169, -0.5265175513510473, -0.5265171907146685, -0.5265171922345682]}
INFO:optim.ad_optim_lbfgs_mod:{"id": 43, "loss": -0.5265171922345682, "t_ctm": 1.8695260879999864, "t_check": 0.8697787370000469}
INFO:__main__:Norm(sites): 21.14390880397396, 19.819401660944816, 14.720860545587618, 21.028551956555024, 16.397134323758312, 16.244969293111453, 16.32707090192277, 17.75989510076862, 19.91384790279922
INFO:optim.ad_optim_lbfgs_mod:{"id": 43, "t_grad": 2.412575474999983, "grad_mag": [8.43508527823355e-05, 5.7285121099295195e-05, 0.00012981320026628177, 6.831300519587802e-05, 7.720449313495475e-05, 9.541174263169859e-05, 8.809138332439673e-05, 8.191761265081405e-05, 6.972399514520906e-05]}
INFO:__main__:{'history_length': 11, 'history': [-0.5264042095709696, -0.5264433054825743, -0.5265172365946789, -0.5265416195428052, -0.5265492366956909, -0.5265514952688415, -0.5265523160835872, -0.5265529113777625, -0.5265530896294801, -0.5265531107464106, -0.5265531141521806]}
INFO:optim.ad_optim_lbfgs_mod:{"id": 44, "loss": -0.5265531141521806, "t_ctm": 2.0718991389999815, "t_check": 0.9541320040000301}
INFO:__main__:Norm(sites): 21.130549408898464, 19.808049342784262, 14.701713334155082, 21.014918831115263, 16.377334768509414, 16.23221630305943, 16.29782886562172, 17.737110437522865, 19.90028927451331
INFO:optim.ad_optim_lbfgs_mod:{"id": 44, "t_grad": 2.6124739879999765, "grad_mag": [6.253950210022295e-05, 5.129180168541493e-05, 8.944444011118937e-05, 6.181083394620058e-05, 6.36122449207286e-05, 6.191521268656055e-05, 7.47797379737838e-05, 7.800669794203931e-05, 6.825564613398128e-05]}
INFO:__main__:{'history_length': 10, 'history': [-0.526432486957088, -0.5264804211421262, -0.5265524120652652, -0.5265764276201791, -0.5265840119352443, -0.5265854307356419, -0.5265864239782042, -0.5265867355375397, -0.5265868617629887, -0.5265868647897597]}
INFO:optim.ad_optim_lbfgs_mod:{"id": 45, "loss": -0.5265868647897597, "t_ctm": 1.8764906450001035, "t_check": 0.8562890539999444}
INFO:__main__:Norm(sites): 21.131344618036554, 19.80263043272313, 14.706123391593414, 21.018681884357825, 16.383153392425207, 16.23915804157798, 16.289658121800617, 17.726580375326154, 19.903310495126696
INFO:optim.ad_optim_lbfgs_mod:{"id": 45, "t_grad": 2.392244115999972, "grad_mag": [5.554491658270272e-05, 4.9969851420839365e-05, 0.00013486169541026904, 6.860685610999386e-05, 6.191428160882108e-05, 6.482098835316124e-05, 6.818011909167645e-05, 7.181400803498244e-05, 6.0285979297100846e-05]}
INFO:__main__:{'history_length': 50, 'history': [-0.526464272539548, -0.5265150198690035, -0.5265866497738652, -0.5266093989772442, -0.5266156401036802, -0.5266175978318911, -0.526617509076459, -0.5266184074068194, -0.5266178150653464, -0.5266182279360259, -0.5266181502266059, -0.5266189290329047, -0.5266180771916372, -0.5266188549836149, -0.5266175614167968, -0.5266181789254201, -0.5266175604340868, -0.5266183103684128, -0.5266181652855118, -0.5266185877437131, -0.5266180618304412, -0.5266181860396477, -0.5266179730153617, -0.5266186789212891, -0.5266181428839758, -0.5266188182428476, -0.5266178251653691, -0.5266175845875964, -0.5266177631672062, -0.5266178660133299, -0.5266184064233705, -0.5266181648328073, -0.5266177756200762, -0.5266183165912837, -0.5266183467752028, -0.5266180157140379, -0.5266187033815284, -0.5266181462081421, -0.5266183648037922, -0.5266179819584499, -0.5266175552433245, -0.5266185595699884, -0.5266187728450478, -0.5266178074026205, -0.526617782176525, -0.5266183585836229, -0.5266180926605275, -0.5266179658864805, -0.5266185105641222, -0.5266185098670746]}
INFO:optim.ad_optim_lbfgs_mod:{"id": 46, "loss": -0.5266185098670746, "t_ctm": 11.862670919000323, "t_check": 4.6647739140000795}
INFO:__main__:Norm(sites): 21.091454172557956, 19.74643723216013, 14.670825155219573, 20.971801337719896, 16.33462732578838, 16.21582204845939, 16.21856714404861, 17.667226625255616, 19.8569678444231
INFO:optim.ad_optim_lbfgs_mod:{"id": 46, "t_grad": 14.42364679100001, "grad_mag": [6.463978572426621e-05, 0.00012560324075290254, 0.00015223053250402647, 7.909702767645938e-05, 0.00012544857790178899, 0.00016866356040768642, 0.00010413817899794015, 0.00010905783447819096, 6.606564008811773e-05]}
INFO:__main__:{'history_length': 21, 'history': [-0.5264961096590469, -0.5265471058280244, -0.5266187626714025, -0.5266408437148146, -0.5266468181395683, -0.5266485048893739, -0.5266497970569848, -0.5266500385891106, -0.5266495396880886, -0.5266500185928711, -0.5266494462689012, -0.5266496603183077, -0.5266496858650955, -0.5266497287483413, -0.5266493554827039, -0.526649229587446, -0.5266502410322796, -0.5266500014170183, -0.526649773172371, -0.5266496827430388, -0.5266496783767287]}
INFO:optim.ad_optim_lbfgs_mod:{"id": 47, "loss": -0.5266496783767287, "t_ctm": 4.22631035400002, "t_check": 1.9477143300000535}
INFO:__main__:Norm(sites): 21.099441345224182, 19.74347509706831, 14.68895219234838, 20.973117575050182, 16.34433677352133, 16.219352155813166, 16.2097376777378, 17.659877126592406, 19.860160633553136
INFO:optim.ad_optim_lbfgs_mod:{"id": 47, "t_grad": 4.855603658000007, "grad_mag": [4.938431108886848e-05, 4.867467964276584e-05, 6.890620464663608e-05, 4.7662878672218703e-05, 5.212798107223972e-05, 7.32418799933517e-05, 6.575549247279138e-05, 5.212445897629897e-05, 3.7543082151447635e-05]}
INFO:__main__:{'history_length': 26, 'history': [-0.5265123028334423, -0.5265632011174084, -0.5266347115374327, -0.526656835456585, -0.5266634144032234, -0.5266655532320912, -0.5266663682655166, -0.5266662988504429, -0.5266657641835508, -0.5266655138374309, -0.5266666065650305, -0.526665555984252, -0.5266654834181261, -0.526666011113859, -0.5266659388431596, -0.526666110827815, -0.5266660884388, -0.5266667605352855, -0.5266658041717853, -0.5266660314765215, -0.5266665643801797, -0.5266655314426574, -0.5266659100068203, -0.5266660994280754, -0.5266659640699174, -0.5266659558673319]}
INFO:optim.ad_optim_lbfgs_mod:{"id": 48, "loss": -0.5266659558673319, "t_ctm": 5.332883724999874, "t_check": 2.3802552040000364}
INFO:__main__:Norm(sites): 21.10196537162543, 19.7387481764594, 14.696169769413988, 20.974214213512678, 16.35005194236051, 16.223478960545734, 16.209594595282823, 17.65934443739773, 19.860581122853795
INFO:optim.ad_optim_lbfgs_mod:{"id": 48, "t_grad": 6.173277515000052, "grad_mag": [3.641642064782931e-05, 4.302155793396997e-05, 4.912043662797432e-05, 4.188978409878084e-05, 4.061148497550412e-05, 5.118136916697449e-05, 5.289011058388971e-05, 5.136939040589159e-05, 3.8786162777120014e-05]}
INFO:__main__:{'history_length': 13, 'history': [-0.5265225739494663, -0.5265797284156384, -0.5266533277641174, -0.5266752092522977, -0.5266815536251082, -0.526682748984083, -0.526683759508547, -0.5266838413372572, -0.526683252372847, -0.5266839796726792, -0.5266835094260782, -0.5266837803065885, -0.5266837721120377]}
INFO:optim.ad_optim_lbfgs_mod:{"id": 49, "loss": -0.5266837721120377, "t_ctm": 2.5149089950000985, "t_check": 1.1351132230000758}
INFO:__main__:Norm(sites): 21.099439588074727, 19.727340582500528, 14.696274955700602, 20.9681963141187, 16.34645539543303, 16.221937481219566, 16.192556096097004, 17.648834346224533, 19.85116237855632
INFO:optim.ad_optim_lbfgs_mod:{"id": 49, "t_grad": 3.0417928059999895, "grad_mag": [3.4687446171074474e-05, 3.893698251887846e-05, 6.426987790761838e-05, 4.498680102875471e-05, 5.5692425850784453e-05, 5.0263793015981776e-05, 4.717468697163691e-05, 5.393238264132034e-05, 4.027422398755351e-05]}
INFO:__main__:{'history_length': 29, 'history': [-0.5265245098427793, -0.5265934671658776, -0.5266672688633981, -0.5266889122372977, -0.5266953020786753, -0.526696724020848, -0.5266970000705573, -0.5266969342893577, -0.5266975899568396, -0.5266967881813117, -0.526696576066436, -0.5266969073323541, -0.5266964216514199, -0.5266971981391596, -0.5266972612817361, -0.5266973878658121, -0.5266972384402793, -0.5266973141238229, -0.5266968381613715, -0.5266970533961877, -0.5266971111678437, -0.5266967514402641, -0.5266970932504907, -0.5266966856462748, -0.526696752003472, -0.5266969477199235, -0.5266969902785945, -0.5266970938066056, -0.5266971029519021]}
INFO:optim.ad_optim_lbfgs_mod:{"id": 50, "loss": -0.5266971029519021, "t_ctm": 6.183084085999951, "t_check": 2.65410416200001}
INFO:__main__:Norm(sites): 21.09894919867809, 19.719450940523114, 14.6984933903898, 20.97179597849424, 16.346938092332103, 16.222899765430537, 16.17566427468469, 17.634965653024363, 19.849192504647945
INFO:optim.ad_optim_lbfgs_mod:{"id": 50, "t_grad": 7.26293823200001, "grad_mag": [3.340514728300638e-05, 3.5095492857074836e-05, 9.979249687168271e-05, 4.598663113884057e-05, 8.513020528460483e-05, 9.183949224626943e-05, 7.280838079522357e-05, 6.903723186150525e-05, 7.142006005094229e-05]}
INFO:__main__:{'history_length': 42, 'history': [-0.526525820578758, -0.5266037661177662, -0.5266780063667301, -0.5267004996577795, -0.5267066197250415, -0.5267075762893693, -0.5267082398546624, -0.5267088756821688, -0.5267087822408688, -0.5267085687906036, -0.5267085859451004, -0.5267087477972946, -0.526707909535167, -0.5267084425069558, -0.5267081506569937, -0.5267085569326159, -0.5267081700845838, -0.5267081479346928, -0.5267084439518361, -0.5267083632882839, -0.5267078889644601, -0.526708308569528, -0.5267085628948707, -0.5267081130622906, -0.5267088862189153, -0.5267087377461237, -0.5267083328517881, -0.5267080791840248, -0.5267083164431051, -0.5267080595805824, -0.5267081442732978, -0.5267083908986746, -0.5267091581165277, -0.5267080825123485, -0.5267089645344009, -0.5267079334412509, -0.5267080923115316, -0.5267084957408568, -0.5267084659784664, -0.526708502699734, -0.5267084488310071, -0.5267084553128515]}
INFO:optim.ad_optim_lbfgs_mod:{"id": 51, "loss": -0.5267084553128515, "t_ctm": 9.597772711000061, "t_check": 3.8873841070000026}
INFO:__main__:Norm(sites): 21.09632670893372, 19.716651806333036, 14.699786374623187, 20.970545697964035, 16.34299550676727, 16.221503066589822, 16.16681568339506, 17.62882443262614, 19.84462397590839
INFO:optim.ad_optim_lbfgs_mod:{"id": 51, "t_grad": 11.743795127999988, "grad_mag": [2.679668578473741e-05, 3.0442227291842802e-05, 4.300715153327859e-05, 3.006986690860083e-05, 4.1062529036644795e-05, 4.229137945378937e-05, 4.1524784240143824e-05, 2.6115383699739146e-05, 3.696051859244461e-05]}
INFO:__main__:{'history_length': 50, 'history': [-0.526521000703489, -0.5266115494150962, -0.5266873746844277, -0.5267087007567088, -0.5267150212608417, -0.5267167573159982, -0.5267168477028474, -0.5267170865539434, -0.5267170496254334, -0.5267169811508623, -0.5267171769772832, -0.5267175681997601, -0.5267176547244374, -0.5267170172512553, -0.5267172237691167, -0.5267170331689462, -0.5267170012853735, -0.5267172255958201, -0.5267177926266167, -0.5267173547129672, -0.5267178101776716, -0.526717447077933, -0.5267169942015032, -0.5267175261100556, -0.5267173365039014, -0.5267171547320217, -0.5267178128682414, -0.52671724672615, -0.5267169811216377, -0.5267176950535173, -0.5267172340340963, -0.5267172675918446, -0.5267177039982153, -0.52671733932715, -0.5267174287665882, -0.5267172375629241, -0.5267173024209553, -0.5267169610663972, -0.5267174764138728, -0.5267174327515313, -0.5267169876960396, -0.5267171774914592, -0.5267175088323349, -0.5267175976919245, -0.5267176342829982, -0.526717835480667, -0.526717315274879, -0.5267179253234203, -0.5267171792874061, -0.526717589104485]}
INFO:optim.ad_optim_lbfgs_mod:{"id": 52, "loss": -0.526717589104485, "t_ctm": 11.668923847999906, "t_check": 4.7759285569998156}
INFO:__main__:Norm(sites): 21.094913850143417, 19.716734299905372, 14.698043070182683, 20.971845055142072, 16.336847880432817, 16.219516842609018, 16.158025100124494, 17.62015154508163, 19.841881941687515
INFO:optim.ad_optim_lbfgs_mod:{"id": 52, "t_grad": 14.316132661999973, "grad_mag": [2.513468281341652e-05, 2.971993642929251e-05, 4.194550467731723e-05, 2.7391958997187128e-05, 3.0346233591993862e-05, 3.8483836985602975e-05, 3.3247085892307124e-05, 3.568689966979387e-05, 3.396328693195746e-05]}
INFO:__main__:{'history_length': 50, 'history': [-0.5265141434362595, -0.5266188968497714, -0.5266943408579571, -0.5267166411635077, -0.5267222098182767, -0.5267239513394577, -0.5267247091865919, -0.5267241344724296, -0.5267241476123441, -0.5267245693855435, -0.5267246717075346, -0.5267243339495299, -0.5267244780135852, -0.5267249642604539, -0.5267249811624025, -0.5267252840984995, -0.5267244538314233, -0.5267242308723806, -0.526724429581038, -0.5267244144519041, -0.5267243959418282, -0.5267245077387516, -0.5267248072394157, -0.5267251926879513, -0.5267247044575134, -0.5267249082797445, -0.5267246106591995, -0.5267243952009942, -0.5267249168459714, -0.5267245417900128, -0.5267245632183528, -0.5267246129465494, -0.5267248581442957, -0.5267250075398369, -0.5267246391780839, -0.5267244192905547, -0.5267246241633571, -0.5267250183243755, -0.526724888294156, -0.5267246096512651, -0.5267251288835707, -0.526724723966645, -0.5267246561379904, -0.5267250110263979, -0.5267248418625107, -0.5267251543915142, -0.5267251383467602, -0.5267250815642603, -0.526724933751974, -0.5267246214836467]}
INFO:optim.ad_optim_lbfgs_mod:{"id": 53, "loss": -0.5267246214836467, "t_ctm": 11.750363051000477, "t_check": 4.781833361000281}
INFO:__main__:Norm(sites): 21.094619624794145, 19.715553067253115, 14.698837925074141, 20.97153541234067, 16.331256801462317, 16.217990880514304, 16.152195236749563, 17.61232936582824, 19.838956510016462
INFO:optim.ad_optim_lbfgs_mod:{"id": 53, "t_grad": 14.22127006400001, "grad_mag": [2.8446534141976714e-05, 2.8854930055387904e-05, 5.6743071591719974e-05, 2.9564040382021342e-05, 3.2425595226546954e-05, 4.0163634986514245e-05, 3.421095130111815e-05, 3.860053615550955e-05, 3.473308082694504e-05]}
INFO:__main__:{'history_length': 21, 'history': [-0.5264975990728862, -0.5266268786659578, -0.5267045565786443, -0.5267272650653798, -0.5267330381351871, -0.5267343914863066, -0.5267346320924597, -0.5267348734506245, -0.5267348881906903, -0.5267349696906498, -0.5267351376821067, -0.5267355485628469, -0.5267350648167354, -0.5267352787662437, -0.5267350307936175, -0.526735113268092, -0.5267349606503527, -0.5267350948294496, -0.5267346479324724, -0.5267350523559158, -0.526735055697114]}
INFO:optim.ad_optim_lbfgs_mod:{"id": 54, "loss": -0.526735055697114, "t_ctm": 4.234679180999933, "t_check": 1.9395012539998788}
INFO:__main__:Norm(sites): 21.099950513798934, 19.718126279581575, 14.701883014447159, 20.975897195609477, 16.320650893621607, 16.216309069274168, 16.145256445593866, 17.597412874131656, 19.83547389865163
INFO:optim.ad_optim_lbfgs_mod:{"id": 54, "t_grad": 4.859475302999954, "grad_mag": [4.455912200698733e-05, 4.691290253688837e-05, 6.973645063337335e-05, 3.514251927477703e-05, 4.464348177799849e-05, 7.366717457582504e-05, 6.571554312205155e-05, 4.871898671145002e-05, 6.948896681937148e-05]}
INFO:__main__:{'history_length': 24, 'history': [-0.5264860194046077, -0.5266330714277004, -0.5267123128625419, -0.5267345543968589, -0.5267398642188803, -0.5267421004276586, -0.5267422031342177, -0.5267424496482112, -0.5267421615147778, -0.526742012578681, -0.5267423614973479, -0.5267426367184692, -0.5267421299881611, -0.5267423459487919, -0.5267428240907488, -0.5267429144394393, -0.5267425743002855, -0.5267424822837317, -0.5267425589203523, -0.5267424819393927, -0.5267422856517344, -0.5267425360068271, -0.5267423490219802, -0.5267423498598157]}
INFO:optim.ad_optim_lbfgs_mod:{"id": 55, "loss": -0.5267423498598157, "t_ctm": 4.856501163000303, "t_check": 2.175892831999249}
INFO:__main__:Norm(sites): 21.090512021005793, 19.70784954482378, 14.699908207356339, 20.962269595934544, 16.304683711773198, 16.20644704230534, 16.133359845145105, 17.58404089526218, 19.822449614859295
INFO:optim.ad_optim_lbfgs_mod:{"id": 55, "t_grad": 5.621175139000002, "grad_mag": [2.9775229241211204e-05, 2.6346456481647205e-05, 3.735098727850495e-05, 2.0164977242584074e-05, 2.4251518872992317e-05, 3.436752064899354e-05, 3.204506054105749e-05, 2.428224274687298e-05, 2.2411082985861546e-05]}
INFO:__main__:{'history_length': 50, 'history': [-0.5264928685726413, -0.526636086056776, -0.5267146776581342, -0.5267371032425975, -0.5267425940815189, -0.5267445154986614, -0.5267449851685471, -0.5267453372388435, -0.5267451814837163, -0.5267454217002636, -0.5267450722978858, -0.5267448903669316, -0.5267453733431383, -0.526745411870535, -0.5267453426529883, -0.526745021064299, -0.5267452565466707, -0.5267447841359196, -0.5267452330911248, -0.526745165877537, -0.5267450772143166, -0.5267451306148141, -0.526745325533213, -0.5267456190806739, -0.5267452868311133, -0.5267455010770243, -0.5267456606059558, -0.5267448003417365, -0.5267451215411373, -0.5267455923995575, -0.526745748479144, -0.5267452910922577, -0.5267450242102862, -0.5267456166084583, -0.5267451672584615, -0.5267452951724129, -0.5267450809067464, -0.5267455333165256, -0.5267451760685675, -0.5267454672844948, -0.5267452882201602, -0.5267451120096356, -0.5267452744923883, -0.5267450279424045, -0.5267448612155574, -0.5267452441092981, -0.5267450532584836, -0.5267450157776014, -0.5267454969967913, -0.5267451816939189]}
INFO:optim.ad_optim_lbfgs_mod:{"id": 56, "loss": -0.5267451816939189, "t_ctm": 11.562919132999696, "t_check": 4.631099748000111}
INFO:__main__:Norm(sites): 21.09244368987968, 19.708621808310028, 14.699971551394405, 20.963187575420953, 16.307221623405955, 16.207770813016595, 16.137764462542105, 17.58747313211516, 19.824381464157984
INFO:optim.ad_optim_lbfgs_mod:{"id": 56, "t_grad": 14.042067621000001, "grad_mag": [1.9686346349739732e-05, 1.2533993846666106e-05, 1.9157931992660276e-05, 1.455539194639759e-05, 1.2697658080377598e-05, 1.5716965714688054e-05, 1.6859997785850954e-05, 1.7209493480792753e-05, 1.6725429179784078e-05]}
INFO:__main__:{'history_length': 17, 'history': [-0.5264952050623486, -0.5266381519992702, -0.5267176648273432, -0.5267399317767063, -0.526745768776516, -0.526747095837603, -0.5267480218375553, -0.5267480930350616, -0.5267481681894546, -0.5267478218304414, -0.5267474911297665, -0.5267479297888157, -0.5267477025939834, -0.526747895230937, -0.5267474394819412, -0.526747634265236, -0.5267476435357028]}
INFO:optim.ad_optim_lbfgs_mod:{"id": 57, "loss": -0.5267476435357028, "t_ctm": 3.3207475019995627, "t_check": 1.562190670000291}
INFO:__main__:Norm(sites): 21.091723672147065, 19.70822972693762, 14.697848822746643, 20.961522123160396, 16.304533568842267, 16.20613328245427, 16.13905434035453, 17.587445830941917, 19.82301964067151
INFO:optim.ad_optim_lbfgs_mod:{"id": 57, "t_grad": 3.942519276999974, "grad_mag": [1.5024953374119509e-05, 1.4243801377904732e-05, 2.4465423496460062e-05, 1.4019663436782391e-05, 1.4712206937132737e-05, 1.385980318983902e-05, 1.6588790090000593e-05, 1.2788565523309319e-05, 1.5183563410463413e-05]}
INFO:__main__:{'history_length': 22, 'history': [-0.5264916635853697, -0.5266394219959398, -0.5267190993355222, -0.5267416831426845, -0.5267480849118977, -0.5267491065434137, -0.5267501294120729, -0.5267496323196761, -0.5267499633938113, -0.5267498808029287, -0.526749529530816, -0.5267498681305909, -0.5267494932544805, -0.5267498671344374, -0.5267500747005676, -0.5267496580568206, -0.5267495474038163, -0.526749642484525, -0.5267497815188087, -0.52674966090801, -0.5267498913258328, -0.5267498922209515]}
INFO:optim.ad_optim_lbfgs_mod:{"id": 58, "loss": -0.5267498922209515, "t_ctm": 4.414020485999913, "t_check": 1.9885269770003333}
INFO:__main__:Norm(sites): 21.089661829270703, 19.706560150476577, 14.69717208799537, 20.96120738490081, 16.30136907415418, 16.20535081863436, 16.139606671344872, 17.585694056312352, 19.821428064718695
INFO:optim.ad_optim_lbfgs_mod:{"id": 58, "t_grad": 5.077337521000004, "grad_mag": [1.505923886318512e-05, 1.9018161508747026e-05, 1.9996812169894322e-05, 1.2665290285712168e-05, 1.7173084913607863e-05, 2.6082850491544648e-05, 1.85310374987825e-05, 1.4130455591761181e-05, 1.5250148352258439e-05]}
INFO:__main__:{'history_length': 22, 'history': [-0.5264844732871035, -0.5266411791516923, -0.5267210281708732, -0.5267434321831359, -0.5267492468866094, -0.5267506219953371, -0.5267518139687303, -0.52675162749715, -0.5267515046916701, -0.5267517362448596, -0.5267516743170042, -0.5267514437700402, -0.5267513929378382, -0.5267519180450313, -0.5267514445829178, -0.5267517871820182, -0.5267517422484227, -0.5267517307425261, -0.526752035756099, -0.5267517472328291, -0.5267514802859523, -0.5267514877755428]}
INFO:optim.ad_optim_lbfgs_mod:{"id": 59, "loss": -0.5267514877755428, "t_ctm": 4.418945118000124, "t_check": 1.988834865000058}
INFO:__main__:Norm(sites): 21.085511921660153, 19.70626413045368, 14.693816327133831, 20.960228722095927, 16.292972592406556, 16.20109329751988, 16.13634812832728, 17.580428100269916, 19.818017049343126
INFO:optim.ad_optim_lbfgs_mod:{"id": 59, "t_grad": 5.064353173000086, "grad_mag": [1.54197317289252e-05, 1.403643331310487e-05, 1.898319805035703e-05, 9.689253753395376e-06, 1.7149529966383408e-05, 1.7920514939441444e-05, 1.4823816855188347e-05, 1.5613925593247387e-05, 1.1607131500365636e-05]}
INFO:__main__:{'history_length': 50, 'history': [-0.526481031576661, -0.5266419213105967, -0.5267226258310863, -0.5267450271500411, -0.5267501873820943, -0.5267519715590523, -0.5267521803972648, -0.5267528784900425, -0.5267526519327423, -0.5267528457072822, -0.5267526701353353, -0.5267529484876206, -0.5267525938062059, -0.5267529593712637, -0.5267523605327028, -0.5267525678141376, -0.5267532851688024, -0.526752493205449, -0.526752762126172, -0.5267528722365034, -0.5267527409886393, -0.5267528377787912, -0.526752562189324, -0.5267523506805547, -0.5267526253668684, -0.5267527371297924, -0.5267526434752833, -0.526752342377755, -0.5267526142184951, -0.5267526606739088, -0.5267532257446661, -0.5267528272580788, -0.5267525907902988, -0.5267525231502778, -0.5267526275247889, -0.5267527223632427, -0.5267525597329179, -0.5267526420839336, -0.5267526924833481, -0.5267529266514276, -0.5267527121446072, -0.5267526793112388, -0.5267532317799083, -0.5267525328792365, -0.5267527706413218, -0.5267526348660471, -0.5267530741793274, -0.5267528531986856, -0.5267522246296137, -0.5267528338019309]}
INFO:optim.ad_optim_lbfgs_mod:{"id": 60, "loss": -0.5267528338019309, "t_ctm": 11.528104994999921, "t_check": 4.646514959000228}
INFO:__main__:Norm(sites): 21.082549707629372, 19.705046254943625, 14.69267472121655, 20.959939633551762, 16.289142487161822, 16.199916465674033, 16.133567292019755, 17.577655682477946, 19.816337118500424
INFO:optim.ad_optim_lbfgs_mod:{"id": 60, "t_grad": 13.879480387000058, "grad_mag": [1.0234064496294382e-05, 6.895698862419597e-06, 1.0476517543564671e-05, 8.548712097421021e-06, 9.37581270756639e-06, 8.540910023724555e-06, 8.783070029297901e-06, 9.191864952012456e-06, 9.593566771543744e-06]}
INFO:__main__:{'history_length': 17, 'history': [-0.526479334606304, -0.5266427941136209, -0.5267231536513157, -0.5267453857920599, -0.5267513250613272, -0.5267527409906081, -0.5267531097434488, -0.5267532540717793, -0.5267537043081623, -0.5267539724297913, -0.5267532027547447, -0.5267532964924067, -0.5267534975496906, -0.5267537507607286, -0.5267529954970908, -0.5267536026546917, -0.5267536101551888]}
INFO:optim.ad_optim_lbfgs_mod:{"id": 61, "loss": -0.5267536101551888, "t_ctm": 3.7252983459999314, "t_check": 1.700948606999873}
INFO:__main__:Norm(sites): 21.081225222218176, 19.705082156842256, 14.692325322007662, 20.96099825202235, 16.286919327237918, 16.19908825235644, 16.131788927056842, 17.575713648768115, 19.81633427505651
INFO:optim.ad_optim_lbfgs_mod:{"id": 61, "t_grad": 3.9624221689999786, "grad_mag": [9.47426439453474e-06, 8.088582916050992e-06, 1.531767340830206e-05, 8.45230265662655e-06, 9.730936413126192e-06, 7.660699293562565e-06, 1.0439759069343949e-05, 8.520030025136176e-06, 8.740014477294534e-06]}
INFO:__main__:{'history_length': 12, 'history': [-0.5264787864373509, -0.5266439029868335, -0.526723959133677, -0.5267463539457071, -0.526751884237781, -0.5267534081756333, -0.5267541431348278, -0.5267544878341501, -0.5267543144087153, -0.5267543271293341, -0.5267543461849957, -0.526754340078853]}
INFO:optim.ad_optim_lbfgs_mod:{"id": 62, "loss": -0.526754340078853, "t_ctm": 2.2810262069998544, "t_check": 1.0465051310001172}
INFO:__main__:Norm(sites): 21.07859793451227, 19.704347606397466, 14.689721818667653, 20.96067611855477, 16.282067235168384, 16.19660288816178, 16.12812221450966, 17.57241948004168, 19.81498618714817
INFO:optim.ad_optim_lbfgs_mod:{"id": 62, "t_grad": 2.8291024940000398, "grad_mag": [1.1750665263387148e-05, 9.061785264875777e-06, 1.4823402689904178e-05, 5.869432826230732e-06, 1.0447704153001781e-05, 1.0034551750648212e-05, 1.3785397740312105e-05, 8.035299051386368e-06, 7.92335803743258e-06]}
INFO:__main__:{'history_length': 12, 'history': [-0.5264765080711427, -0.526645003719941, -0.5267250073358851, -0.5267473224962781, -0.5267533031615321, -0.5267546327294681, -0.5267544435068602, -0.5267548395106078, -0.5267547400942751, -0.5267550860535936, -0.5267548875333958, -0.526754890716167]}
INFO:optim.ad_optim_lbfgs_mod:{"id": 63, "loss": -0.526754890716167, "t_ctm": 2.2732492180000463, "t_check": 1.0559276019997696}
INFO:__main__:Norm(sites): 21.075151831129215, 19.702274640970877, 14.686187245911995, 20.961573775627826, 16.274548694595605, 16.19270088871951, 16.124769506390972, 17.567178141630304, 19.813864509261336
INFO:optim.ad_optim_lbfgs_mod:{"id": 63, "t_grad": 2.8390679910000927, "grad_mag": [1.0837659235446368e-05, 1.6246048156558036e-05, 2.105918291503793e-05, 1.4409505126372315e-05, 1.740697539513683e-05, 1.618824304696705e-05, 2.0224819155124887e-05, 1.4599935219363545e-05, 1.2782881445249407e-05]}
INFO:__main__:{'history_length': 44, 'history': [-0.5264781786892553, -0.5266453496816543, -0.5267255690027752, -0.5267476678716596, -0.526754206407146, -0.526755275171666, -0.5267555488130622, -0.5267556765643344, -0.5267554863496353, -0.5267560604354027, -0.526755673795078, -0.5267555679882678, -0.526755829137862, -0.5267560865472922, -0.5267557102438248, -0.5267560324382757, -0.5267556291265245, -0.5267557565275164, -0.5267552101526387, -0.5267556450421503, -0.526755580187488, -0.5267558034117685, -0.5267555549368665, -0.5267559076086848, -0.526755703808754, -0.5267561881147848, -0.526755481145845, -0.5267555005736626, -0.5267559972214579, -0.526756019546998, -0.5267557625039574, -0.5267555505383071, -0.5267552716196946, -0.5267555941252995, -0.526755907499133, -0.5267552577672444, -0.52675596967375, -0.5267559192380787, -0.5267555970285336, -0.5267559025708545, -0.5267552205528331, -0.5267554440868203, -0.526755598594951, -0.5267556041898407]}
INFO:optim.ad_optim_lbfgs_mod:{"id": 64, "loss": -0.5267556041898407, "t_ctm": 11.202854772999785, "t_check": 4.830362776000129}
INFO:__main__:Norm(sites): 21.073348022840392, 19.70060080602161, 14.68396153763945, 20.959715211473462, 16.272472182580266, 16.19102298899826, 16.1219167776607, 17.56512502587648, 19.812397837791007
INFO:optim.ad_optim_lbfgs_mod:{"id": 64, "t_grad": 12.044920015999992, "grad_mag": [7.043009296116074e-06, 5.365775623357391e-06, 6.774081478827594e-06, 5.0040218559187725e-06, 5.769910195423394e-06, 6.61934152201098e-06, 7.66624006539363e-06, 7.686914865799053e-06, 6.249130748094108e-06]}
INFO:__main__:{'history_length': 50, 'history': [-0.5264791798309947, -0.5266452131611257, -0.5267261319553794, -0.5267479333478562, -0.5267539174334086, -0.5267553305670234, -0.5267555489183586, -0.5267558752397892, -0.5267559133664392, -0.5267558295911896, -0.5267558865070867, -0.5267557318796443, -0.526755957992252, -0.5267561463047952, -0.526756108170139, -0.5267560182792626, -0.5267555927534503, -0.5267561123926897, -0.5267554293671233, -0.526756066342104, -0.526756036434636, -0.5267558723941946, -0.5267557940524081, -0.526756055925321, -0.5267558629012321, -0.52675593859676, -0.5267556200711587, -0.5267561672330212, -0.5267559969573854, -0.5267562363157979, -0.5267565418900283, -0.526755660168568, -0.5267559785259877, -0.5267561823135898, -0.5267555811182356, -0.5267559692021271, -0.5267556918340253, -0.5267559647467375, -0.5267561338339303, -0.5267558882706485, -0.5267560584143662, -0.5267560058820784, -0.5267562831794462, -0.5267560670819651, -0.5267559252146529, -0.5267563010950158, -0.5267561274710316, -0.5267555293063162, -0.5267557794275628, -0.526755637070133]}
INFO:optim.ad_optim_lbfgs_mod:{"id": 65, "loss": -0.526755637070133, "t_ctm": 11.493413413999633, "t_check": 4.789595408000423}
INFO:__main__:Norm(sites): 21.072186351864126, 19.699210679530335, 14.682178128284836, 20.95834529982187, 16.270718525892903, 16.189642749316523, 16.12049563857473, 17.56372180143585, 19.811116847007472
INFO:optim.ad_optim_lbfgs_mod:{"id": 65, "t_grad": 13.965875298000014, "grad_mag": [6.365763056206041e-06, 5.106975804959229e-06, 8.471011359396331e-06, 5.717415888608002e-06, 5.4507076064895215e-06, 4.911785013235633e-06, 6.525607017942542e-06, 6.215865885793272e-06, 4.628985814857446e-06]}
INFO:__main__:{'history_length': 50, 'history': [-0.5264791571605385, -0.526645160553648, -0.5267260235505065, -0.5267484819238542, -0.5267539265767209, -0.5267554790092532, -0.5267560345457962, -0.5267561566548734, -0.5267562409746092, -0.5267563634666379, -0.52675658575511, -0.5267563128748869, -0.5267561577439127, -0.5267561125888827, -0.5267561741172773, -0.5267566492465103, -0.5267566932282959, -0.5267562681513195, -0.5267561038435007, -0.5267561139986789, -0.5267559973320188, -0.5267561848042457, -0.5267563423552355, -0.5267563151784392, -0.5267562497961453, -0.5267561720524765, -0.5267565602576961, -0.5267562378594779, -0.5267564915324713, -0.5267561221428703, -0.5267561404425156, -0.526756557447137, -0.5267564700579557, -0.5267565834669004, -0.5267561546179731, -0.5267563475592926, -0.5267563026938387, -0.5267559111392461, -0.5267565094338924, -0.5267564514955786, -0.5267562505953023, -0.5267558858129027, -0.5267566851335456, -0.5267562524596493, -0.5267564888436381, -0.5267560191198922, -0.5267561538997249, -0.5267563775961648, -0.526756064773318, -0.5267562263226733]}
INFO:optim.ad_optim_lbfgs_mod:{"id": 66, "loss": -0.5267562263226733, "t_ctm": 11.506276922000552, "t_check": 4.740393823000318}
INFO:__main__:Norm(sites): 21.070043611033558, 19.697078416512866, 14.680081855183982, 20.95721012362933, 16.26813079362875, 16.18773325708361, 16.118179254656425, 17.56096185836027, 19.809520858639562
INFO:optim.ad_optim_lbfgs_mod:{"id": 66, "t_grad": 14.12199109800008, "grad_mag": [6.503101300355136e-06, 6.635033488461313e-06, 1.0452937894241526e-05, 6.0401858123199e-06, 6.20480930955883e-06, 6.016771949300103e-06, 7.0617158527231374e-06, 6.406666993356767e-06, 4.646200615423269e-06]}
