INFO:__main__:{'history_length': 6, 'history': [-0.5219880687787816, -0.522030919807634, -0.5220332550928602, -0.5220334174153093, -0.5220334281191548, -0.52203342884066]}
INFO:__main__:{'history_length': 6, 'history': [-0.5219880687787816, -0.522030919807634, -0.5220332550928602, -0.5220334174153093, -0.5220334281191548, -0.52203342884066]}
INFO:optim.ad_optim_lbfgs_mod:{"id": 0, "loss": -0.52203342884066, "t_ctm": 0.19425227400000722, "t_check": 80.34187858700002}
INFO:__main__:Norm(sites): 3.6211864499356192, 4.036707403811391, 4.982232146864595
INFO:optim.ad_optim_lbfgs_mod:{"id": 0, "t_grad": 31.352798863000004, "grad_mag": [0.009681507638124634, 0.019106347673348033, 0.005162440462206688]}
INFO:__main__:{'history_length': 6, 'history': [-0.522429631825883, -0.5224728989193194, -0.522475286148974, -0.522475451186685, -0.5224754619861779, -0.5224754627130562]}
INFO:optim.ad_optim_lbfgs_mod:{"id": 1, "loss": -0.5224754627130562, "t_ctm": 0.14984026499990932, "t_check": 82.59937698499994}
INFO:__main__:Norm(sites): 3.6211993920229637, 4.036752620177152, 4.9822348214473555
INFO:optim.ad_optim_lbfgs_mod:{"id": 1, "t_grad": 30.63512544500003, "grad_mag": [0.008828817224939367, 0.015093784539269855, 0.00489473442420827]}
INFO:__main__:{'history_length': 6, 'history': [-0.5235979714445457, -0.523642037925091, -0.5236447862548061, -0.5236449602241735, -0.5236449727569163, -0.5236449735770725]}
INFO:optim.ad_optim_lbfgs_mod:{"id": 2, "loss": -0.5236449735770725, "t_ctm": 0.1525036299999556, "t_check": 82.42984921099998}
INFO:__main__:Norm(sites): 3.621559068783516, 4.0362068134533855, 4.982352465385583
INFO:optim.ad_optim_lbfgs_mod:{"id": 2, "t_grad": 30.359973582000066, "grad_mag": [0.002625766460233337, 0.0026049089206570514, 0.00263115891459439]}
INFO:__main__:{'history_length': 6, 'history': [-0.5236946143487358, -0.5237381418102691, -0.5237409237438091, -0.5237410967525287, -0.5237411092044666, -0.523741109996873]}
INFO:optim.ad_optim_lbfgs_mod:{"id": 3, "loss": -0.523741109996873, "t_ctm": 0.14351509999983136, "t_check": 82.22844265900005}
INFO:__main__:Norm(sites): 3.6217673542155264, 4.036502997538296, 4.98242570125617
INFO:optim.ad_optim_lbfgs_mod:{"id": 3, "t_grad": 30.391877960999977, "grad_mag": [0.0013332691773795848, 0.0018067491499331124, 0.001668294358669686]}
INFO:__main__:{'history_length': 6, 'history': [-0.5237451998005925, -0.5237886216342358, -0.523791374833238, -0.5237915495145038, -0.5237915618323952, -0.5237915626298676]}
INFO:optim.ad_optim_lbfgs_mod:{"id": 4, "loss": -0.5237915626298676, "t_ctm": 0.14668529799996577, "t_check": 82.18981686300003}
INFO:__main__:Norm(sites): 3.622154645427061, 4.037194574293258, 4.982595564787214
INFO:optim.ad_optim_lbfgs_mod:{"id": 4, "t_grad": 30.140228977999982, "grad_mag": [0.0007401476855441844, 0.0021414967782669874, 0.0005176208677735746]}
INFO:__main__:{'history_length': 6, 'history': [-0.5237560952046532, -0.5237996479855824, -0.5238023674560213, -0.523802542642959, -0.523802554797866, -0.5238025555964606]}
INFO:optim.ad_optim_lbfgs_mod:{"id": 5, "loss": -0.5238025555964606, "t_ctm": 0.14625878100002865, "t_check": 82.55962307600021}
INFO:__main__:Norm(sites): 3.6222498962881535, 4.037339242279579, 4.982656658903085
INFO:optim.ad_optim_lbfgs_mod:{"id": 5, "t_grad": 30.127119809999954, "grad_mag": [0.0005652339716884647, 0.0015286711561201473, 0.000499297987912793]}
INFO:__main__:{'history_length': 6, 'history': [-0.5237624855893862, -0.5238060700825221, -0.5238087864707358, -0.5238089620471233, -0.5238089738705953, -0.5238089746457296]}
INFO:optim.ad_optim_lbfgs_mod:{"id": 6, "loss": -0.5238089746457296, "t_ctm": 0.14453417900017484, "t_check": 82.41044516400007}
INFO:__main__:Norm(sites): 3.62220153430308, 4.03728831864067, 4.982626766855178
INFO:optim.ad_optim_lbfgs_mod:{"id": 6, "t_grad": 30.263973176000036, "grad_mag": [0.0004139527195759322, 0.000476851315859747, 0.0003778132994215101]}
INFO:__main__:{'history_length': 6, 'history': [-0.5237662698509747, -0.5238098787447962, -0.5238125808474985, -0.5238127559771328, -0.5238127680030137, -0.5238127688004826]}
INFO:optim.ad_optim_lbfgs_mod:{"id": 7, "loss": -0.5238127688004826, "t_ctm": 0.14815854499988745, "t_check": 82.36761393499978}
INFO:__main__:Norm(sites): 3.6222090493002956, 4.037303611213112, 4.982632034354109
INFO:optim.ad_optim_lbfgs_mod:{"id": 7, "t_grad": 30.263411765, "grad_mag": [0.00033301625388481275, 0.00033596936130414495, 0.00030403710573167293]}
INFO:__main__:{'history_length': 6, 'history': [-0.5237725845126472, -0.523816109034169, -0.5238187751417348, -0.5238189493429491, -0.5238189611034296, -0.5238189618917217]}
INFO:optim.ad_optim_lbfgs_mod:{"id": 8, "loss": -0.5238189618917217, "t_ctm": 0.1459132109996517, "t_check": 82.31810787100017}
INFO:__main__:Norm(sites): 3.6222845692500205, 4.037401871961269, 4.982680837468181
INFO:optim.ad_optim_lbfgs_mod:{"id": 8, "t_grad": 30.469492086999935, "grad_mag": [0.00035761061308801255, 0.0006041292348689988, 0.00027350582381672865]}
INFO:__main__:{'history_length': 6, 'history': [-0.5237802482725974, -0.5238234347502555, -0.5238260640798416, -0.5238262357715018, -0.5238262471541338, -0.5238262479146589]}
INFO:optim.ad_optim_lbfgs_mod:{"id": 9, "loss": -0.5238262479146589, "t_ctm": 0.14749981900013154, "t_check": 82.50296761200025}
INFO:__main__:Norm(sites): 3.622429097593426, 4.0375837502563074, 4.982770718145362
INFO:optim.ad_optim_lbfgs_mod:{"id": 9, "t_grad": 30.265608772000178, "grad_mag": [0.0003889852778076313, 0.0006642551161619528, 0.00032382742676957134]}
INFO:__main__:{'history_length': 5, 'history': [-0.5237992561805842, -0.5238421506227496, -0.5238446799967222, -0.5238448465666126, -0.523844856253229]}
INFO:optim.ad_optim_lbfgs_mod:{"id": 10, "loss": -0.523844856253229, "t_ctm": 0.11546246700004303, "t_check": 65.74862245500026}
INFO:__main__:Norm(sites): 3.6231720679586688, 4.038377996423152, 4.983231737182529
INFO:optim.ad_optim_lbfgs_mod:{"id": 10, "t_grad": 30.67510897000011, "grad_mag": [0.0007539920693105704, 0.0008599553840488689, 0.00044414490403149836]}
INFO:__main__:{'history_length': 6, 'history': [-0.5238396391072547, -0.5238804104928795, -0.5238828147073197, -0.5238829595199673, -0.5238829699478167, -0.5238829698681161]}
INFO:optim.ad_optim_lbfgs_mod:{"id": 11, "loss": -0.5238829698681161, "t_ctm": 0.14927409300003092, "t_check": 82.59893601100043}
INFO:__main__:Norm(sites): 3.6274778023665, 4.04265897623276, 4.985713643419521
INFO:optim.ad_optim_lbfgs_mod:{"id": 11, "t_grad": 30.125474209999993, "grad_mag": [0.0010854477589920994, 0.0013356875346245897, 0.0009485882765303843]}
INFO:__main__:{'history_length': 5, 'history': [-0.523911017812505, -0.5239485796117758, -0.5239507650107864, -0.5239508808328512, -0.5239508894713644]}
INFO:optim.ad_optim_lbfgs_mod:{"id": 12, "loss": -0.5239508894713644, "t_ctm": 0.11613283499991667, "t_check": 65.88581227899977}
INFO:__main__:Norm(sites): 3.6413600176118477, 4.0564872571981025, 4.9932753215309225
INFO:optim.ad_optim_lbfgs_mod:{"id": 12, "t_grad": 30.157433052000215, "grad_mag": [0.001507474612798225, 0.0013773678281984102, 0.001574515960009111]}
INFO:__main__:{'history_length': 6, 'history': [-0.5239391360595538, -0.5239737683490975, -0.5239756605345415, -0.5239757391122173, -0.523975755567257, -0.5239757495575744]}
INFO:optim.ad_optim_lbfgs_mod:{"id": 13, "loss": -0.5239757495575744, "t_ctm": 0.15116846399973838, "t_check": 82.50435559199991}
INFO:__main__:Norm(sites): 3.675668187509757, 4.0908217952889, 5.011337668058465
INFO:optim.ad_optim_lbfgs_mod:{"id": 13, "t_grad": 30.75393053100015, "grad_mag": [0.0020302415763687734, 0.0026561842099384093, 0.0020486101906774575]}
INFO:__main__:{'history_length': 5, 'history': [-0.5241323337161194, -0.5241680151387157, -0.5241701036441082, -0.5241702166501283, -0.5241702264604088]}
INFO:optim.ad_optim_lbfgs_mod:{"id": 14, "loss": -0.5241702264604088, "t_ctm": 0.11249529199994868, "t_check": 65.9314342560001}
INFO:__main__:Norm(sites): 3.6683245368794104, 4.0832492752509255, 5.007405624680873
INFO:optim.ad_optim_lbfgs_mod:{"id": 14, "t_grad": 30.1717508859997, "grad_mag": [0.0017250575771920354, 0.005410145456295639, 0.0015135370255472036]}
INFO:__main__:{'history_length': 5, 'history': [-0.524315593742676, -0.524354618216441, -0.5243569561414044, -0.524357099092351, -0.5243571084988299]}
INFO:optim.ad_optim_lbfgs_mod:{"id": 15, "loss": -0.5243571084988299, "t_ctm": 0.11742641700038803, "t_check": 65.93771814100046}
INFO:__main__:Norm(sites): 3.662153504275098, 4.07679315474379, 5.0045913949866465
INFO:optim.ad_optim_lbfgs_mod:{"id": 15, "t_grad": 30.246162319999712, "grad_mag": [0.0012639450371196698, 0.001954822527869483, 0.001259032047622202]}
INFO:__main__:{'history_length': 5, 'history': [-0.5244191096666552, -0.5244586275813693, -0.5244608370249488, -0.5244609792937456, -0.5244609885140673]}
INFO:optim.ad_optim_lbfgs_mod:{"id": 16, "loss": -0.5244609885140673, "t_ctm": 0.11729609500071092, "t_check": 65.97755741099945}
INFO:__main__:Norm(sites): 3.6779045841751166, 4.092549021307855, 5.0131447116775005
INFO:optim.ad_optim_lbfgs_mod:{"id": 16, "t_grad": 30.798705846999837, "grad_mag": [0.0013436162084562552, 0.001424792980506601, 0.0012248994029512709]}
INFO:__main__:{'history_length': 6, 'history': [-0.5246008971995094, -0.5246401687307438, -0.5246420525494994, -0.5246421875006073, -0.5246421975204778, -0.5246421956056798]}
INFO:optim.ad_optim_lbfgs_mod:{"id": 17, "loss": -0.5246421956056798, "t_ctm": 0.14629949999925884, "t_check": 82.58244356600017}
INFO:__main__:Norm(sites): 3.6983753895765816, 4.11316415228468, 5.024880262367666
INFO:optim.ad_optim_lbfgs_mod:{"id": 17, "t_grad": 30.29857798000012, "grad_mag": [0.0014606450361853423, 0.002041748588225651, 0.0009595592336180063]}
INFO:__main__:{'history_length': 5, 'history': [-0.5246427992813107, -0.5246842646332348, -0.5246857910132792, -0.524685939996387, -0.5246859480368748]}
INFO:optim.ad_optim_lbfgs_mod:{"id": 18, "loss": -0.5246859480368748, "t_ctm": 0.11611765799989371, "t_check": 65.86751740099953}
INFO:__main__:Norm(sites): 3.7075649704572173, 4.122133633692865, 5.031527272762069
INFO:optim.ad_optim_lbfgs_mod:{"id": 18, "t_grad": 30.291774370999974, "grad_mag": [0.0021681838215882204, 0.004893776989315345, 0.0014426851844830519]}
INFO:__main__:{'history_length': 5, 'history': [-0.5247631085952345, -0.5248029989735887, -0.5248047400395325, -0.5248048807908909, -0.5248048863193837]}
INFO:optim.ad_optim_lbfgs_mod:{"id": 19, "loss": -0.5248048863193837, "t_ctm": 0.11343681100015601, "t_check": 65.74958139}
INFO:__main__:Norm(sites): 3.7026509750927685, 4.117287763821252, 5.028343905408626
INFO:optim.ad_optim_lbfgs_mod:{"id": 19, "t_grad": 30.59782535100021, "grad_mag": [0.001098521903209527, 0.001312456937307717, 0.0010492540037237259]}
INFO:__main__:{'history_length': 5, 'history': [-0.5248120218699971, -0.5248515477562055, -0.5248533678507145, -0.5248534997902489, -0.5248535089734152]}
INFO:optim.ad_optim_lbfgs_mod:{"id": 20, "loss": -0.5248535089734152, "t_ctm": 0.11784831599925383, "t_check": 65.81901772399988}
INFO:__main__:Norm(sites): 3.7082280087648525, 4.123146302959331, 5.031390699606312
INFO:optim.ad_optim_lbfgs_mod:{"id": 20, "t_grad": 30.05810137599974, "grad_mag": [0.0009294706500502806, 0.0010045825932859674, 0.0008280953000591059]}
INFO:__main__:{'history_length': 5, 'history': [-0.5248889753273203, -0.5249289801931973, -0.5249309345325924, -0.5249310635648691, -0.524931072637878]}
INFO:optim.ad_optim_lbfgs_mod:{"id": 21, "loss": -0.524931072637878, "t_ctm": 0.1169230439995772, "t_check": 65.88563511799975}
INFO:__main__:Norm(sites): 3.7169338789853907, 4.132076334640269, 5.036779448704516
INFO:optim.ad_optim_lbfgs_mod:{"id": 21, "t_grad": 30.102077725999607, "grad_mag": [0.0010199138781618019, 0.0016031300911039691, 0.0008190498109825491]}
INFO:__main__:{'history_length': 6, 'history': [-0.5249798153808147, -0.5250204697902916, -0.525022596575126, -0.5250227223507569, -0.5250227325039027, -0.5250227318176963]}
INFO:optim.ad_optim_lbfgs_mod:{"id": 22, "loss": -0.5250227318176963, "t_ctm": 0.1456698399997549, "t_check": 82.58348666499978}
INFO:__main__:Norm(sites): 3.7325536911905046, 4.1478718784610304, 5.0466946471092315
INFO:optim.ad_optim_lbfgs_mod:{"id": 22, "t_grad": 31.494536460999825, "grad_mag": [0.0009673572808065739, 0.0018140216804121577, 0.0008878933752168654]}
INFO:__main__:{'history_length': 5, 'history': [-0.5250096081417627, -0.5250583995800044, -0.5250603776417502, -0.5250605159419455, -0.5250605237106251]}
INFO:optim.ad_optim_lbfgs_mod:{"id": 23, "loss": -0.5250605237106251, "t_ctm": 0.11961644800021531, "t_check": 65.79078821200028}
INFO:__main__:Norm(sites): 3.7584649974045643, 4.1724696529308005, 5.064213385351915
INFO:optim.ad_optim_lbfgs_mod:{"id": 23, "t_grad": 30.36987166100016, "grad_mag": [0.002874120664157294, 0.0030338966894518536, 0.001233011371085933]}
INFO:__main__:{'history_length': 5, 'history': [-0.5251255146133845, -0.5251689749793333, -0.5251712830887848, -0.5251714101454419, -0.5251714190733907]}
INFO:optim.ad_optim_lbfgs_mod:{"id": 24, "loss": -0.5251714190733907, "t_ctm": 0.11354948999951375, "t_check": 65.92809478699928}
INFO:__main__:Norm(sites): 3.7565063877295297, 4.170635225406181, 5.062866576351884
INFO:optim.ad_optim_lbfgs_mod:{"id": 24, "t_grad": 32.26326443100015, "grad_mag": [0.0008279622406215443, 0.0010186134980384866, 0.0007404017589830625]}
INFO:__main__:{'history_length': 5, 'history': [-0.5251622267041992, -0.5252037994162088, -0.5252061149052736, -0.5252062440696528, -0.5252062530471879]}
INFO:optim.ad_optim_lbfgs_mod:{"id": 25, "loss": -0.5252062530471879, "t_ctm": 0.11614383899996028, "t_check": 66.15187322499969}
INFO:__main__:Norm(sites): 3.7551681230279277, 4.169390469182796, 5.061961604857906
INFO:optim.ad_optim_lbfgs_mod:{"id": 25, "t_grad": 31.25129298899992, "grad_mag": [0.0006236122043701736, 0.0005617593147138038, 0.0005402095652577726]}
INFO:__main__:{'history_length': 5, 'history': [-0.525197784861498, -0.5252390143609126, -0.5252413465374492, -0.5252414740296959, -0.5252414802470623]}
INFO:optim.ad_optim_lbfgs_mod:{"id": 26, "loss": -0.5252414802470623, "t_ctm": 0.11961163500018301, "t_check": 65.96742317599956}
INFO:__main__:Norm(sites): 3.7629335555082855, 4.1764556387392755, 5.067100192172796
INFO:optim.ad_optim_lbfgs_mod:{"id": 26, "t_grad": 30.42261122200034, "grad_mag": [0.0007200528058264729, 0.0010660049453581073, 0.0005801285050707985]}
INFO:__main__:{'history_length': 6, 'history': [-0.5252287778666723, -0.5252696530751462, -0.525272149937259, -0.5252722833433764, -0.5252722958712265, -0.5252722973174798]}
INFO:optim.ad_optim_lbfgs_mod:{"id": 27, "loss": -0.5252722973174798, "t_ctm": 0.14839647999997396, "t_check": 82.61286054399989}
INFO:__main__:Norm(sites): 3.7722120771924397, 4.184761567539418, 5.073331700686047
INFO:optim.ad_optim_lbfgs_mod:{"id": 27, "t_grad": 30.31864386999996, "grad_mag": [0.0008624725836629422, 0.0017312773732051378, 0.0006240610532676257]}
INFO:__main__:{'history_length': 6, 'history': [-0.5252568533695039, -0.5252984329339454, -0.5253010210901804, -0.5253011540226339, -0.5253011661548824, -0.525301166838081]}
INFO:optim.ad_optim_lbfgs_mod:{"id": 28, "loss": -0.525301166838081, "t_ctm": 0.14586061999898448, "t_check": 82.33413282600031}
INFO:__main__:Norm(sites): 3.774239842167155, 4.186578628370465, 5.074750926164411
INFO:optim.ad_optim_lbfgs_mod:{"id": 28, "t_grad": 30.08617824599969, "grad_mag": [0.0005739765366183057, 0.0007145587228797577, 0.0004931958585822638]}
INFO:__main__:{'history_length': 6, 'history': [-0.5252780052734054, -0.5253195972630862, -0.5253222498655113, -0.5253224046016172, -0.5253224177348506, -0.5253224176911588]}
INFO:optim.ad_optim_lbfgs_mod:{"id": 29, "loss": -0.5253224176911588, "t_ctm": 0.14414488100010203, "t_check": 82.46325225499913}
INFO:__main__:Norm(sites): 3.781630649632467, 4.193162967585813, 5.079591290032271
INFO:optim.ad_optim_lbfgs_mod:{"id": 29, "t_grad": 30.10275165099938, "grad_mag": [0.0005122699198794036, 0.0005617992374429082, 0.0004605883010354416]}
INFO:__main__:{'history_length': 6, 'history': [-0.5252940979267131, -0.5253358164200975, -0.5253384901978079, -0.5253385769748956, -0.525338647078686, -0.5253386475612993]}
INFO:optim.ad_optim_lbfgs_mod:{"id": 30, "loss": -0.5253386475612993, "t_ctm": 0.1462910419986656, "t_check": 82.2708038110004}
INFO:__main__:Norm(sites): 3.783381058957021, 4.194754648143512, 5.080835250604637
INFO:optim.ad_optim_lbfgs_mod:{"id": 30, "t_grad": 30.05571612699987, "grad_mag": [0.0005452240667675172, 0.0007453631048499867, 0.0004889445797876754]}
INFO:__main__:{'history_length': 6, 'history': [-0.525330120956474, -0.5253708002713751, -0.5253735595677425, -0.5253737197104316, -0.5253737335665871, -0.525373734175539]}
INFO:optim.ad_optim_lbfgs_mod:{"id": 31, "loss": -0.525373734175539, "t_ctm": 0.14577607299997908, "t_check": 82.52834088600048}
INFO:__main__:Norm(sites): 3.796081684159662, 4.206336238449083, 5.089581512686762
INFO:optim.ad_optim_lbfgs_mod:{"id": 31, "t_grad": 30.091503798999838, "grad_mag": [0.0008633943381364132, 0.0009565436231200221, 0.0005882682884995921]}
INFO:__main__:{'history_length': 6, 'history': [-0.5253621337765019, -0.5253995354593477, -0.5254023668056897, -0.5254024711966505, -0.5254024859973483, -0.525402487796122]}
INFO:optim.ad_optim_lbfgs_mod:{"id": 32, "loss": -0.525402487796122, "t_ctm": 0.14714562199878856, "t_check": 82.52657979899868}
INFO:__main__:Norm(sites): 3.8135009302165552, 4.222380210391813, 5.101734361609428
INFO:optim.ad_optim_lbfgs_mod:{"id": 32, "t_grad": 30.381479239999862, "grad_mag": [0.0009095242342050724, 0.0008685195997103194, 0.0005609967047328709]}
INFO:__main__:{'history_length': 50, 'history': [-0.5253895635187412, -0.525425625657574, -0.5254283781479288, -0.5254285135511874, -0.5254284928079538, -0.5254285289915848, -0.5254284936558153, -0.5254285290688943, -0.5254284936605282, -0.5254285290693052, -0.5254284936605546, -0.5254285290693078, -0.5254284936605553, -0.5254285290693085, -0.5254284936605544, -0.5254285290693071, -0.5254284936605542, -0.5254285290693067, -0.5254284936605538, -0.5254285290693065, -0.525428493660555, -0.5254285290693064, -0.5254284936605542, -0.525428529069306, -0.525428493660555, -0.5254285290693073, -0.5254284936605548, -0.5254285290693077, -0.5254284936605546, -0.525428529069307, -0.525428493660555, -0.5254285290693083, -0.525428493660555, -0.5254285290693073, -0.5254284936605547, -0.5254285290693077, -0.5254284936605551, -0.525428529069307, -0.5254284936605544, -0.525428529069306, -0.5254284936605556, -0.5254285290693068, -0.5254284936605548, -0.5254285290693078, -0.525428493660555, -0.5254285290693064, -0.525428493660555, -0.5254285290693076, -0.5254284936605553, -0.5254285290693073]}
INFO:optim.ad_optim_lbfgs_mod:{"id": 33, "loss": -0.5254285290693073, "t_ctm": 1.7311130190064432, "t_check": 796.5697426560009}
INFO:__main__:Norm(sites): 3.8117663481232387, 4.220978970287922, 5.100946001234518
INFO:optim.ad_optim_lbfgs_mod:{"id": 33, "t_grad": 33.25573862999954, "grad_mag": [0.0005781926962427994, 0.0005336951647649479, 0.00046783947160690734]}
INFO:__main__:{'history_length': 6, 'history': [-0.5254202781725343, -0.525454198345161, -0.5254569341570099, -0.5254570618801112, -0.5254570757069056, -0.5254570764474735]}
INFO:optim.ad_optim_lbfgs_mod:{"id": 34, "loss": -0.5254570764474735, "t_ctm": 0.15743692599971837, "t_check": 82.51032629599831}
INFO:__main__:Norm(sites): 3.820489174306086, 4.229089273544659, 5.107394706545515
INFO:optim.ad_optim_lbfgs_mod:{"id": 34, "t_grad": 30.17196951099959, "grad_mag": [0.0005956636086007781, 0.0007015969524239677, 0.00041920334258499633]}
INFO:__main__:{'history_length': 6, 'history': [-0.5254422867007256, -0.5254745716886158, -0.5254773479704381, -0.5254773780604969, -0.5254773914525048, -0.525477394494844]}
INFO:optim.ad_optim_lbfgs_mod:{"id": 35, "loss": -0.525477394494844, "t_ctm": 0.14772969399928115, "t_check": 82.3717663819998}
INFO:__main__:Norm(sites): 3.832653199734414, 4.240439886340957, 5.116463887739354
INFO:optim.ad_optim_lbfgs_mod:{"id": 35, "t_grad": 30.15091570000004, "grad_mag": [0.0007224416197215733, 0.0008012945791639935, 0.00042087984683118626]}
INFO:__main__:{'history_length': 6, 'history': [-0.5254630480712102, -0.5254947697008299, -0.5254974015850757, -0.5254975273140108, -0.525497542060078, -0.5254975428470945]}
INFO:optim.ad_optim_lbfgs_mod:{"id": 36, "loss": -0.5254975428470945, "t_ctm": 0.14328793100139592, "t_check": 82.3130839710002}
INFO:__main__:Norm(sites): 3.8411369317876405, 4.248359077756414, 5.123275228123411
INFO:optim.ad_optim_lbfgs_mod:{"id": 36, "t_grad": 30.62632533099986, "grad_mag": [0.0005548979158465312, 0.00044613727491377874, 0.00036624728407610627]}
INFO:__main__:{'history_length': 6, 'history': [-0.5254805891698958, -0.5255119793967667, -0.5255148815329944, -0.5255150056871426, -0.5255150211317811, -0.5255150218969299]}
INFO:optim.ad_optim_lbfgs_mod:{"id": 37, "loss": -0.5255150218969299, "t_ctm": 0.14352832900112844, "t_check": 82.41890043199965}
INFO:__main__:Norm(sites): 3.8516960908261315, 4.258227565906133, 5.131568502726538
INFO:optim.ad_optim_lbfgs_mod:{"id": 37, "t_grad": 30.297330880999652, "grad_mag": [0.0005324799596362254, 0.0004986115834263337, 0.00032906499694363247]}
INFO:__main__:{'history_length': 6, 'history': [-0.5254975518793983, -0.5255285222816166, -0.5255315798814305, -0.5255317064167409, -0.5255317224576161, -0.5255317238974041]}
INFO:optim.ad_optim_lbfgs_mod:{"id": 38, "loss": -0.5255317238974041, "t_ctm": 0.14595374099917535, "t_check": 82.40204706400073}
INFO:__main__:Norm(sites): 3.8603821090590067, 4.266402634744078, 5.138596002572589
INFO:optim.ad_optim_lbfgs_mod:{"id": 38, "t_grad": 30.37368455199976, "grad_mag": [0.000507819349218824, 0.000664322786358896, 0.0003583293841293113]}
INFO:__main__:{'history_length': 6, 'history': [-0.5255174192226348, -0.5255479090224727, -0.5255510979458502, -0.525551223767336, -0.5255512414460104, -0.5255512420138343]}
INFO:optim.ad_optim_lbfgs_mod:{"id": 39, "loss": -0.5255512420138343, "t_ctm": 0.14945609800088278, "t_check": 82.47402096100086}
INFO:__main__:Norm(sites): 3.86989328768847, 4.275295808393996, 5.146385340443913
