INFO:__main__:{'history_length': 5, 'history': [-0.5236659132397359, -0.5237158769790784, -0.5237174610500728, -0.5237176791545283, -0.5237176868355411]}
INFO:__main__:{'history_length': 5, 'history': [-0.5236659132397359, -0.5237158769790784, -0.5237174610500728, -0.5237176791545283, -0.5237176868355411]}
INFO:optim.ad_optim_lbfgs_mod:{"id": 0, "loss": -0.5237176868355411, "t_ctm": 0.09031479499999762, "t_check": 19.165489051999998}
INFO:__main__:Norm(sites): 3.6202230044773835, 4.313539241757049, 4.916533935419186
INFO:optim.ad_optim_lbfgs_mod:{"id": 0, "t_grad": 10.196227262999997, "grad_mag": [0.00036792986063894663, 0.00048580569969334923, 0.0002467092093033639]}
INFO:__main__:{'history_length': 5, 'history': [-0.5236663508161096, -0.5237162938362955, -0.5237178788972554, -0.5237180961934009, -0.5237181045110202]}
INFO:optim.ad_optim_lbfgs_mod:{"id": 1, "loss": -0.5237181045110202, "t_ctm": 0.08300992300003429, "t_check": 19.649672994}
INFO:__main__:Norm(sites): 3.620223023174074, 4.313539269113603, 4.916533941609057
INFO:optim.ad_optim_lbfgs_mod:{"id": 1, "t_grad": 9.957491065999989, "grad_mag": [0.00035585746235564775, 0.00043980828984884954, 0.00024379126101915744]}
INFO:__main__:{'history_length': 5, 'history': [-0.5236730079892291, -0.5237223689513573, -0.5237239787913236, -0.5237241909655947, -0.5237241994258662]}
INFO:optim.ad_optim_lbfgs_mod:{"id": 2, "loss": -0.5237241994258662, "t_ctm": 0.0760409150000072, "t_check": 19.759074283000004}
INFO:__main__:Norm(sites): 3.620233767016652, 4.313549299869262, 4.91653806508119
INFO:optim.ad_optim_lbfgs_mod:{"id": 2, "t_grad": 9.953362264999981, "grad_mag": [0.00030784458083955553, 0.0005052270213347764, 0.00019849489657960766]}
INFO:__main__:{'history_length': 5, 'history': [-0.5236781189214411, -0.5237268270601328, -0.5237284558146086, -0.5237286616133724, -0.5237286697682403]}
INFO:optim.ad_optim_lbfgs_mod:{"id": 3, "loss": -0.5237286697682403, "t_ctm": 0.08007075100002226, "t_check": 19.640782557999984}
INFO:__main__:Norm(sites): 3.6202643978018605, 4.313582119386075, 4.916550043253445
INFO:optim.ad_optim_lbfgs_mod:{"id": 3, "t_grad": 10.139466972999998, "grad_mag": [0.0003053646953444881, 0.0006330459196129405, 0.00018337101347635514]}
INFO:__main__:{'history_length': 5, 'history': [-0.5236878719995901, -0.5237328741496344, -0.5237345404525091, -0.5237347210066704, -0.523734728696109]}
INFO:optim.ad_optim_lbfgs_mod:{"id": 4, "loss": -0.523734728696109, "t_ctm": 0.08085126399998899, "t_check": 19.686412451000024}
INFO:__main__:Norm(sites): 3.6205248787833937, 4.313883409404887, 4.916663593211284
INFO:optim.ad_optim_lbfgs_mod:{"id": 4, "t_grad": 10.074086695999995, "grad_mag": [0.00043132218879569364, 0.0013356351139643277, 0.00021350074575976466]}
INFO:__main__:{'history_length': 5, 'history': [-0.5236970292270171, -0.5237394432926319, -0.523741095933349, -0.5237412613422835, -0.5237412686826339]}
INFO:optim.ad_optim_lbfgs_mod:{"id": 5, "loss": -0.5237412686826339, "t_ctm": 0.08681223400000704, "t_check": 19.859243187999965}
INFO:__main__:Norm(sites): 3.6207000166614374, 4.314102238073902, 4.916745903211315
INFO:optim.ad_optim_lbfgs_mod:{"id": 5, "t_grad": 10.074160241000016, "grad_mag": [0.0003512082867105292, 0.0004820087701825144, 0.0002197638983975128]}
INFO:__main__:{'history_length': 5, 'history': [-0.5236990396666035, -0.5237418149926545, -0.5237434679155171, -0.5237436346033267, -0.5237436419901648]}
INFO:optim.ad_optim_lbfgs_mod:{"id": 6, "loss": -0.5237436419901648, "t_ctm": 0.08133559099997001, "t_check": 19.59132451800002}
INFO:__main__:Norm(sites): 3.6206748262619914, 4.314084027257572, 4.91673413081999
INFO:optim.ad_optim_lbfgs_mod:{"id": 6, "t_grad": 10.812069002999976, "grad_mag": [0.00026604637506991727, 0.00032979560900886777, 0.00018165861921260376]}
INFO:__main__:{'history_length': 5, 'history': [-0.5237061549178386, -0.5237469206722706, -0.523748558688766, -0.5237487134780701, -0.5237487205292743]}
INFO:optim.ad_optim_lbfgs_mod:{"id": 7, "loss": -0.5237487205292743, "t_ctm": 0.07646545900001911, "t_check": 20.30265056500002}
INFO:__main__:Norm(sites): 3.620777068320075, 4.314255990727182, 4.916786104071703
INFO:optim.ad_optim_lbfgs_mod:{"id": 7, "t_grad": 12.151687791000029, "grad_mag": [0.00020092677637743425, 0.00044326295355969804, 0.0001578358672653891]}
INFO:__main__:{'history_length': 5, 'history': [-0.5237191378845846, -0.5237517883367097, -0.5237533261295643, -0.5237534425853477, -0.5237534483781627]}
INFO:optim.ad_optim_lbfgs_mod:{"id": 8, "loss": -0.5237534483781627, "t_ctm": 0.09973794100005762, "t_check": 23.254055027999982}
INFO:__main__:Norm(sites): 3.6210646124366135, 4.314731996169472, 4.916940443370141
INFO:optim.ad_optim_lbfgs_mod:{"id": 8, "t_grad": 12.20813519699999, "grad_mag": [0.0002690303795914993, 0.0005212295037237103, 0.00017310604725124935]}
INFO:__main__:{'history_length': 5, 'history': [-0.5236509343630489, -0.5237573917488609, -0.5237578934419462, -0.523758256753105, -0.5237582527334347]}
INFO:optim.ad_optim_lbfgs_mod:{"id": 9, "loss": -0.5237582527334347, "t_ctm": 0.07546428499989588, "t_check": 19.240683285999978}
INFO:__main__:Norm(sites): 3.621663184094288, 4.315865786112607, 4.917288245784357
INFO:optim.ad_optim_lbfgs_mod:{"id": 9, "t_grad": 9.605775933000018, "grad_mag": [0.0003332153081763119, 0.0006897832710417992, 0.00019558309504785068]}
INFO:__main__:{'history_length': 5, 'history': [-0.5236998481919062, -0.5237612698961515, -0.5237627950361152, -0.5237630272617384, -0.5237630360210372]}
INFO:optim.ad_optim_lbfgs_mod:{"id": 10, "loss": -0.5237630360210372, "t_ctm": 0.07401596499994412, "t_check": 19.001115035999987}
INFO:__main__:Norm(sites): 3.6220672357976875, 4.31670994929483, 4.917541442885092
INFO:optim.ad_optim_lbfgs_mod:{"id": 10, "t_grad": 9.62137968899998, "grad_mag": [0.00028032421011892224, 0.00030825191173612773, 0.0001741205247584451]}
INFO:__main__:{'history_length': 5, 'history': [-0.5237121475530968, -0.5237659531616219, -0.523767560524895, -0.5237677593284887, -0.5237677666419795]}
INFO:optim.ad_optim_lbfgs_mod:{"id": 11, "loss": -0.5237677666419795, "t_ctm": 0.07590866399993956, "t_check": 19.029588176999994}
INFO:__main__:Norm(sites): 3.622522647108655, 4.317793680082053, 4.917849197263093
INFO:optim.ad_optim_lbfgs_mod:{"id": 11, "t_grad": 9.630708021000032, "grad_mag": [0.0002334582534894133, 0.00045118513652288024, 0.00018549280771682796]}
INFO:__main__:{'history_length': 5, 'history': [-0.5237191342460963, -0.5237703325686096, -0.523771974351937, -0.5237721598325883, -0.5237721675674815]}
INFO:optim.ad_optim_lbfgs_mod:{"id": 12, "loss": -0.5237721675674815, "t_ctm": 0.08397226499994304, "t_check": 19.059105844999976}
INFO:__main__:Norm(sites): 3.6229293358743937, 4.318970419661937, 4.918157659856683
INFO:optim.ad_optim_lbfgs_mod:{"id": 12, "t_grad": 9.632028866000041, "grad_mag": [0.00027214565233245634, 0.0004989465303866451, 0.0002114023295835901]}
INFO:__main__:{'history_length': 5, 'history': [-0.5237281032488315, -0.5237754853099728, -0.523777257805957, -0.5237774286874582, -0.523777436821487]}
INFO:optim.ad_optim_lbfgs_mod:{"id": 13, "loss": -0.523777436821487, "t_ctm": 0.07639625299987074, "t_check": 19.002498445999777}
INFO:__main__:Norm(sites): 3.624044594855905, 4.323039639302919, 4.919156074067596
INFO:optim.ad_optim_lbfgs_mod:{"id": 13, "t_grad": 9.738046491000091, "grad_mag": [0.00035632158131234244, 0.0012670997803410982, 0.00023289179415718851]}
INFO:__main__:{'history_length': 5, 'history': [-0.5237358315295552, -0.5237825127675778, -0.523784338501916, -0.523784508055814, -0.5237845164243582]}
INFO:optim.ad_optim_lbfgs_mod:{"id": 14, "loss": -0.5237845164243582, "t_ctm": 0.07697585899995829, "t_check": 19.029564892000053}
INFO:__main__:Norm(sites): 3.6243413463928618, 4.32456753859406, 4.919499534972904
INFO:optim.ad_optim_lbfgs_mod:{"id": 14, "t_grad": 9.813182938999944, "grad_mag": [0.00031537253054701075, 0.0003661929708473236, 0.00021268867745468322]}
INFO:__main__:{'history_length': 5, 'history': [-0.5237402061616616, -0.5237865402515633, -0.5237884356683922, -0.5237886078391403, -0.5237886153895147]}
INFO:optim.ad_optim_lbfgs_mod:{"id": 15, "loss": -0.5237886153895147, "t_ctm": 0.07449478299974999, "t_check": 18.82210972300004}
INFO:__main__:Norm(sites): 3.624490251273966, 4.325501534487581, 4.919701677707672
INFO:optim.ad_optim_lbfgs_mod:{"id": 15, "t_grad": 9.5191331179999, "grad_mag": [0.00023458257690505712, 0.00031428489055571854, 0.00019185744715441734]}
INFO:__main__:{'history_length': 5, 'history': [-0.5237442341865167, -0.5237897300225772, -0.5237917322774863, -0.5237919024746921, -0.5237919115585488]}
INFO:optim.ad_optim_lbfgs_mod:{"id": 16, "loss": -0.5237919115585488, "t_ctm": 0.07718563500009168, "t_check": 19.02814424899998}
INFO:__main__:Norm(sites): 3.6247895026982477, 4.327091856992422, 4.920060698059952
INFO:optim.ad_optim_lbfgs_mod:{"id": 16, "t_grad": 9.523272439000039, "grad_mag": [0.00018833891647173067, 0.0004410396087445732, 0.00019863198094914613]}
INFO:__main__:{'history_length': 5, 'history': [-0.5237507575332694, -0.5237946214772029, -0.5237968153715679, -0.5237969841650911, -0.5237969932780216]}
INFO:optim.ad_optim_lbfgs_mod:{"id": 17, "loss": -0.5237969932780216, "t_ctm": 0.07509876600011012, "t_check": 19.050336492999918}
INFO:__main__:Norm(sites): 3.625359998975716, 4.330152958419005, 4.920754412946768
INFO:optim.ad_optim_lbfgs_mod:{"id": 17, "t_grad": 9.617991432000053, "grad_mag": [0.0001564489208998788, 0.00040010618266475627, 0.00016062458041674746]}
INFO:__main__:{'history_length': 6, 'history': [-0.5237581811869984, -0.5237998140559066, -0.5238022766142074, -0.5238024416442164, -0.5238024526180899, -0.5238024533704699]}
INFO:optim.ad_optim_lbfgs_mod:{"id": 18, "loss": -0.5238024533704699, "t_ctm": 0.09690933800004586, "t_check": 23.61381567499984}
INFO:__main__:Norm(sites): 3.626307057928232, 4.335413951176184, 4.921941742589397
INFO:optim.ad_optim_lbfgs_mod:{"id": 18, "t_grad": 9.678063175000034, "grad_mag": [0.00017884756800291834, 0.0003125095036135453, 0.00021278046735501027]}
INFO:__main__:{'history_length': 6, 'history': [-0.5237584521543334, -0.5237988117588572, -0.5238014976792104, -0.5238016634508172, -0.5238016757644003, -0.5238016762749713]}
INFO:optim.ad_optim_lbfgs_mod:{"id": 19, "loss": -0.5238016762749713, "t_ctm": 0.09620740900004421, "t_check": 23.72683601400024}
INFO:__main__:Norm(sites): 3.6268746138998456, 4.338560317065023, 4.922687073050761
INFO:optim.ad_optim_lbfgs_mod:{"id": 19, "t_grad": 9.761835506000011, "grad_mag": [0.0004916416907678841, 0.000662893718459638, 0.00016224038806749867]}
INFO:__main__:{'history_length': 6, 'history': [-0.5237616035727911, -0.5238027549278128, -0.5238053102601281, -0.523805476662658, -0.5238054875992195, -0.5238054883228102]}
INFO:optim.ad_optim_lbfgs_mod:{"id": 20, "loss": -0.5238054883228102, "t_ctm": 0.09316627200018957, "t_check": 23.640944422999837}
INFO:__main__:Norm(sites): 3.626576931866273, 4.3367463441825045, 4.922275153225803
INFO:optim.ad_optim_lbfgs_mod:{"id": 20, "t_grad": 9.809842308999919, "grad_mag": [9.0058203342162e-05, 0.00010675877972041761, 0.00010200293943337413]}
INFO:__main__:{'history_length': 6, 'history': [-0.5237619232878994, -0.5238032143249464, -0.5238057501349105, -0.5238059162388119, -0.5238059277551823, -0.5238059282337768]}
INFO:optim.ad_optim_lbfgs_mod:{"id": 21, "loss": -0.5238059282337768, "t_ctm": 0.09449458700009927, "t_check": 23.792886921999866}
INFO:__main__:Norm(sites): 3.626559794899088, 4.336611752777261, 4.92224894039377
INFO:optim.ad_optim_lbfgs_mod:{"id": 21, "t_grad": 10.389299499000003, "grad_mag": [7.096133052051521e-05, 7.745902844658709e-05, 9.109375255751583e-05]}
INFO:__main__:{'history_length': 6, 'history': [-0.5237628505857838, -0.5238042151711966, -0.5238067555915413, -0.5238069223465076, -0.5238069337328976, -0.5238069343289635]}
INFO:optim.ad_optim_lbfgs_mod:{"id": 22, "loss": -0.5238069343289635, "t_ctm": 0.09503919500002667, "t_check": 23.540732668000146}
INFO:__main__:Norm(sites): 3.626631921999425, 4.336868000002189, 4.922337935951623
INFO:optim.ad_optim_lbfgs_mod:{"id": 22, "t_grad": 9.558260804000042, "grad_mag": [0.0001100437505650442, 0.0001297604273903086, 7.575667367642608e-05]}
INFO:__main__:{'history_length': 6, 'history': [-0.5237627781198464, -0.5238043256341156, -0.5238069065709647, -0.5238070752906316, -0.5238070866404756, -0.5238070874052287]}
INFO:optim.ad_optim_lbfgs_mod:{"id": 23, "loss": -0.5238070874052287, "t_ctm": 0.09311392499989779, "t_check": 23.754219480000188}
INFO:__main__:Norm(sites): 3.6268030060798426, 4.337697674425508, 4.922573766677238
INFO:optim.ad_optim_lbfgs_mod:{"id": 23, "t_grad": 9.534395309000047, "grad_mag": [0.00023878383091176057, 0.0003398487051241425, 7.530061839646492e-05]}
INFO:__main__:{'history_length': 6, 'history': [-0.5237637163779787, -0.523805104340105, -0.5238077119990125, -0.5238078805345067, -0.52380789183305, -0.5238078925975292]}
INFO:optim.ad_optim_lbfgs_mod:{"id": 24, "loss": -0.5238078925975292, "t_ctm": 0.09653815700005453, "t_check": 23.757276276000198}
INFO:__main__:Norm(sites): 3.626844490985132, 4.337968277560066, 4.922633560057539
INFO:optim.ad_optim_lbfgs_mod:{"id": 24, "t_grad": 9.547171784000057, "grad_mag": [7.858612896767692e-05, 8.9495303763222e-05, 6.054457270836972e-05]}
INFO:__main__:{'history_length': 6, 'history': [-0.5237640111556441, -0.523805307233127, -0.523807948714085, -0.5238081174993192, -0.5238081289306078, -0.5238081296967317]}
INFO:optim.ad_optim_lbfgs_mod:{"id": 25, "loss": -0.5238081296967317, "t_ctm": 0.09273985000004359, "t_check": 23.682703274999994}
INFO:__main__:Norm(sites): 3.6269058450524403, 4.338326313811234, 4.922720928438387
INFO:optim.ad_optim_lbfgs_mod:{"id": 25, "t_grad": 9.584656497999958, "grad_mag": [4.546298132899174e-05, 4.937337170158116e-05, 5.231422509172293e-05]}
INFO:__main__:{'history_length': 6, 'history': [-0.523764218890295, -0.5238055021945462, -0.5238081812009102, -0.5238083505391234, -0.5238083621194524, -0.5238083628875211]}
INFO:optim.ad_optim_lbfgs_mod:{"id": 26, "loss": -0.5238083628875211, "t_ctm": 0.09202379400039717, "t_check": 23.630847957000697}
INFO:__main__:Norm(sites): 3.626982314184377, 4.338752356934049, 4.922832102113976
INFO:optim.ad_optim_lbfgs_mod:{"id": 26, "t_grad": 9.52181838499996, "grad_mag": [5.1455408885422436e-05, 5.912669758145982e-05, 4.1643414697648096e-05]}
INFO:__main__:{'history_length': 6, 'history': [-0.523764262456052, -0.5238057341337405, -0.5238084329055419, -0.5238086026570573, -0.5238086148198227, -0.5238086150594009]}
INFO:optim.ad_optim_lbfgs_mod:{"id": 27, "loss": -0.5238086150594009, "t_ctm": 0.09660643600000185, "t_check": 23.84599590500011}
INFO:__main__:Norm(sites): 3.627029443663568, 4.338962262063638, 4.922906182743789
INFO:optim.ad_optim_lbfgs_mod:{"id": 27, "t_grad": 9.520002148000003, "grad_mag": [7.016079346211001e-05, 6.78251496694161e-05, 2.963356856715539e-05]}
INFO:__main__:{'history_length': 6, 'history': [-0.5237637649891776, -0.523805647677364, -0.5238083570002671, -0.5238085284942944, -0.5238085399272406, -0.5238085409674995]}
INFO:optim.ad_optim_lbfgs_mod:{"id": 28, "loss": -0.5238085409674995, "t_ctm": 0.09697045000007165, "t_check": 23.739401360999864}
INFO:__main__:Norm(sites): 3.6270850737595004, 4.339186617588243, 4.9230045465057515
INFO:optim.ad_optim_lbfgs_mod:{"id": 28, "t_grad": 9.539136856999903, "grad_mag": [0.00013429851358323752, 0.00017656713246853154, 4.309105196443557e-05]}
INFO:__main__:{'history_length': 6, 'history': [-0.5237641346954865, -0.523805912246483, -0.5238086047111634, -0.5238087751131039, -0.5238087867988133, -0.5238087877245196]}
INFO:optim.ad_optim_lbfgs_mod:{"id": 29, "loss": -0.5238087877245196, "t_ctm": 0.09773231699978169, "t_check": 23.772416156999952}
INFO:__main__:Norm(sites): 3.6270483233425783, 4.339003704163786, 4.9229403224337025
INFO:optim.ad_optim_lbfgs_mod:{"id": 29, "t_grad": 9.524007998000116, "grad_mag": [2.4424063846797558e-05, 2.4935579292061363e-05, 2.5019330571080836e-05]}
INFO:__main__:{'history_length': 6, 'history': [-0.5237641346954865, -0.523805912246483, -0.5238086047111634, -0.5238087751131039, -0.5238087867988133, -0.5238087877245196]}
INFO:optim.ad_optim_lbfgs_mod:{"id": 30, "loss": -0.5238087877245196, "t_ctm": 0.09897577099991395, "t_check": 23.872214575000044}
INFO:__main__:Norm(sites): 3.6270483233425783, 4.339003704163786, 4.9229403224337025
INFO:optim.ad_optim_lbfgs_mod:{"id": 30, "t_grad": 9.541737415999933, "grad_mag": [2.4424063846797558e-05, 2.4935579292061363e-05, 2.5019330571080836e-05]}
INFO:__main__:{'history_length': 6, 'history': [-0.5237641346954868, -0.5238059122464832, -0.5238086045817061, -0.5238087755274944, -0.5238087869018095, -0.5238087879392319]}
